2022-12-26 00:18:37.930 +01:00 [ERR] Something wrong we parse 17 when expect 8
2022-12-26 10:19:51.444 +01:00 [ERR] Something wrong we parse 179 when expect 64
2022-12-26 10:32:56.307 +01:00 [ERR] Something wrong we parse 182 when expect 52
2022-12-26 10:33:21.081 +01:00 [ERR] HealthBars, PerfomanceRender -> System.NullReferenceException: Object reference not set to an instance of an object.
   at HealthBars.HealthBar.get_Color() in HealthBars\HealthBar.cs:line 80
   at HealthBars.HealthBars.DrawBar(HealthBar bar) in HealthBars\HealthBars.cs:line 288
   at HealthBars.HealthBars.Render() in HealthBars\HealthBars.cs:line 244
   at ExileCore.Shared.PluginWrapper.PerfomanceRender()
2022-12-26 10:33:21.639 +01:00 [ERR] HealthBars, PerfomanceRender -> System.NullReferenceException: Object reference not set to an instance of an object.
   at HealthBars.HealthBars.DrawBar(HealthBar bar) in HealthBars\HealthBars.cs:line 276
   at HealthBars.HealthBars.Render() in HealthBars\HealthBars.cs:line 244
   at ExileCore.Shared.PluginWrapper.PerfomanceRender()
2022-12-26 11:57:07.537 +01:00 [ERR] Something wrong we parse 301 when expect 92
2022-12-26 12:17:50.947 +01:00 [ERR] HealthBars, PerfomanceRender -> System.NullReferenceException: Object reference not set to an instance of an object.
   at HealthBars.HealthBars.DrawBar(HealthBar bar) in HealthBars\HealthBars.cs:line 276
   at HealthBars.HealthBars.Render() in HealthBars\HealthBars.cs:line 244
   at ExileCore.Shared.PluginWrapper.PerfomanceRender()
2022-12-26 12:51:54.830 +01:00 [ERR] Something wrong we parse 172 when expect 28
2022-12-26 13:48:44.377 +01:00 [ERR] Something wrong we parse 197 when expect 88
2022-12-26 17:45:55.791 +01:00 [ERR] Something wrong we parse 199 when expect 90
2022-12-26 18:15:36.846 +01:00 [ERR] IconsBuilder -> System.NullReferenceException: Object reference not set to an instance of an object.
   at ExileCore.Shared.Abstract.BaseIcon..ctor(Entity entity, ISettings settings)
   at IconsBuilder.MiscIcon..ctor(Entity entity, GameController gameController, IconsBuilderSettings settings)
   at IconsBuilder.IconsBuilder.EntityAddedLogic(Entity entity)
   at IconsBuilder.IconsBuilder.TickLogic()
2022-12-26 18:15:36.850 +01:00 [ERR] IconsBuilder -> System.NullReferenceException: Object reference not set to an instance of an object.
   at ExileCore.Shared.Abstract.BaseIcon..ctor(Entity entity, ISettings settings)
   at IconsBuilder.NpcIcon..ctor(Entity entity, GameController gameController, IconsBuilderSettings settings)
   at IconsBuilder.IconsBuilder.EntityAddedLogic(Entity entity)
   at IconsBuilder.IconsBuilder.TickLogic()
2022-12-26 18:53:31.427 +01:00 [ERR] TrialStates -> System.Reflection.TargetInvocationException: Exception has been thrown by the target of an invocation.
 ---> System.NullReferenceException: Object reference not set to an instance of an object.
   at ExileCore.PoEMemory.FilesInMemory.LabyrinthTrials.<>c__DisplayClass4_0.<GetLabyrinthTrialByAreaId>b__0(LabyrinthTrial x)
   at System.Linq.Enumerable.TryGetFirst[TSource](IEnumerable`1 source, Func`2 predicate, Boolean& found)
   at System.Linq.Enumerable.FirstOrDefault[TSource](IEnumerable`1 source, Func`2 predicate)
   at ExileCore.PoEMemory.FilesInMemory.LabyrinthTrials.GetLabyrinthTrialByAreaId(String id)
   at ExileCore.PoEMemory.Components.Player.get_TrialStates()
   --- End of inner exception stack trace ---
   at System.RuntimeMethodHandle.InvokeMethod(Object target, Span`1& arguments, Signature sig, Boolean constructor, Boolean wrapExceptions)
   at System.Reflection.RuntimeMethodInfo.Invoke(Object obj, BindingFlags invokeAttr, Binder binder, Object[] parameters, CultureInfo culture)
   at System.Reflection.RuntimePropertyInfo.GetValue(Object obj, Object[] index)
   at DevTree.DevPlugin.Debug(Object obj, Type type)
2022-12-26 18:53:48.330 +01:00 [ERR] TrialStates -> System.Reflection.TargetInvocationException: Exception has been thrown by the target of an invocation.
 ---> System.NullReferenceException: Object reference not set to an instance of an object.
   at ExileCore.PoEMemory.FilesInMemory.LabyrinthTrials.<>c__DisplayClass4_0.<GetLabyrinthTrialByAreaId>b__0(LabyrinthTrial x)
   at System.Linq.Enumerable.TryGetFirst[TSource](IEnumerable`1 source, Func`2 predicate, Boolean& found)
   at ExileCore.PoEMemory.FilesInMemory.LabyrinthTrials.GetLabyrinthTrialByAreaId(String id)
   at ExileCore.PoEMemory.Components.Player.get_TrialStates()
   --- End of inner exception stack trace ---
   at System.RuntimeMethodHandle.InvokeMethod(Object target, Span`1& arguments, Signature sig, Boolean constructor, Boolean wrapExceptions)
   at System.Reflection.RuntimeMethodInfo.Invoke(Object obj, BindingFlags invokeAttr, Binder binder, Object[] parameters, CultureInfo culture)
   at System.Reflection.RuntimePropertyInfo.GetValue(Object obj, Object[] index)
   at DevTree.DevPlugin.Debug(Object obj, Type type)
2022-12-26 21:36:22.126 +01:00 [ERR] BaseTreeRoutinePlugin: Cannot find C:\William\GIT\poe_api_tehcheat\PoEHelper\Plugins\Compiled\poe-plugin-willplug/config/flaskinfo.json file. This plugin will exit.
2022-12-26 21:36:22.129 +01:00 [ERR] BaseTreeRoutinePlugin: Cannot find C:\William\GIT\poe_api_tehcheat\PoEHelper\Plugins\Compiled\poe-plugin-willplug/config/debuffPanel.json file. This plugin will exit.
2022-12-26 21:36:22.129 +01:00 [ERR] BaseTreeRoutinePlugin: Cannot find C:\William\GIT\poe_api_tehcheat\PoEHelper\Plugins\Compiled\poe-plugin-willplug/config/FlaskBuffDetails.json file. This plugin will exit.
2022-12-26 21:46:51.619 +01:00 [ERR] BaseTreeRoutinePlugin: Cannot find C:\William\GIT\poe_api_tehcheat\PoEHelper\Plugins\Compiled\poe-plugin-willplug/config/flaskinfo.json file. This plugin will exit.
2022-12-26 21:46:51.623 +01:00 [ERR] BaseTreeRoutinePlugin: Cannot find C:\William\GIT\poe_api_tehcheat\PoEHelper\Plugins\Compiled\poe-plugin-willplug/config/debuffPanel.json file. This plugin will exit.
2022-12-26 21:46:51.623 +01:00 [ERR] BaseTreeRoutinePlugin: Cannot find C:\William\GIT\poe_api_tehcheat\PoEHelper\Plugins\Compiled\poe-plugin-willplug/config/FlaskBuffDetails.json file. This plugin will exit.
2022-12-26 22:13:02.345 +01:00 [ERR] Something wrong we parse 21 when expect 9
2022-12-26 22:46:53.308 +01:00 [ERR] BasicFlaskRoutine: Ignoring Flask 7077993 for an empty or null path.
2022-12-26 23:03:42.571 +01:00 [ERR] MinimapIcons, PerfomanceRender -> System.NullReferenceException: Object reference not set to an instance of an object.
   at IconsBuilder.LegionIcon.<>c__DisplayClass2_0.<Update>b__1()
   at MinimapIcons.MinimapIcons.Render()
   at ExileCore.Shared.PluginWrapper.PerfomanceRender()
