2022-12-21 08:08:41.428 +01:00 [ERR] BaseTreeRoutinePlugin: Cannot find C:\William\GIT\poe_api_tehcheat\PoEHelper\Plugins\Compiled\poe-plugin-willplug/config/flaskinfo.json file. This plugin will exit.
2022-12-21 08:08:41.432 +01:00 [ERR] BaseTreeRoutinePlugin: Cannot find C:\William\GIT\poe_api_tehcheat\PoEHelper\Plugins\Compiled\poe-plugin-willplug/config/debuffPanel.json file. This plugin will exit.
2022-12-21 08:08:41.432 +01:00 [ERR] BaseTreeRoutinePlugin: Cannot find C:\William\GIT\poe_api_tehcheat\PoEHelper\Plugins\Compiled\poe-plugin-willplug/config/FlaskBuffDetails.json file. This plugin will exit.
2022-12-21 15:08:36.937 +01:00 [ERR] BaseTreeRoutinePlugin: Cannot find C:\William\GIT\poe_api_tehcheat\PoEHelper\Plugins\Compiled\poe-plugin-willplug/config/flaskinfo.json file. This plugin will exit.
2022-12-21 15:08:36.941 +01:00 [ERR] BaseTreeRoutinePlugin: Cannot find C:\William\GIT\poe_api_tehcheat\PoEHelper\Plugins\Compiled\poe-plugin-willplug/config/debuffPanel.json file. This plugin will exit.
2022-12-21 15:08:36.941 +01:00 [ERR] BaseTreeRoutinePlugin: Cannot find C:\William\GIT\poe_api_tehcheat\PoEHelper\Plugins\Compiled\poe-plugin-willplug/config/FlaskBuffDetails.json file. This plugin will exit.
2022-12-21 15:17:33.167 +01:00 [ERR] MinimapIcons, PerfomanceRender -> System.NullReferenceException: Object reference not set to an instance of an object.
   at IconsBuilder.LegionIcon.<>c__DisplayClass2_0.<Update>b__1()
   at MinimapIcons.MinimapIcons.Render()
   at ExileCore.Shared.PluginWrapper.PerfomanceRender()
2022-12-21 16:20:33.501 +01:00 [ERR] BaseTreeRoutinePlugin: Cannot find C:\William\GIT\poe_api_tehcheat\PoEHelper\Plugins\Compiled\poe-plugin-willplug/config/flaskinfo.json file. This plugin will exit.
2022-12-21 16:20:33.504 +01:00 [ERR] BaseTreeRoutinePlugin: Cannot find C:\William\GIT\poe_api_tehcheat\PoEHelper\Plugins\Compiled\poe-plugin-willplug/config/debuffPanel.json file. This plugin will exit.
2022-12-21 16:20:33.504 +01:00 [ERR] BaseTreeRoutinePlugin: Cannot find C:\William\GIT\poe_api_tehcheat\PoEHelper\Plugins\Compiled\poe-plugin-willplug/config/FlaskBuffDetails.json file. This plugin will exit.
2022-12-21 16:22:35.513 +01:00 [ERR] Stats over capped: First: 910005004CD90DFC - Last: 0 - Size (bytes): 7998387439362568708 Total Stats: 999798429920321088
2022-12-21 18:09:25.052 +01:00 [ERR] EntityList -> Address is 0;
2022-12-21 18:09:26.387 +01:00 [ERR] MiscInformation, Initialise -> System.NullReferenceException: Object reference not set to an instance of an object.
   at MiscInformation.MiscInformation.OnEntityListWrapperOnPlayerUpdate(Object sender, Entity entity)
   at MiscInformation.MiscInformation.Initialise()
   at ExileCore.Shared.PluginWrapper.pluginInitialise()
   at ExileCore.Shared.PluginWrapper.Initialise(GameController _gameController)
2022-12-21 18:09:33.438 +01:00 [ERR] BaseTreeRoutinePlugin: Cannot find C:\William\GIT\poe_api_tehcheat\PoEHelper\Plugins\Compiled\poe-plugin-willplug/config/flaskinfo.json file. This plugin will exit.
2022-12-21 18:09:33.438 +01:00 [ERR] BaseTreeRoutinePlugin: Cannot find C:\William\GIT\poe_api_tehcheat\PoEHelper\Plugins\Compiled\poe-plugin-willplug/config/debuffPanel.json file. This plugin will exit.
2022-12-21 18:09:33.438 +01:00 [ERR] BaseTreeRoutinePlugin: Cannot find C:\William\GIT\poe_api_tehcheat\PoEHelper\Plugins\Compiled\poe-plugin-willplug/config/FlaskBuffDetails.json file. This plugin will exit.
2022-12-21 18:17:02.857 +01:00 [ERR] Something wrong we parse 96 when expect 28
2022-12-21 18:19:57.410 +01:00 [ERR] Something wrong we parse 188 when expect 28
2022-12-21 18:22:20.227 +01:00 [ERR] Something wrong we parse 273 when expect 39
2022-12-21 18:23:12.555 +01:00 [ERR] Something wrong we parse 228 when expect 28
2022-12-21 18:31:06.009 +01:00 [ERR] Something wrong we parse 487 when expect 167
2022-12-21 18:31:16.065 +01:00 [ERR] Something wrong we parse 250 when expect 37
2022-12-21 18:32:37.498 +01:00 [ERR] Stats over capped: First: 23 - Last: 2500000919 - Size (bytes): 158913792246 Total Stats: 19864224030
2022-12-21 19:06:56.593 +01:00 [ERR] Core tick -> System.NullReferenceException: Object reference not set to an instance of an object.
   at ExileCore.Core.Tick()
2022-12-21 19:30:12.253 +01:00 [ERR] BaseTreeRoutinePlugin: Cannot find C:\William\GIT\poe_api_tehcheat\PoEHelper\Plugins\Compiled\poe-plugin-willplug/config/flaskinfo.json file. This plugin will exit.
2022-12-21 19:30:12.256 +01:00 [ERR] BaseTreeRoutinePlugin: Cannot find C:\William\GIT\poe_api_tehcheat\PoEHelper\Plugins\Compiled\poe-plugin-willplug/config/debuffPanel.json file. This plugin will exit.
2022-12-21 19:30:12.256 +01:00 [ERR] BaseTreeRoutinePlugin: Cannot find C:\William\GIT\poe_api_tehcheat\PoEHelper\Plugins\Compiled\poe-plugin-willplug/config/FlaskBuffDetails.json file. This plugin will exit.
2022-12-21 19:32:19.183 +01:00 [ERR] BaseTreeRoutinePlugin: Cannot find C:\William\GIT\poe_api_tehcheat\PoEHelper\Plugins\Compiled\poe-plugin-willplug/config/flaskinfo.json file. This plugin will exit.
2022-12-21 19:32:19.187 +01:00 [ERR] BaseTreeRoutinePlugin: Cannot find C:\William\GIT\poe_api_tehcheat\PoEHelper\Plugins\Compiled\poe-plugin-willplug/config/debuffPanel.json file. This plugin will exit.
2022-12-21 19:32:19.187 +01:00 [ERR] BaseTreeRoutinePlugin: Cannot find C:\William\GIT\poe_api_tehcheat\PoEHelper\Plugins\Compiled\poe-plugin-willplug/config/FlaskBuffDetails.json file. This plugin will exit.
2022-12-21 19:38:36.825 +01:00 [ERR] BaseTreeRoutinePlugin: Cannot find C:\William\GIT\poe_api_tehcheat\PoEHelper\Plugins\Compiled\poe-plugin-willplug/config/flaskinfo.json file. This plugin will exit.
2022-12-21 19:38:36.829 +01:00 [ERR] BaseTreeRoutinePlugin: Cannot find C:\William\GIT\poe_api_tehcheat\PoEHelper\Plugins\Compiled\poe-plugin-willplug/config/debuffPanel.json file. This plugin will exit.
2022-12-21 19:38:36.829 +01:00 [ERR] BaseTreeRoutinePlugin: Cannot find C:\William\GIT\poe_api_tehcheat\PoEHelper\Plugins\Compiled\poe-plugin-willplug/config/FlaskBuffDetails.json file. This plugin will exit.
2022-12-21 19:44:09.635 +01:00 [ERR] BaseTreeRoutinePlugin: Cannot find C:\William\GIT\poe_api_tehcheat\PoEHelper\Plugins\Compiled\poe-plugin-willplug/config/flaskinfo.json file. This plugin will exit.
2022-12-21 19:44:09.639 +01:00 [ERR] BaseTreeRoutinePlugin: Cannot find C:\William\GIT\poe_api_tehcheat\PoEHelper\Plugins\Compiled\poe-plugin-willplug/config/debuffPanel.json file. This plugin will exit.
2022-12-21 19:44:09.639 +01:00 [ERR] BaseTreeRoutinePlugin: Cannot find C:\William\GIT\poe_api_tehcheat\PoEHelper\Plugins\Compiled\poe-plugin-willplug/config/FlaskBuffDetails.json file. This plugin will exit.
2022-12-21 19:51:43.388 +01:00 [ERR] BaseTreeRoutinePlugin: Cannot find C:\William\GIT\poe_api_tehcheat\PoEHelper\Plugins\Compiled\poe-plugin-willplug/config/flaskinfo.json file. This plugin will exit.
2022-12-21 19:51:43.391 +01:00 [ERR] BaseTreeRoutinePlugin: Cannot find C:\William\GIT\poe_api_tehcheat\PoEHelper\Plugins\Compiled\poe-plugin-willplug/config/debuffPanel.json file. This plugin will exit.
2022-12-21 19:51:43.391 +01:00 [ERR] BaseTreeRoutinePlugin: Cannot find C:\William\GIT\poe_api_tehcheat\PoEHelper\Plugins\Compiled\poe-plugin-willplug/config/FlaskBuffDetails.json file. This plugin will exit.
2022-12-21 19:52:20.715 +01:00 [ERR] Something wrong we parse 115 when expect 28
2022-12-21 19:53:13.415 +01:00 [ERR] BaseTreeRoutinePlugin: Cannot find C:\William\GIT\poe_api_tehcheat\PoEHelper\Plugins\Compiled\poe-plugin-willplug/config/flaskinfo.json file. This plugin will exit.
2022-12-21 19:53:13.419 +01:00 [ERR] BaseTreeRoutinePlugin: Cannot find C:\William\GIT\poe_api_tehcheat\PoEHelper\Plugins\Compiled\poe-plugin-willplug/config/debuffPanel.json file. This plugin will exit.
2022-12-21 19:53:13.419 +01:00 [ERR] BaseTreeRoutinePlugin: Cannot find C:\William\GIT\poe_api_tehcheat\PoEHelper\Plugins\Compiled\poe-plugin-willplug/config/FlaskBuffDetails.json file. This plugin will exit.
2022-12-21 19:55:27.831 +01:00 [ERR] BaseTreeRoutinePlugin: Cannot find C:\William\GIT\poe_api_tehcheat\PoEHelper\Plugins\Compiled\poe-plugin-willplug/config/flaskinfo.json file. This plugin will exit.
2022-12-21 19:55:27.835 +01:00 [ERR] BaseTreeRoutinePlugin: Cannot find C:\William\GIT\poe_api_tehcheat\PoEHelper\Plugins\Compiled\poe-plugin-willplug/config/debuffPanel.json file. This plugin will exit.
2022-12-21 19:55:27.835 +01:00 [ERR] BaseTreeRoutinePlugin: Cannot find C:\William\GIT\poe_api_tehcheat\PoEHelper\Plugins\Compiled\poe-plugin-willplug/config/FlaskBuffDetails.json file. This plugin will exit.
2022-12-21 19:57:34.748 +01:00 [ERR] Stats over capped: First: 200074006F006E - Last: 45002000650062 - Size (bytes): 10414213360386036 Total Stats: 1301776670048254
2022-12-21 19:57:34.968 +01:00 [ERR] Stats over capped: First: 200074006F006E - Last: 45002000650062 - Size (bytes): 10414213360386036 Total Stats: 1301776670048254
2022-12-21 19:57:35.174 +01:00 [ERR] Stats over capped: First: 200074006F006E - Last: 45002000650062 - Size (bytes): 10414213360386036 Total Stats: 1301776670048254
2022-12-21 19:57:35.394 +01:00 [ERR] Stats over capped: First: 200074006F006E - Last: 45002000650062 - Size (bytes): 10414213360386036 Total Stats: 1301776670048254
2022-12-21 19:57:35.603 +01:00 [ERR] Stats over capped: First: 200074006F006E - Last: 45002000650062 - Size (bytes): 10414213360386036 Total Stats: 1301776670048254
2022-12-21 19:57:35.805 +01:00 [ERR] Stats over capped: First: 200074006F006E - Last: 45002000650062 - Size (bytes): 10414213360386036 Total Stats: 1301776670048254
2022-12-21 19:57:36.026 +01:00 [ERR] Stats over capped: First: 200074006F006E - Last: 45002000650062 - Size (bytes): 10414213360386036 Total Stats: 1301776670048254
2022-12-21 19:57:36.241 +01:00 [ERR] Stats over capped: First: 200074006F006E - Last: 45002000650062 - Size (bytes): 10414213360386036 Total Stats: 1301776670048254
2022-12-21 19:57:36.461 +01:00 [ERR] Stats over capped: First: 200074006F006E - Last: 45002000650062 - Size (bytes): 10414213360386036 Total Stats: 1301776670048254
2022-12-21 19:57:36.671 +01:00 [ERR] Stats over capped: First: 200074006F006E - Last: 45002000650062 - Size (bytes): 10414213360386036 Total Stats: 1301776670048254
2022-12-21 19:57:36.875 +01:00 [ERR] Stats over capped: First: 200074006F006E - Last: 45002000650062 - Size (bytes): 10414213360386036 Total Stats: 1301776670048254
2022-12-21 20:00:26.143 +01:00 [ERR] BaseTreeRoutinePlugin: Cannot find C:\William\GIT\poe_api_tehcheat\PoEHelper\Plugins\Compiled\poe-plugin-willplug/config/flaskinfo.json file. This plugin will exit.
2022-12-21 20:00:26.147 +01:00 [ERR] BaseTreeRoutinePlugin: Cannot find C:\William\GIT\poe_api_tehcheat\PoEHelper\Plugins\Compiled\poe-plugin-willplug/config/debuffPanel.json file. This plugin will exit.
2022-12-21 20:00:26.147 +01:00 [ERR] BaseTreeRoutinePlugin: Cannot find C:\William\GIT\poe_api_tehcheat\PoEHelper\Plugins\Compiled\poe-plugin-willplug/config/FlaskBuffDetails.json file. This plugin will exit.
2022-12-21 20:01:09.572 +01:00 [ERR] BaseTreeRoutinePlugin: Cannot find C:\William\GIT\poe_api_tehcheat\PoEHelper\Plugins\Compiled\poe-plugin-willplug/config/flaskinfo.json file. This plugin will exit.
2022-12-21 20:01:09.575 +01:00 [ERR] BaseTreeRoutinePlugin: Cannot find C:\William\GIT\poe_api_tehcheat\PoEHelper\Plugins\Compiled\poe-plugin-willplug/config/debuffPanel.json file. This plugin will exit.
2022-12-21 20:01:09.575 +01:00 [ERR] BaseTreeRoutinePlugin: Cannot find C:\William\GIT\poe_api_tehcheat\PoEHelper\Plugins\Compiled\poe-plugin-willplug/config/FlaskBuffDetails.json file. This plugin will exit.
2022-12-21 20:12:08.943 +01:00 [ERR] Something wrong we parse 69 when expect 27
2022-12-21 20:40:47.341 +01:00 [ERR] HealthBars, PerfomanceTick -> System.NullReferenceException: Object reference not set to an instance of an object.
   at HealthBars.HealthBars.<Initialise>b__21_1() in HealthBars\HealthBars.cs:line 48
   at ExileCore.Shared.Cache.CachedValue`1.get_Value()
   at HealthBars.HealthBars.Tick() in HealthBars\HealthBars.cs:line 137
   at ExileCore.Shared.PluginWrapper.PerfomanceTick()
2022-12-21 20:40:47.341 +01:00 [ERR] MinimapIcons, PerfomanceRender -> System.NullReferenceException: Object reference not set to an instance of an object.
   at MinimapIcons.MinimapIcons.Render()
   at ExileCore.Shared.PluginWrapper.PerfomanceRender()
2022-12-21 20:40:52.841 +01:00 [ERR] EntityList -> Address is 0;
2022-12-21 21:00:35.663 +01:00 [ERR] Something wrong we parse 165 when expect 28
2022-12-21 21:06:07.619 +01:00 [ERR] Stats over capped: First: 2930EE5A6F0 - Last: 293F06AAE10 - Size (bytes): 3783591712 Total Stats: 472948964
2022-12-21 21:13:41.492 +01:00 [ERR] Something wrong we parse 117 when expect 49
2022-12-21 21:14:33.500 +01:00 [ERR] BaseTreeRoutinePlugin: Cannot find C:\William\GIT\poe_api_tehcheat\PoEHelper\Plugins\Compiled\poe-plugin-willplug/config/flaskinfo.json file. This plugin will exit.
2022-12-21 21:14:33.503 +01:00 [ERR] BaseTreeRoutinePlugin: Cannot find C:\William\GIT\poe_api_tehcheat\PoEHelper\Plugins\Compiled\poe-plugin-willplug/config/debuffPanel.json file. This plugin will exit.
2022-12-21 21:14:33.503 +01:00 [ERR] BaseTreeRoutinePlugin: Cannot find C:\William\GIT\poe_api_tehcheat\PoEHelper\Plugins\Compiled\poe-plugin-willplug/config/FlaskBuffDetails.json file. This plugin will exit.
2022-12-21 21:17:40.468 +01:00 [ERR] Something wrong we parse 104 when expect 37
2022-12-21 21:37:58.494 +01:00 [ERR] Something wrong we parse 113 when expect 45
2022-12-21 21:40:00.268 +01:00 [ERR] Something wrong we parse 115 when expect 53
2022-12-21 21:45:18.774 +01:00 [ERR] Something wrong we parse 156 when expect 68
