2022-12-23 12:22:04.943 +01:00 [ERR] BaseTreeRoutinePlugin: Cannot find C:\William\GIT\poe_api_tehcheat\PoEHelper\Plugins\Compiled\poe-plugin-willplug/config/flaskinfo.json file. This plugin will exit.
2022-12-23 12:22:04.947 +01:00 [ERR] BaseTreeRoutinePlugin: Cannot find C:\William\GIT\poe_api_tehcheat\PoEHelper\Plugins\Compiled\poe-plugin-willplug/config/debuffPanel.json file. This plugin will exit.
2022-12-23 12:22:04.947 +01:00 [ERR] BaseTreeRoutinePlugin: Cannot find C:\William\GIT\poe_api_tehcheat\PoEHelper\Plugins\Compiled\poe-plugin-willplug/config/FlaskBuffDetails.json file. This plugin will exit.
2022-12-23 12:22:46.031 +01:00 [ERR] Something wrong we parse 89 when expect 39
2022-12-23 12:30:31.802 +01:00 [ERR] Something wrong we parse 93 when expect 37
2022-12-23 12:31:33.361 +01:00 [ERR] Stats over capped: First: 71101F0 - Last: 72202F0 - Size (bytes): 1114368 Total Stats: 139296
2022-12-23 12:38:10.839 +01:00 [ERR] Something wrong we parse 44 when expect 21
2022-12-23 19:22:05.766 +01:00 [ERR] BaseTreeRoutinePlugin: Cannot find C:\William\GIT\poe_api_tehcheat\PoEHelper\Plugins\Compiled\poe-plugin-willplug/config/flaskinfo.json file. This plugin will exit.
2022-12-23 19:22:05.770 +01:00 [ERR] BaseTreeRoutinePlugin: Cannot find C:\William\GIT\poe_api_tehcheat\PoEHelper\Plugins\Compiled\poe-plugin-willplug/config/debuffPanel.json file. This plugin will exit.
2022-12-23 19:22:05.770 +01:00 [ERR] BaseTreeRoutinePlugin: Cannot find C:\William\GIT\poe_api_tehcheat\PoEHelper\Plugins\Compiled\poe-plugin-willplug/config/FlaskBuffDetails.json file. This plugin will exit.
2022-12-23 19:25:23.351 +01:00 [ERR] MinimapIcons, PerfomanceRender -> System.NullReferenceException: Object reference not set to an instance of an object.
   at MinimapIcons.MinimapIcons.Render()
   at ExileCore.Shared.PluginWrapper.PerfomanceRender()
2022-12-23 19:25:25.843 +01:00 [ERR] EntityList -> Address is 0;
2022-12-23 20:50:13.751 +01:00 [ERR] EntityList -> Address is 0;
2022-12-23 21:05:09.042 +01:00 [ERR] Something wrong we parse 133 when expect 50
2022-12-23 22:00:56.492 +01:00 [ERR] MinimapIcons, PerfomanceRender -> System.NullReferenceException: Object reference not set to an instance of an object.
   at MinimapIcons.MinimapIcons.Render()
   at ExileCore.Shared.PluginWrapper.PerfomanceRender()
2022-12-23 22:01:00.237 +01:00 [ERR] EntityList -> Address is 0;
2022-12-23 22:01:37.464 +01:00 [ERR] MinimapIcons, PerfomanceRender -> System.NullReferenceException: Object reference not set to an instance of an object.
   at MinimapIcons.MinimapIcons.Render()
   at ExileCore.Shared.PluginWrapper.PerfomanceRender()
2022-12-23 22:01:39.238 +01:00 [ERR] EntityList -> Address is 0;
2022-12-23 22:01:42.935 +01:00 [ERR] MinimapIcons, PerfomanceRender -> System.NullReferenceException: Object reference not set to an instance of an object.
   at MinimapIcons.MinimapIcons.Render()
   at ExileCore.Shared.PluginWrapper.PerfomanceRender()
2022-12-23 22:01:45.607 +01:00 [ERR] EntityList -> Address is 0;
2022-12-23 22:02:17.901 +01:00 [ERR] Something wrong we parse 78 when expect 28
2022-12-23 22:02:32.294 +01:00 [ERR] EntityList -> Address is 0;
2022-12-23 22:07:47.455 +01:00 [ERR] BasicFlaskRoutine: Ignoring Flask 8395016 for an empty or null path.
2022-12-23 22:18:48.743 +01:00 [ERR] Something wrong we parse 72 when expect 24
2022-12-23 22:23:10.066 +01:00 [ERR] BaseTreeRoutinePlugin: Cannot find C:\William\GIT\poe_api_tehcheat\PoEHelper\Plugins\Compiled\poe-plugin-willplug/config/flaskinfo.json file. This plugin will exit.
2022-12-23 22:23:10.070 +01:00 [ERR] BaseTreeRoutinePlugin: Cannot find C:\William\GIT\poe_api_tehcheat\PoEHelper\Plugins\Compiled\poe-plugin-willplug/config/debuffPanel.json file. This plugin will exit.
2022-12-23 22:23:10.070 +01:00 [ERR] BaseTreeRoutinePlugin: Cannot find C:\William\GIT\poe_api_tehcheat\PoEHelper\Plugins\Compiled\poe-plugin-willplug/config/FlaskBuffDetails.json file. This plugin will exit.
2022-12-23 23:25:06.618 +01:00 [ERR] Something wrong we parse 12 when expect 6
