2023-01-08 12:35:17.643 +01:00 [ERR] BaseTreeRoutinePlugin: Cannot find C:\William\GIT\poe_api_tehcheat\PoEHelper\Plugins\Compiled\poe-plugin-willplug/config/flaskinfo.json file. This plugin will exit.
2023-01-08 12:35:17.647 +01:00 [ERR] BaseTreeRoutinePlugin: Cannot find C:\William\GIT\poe_api_tehcheat\PoEHelper\Plugins\Compiled\poe-plugin-willplug/config/debuffPanel.json file. This plugin will exit.
2023-01-08 12:35:17.647 +01:00 [ERR] BaseTreeRoutinePlugin: Cannot find C:\William\GIT\poe_api_tehcheat\PoEHelper\Plugins\Compiled\poe-plugin-willplug/config/FlaskBuffDetails.json file. This plugin will exit.
2023-01-08 12:37:29.303 +01:00 [ERR] BaseTreeRoutinePlugin: Cannot find C:\William\GIT\poe_api_tehcheat\PoEHelper\Plugins\Compiled\poe-plugin-willplug/config/flaskinfo.json file. This plugin will exit.
2023-01-08 12:37:29.307 +01:00 [ERR] BaseTreeRoutinePlugin: Cannot find C:\William\GIT\poe_api_tehcheat\PoEHelper\Plugins\Compiled\poe-plugin-willplug/config/debuffPanel.json file. This plugin will exit.
2023-01-08 12:37:29.307 +01:00 [ERR] BaseTreeRoutinePlugin: Cannot find C:\William\GIT\poe_api_tehcheat\PoEHelper\Plugins\Compiled\poe-plugin-willplug/config/FlaskBuffDetails.json file. This plugin will exit.
2023-01-08 12:40:04.653 +01:00 [ERR] MineDetonator, PerfomanceRender -> System.Collections.Generic.KeyNotFoundException: The given key 'CannotDie' was not present in the dictionary.
   at MineDetonator.Core.<>c.<Render>b__3_3(DeployedObject x)
   at System.Linq.Enumerable.Any[TSource](IEnumerable`1 source, Func`2 predicate)
   at MineDetonator.Core.Render()
   at ExileCore.Shared.PluginWrapper.PerfomanceRender()
2023-01-08 12:41:46.220 +01:00 [ERR] MineDetonator, PerfomanceRender -> System.Collections.Generic.KeyNotFoundException: The given key 'CannotDie' was not present in the dictionary.
   at MineDetonator.Core.<>c.<Render>b__3_3(DeployedObject x)
   at System.Linq.Enumerable.Any[TSource](IEnumerable`1 source, Func`2 predicate)
   at MineDetonator.Core.Render()
   at ExileCore.Shared.PluginWrapper.PerfomanceRender()
2023-01-08 12:42:23.166 +01:00 [ERR] MineDetonator, PerfomanceRender -> System.Collections.Generic.KeyNotFoundException: The given key 'CannotDie' was not present in the dictionary.
   at MineDetonator.Core.<>c.<Render>b__3_3(DeployedObject x)
   at System.Linq.Enumerable.Any[TSource](IEnumerable`1 source, Func`2 predicate)
   at MineDetonator.Core.Render()
   at ExileCore.Shared.PluginWrapper.PerfomanceRender()
2023-01-08 12:42:46.200 +01:00 [ERR] MineDetonator, PerfomanceRender -> System.NullReferenceException: Object reference not set to an instance of an object.
   at MineDetonator.Core.<Render>g__IsValidMonster|3_2(Entity entity)
   at System.Linq.Enumerable.WhereEnumerableIterator`1.ToList()
   at MineDetonator.Core.Render()
   at ExileCore.Shared.PluginWrapper.PerfomanceRender()
2023-01-08 12:43:23.397 +01:00 [ERR] MineDetonator, PerfomanceRender -> System.Collections.Generic.KeyNotFoundException: The given key 'CannotDie' was not present in the dictionary.
   at MineDetonator.Core.<>c.<Render>b__3_3(DeployedObject x)
   at System.Linq.Enumerable.Any[TSource](IEnumerable`1 source, Func`2 predicate)
   at MineDetonator.Core.Render()
   at ExileCore.Shared.PluginWrapper.PerfomanceRender()
2023-01-08 12:44:26.472 +01:00 [ERR] MineDetonator, PerfomanceRender -> System.NullReferenceException: Object reference not set to an instance of an object.
   at MineDetonator.Core.<Render>g__IsValidMonster|3_2(Entity entity)
   at System.Linq.Enumerable.WhereEnumerableIterator`1.ToList()
   at MineDetonator.Core.Render()
   at ExileCore.Shared.PluginWrapper.PerfomanceRender()
2023-01-08 14:14:30.304 +01:00 [ERR] BaseTreeRoutinePlugin: Cannot find C:\William\GIT\poe_api_tehcheat\PoEHelper\Plugins\Compiled\poe-plugin-willplug/config/flaskinfo.json file. This plugin will exit.
2023-01-08 14:14:30.308 +01:00 [ERR] BaseTreeRoutinePlugin: Cannot find C:\William\GIT\poe_api_tehcheat\PoEHelper\Plugins\Compiled\poe-plugin-willplug/config/debuffPanel.json file. This plugin will exit.
2023-01-08 14:14:30.308 +01:00 [ERR] BaseTreeRoutinePlugin: Cannot find C:\William\GIT\poe_api_tehcheat\PoEHelper\Plugins\Compiled\poe-plugin-willplug/config/FlaskBuffDetails.json file. This plugin will exit.
2023-01-08 14:15:59.941 +01:00 [ERR] MineDetonator, PerfomanceRender -> System.NullReferenceException: Object reference not set to an instance of an object.
   at MineDetonator.Core.<Render>g__IsValidMonster|3_2(Entity entity)
   at System.Linq.Enumerable.WhereEnumerableIterator`1.ToList()
   at MineDetonator.Core.Render()
   at ExileCore.Shared.PluginWrapper.PerfomanceRender()
2023-01-08 14:16:52.696 +01:00 [ERR] MineDetonator, PerfomanceRender -> System.Collections.Generic.KeyNotFoundException: The given key 'CannotDie' was not present in the dictionary.
   at MineDetonator.Core.<>c.<Render>b__3_3(DeployedObject x)
   at System.Linq.Enumerable.Any[TSource](IEnumerable`1 source, Func`2 predicate)
   at MineDetonator.Core.Render()
   at ExileCore.Shared.PluginWrapper.PerfomanceRender()
