2022-12-17 00:05:06.012 +01:00 [ERR] IconsBuilder -> System.NullReferenceException: Object reference not set to an instance of an object.
   at IconsBuilder.IconsBuilder.EntityAddedLogic(Entity entity)
   at IconsBuilder.IconsBuilder.TickLogic()
2022-12-17 13:21:35.761 +01:00 [ERR] BaseTreeRoutinePlugin: Cannot find C:\William\GIT\poe_api_tehcheat\PoEHelper\Plugins\Compiled\poe-plugin-willplug/config/flaskinfo.json file. This plugin will exit.
2022-12-17 13:21:35.764 +01:00 [ERR] BaseTreeRoutinePlugin: Cannot find C:\William\GIT\poe_api_tehcheat\PoEHelper\Plugins\Compiled\poe-plugin-willplug/config/debuffPanel.json file. This plugin will exit.
2022-12-17 13:21:35.778 +01:00 [ERR] BaseTreeRoutinePlugin: Cannot find C:\William\GIT\poe_api_tehcheat\PoEHelper\Plugins\Compiled\poe-plugin-willplug/config/FlaskBuffDetails.json file. This plugin will exit.
2022-12-17 13:26:37.384 +01:00 [ERR] Something wrong we parse 336 when expect 132
2022-12-17 13:28:34.941 +01:00 [ERR] Something wrong we parse 243 when expect 39
2022-12-17 13:37:53.737 +01:00 [ERR] Stats over capped: First: 200074006F006E - Last: 45002000650062 - Size (bytes): 10414213360386036 Total Stats: 1301776670048254
2022-12-17 13:50:20.534 +01:00 [ERR] Stats over capped: First: 22D03E07540 - Last: 22DB0CE3360 - Size (bytes): 2901261856 Total Stats: 362657732
2022-12-17 14:03:15.146 +01:00 [ERR] MinimapIcons, PerfomanceRender -> System.NullReferenceException: Object reference not set to an instance of an object.
   at IconsBuilder.LegionIcon.<>c__DisplayClass2_0.<Update>b__1()
   at MinimapIcons.MinimapIcons.Render()
   at ExileCore.Shared.PluginWrapper.PerfomanceRender()
2022-12-17 15:33:10.787 +01:00 [ERR] BaseTreeRoutinePlugin: Cannot find C:\William\GIT\poe_api_tehcheat\PoEHelper\Plugins\Compiled\poe-plugin-willplug/config/flaskinfo.json file. This plugin will exit.
2022-12-17 15:33:10.791 +01:00 [ERR] BaseTreeRoutinePlugin: Cannot find C:\William\GIT\poe_api_tehcheat\PoEHelper\Plugins\Compiled\poe-plugin-willplug/config/debuffPanel.json file. This plugin will exit.
2022-12-17 15:33:10.791 +01:00 [ERR] BaseTreeRoutinePlugin: Cannot find C:\William\GIT\poe_api_tehcheat\PoEHelper\Plugins\Compiled\poe-plugin-willplug/config/FlaskBuffDetails.json file. This plugin will exit.
2022-12-17 15:43:07.868 +01:00 [ERR] MinimapIcons, PerfomanceRender -> System.NullReferenceException: Object reference not set to an instance of an object.
   at IconsBuilder.LegionIcon.<>c__DisplayClass2_0.<Update>b__1()
   at MinimapIcons.MinimapIcons.Render()
   at ExileCore.Shared.PluginWrapper.PerfomanceRender()
2022-12-17 15:45:21.000 +01:00 [ERR] EntityListWrapper -> System.NullReferenceException: Object reference not set to an instance of an object.
   at ExileCore.EntityListWrapper.AreaChanged(AreaInstance area)
2022-12-17 15:45:58.651 +01:00 [ERR] Willplug: Exception! Printscreen this and post it.
Object reference not set to an instance of an object.
   at Willplug.BotBehavior.CharAbilities.GetActorSkill(String actorSkillName) in C:\William\GIT\poe_api_tehcheat\poe-plugin-willplug\CharAbilities.cs:line 643
   at Willplug.BotBehavior.CharAbilities.<>c__DisplayClass110_0.<SwapToWeaponSetUsingSkill>b__0(Object context) in C:\William\GIT\poe_api_tehcheat\poe-plugin-willplug\CharAbilities.cs:line 783
   at TreeRoutine.TreeSharp.Decorator.Execute(Object context)+MoveNext() in C:\William\GIT\poe_api_tehcheat\poe-plugin-willplug\TreeRoutine\TreeSharp\Decorator.cs:line 65
   at TreeRoutine.TreeSharp.Composite.Tick(Object context) in C:\William\GIT\poe_api_tehcheat\poe-plugin-willplug\TreeRoutine\TreeSharp\Composite.cs:line 143
   at TreeRoutine.TreeSharp.PrioritySelector.Execute(Object context)+MoveNext() in C:\William\GIT\poe_api_tehcheat\poe-plugin-willplug\TreeRoutine\TreeSharp\PrioritySelector.cs:line 60
   at TreeRoutine.TreeSharp.Composite.Tick(Object context) in C:\William\GIT\poe_api_tehcheat\poe-plugin-willplug\TreeRoutine\TreeSharp\Composite.cs:line 143
   at TreeRoutine.TreeSharp.Decorator.Execute(Object context)+MoveNext() in C:\William\GIT\poe_api_tehcheat\poe-plugin-willplug\TreeRoutine\TreeSharp\Decorator.cs:line 78
   at TreeRoutine.TreeSharp.Composite.Tick(Object context) in C:\William\GIT\poe_api_tehcheat\poe-plugin-willplug\TreeRoutine\TreeSharp\Composite.cs:line 143
   at TreeRoutine.BaseTreeRoutinePlugin`2.TickTree(Composite treeRoot) in C:\William\GIT\poe_api_tehcheat\poe-plugin-willplug\TreeRoutine\BaseTreeRoutinePlugin.cs:line 110
2022-12-17 17:13:11.416 +01:00 [ERR] BaseTreeRoutinePlugin: Cannot find C:\William\GIT\poe_api_tehcheat\PoEHelper\Plugins\Compiled\poe-plugin-willplug/config/flaskinfo.json file. This plugin will exit.
2022-12-17 17:13:11.420 +01:00 [ERR] BaseTreeRoutinePlugin: Cannot find C:\William\GIT\poe_api_tehcheat\PoEHelper\Plugins\Compiled\poe-plugin-willplug/config/debuffPanel.json file. This plugin will exit.
2022-12-17 17:13:11.420 +01:00 [ERR] BaseTreeRoutinePlugin: Cannot find C:\William\GIT\poe_api_tehcheat\PoEHelper\Plugins\Compiled\poe-plugin-willplug/config/FlaskBuffDetails.json file. This plugin will exit.
2022-12-17 18:18:38.179 +01:00 [ERR] BaseTreeRoutinePlugin: Cannot find C:\William\GIT\poe_api_tehcheat\PoEHelper\Plugins\Compiled\poe-plugin-willplug/config/flaskinfo.json file. This plugin will exit.
2022-12-17 18:18:38.183 +01:00 [ERR] BaseTreeRoutinePlugin: Cannot find C:\William\GIT\poe_api_tehcheat\PoEHelper\Plugins\Compiled\poe-plugin-willplug/config/debuffPanel.json file. This plugin will exit.
2022-12-17 18:18:38.183 +01:00 [ERR] BaseTreeRoutinePlugin: Cannot find C:\William\GIT\poe_api_tehcheat\PoEHelper\Plugins\Compiled\poe-plugin-willplug/config/FlaskBuffDetails.json file. This plugin will exit.
2022-12-17 19:03:08.939 +01:00 [ERR] EntityList -> Address is 0;
2022-12-17 19:11:28.172 +01:00 [ERR] Something wrong we parse 158 when expect 28
2022-12-17 19:46:18.623 +01:00 [ERR] BaseTreeRoutinePlugin: Cannot find C:\William\GIT\poe_api_tehcheat\PoEHelper\Plugins\Compiled\poe-plugin-willplug/config/flaskinfo.json file. This plugin will exit.
2022-12-17 19:46:18.627 +01:00 [ERR] BaseTreeRoutinePlugin: Cannot find C:\William\GIT\poe_api_tehcheat\PoEHelper\Plugins\Compiled\poe-plugin-willplug/config/debuffPanel.json file. This plugin will exit.
2022-12-17 19:46:18.627 +01:00 [ERR] BaseTreeRoutinePlugin: Cannot find C:\William\GIT\poe_api_tehcheat\PoEHelper\Plugins\Compiled\poe-plugin-willplug/config/FlaskBuffDetails.json file. This plugin will exit.
2022-12-17 22:56:58.187 +01:00 [ERR] BaseTreeRoutinePlugin: Cannot find C:\William\GIT\poe_api_tehcheat\PoEHelper\Plugins\Compiled\poe-plugin-willplug/config/flaskinfo.json file. This plugin will exit.
2022-12-17 22:56:58.190 +01:00 [ERR] BaseTreeRoutinePlugin: Cannot find C:\William\GIT\poe_api_tehcheat\PoEHelper\Plugins\Compiled\poe-plugin-willplug/config/debuffPanel.json file. This plugin will exit.
2022-12-17 22:56:58.190 +01:00 [ERR] BaseTreeRoutinePlugin: Cannot find C:\William\GIT\poe_api_tehcheat\PoEHelper\Plugins\Compiled\poe-plugin-willplug/config/FlaskBuffDetails.json file. This plugin will exit.
2022-12-17 23:14:06.730 +01:00 [ERR] Something wrong we parse 68 when expect 28
2022-12-17 23:17:13.241 +01:00 [ERR] Something wrong we parse 2764 when expect 528
2022-12-17 23:21:03.984 +01:00 [ERR] MinimapIcons, PerfomanceRender -> System.NullReferenceException: Object reference not set to an instance of an object.
   at IconsBuilder.LegionIcon.<>c__DisplayClass2_0.<Update>b__1()
   at MinimapIcons.MinimapIcons.Render()
   at ExileCore.Shared.PluginWrapper.PerfomanceRender()
2022-12-17 23:22:48.777 +01:00 [ERR] Stats over capped: First: 23 - Last: 2500000919 - Size (bytes): 158913792246 Total Stats: 19864224030
2022-12-17 23:23:09.484 +01:00 [ERR] MinimapIcons, PerfomanceRender -> System.NullReferenceException: Object reference not set to an instance of an object.
   at IconsBuilder.LegionIcon.<>c__DisplayClass2_0.<Update>b__1()
   at MinimapIcons.MinimapIcons.Render()
   at ExileCore.Shared.PluginWrapper.PerfomanceRender()
2022-12-17 23:24:42.605 +01:00 [ERR] Stats over capped: First: 6F854B80D0840A5C - Last: A401778B01C78528 - Size (bytes): 3781946209372175052 Total Stats: 472743276171521881
2022-12-17 23:26:48.293 +01:00 [ERR] Something wrong we parse 113 when expect 46
2022-12-17 23:39:21.247 +01:00 [ERR] Something wrong we parse 1104 when expect 431
2022-12-17 23:49:46.248 +01:00 [ERR] Something wrong we parse 110 when expect 39
2022-12-17 23:52:07.685 +01:00 [ERR] MinimapIcons, PerfomanceRender -> System.NullReferenceException: Object reference not set to an instance of an object.
   at IconsBuilder.LegionIcon.<>c__DisplayClass2_0.<Update>b__1()
   at MinimapIcons.MinimapIcons.Render()
   at ExileCore.Shared.PluginWrapper.PerfomanceRender()
2022-12-17 23:55:07.825 +01:00 [ERR] Stats over capped: First: 23 - Last: 2500000919 - Size (bytes): 158913792246 Total Stats: 19864224030
