2022-12-22 13:43:05.608 +01:00 [ERR] BaseTreeRoutinePlugin: Cannot find C:\William\GIT\poe_api_tehcheat\PoEHelper\Plugins\Compiled\poe-plugin-willplug/config/flaskinfo.json file. This plugin will exit.
2022-12-22 13:43:05.613 +01:00 [ERR] BaseTreeRoutinePlugin: Cannot find C:\William\GIT\poe_api_tehcheat\PoEHelper\Plugins\Compiled\poe-plugin-willplug/config/debuffPanel.json file. This plugin will exit.
2022-12-22 13:43:05.613 +01:00 [ERR] BaseTreeRoutinePlugin: Cannot find C:\William\GIT\poe_api_tehcheat\PoEHelper\Plugins\Compiled\poe-plugin-willplug/config/FlaskBuffDetails.json file. This plugin will exit.
2022-12-22 13:49:22.567 +01:00 [ERR] MinimapIcons, PerfomanceRender -> System.NullReferenceException: Object reference not set to an instance of an object.
   at IconsBuilder.LegionIcon.<>c__DisplayClass2_0.<Update>b__1()
   at MinimapIcons.MinimapIcons.Render()
   at ExileCore.Shared.PluginWrapper.PerfomanceRender()
2022-12-22 13:52:03.384 +01:00 [ERR] IconsBuilder -> System.NullReferenceException: Object reference not set to an instance of an object.
   at ExileCore.Shared.Abstract.BaseIcon..ctor(Entity entity, ISettings settings)
   at IconsBuilder.IconsBuilder.EntityAddedLogic(Entity entity)
   at IconsBuilder.IconsBuilder.TickLogic()
2022-12-22 13:58:48.262 +01:00 [ERR] Something wrong we parse 102 when expect 28
2022-12-22 14:40:33.366 +01:00 [ERR] Stats over capped: First: 778B01C785015A84 - Last: 8587A1968586A101 - Size (bytes): 1007856128039929469 Total Stats: 125982016004991183
2022-12-22 15:24:59.306 +01:00 [ERR] Something wrong we parse 100 when expect 45
2022-12-22 15:28:48.977 +01:00 [ERR] Something wrong we parse 104 when expect 46
2022-12-22 19:20:36.966 +01:00 [ERR] BaseTreeRoutinePlugin: Cannot find C:\William\GIT\poe_api_tehcheat\PoEHelper\Plugins\Compiled\poe-plugin-willplug/config/flaskinfo.json file. This plugin will exit.
2022-12-22 19:20:36.971 +01:00 [ERR] BaseTreeRoutinePlugin: Cannot find C:\William\GIT\poe_api_tehcheat\PoEHelper\Plugins\Compiled\poe-plugin-willplug/config/debuffPanel.json file. This plugin will exit.
2022-12-22 19:20:36.971 +01:00 [ERR] BaseTreeRoutinePlugin: Cannot find C:\William\GIT\poe_api_tehcheat\PoEHelper\Plugins\Compiled\poe-plugin-willplug/config/FlaskBuffDetails.json file. This plugin will exit.
2022-12-22 19:20:56.193 +01:00 [ERR] Stats over capped: First: 23 - Last: 2500000919 - Size (bytes): 158913792246 Total Stats: 19864224030
2022-12-22 19:29:37.121 +01:00 [ERR] BaseTreeRoutinePlugin: Cannot find C:\William\GIT\poe_api_tehcheat\PoEHelper\Plugins\Compiled\poe-plugin-willplug/config/flaskinfo.json file. This plugin will exit.
2022-12-22 19:29:37.125 +01:00 [ERR] BaseTreeRoutinePlugin: Cannot find C:\William\GIT\poe_api_tehcheat\PoEHelper\Plugins\Compiled\poe-plugin-willplug/config/debuffPanel.json file. This plugin will exit.
2022-12-22 19:29:37.125 +01:00 [ERR] BaseTreeRoutinePlugin: Cannot find C:\William\GIT\poe_api_tehcheat\PoEHelper\Plugins\Compiled\poe-plugin-willplug/config/FlaskBuffDetails.json file. This plugin will exit.
2022-12-22 19:33:31.034 +01:00 [ERR] BaseTreeRoutinePlugin: Cannot find C:\William\GIT\poe_api_tehcheat\PoEHelper\Plugins\Compiled\poe-plugin-willplug/config/flaskinfo.json file. This plugin will exit.
2022-12-22 19:33:31.037 +01:00 [ERR] BaseTreeRoutinePlugin: Cannot find C:\William\GIT\poe_api_tehcheat\PoEHelper\Plugins\Compiled\poe-plugin-willplug/config/debuffPanel.json file. This plugin will exit.
2022-12-22 19:33:31.037 +01:00 [ERR] BaseTreeRoutinePlugin: Cannot find C:\William\GIT\poe_api_tehcheat\PoEHelper\Plugins\Compiled\poe-plugin-willplug/config/FlaskBuffDetails.json file. This plugin will exit.
2022-12-22 19:33:52.783 +01:00 [ERR] Stats over capped: First: 200074006F006E - Last: 45002000650062 - Size (bytes): 10414213360386036 Total Stats: 1301776670048254
2022-12-22 19:34:08.134 +01:00 [ERR] MinimapIcons, PerfomanceRender -> System.NullReferenceException: Object reference not set to an instance of an object.
   at IconsBuilder.LegionIcon.<>c__DisplayClass2_0.<Update>b__1()
   at MinimapIcons.MinimapIcons.Render()
   at ExileCore.Shared.PluginWrapper.PerfomanceRender()
2022-12-22 21:25:59.206 +01:00 [ERR] BaseTreeRoutinePlugin: Cannot find C:\William\GIT\poe_api_tehcheat\PoEHelper\Plugins\Compiled\poe-plugin-willplug/config/flaskinfo.json file. This plugin will exit.
2022-12-22 21:25:59.210 +01:00 [ERR] BaseTreeRoutinePlugin: Cannot find C:\William\GIT\poe_api_tehcheat\PoEHelper\Plugins\Compiled\poe-plugin-willplug/config/debuffPanel.json file. This plugin will exit.
2022-12-22 21:25:59.210 +01:00 [ERR] BaseTreeRoutinePlugin: Cannot find C:\William\GIT\poe_api_tehcheat\PoEHelper\Plugins\Compiled\poe-plugin-willplug/config/FlaskBuffDetails.json file. This plugin will exit.
2022-12-22 22:10:06.800 +01:00 [ERR] IconsBuilder -> System.NullReferenceException: Object reference not set to an instance of an object.
   at ExileCore.Shared.Abstract.BaseIcon..ctor(Entity entity, ISettings settings)
   at IconsBuilder.NpcIcon..ctor(Entity entity, GameController gameController, IconsBuilderSettings settings)
   at IconsBuilder.IconsBuilder.EntityAddedLogic(Entity entity)
   at IconsBuilder.IconsBuilder.TickLogic()
2022-12-22 22:10:06.803 +01:00 [ERR] IconsBuilder -> System.NullReferenceException: Object reference not set to an instance of an object.
   at ExileCore.Shared.Abstract.BaseIcon..ctor(Entity entity, ISettings settings)
   at IconsBuilder.MiscIcon..ctor(Entity entity, GameController gameController, IconsBuilderSettings settings)
   at IconsBuilder.IconsBuilder.EntityAddedLogic(Entity entity)
   at IconsBuilder.IconsBuilder.TickLogic()
2022-12-22 22:10:09.271 +01:00 [ERR] BaseTreeRoutinePlugin: Cannot find C:\William\GIT\poe_api_tehcheat\PoEHelper\Plugins\Compiled\poe-plugin-willplug/config/flaskinfo.json file. This plugin will exit.
2022-12-22 22:10:09.271 +01:00 [ERR] BaseTreeRoutinePlugin: Cannot find C:\William\GIT\poe_api_tehcheat\PoEHelper\Plugins\Compiled\poe-plugin-willplug/config/debuffPanel.json file. This plugin will exit.
2022-12-22 22:10:09.271 +01:00 [ERR] BaseTreeRoutinePlugin: Cannot find C:\William\GIT\poe_api_tehcheat\PoEHelper\Plugins\Compiled\poe-plugin-willplug/config/FlaskBuffDetails.json file. This plugin will exit.
2022-12-22 22:15:29.925 +01:00 [ERR] Something wrong we parse 224 when expect 74
2022-12-22 22:19:46.229 +01:00 [ERR] MinimapIcons, PerfomanceRender -> System.NullReferenceException: Object reference not set to an instance of an object.
   at IconsBuilder.LegionIcon.<>c__DisplayClass2_0.<Update>b__1()
   at MinimapIcons.MinimapIcons.Render()
   at ExileCore.Shared.PluginWrapper.PerfomanceRender()
2022-12-22 22:20:01.779 +01:00 [ERR] Stats over capped: First: 23 - Last: 2500000919 - Size (bytes): 158913792246 Total Stats: 19864224030
2022-12-22 22:20:01.779 +01:00 [ERR] Stats over capped: First: 23 - Last: 2500000919 - Size (bytes): 158913792246 Total Stats: 19864224030
2022-12-22 22:20:06.702 +01:00 [ERR] MinimapIcons, PerfomanceRender -> System.NullReferenceException: Object reference not set to an instance of an object.
   at IconsBuilder.LegionIcon.<>c__DisplayClass2_0.<Update>b__1()
   at MinimapIcons.MinimapIcons.Render()
   at ExileCore.Shared.PluginWrapper.PerfomanceRender()
2022-12-22 22:27:44.292 +01:00 [ERR] Something wrong we parse 116 when expect 40
2022-12-22 22:39:11.064 +01:00 [ERR] Something wrong we parse 134 when expect 53
2022-12-22 22:41:57.010 +01:00 [ERR] Stats over capped: First: 65007300720075 - Last: 6E006F00200073 - Size (bytes): 2533257605152766 Total Stats: 316657200644095
2022-12-22 22:45:11.979 +01:00 [ERR] Something wrong we parse 145 when expect 52
2022-12-22 22:47:24.046 +01:00 [ERR] Stats over capped: First: 15A00ACE890 - Last: 15B05A86728 - Size (bytes): 4378558104 Total Stats: 547319763
2022-12-22 22:49:38.129 +01:00 [ERR] Something wrong we parse 62 when expect 28
2022-12-22 22:50:31.611 +01:00 [ERR] Something wrong we parse 54 when expect 16
2022-12-22 22:51:08.419 +01:00 [ERR] Something wrong we parse 69 when expect 23
