2022-12-23 12:21:50.663 +01:00 [INF] =============== Start hud at 23.12.2022 12:21:50 ===============
2022-12-23 12:21:50.778 +01:00 [INF] PerfTimer =-> Create new offsets (81,6712 ms) Thread #[1]
2022-12-23 12:21:51.790 +01:00 [INF] PerfTimer =-> Load manual fonts (0,0731 ms) Thread #[1]
2022-12-23 12:21:51.791 +01:00 [INF] PerfTimer =-> DX11 Load (1,3443 ms) Thread #[1]
2022-12-23 12:21:52.682 +01:00 [INF] PerfTimer =-> Load files from memory (70,4037 ms) Thread #[1]
2022-12-23 12:21:54.690 +01:00 [INF] PerfTimer =-> Preload stats and mods (2007,2497 ms) Thread #[21]
2022-12-23 12:21:55.596 +01:00 [INF] PerfTimer =-> Plugin loader (2869,7748 ms) Thread #[1]
2022-12-23 12:21:55.760 +01:00 [INF] Pattern: Game State -> : Time: 12,7308 ms. Offset:[1167827] Started searching offset with:0
2022-12-23 12:21:55.760 +01:00 [INF] Pattern: Area change -> : Time: 19,392 ms. Offset:[9290651] Started searching offset with:6881280
2022-12-23 12:21:55.760 +01:00 [INF] Pattern: BlackBarSize -> : Time: 28,961 ms. Offset:[3061397] Started searching offset with:0
2022-12-23 12:21:55.760 +01:00 [INF] Pattern: File Root -> : Time: 34,6805 ms. Offset:[23261817] Started searching offset with:19726336
2022-12-23 12:21:55.760 +01:00 [INF] Pattern: DiagnosticInfoType -> : Time: 102,8334 ms. Offset:[13223375] Started searching offset with:600000
2022-12-23 12:21:55.760 +01:00 [INF] AdvancedTooltip loaded in 86,0272 ms.
2022-12-23 12:21:55.760 +01:00 [INF] AdvancedUberLabLayout loaded in 55,9717 ms.
2022-12-23 12:21:55.760 +01:00 [INF] AutoOpen loaded in 51,0603 ms.
2022-12-23 12:21:55.760 +01:00 [INF] AutoQuit loaded in 35,9806 ms.
2022-12-23 12:21:55.760 +01:00 [INF] TreeRoutine.Routine.BuildYourOwnRoutine loaded in 79,3187 ms.
2022-12-23 12:21:55.760 +01:00 [INF] TreeRoutine.Routine.BasicFlaskRoutine loaded in 79,3187 ms.
2022-12-23 12:21:55.760 +01:00 [INF] BuffUtil loaded in 76,5456 ms.
2022-12-23 12:21:55.760 +01:00 [INF] DelveWalls loaded in 40,0499 ms.
2022-12-23 12:21:55.760 +01:00 [INF] DevTree loaded in 84,6513 ms.
2022-12-23 12:21:55.760 +01:00 [INF] DPSMeter loaded in 40,0696 ms.
2022-12-23 12:21:55.760 +01:00 [INF] EliteBar loaded in 53,7487 ms.
2022-12-23 12:21:55.760 +01:00 [INF] FullRareSetManager loaded in 98,5545 ms.
2022-12-23 12:21:55.760 +01:00 [INF] HealthBars loaded in 81,9044 ms.
2022-12-23 12:21:55.760 +01:00 [INF] HeistIcons.Main loaded in 79,1078 ms.
2022-12-23 12:21:55.760 +01:00 [INF] HighlightedItems loaded in 49,8913 ms.
2022-12-23 12:21:55.760 +01:00 [INF] IconsBuilder loaded in 102,6378 ms.
2022-12-23 12:21:55.760 +01:00 [INF] KillCounter loaded in 46,1859 ms.
2022-12-23 12:21:55.760 +01:00 [INF] MapsExchange loaded in 75,0922 ms.
2022-12-23 12:21:55.760 +01:00 [INF] MineDetonator loaded in 34,1431 ms.
2022-12-23 12:21:55.760 +01:00 [INF] MinimapIcons loaded in 121,1753 ms.
2022-12-23 12:21:55.760 +01:00 [INF] MiscInformation loaded in 56,8382 ms.
2022-12-23 12:21:55.760 +01:00 [INF] PassiveSkillTreePlanter loaded in 47,6343 ms.
2022-12-23 12:21:55.760 +01:00 [INF] Pickit loaded in 142,9733 ms.
2022-12-23 12:21:55.760 +01:00 [INF] Willplug loaded in 60,9184 ms.
2022-12-23 12:21:55.760 +01:00 [INF] PreloadAlert loaded in 141,421 ms.
2022-12-23 12:21:55.760 +01:00 [INF] Radar loaded in 101,4498 ms.
2022-12-23 12:21:55.760 +01:00 [INF] Skill_DPS.Core loaded in 44,0037 ms.
2022-12-23 12:21:55.760 +01:00 [INF] Stashie loaded in 88,0514 ms.
2022-12-23 12:21:55.830 +01:00 [INF] XPBar loaded in 32,2251 ms.
2022-12-23 12:21:55.830 +01:00 [INF] MiscInformation -> Initialise time: 1,3677 ms.
2022-12-23 12:21:55.830 +01:00 [INF] PreloadAlert -> Initialise time: 0,5015 ms.
2022-12-23 12:21:55.830 +01:00 [INF] HealthBars -> Initialise time: 5,8215 ms.
2022-12-23 12:21:55.830 +01:00 [INF] MinimapIcons -> Initialise time: 0,0133 ms.
2022-12-23 12:21:55.830 +01:00 [INF] HighlightedItems -> Initialise time: 4,4774 ms.
2022-12-23 12:21:55.830 +01:00 [INF] IconsBuilder -> Initialise time: 6,0993 ms.
2022-12-23 12:21:55.830 +01:00 [INF] Radar -> Initialise time: 0,0032 ms.
2022-12-23 12:21:55.924 +01:00 [INF] BasicFlaskRoutine -> Initialise time: 107,8081 ms.
2022-12-23 12:21:55.954 +01:00 [INF] Willplug -> Initialise time: 35,957 ms.
2022-12-23 12:21:56.257 +01:00 [INF] Pattern: Terrain Rotation Selector -> : Time: 214,7541 ms. Offset:[19872765] Started searching offset with:0
2022-12-23 12:21:56.398 +01:00 [INF] Pattern: Terrain Rotator Helper -> : Time: 97,7456 ms. Offset:[9781702] Started searching offset with:0
2022-12-23 12:21:57.687 +01:00 [INF] GetAllFiles loaded in 67ms
2022-12-23 12:22:00.621 +01:00 [INF] Resize from: {X=0,Y=0,Width=1920,Height=1032} to {X=0,Y=0,Width=1920,Height=1080}
2022-12-23 12:22:02.607 +01:00 [INF] HUD loaded in 5186,4733 ms.
2022-12-23 12:22:04.174 +01:00 [INF] PassiveSkillTree: Can't decode url from file: <TEST>
2022-12-23 12:28:19.372 +01:00 [INF] Chest debug -> CType:Strongbox Path: Metadata/Chests/StrongBoxes/Strongbox #		Text: Strongbox #		Render Name: Strongbox
2022-12-23 12:28:19.384 +01:00 [INF] Stat: ChestDelayDropsUntilDaemonsFinish = 1
2022-12-23 12:28:19.384 +01:00 [INF] Stat: ChestPlayWarningSound = 1
2022-12-23 12:30:00.896 +01:00 [INF] Chest debug -> CType:Breach Path: Metadata/Chests/Breach/BreachChest5 #		Text: Breach chest #		Render Name: <rgb(166,90,255)>{Clasped Hand}
2022-12-23 12:46:54.521 +01:00 [INF] =============== Close hud at 23.12.2022 12:46:54 ===============
2022-12-23 19:21:54.048 +01:00 [INF] =============== Start hud at 23.12.2022 19:21:54 ===============
2022-12-23 19:21:54.081 +01:00 [INF] PerfTimer =-> Create new offsets (3,2388 ms) Thread #[1]
2022-12-23 19:21:54.368 +01:00 [INF] PerfTimer =-> Load manual fonts (0,056 ms) Thread #[1]
2022-12-23 19:21:54.368 +01:00 [INF] PerfTimer =-> DX11 Load (0,7971 ms) Thread #[1]
2022-12-23 19:21:55.002 +01:00 [INF] PerfTimer =-> Load files from memory (67,308 ms) Thread #[1]
2022-12-23 19:21:56.474 +01:00 [INF] PerfTimer =-> Plugin loader (1441,4123 ms) Thread #[1]
2022-12-23 19:21:56.565 +01:00 [INF] Pattern: Game State -> : Time: 11,0861 ms. Offset:[1167827] Started searching offset with:0
2022-12-23 19:21:56.565 +01:00 [INF] Pattern: Area change -> : Time: 26,3812 ms. Offset:[9290651] Started searching offset with:6881280
2022-12-23 19:21:56.565 +01:00 [INF] Pattern: File Root -> : Time: 31,7325 ms. Offset:[23261817] Started searching offset with:19726336
2022-12-23 19:21:56.565 +01:00 [INF] Pattern: BlackBarSize -> : Time: 36,1631 ms. Offset:[3061397] Started searching offset with:0
2022-12-23 19:21:56.566 +01:00 [INF] Pattern: DiagnosticInfoType -> : Time: 106,1992 ms. Offset:[13223375] Started searching offset with:600000
2022-12-23 19:21:56.566 +01:00 [INF] AdvancedTooltip loaded in 46,9951 ms.
2022-12-23 19:21:56.566 +01:00 [INF] AdvancedUberLabLayout loaded in 7,9591 ms.
2022-12-23 19:21:56.566 +01:00 [INF] AutoOpen loaded in 6,7842 ms.
2022-12-23 19:21:56.566 +01:00 [INF] AutoQuit loaded in 4,2986 ms.
2022-12-23 19:21:56.566 +01:00 [INF] TreeRoutine.Routine.BuildYourOwnRoutine loaded in 19,9559 ms.
2022-12-23 19:21:56.566 +01:00 [INF] TreeRoutine.Routine.BasicFlaskRoutine loaded in 19,9559 ms.
2022-12-23 19:21:56.566 +01:00 [INF] BuffUtil loaded in 18,0784 ms.
2022-12-23 19:21:56.566 +01:00 [INF] DelveWalls loaded in 7,2449 ms.
2022-12-23 19:21:56.566 +01:00 [INF] DevTree loaded in 11,4947 ms.
2022-12-23 19:21:56.566 +01:00 [INF] DPSMeter loaded in 29,4702 ms.
2022-12-23 19:21:56.566 +01:00 [INF] EliteBar loaded in 16,5685 ms.
2022-12-23 19:21:56.566 +01:00 [INF] FullRareSetManager loaded in 13,6068 ms.
2022-12-23 19:21:56.566 +01:00 [INF] HealthBars loaded in 34,2042 ms.
2022-12-23 19:21:56.566 +01:00 [INF] HeistIcons.Main loaded in 6,5807 ms.
2022-12-23 19:21:56.566 +01:00 [INF] HighlightedItems loaded in 14,8121 ms.
2022-12-23 19:21:56.566 +01:00 [INF] IconsBuilder loaded in 26,9122 ms.
2022-12-23 19:21:56.566 +01:00 [INF] KillCounter loaded in 13,4667 ms.
2022-12-23 19:21:56.566 +01:00 [INF] MapsExchange loaded in 21,9501 ms.
2022-12-23 19:21:56.566 +01:00 [INF] MineDetonator loaded in 5,3611 ms.
2022-12-23 19:21:56.566 +01:00 [INF] MinimapIcons loaded in 128,3109 ms.
2022-12-23 19:21:56.566 +01:00 [INF] MiscInformation loaded in 12,6914 ms.
2022-12-23 19:21:56.566 +01:00 [INF] PassiveSkillTreePlanter loaded in 11,5223 ms.
2022-12-23 19:21:56.671 +01:00 [INF] Pickit loaded in 43,2268 ms.
2022-12-23 19:21:56.671 +01:00 [INF] Willplug loaded in 6,8962 ms.
2022-12-23 19:21:56.671 +01:00 [INF] PreloadAlert loaded in 66,4953 ms.
2022-12-23 19:21:56.700 +01:00 [INF] Radar loaded in 29,3375 ms.
2022-12-23 19:21:56.700 +01:00 [INF] Skill_DPS.Core loaded in 5,334 ms.
2022-12-23 19:21:56.713 +01:00 [INF] Stashie loaded in 11,8034 ms.
2022-12-23 19:21:56.723 +01:00 [INF] XPBar loaded in 16,3258 ms.
2022-12-23 19:21:56.723 +01:00 [INF] MiscInformation -> Initialise time: 1,0172 ms.
2022-12-23 19:21:56.723 +01:00 [INF] PreloadAlert -> Initialise time: 0,5573 ms.
2022-12-23 19:21:56.723 +01:00 [INF] HealthBars -> Initialise time: 1,1064 ms.
2022-12-23 19:21:56.723 +01:00 [INF] MinimapIcons -> Initialise time: 0,0125 ms.
2022-12-23 19:21:56.734 +01:00 [INF] HighlightedItems -> Initialise time: 3,3978 ms.
2022-12-23 19:21:56.734 +01:00 [INF] IconsBuilder -> Initialise time: 1,6333 ms.
2022-12-23 19:21:56.734 +01:00 [INF] Radar -> Initialise time: 0,0012 ms.
2022-12-23 19:21:56.770 +01:00 [INF] BasicFlaskRoutine -> Initialise time: 36,2764 ms.
2022-12-23 19:21:56.770 +01:00 [INF] Willplug -> Initialise time: 6,4157 ms.
2022-12-23 19:21:57.105 +01:00 [INF] PerfTimer =-> Preload stats and mods (2102,0546 ms) Thread #[27]
2022-12-23 19:21:57.137 +01:00 [INF] Pattern: Terrain Rotation Selector -> : Time: 239,5655 ms. Offset:[19872765] Started searching offset with:0
2022-12-23 19:21:57.318 +01:00 [INF] Pattern: Terrain Rotator Helper -> : Time: 129,1031 ms. Offset:[9781702] Started searching offset with:0
2022-12-23 19:22:00.006 +01:00 [INF] GetAllFiles loaded in 65ms
2022-12-23 19:22:01.503 +01:00 [INF] Resize from: {X=0,Y=0,Width=1920,Height=1032} to {X=0,Y=0,Width=1920,Height=1080}
2022-12-23 19:22:04.106 +01:00 [INF] HUD loaded in 2508,5239 ms.
2022-12-23 19:22:05.539 +01:00 [INF] PassiveSkillTree: Can't decode url from file: <TEST>
2022-12-23 19:24:21.164 +01:00 [INF] =============== Close hud at 23.12.2022 19:24:21 ===============
2022-12-23 19:24:22.495 +01:00 [INF] =============== Start hud at 23.12.2022 19:24:22 ===============
2022-12-23 19:24:22.525 +01:00 [INF] PerfTimer =-> Create new offsets (3,4724 ms) Thread #[1]
2022-12-23 19:24:22.790 +01:00 [INF] PerfTimer =-> Load manual fonts (0,0594 ms) Thread #[1]
2022-12-23 19:24:22.790 +01:00 [INF] PerfTimer =-> DX11 Load (0,8006 ms) Thread #[1]
2022-12-23 19:24:23.203 +01:00 [INF] PerfTimer =-> Load files from memory (46,3543 ms) Thread #[1]
2022-12-23 19:24:24.831 +01:00 [INF] PerfTimer =-> Plugin loader (1592,571 ms) Thread #[1]
2022-12-23 19:24:24.918 +01:00 [INF] Pattern: Game State -> : Time: 10,5752 ms. Offset:[1167827] Started searching offset with:0
2022-12-23 19:24:24.918 +01:00 [INF] Pattern: Area change -> : Time: 22,0848 ms. Offset:[9290651] Started searching offset with:6881280
2022-12-23 19:24:24.918 +01:00 [INF] Pattern: BlackBarSize -> : Time: 29,1298 ms. Offset:[3061397] Started searching offset with:0
2022-12-23 19:24:24.918 +01:00 [INF] Pattern: File Root -> : Time: 31,4824 ms. Offset:[23261817] Started searching offset with:19726336
2022-12-23 19:24:24.918 +01:00 [INF] Pattern: DiagnosticInfoType -> : Time: 90,9385 ms. Offset:[13223375] Started searching offset with:600000
2022-12-23 19:24:24.918 +01:00 [INF] AdvancedTooltip loaded in 20,7753 ms.
2022-12-23 19:24:24.918 +01:00 [INF] AdvancedUberLabLayout loaded in 7,6174 ms.
2022-12-23 19:24:24.918 +01:00 [INF] AutoOpen loaded in 11,3736 ms.
2022-12-23 19:24:24.918 +01:00 [INF] AutoQuit loaded in 3,4932 ms.
2022-12-23 19:24:24.918 +01:00 [INF] TreeRoutine.Routine.BuildYourOwnRoutine loaded in 14,8226 ms.
2022-12-23 19:24:24.918 +01:00 [INF] TreeRoutine.Routine.BasicFlaskRoutine loaded in 14,8226 ms.
2022-12-23 19:24:24.918 +01:00 [INF] BuffUtil loaded in 25,2594 ms.
2022-12-23 19:24:24.918 +01:00 [INF] DelveWalls loaded in 4,5061 ms.
2022-12-23 19:24:24.918 +01:00 [INF] DevTree loaded in 5,1346 ms.
2022-12-23 19:24:24.918 +01:00 [INF] DPSMeter loaded in 6,0226 ms.
2022-12-23 19:24:24.918 +01:00 [INF] EliteBar loaded in 25,0491 ms.
2022-12-23 19:24:24.918 +01:00 [INF] FullRareSetManager loaded in 11,0274 ms.
2022-12-23 19:24:24.918 +01:00 [INF] HealthBars loaded in 27,502 ms.
2022-12-23 19:24:24.918 +01:00 [INF] HeistIcons.Main loaded in 5,295 ms.
2022-12-23 19:24:24.918 +01:00 [INF] HighlightedItems loaded in 7,116 ms.
2022-12-23 19:24:24.918 +01:00 [INF] IconsBuilder loaded in 15,1577 ms.
2022-12-23 19:24:24.918 +01:00 [INF] KillCounter loaded in 5,667 ms.
2022-12-23 19:24:24.918 +01:00 [INF] MapsExchange loaded in 22,3629 ms.
2022-12-23 19:24:24.918 +01:00 [INF] MineDetonator loaded in 4,8745 ms.
2022-12-23 19:24:24.918 +01:00 [INF] MinimapIcons loaded in 64,416 ms.
2022-12-23 19:24:24.918 +01:00 [INF] MiscInformation loaded in 7,8119 ms.
2022-12-23 19:24:24.918 +01:00 [INF] PassiveSkillTreePlanter loaded in 12,5291 ms.
2022-12-23 19:24:24.918 +01:00 [INF] Pickit loaded in 28,2455 ms.
2022-12-23 19:24:24.918 +01:00 [INF] Willplug loaded in 31,67 ms.
2022-12-23 19:24:24.918 +01:00 [INF] PreloadAlert loaded in 47,3733 ms.
2022-12-23 19:24:24.918 +01:00 [INF] Radar loaded in 21,1891 ms.
2022-12-23 19:24:24.918 +01:00 [INF] Skill_DPS.Core loaded in 4,9981 ms.
2022-12-23 19:24:24.918 +01:00 [INF] Stashie loaded in 8,2753 ms.
2022-12-23 19:24:24.918 +01:00 [INF] XPBar loaded in 2,776 ms.
2022-12-23 19:24:24.918 +01:00 [INF] MiscInformation -> Initialise time: 0,9862 ms.
2022-12-23 19:24:24.918 +01:00 [INF] PreloadAlert -> Initialise time: 0,5219 ms.
2022-12-23 19:24:24.918 +01:00 [INF] HealthBars -> Initialise time: 0,8951 ms.
2022-12-23 19:24:24.918 +01:00 [INF] MinimapIcons -> Initialise time: 0,0084 ms.
2022-12-23 19:24:24.918 +01:00 [INF] HighlightedItems -> Initialise time: 2,2739 ms.
2022-12-23 19:24:24.918 +01:00 [INF] IconsBuilder -> Initialise time: 1,2632 ms.
2022-12-23 19:24:24.918 +01:00 [INF] Radar -> Initialise time: 0,0019 ms.
2022-12-23 19:24:24.918 +01:00 [INF] BasicFlaskRoutine -> Initialise time: 19,7503 ms.
2022-12-23 19:24:25.053 +01:00 [INF] Pattern: Terrain Rotation Selector -> : Time: 219,9361 ms. Offset:[19872765] Started searching offset with:0
2022-12-23 19:24:25.194 +01:00 [INF] Pattern: Terrain Rotator Helper -> : Time: 100,5151 ms. Offset:[9781702] Started searching offset with:0
2022-12-23 19:24:25.200 +01:00 [INF] PerfTimer =-> Preload stats and mods (1996,5095 ms) Thread #[23]
2022-12-23 19:24:28.202 +01:00 [INF] GetAllFiles loaded in 44ms
2022-12-23 19:24:29.842 +01:00 [INF] Resize from: {X=0,Y=0,Width=1920,Height=1032} to {X=0,Y=0,Width=1920,Height=1080}
2022-12-23 19:24:31.840 +01:00 [INF] HUD loaded in 2399,9147 ms.
2022-12-23 19:24:33.584 +01:00 [INF] PassiveSkillTree: Can't decode url from file: <TEST>
2022-12-23 19:34:47.151 +01:00 [INF] =============== Close hud at 23.12.2022 19:34:47 ===============
2022-12-23 20:48:41.805 +01:00 [INF] =============== Start hud at 23.12.2022 20:48:41 ===============
2022-12-23 20:48:41.835 +01:00 [INF] PerfTimer =-> Create new offsets (3,648 ms) Thread #[1]
2022-12-23 20:48:42.127 +01:00 [INF] PerfTimer =-> Load manual fonts (0,0547 ms) Thread #[1]
2022-12-23 20:48:42.127 +01:00 [INF] PerfTimer =-> DX11 Load (0,7798 ms) Thread #[1]
2022-12-23 20:48:42.555 +01:00 [INF] PerfTimer =-> Load files from memory (53,5201 ms) Thread #[1]
2022-12-23 20:48:43.768 +01:00 [INF] PerfTimer =-> Plugin loader (1185,4256 ms) Thread #[1]
2022-12-23 20:48:43.872 +01:00 [INF] Pattern: Game State -> : Time: 15,2615 ms. Offset:[1167827] Started searching offset with:0
2022-12-23 20:48:43.872 +01:00 [INF] Pattern: Area change -> : Time: 23,3025 ms. Offset:[9290651] Started searching offset with:6881280
2022-12-23 20:48:43.872 +01:00 [INF] Pattern: BlackBarSize -> : Time: 34,4993 ms. Offset:[3061397] Started searching offset with:0
2022-12-23 20:48:43.872 +01:00 [INF] Pattern: File Root -> : Time: 34,8576 ms. Offset:[23261817] Started searching offset with:19726336
2022-12-23 20:48:43.872 +01:00 [INF] Pattern: DiagnosticInfoType -> : Time: 95,0308 ms. Offset:[13223375] Started searching offset with:600000
2022-12-23 20:48:43.872 +01:00 [INF] AdvancedTooltip loaded in 27,6342 ms.
2022-12-23 20:48:43.872 +01:00 [INF] AdvancedUberLabLayout loaded in 7,0646 ms.
2022-12-23 20:48:43.872 +01:00 [INF] AutoOpen loaded in 5,5044 ms.
2022-12-23 20:48:43.872 +01:00 [INF] AutoQuit loaded in 3,7434 ms.
2022-12-23 20:48:43.872 +01:00 [INF] TreeRoutine.Routine.BuildYourOwnRoutine loaded in 21,1903 ms.
2022-12-23 20:48:43.872 +01:00 [INF] TreeRoutine.Routine.BasicFlaskRoutine loaded in 21,1903 ms.
2022-12-23 20:48:43.872 +01:00 [INF] BuffUtil loaded in 15,7976 ms.
2022-12-23 20:48:43.872 +01:00 [INF] DelveWalls loaded in 7,6783 ms.
2022-12-23 20:48:43.872 +01:00 [INF] DevTree loaded in 21,4332 ms.
2022-12-23 20:48:43.872 +01:00 [INF] DPSMeter loaded in 5,7065 ms.
2022-12-23 20:48:43.872 +01:00 [INF] EliteBar loaded in 16,5367 ms.
2022-12-23 20:48:43.872 +01:00 [INF] FullRareSetManager loaded in 10,7545 ms.
2022-12-23 20:48:43.872 +01:00 [INF] HealthBars loaded in 28,6153 ms.
2022-12-23 20:48:43.872 +01:00 [INF] HeistIcons.Main loaded in 7,6333 ms.
2022-12-23 20:48:43.872 +01:00 [INF] HighlightedItems loaded in 10,8966 ms.
2022-12-23 20:48:43.872 +01:00 [INF] IconsBuilder loaded in 23,6264 ms.
2022-12-23 20:48:43.872 +01:00 [INF] KillCounter loaded in 6,6957 ms.
2022-12-23 20:48:43.872 +01:00 [INF] MapsExchange loaded in 17,2251 ms.
2022-12-23 20:48:43.872 +01:00 [INF] MineDetonator loaded in 4,6926 ms.
2022-12-23 20:48:43.934 +01:00 [INF] MinimapIcons loaded in 63,0788 ms.
2022-12-23 20:48:43.934 +01:00 [INF] MiscInformation loaded in 8,6344 ms.
2022-12-23 20:48:43.949 +01:00 [INF] PassiveSkillTreePlanter loaded in 9,6175 ms.
2022-12-23 20:48:43.977 +01:00 [INF] Pickit loaded in 35,5445 ms.
2022-12-23 20:48:43.986 +01:00 [INF] Willplug loaded in 5,5734 ms.
2022-12-23 20:48:44.049 +01:00 [INF] PreloadAlert loaded in 54,3258 ms.
2022-12-23 20:48:44.059 +01:00 [INF] Radar loaded in 19,7493 ms.
2022-12-23 20:48:44.063 +01:00 [INF] Skill_DPS.Core loaded in 4,5716 ms.
2022-12-23 20:48:44.078 +01:00 [INF] Stashie loaded in 15,2632 ms.
2022-12-23 20:48:44.087 +01:00 [INF] XPBar loaded in 6,8776 ms.
2022-12-23 20:48:44.087 +01:00 [INF] MiscInformation -> Initialise time: 0,9585 ms.
2022-12-23 20:48:44.087 +01:00 [INF] PreloadAlert -> Initialise time: 0,4926 ms.
2022-12-23 20:48:44.087 +01:00 [INF] HealthBars -> Initialise time: 0,8539 ms.
2022-12-23 20:48:44.087 +01:00 [INF] MinimapIcons -> Initialise time: 0,0074 ms.
2022-12-23 20:48:44.092 +01:00 [INF] PerfTimer =-> Preload stats and mods (1536,93 ms) Thread #[20]
2022-12-23 20:48:44.097 +01:00 [INF] HighlightedItems -> Initialise time: 2,2491 ms.
2022-12-23 20:48:44.097 +01:00 [INF] IconsBuilder -> Initialise time: 1,3306 ms.
2022-12-23 20:48:44.097 +01:00 [INF] Radar -> Initialise time: 0,0015 ms.
2022-12-23 20:48:44.135 +01:00 [INF] BasicFlaskRoutine -> Initialise time: 44,2957 ms.
2022-12-23 20:48:44.428 +01:00 [INF] Pattern: Terrain Rotation Selector -> : Time: 224,6766 ms. Offset:[19872765] Started searching offset with:0
2022-12-23 20:48:44.585 +01:00 [INF] Pattern: Terrain Rotator Helper -> : Time: 127,0086 ms. Offset:[9781702] Started searching offset with:0
2022-12-23 20:48:46.697 +01:00 [INF] PerfTimer =-> Load files from memory (76,0204 ms) Thread #[8]
2022-12-23 20:48:47.133 +01:00 [INF] PerfTimer =-> Preload stats and mods (435,3606 ms) Thread #[19]
2022-12-23 20:48:47.557 +01:00 [INF] GetAllFiles loaded in 51ms
2022-12-23 20:48:48.794 +01:00 [INF] Resize from: {X=0,Y=0,Width=1920,Height=1032} to {X=0,Y=0,Width=1920,Height=1080}
2022-12-23 20:48:50.777 +01:00 [INF] HUD loaded in 2034,2925 ms.
2022-12-23 20:48:52.433 +01:00 [INF] GetAllFiles loaded in 75ms
2022-12-23 20:48:52.944 +01:00 [INF] PassiveSkillTree: Can't decode url from file: <TEST>
2022-12-23 20:51:18.944 +01:00 [INF] Chest debug -> CType:Strongbox Path: Metadata/Chests/StrongBoxes/Strongbox #		Text: Strongbox #		Render Name: Strongbox
2022-12-23 20:51:18.950 +01:00 [INF] Stat: ChestDelayDropsUntilDaemonsFinish = 1
2022-12-23 20:58:08.749 +01:00 [INF] Chest debug -> CType:Strongbox Path: Metadata/Chests/StrongBoxes/Strongbox #		Text: Strongbox #		Render Name: Strongbox
2022-12-23 20:58:08.754 +01:00 [INF] Stat: ChestDelayDropsUntilDaemonsFinish = 1
2022-12-23 20:58:45.527 +01:00 [INF] Chest debug -> CType:Strongbox Path: Metadata/Chests/StrongBoxes/Strongbox #		Text: Strongbox #		Render Name: Strongbox
2022-12-23 20:58:45.531 +01:00 [INF] Stat: ChestDelayDropsUntilDaemonsFinish = 1
2022-12-23 21:03:13.498 +01:00 [INF] Chest debug -> CType:Strongbox Path: Metadata/Chests/StrongBoxes/Strongbox #		Text: Strongbox #		Render Name: Strongbox
2022-12-23 21:03:13.520 +01:00 [INF] Stat: ChestDelayDropsUntilDaemonsFinish = 1
2022-12-23 21:06:44.121 +01:00 [INF] =============== Close hud at 23.12.2022 21:06:44 ===============
2022-12-23 21:48:02.112 +01:00 [INF] =============== Start hud at 23.12.2022 21:48:02 ===============
2022-12-23 21:48:02.143 +01:00 [INF] PerfTimer =-> Create new offsets (3,3191 ms) Thread #[1]
2022-12-23 21:48:02.401 +01:00 [INF] PerfTimer =-> Load manual fonts (0,0563 ms) Thread #[1]
2022-12-23 21:48:02.401 +01:00 [INF] PerfTimer =-> DX11 Load (0,8009 ms) Thread #[1]
2022-12-23 21:48:02.794 +01:00 [INF] PerfTimer =-> Load files from memory (49,4846 ms) Thread #[1]
2022-12-23 21:48:04.825 +01:00 [INF] PerfTimer =-> Plugin loader (1989,9648 ms) Thread #[1]
2022-12-23 21:48:04.888 +01:00 [INF] PerfTimer =-> Preload stats and mods (2093,3508 ms) Thread #[22]
2022-12-23 21:48:04.936 +01:00 [INF] Pattern: Area change -> : Time: 17,2569 ms. Offset:[9290651] Started searching offset with:6881280
2022-12-23 21:48:04.936 +01:00 [INF] Pattern: Game State -> : Time: 9,5685 ms. Offset:[1167827] Started searching offset with:0
2022-12-23 21:48:04.936 +01:00 [INF] Pattern: BlackBarSize -> : Time: 26,5027 ms. Offset:[3061397] Started searching offset with:0
2022-12-23 21:48:04.936 +01:00 [INF] Pattern: File Root -> : Time: 27,5651 ms. Offset:[23261817] Started searching offset with:19726336
2022-12-23 21:48:04.936 +01:00 [INF] Pattern: DiagnosticInfoType -> : Time: 90,2968 ms. Offset:[13223375] Started searching offset with:600000
2022-12-23 21:48:04.936 +01:00 [INF] AdvancedTooltip loaded in 32,7198 ms.
2022-12-23 21:48:04.936 +01:00 [INF] AdvancedUberLabLayout loaded in 8,4584 ms.
2022-12-23 21:48:04.937 +01:00 [INF] AutoOpen loaded in 6,0642 ms.
2022-12-23 21:48:04.937 +01:00 [INF] AutoQuit loaded in 4,4396 ms.
2022-12-23 21:48:04.937 +01:00 [INF] TreeRoutine.Routine.BuildYourOwnRoutine loaded in 24,5757 ms.
2022-12-23 21:48:04.937 +01:00 [INF] TreeRoutine.Routine.BasicFlaskRoutine loaded in 24,5757 ms.
2022-12-23 21:48:04.937 +01:00 [INF] BuffUtil loaded in 36,2685 ms.
2022-12-23 21:48:04.937 +01:00 [INF] DelveWalls loaded in 5,8794 ms.
2022-12-23 21:48:04.937 +01:00 [INF] DevTree loaded in 5,762 ms.
2022-12-23 21:48:04.937 +01:00 [INF] DPSMeter loaded in 5,8018 ms.
2022-12-23 21:48:04.937 +01:00 [INF] EliteBar loaded in 16,9156 ms.
2022-12-23 21:48:04.937 +01:00 [INF] FullRareSetManager loaded in 12,0272 ms.
2022-12-23 21:48:04.937 +01:00 [INF] HealthBars loaded in 29,8865 ms.
2022-12-23 21:48:04.937 +01:00 [INF] HeistIcons.Main loaded in 5,4914 ms.
2022-12-23 21:48:04.937 +01:00 [INF] HighlightedItems loaded in 7,2554 ms.
2022-12-23 21:48:04.937 +01:00 [INF] IconsBuilder loaded in 21,2646 ms.
2022-12-23 21:48:04.937 +01:00 [INF] KillCounter loaded in 5,9598 ms.
2022-12-23 21:48:04.937 +01:00 [INF] MapsExchange loaded in 14,7651 ms.
2022-12-23 21:48:04.937 +01:00 [INF] MineDetonator loaded in 4,0823 ms.
2022-12-23 21:48:04.937 +01:00 [INF] MinimapIcons loaded in 84,0214 ms.
2022-12-23 21:48:04.937 +01:00 [INF] MiscInformation loaded in 16,5932 ms.
2022-12-23 21:48:04.937 +01:00 [INF] PassiveSkillTreePlanter loaded in 9,6764 ms.
2022-12-23 21:48:04.937 +01:00 [INF] Pickit loaded in 24,7759 ms.
2022-12-23 21:48:04.937 +01:00 [INF] Willplug loaded in 5,432 ms.
2022-12-23 21:48:04.937 +01:00 [INF] PreloadAlert loaded in 48,383 ms.
2022-12-23 21:48:04.937 +01:00 [INF] Radar loaded in 29,703 ms.
2022-12-23 21:48:04.937 +01:00 [INF] Skill_DPS.Core loaded in 4,4507 ms.
2022-12-23 21:48:04.937 +01:00 [INF] Stashie loaded in 8,3039 ms.
2022-12-23 21:48:04.937 +01:00 [INF] XPBar loaded in 2,8941 ms.
2022-12-23 21:48:04.937 +01:00 [INF] MiscInformation -> Initialise time: 0,9601 ms.
2022-12-23 21:48:04.937 +01:00 [INF] PreloadAlert -> Initialise time: 0,669 ms.
2022-12-23 21:48:04.937 +01:00 [INF] HealthBars -> Initialise time: 0,9763 ms.
2022-12-23 21:48:04.937 +01:00 [INF] MinimapIcons -> Initialise time: 0,0141 ms.
2022-12-23 21:48:04.937 +01:00 [INF] HighlightedItems -> Initialise time: 2,3554 ms.
2022-12-23 21:48:04.937 +01:00 [INF] IconsBuilder -> Initialise time: 1,3026 ms.
2022-12-23 21:48:04.937 +01:00 [INF] Radar -> Initialise time: 0,0022 ms.
2022-12-23 21:48:04.937 +01:00 [INF] BasicFlaskRoutine -> Initialise time: 26,0451 ms.
2022-12-23 21:48:04.937 +01:00 [INF] Pattern: Terrain Rotation Selector -> : Time: 216,1635 ms. Offset:[19872765] Started searching offset with:0
2022-12-23 21:48:04.937 +01:00 [INF] Pattern: Terrain Rotator Helper -> : Time: 120,9154 ms. Offset:[9781702] Started searching offset with:0
2022-12-23 21:48:07.800 +01:00 [INF] GetAllFiles loaded in 47ms
2022-12-23 21:48:09.840 +01:00 [INF] Resize from: {X=0,Y=0,Width=1920,Height=1032} to {X=0,Y=0,Width=1920,Height=1080}
2022-12-23 21:48:11.831 +01:00 [INF] HUD loaded in 2780,6153 ms.
2022-12-23 21:48:13.235 +01:00 [INF] PassiveSkillTree: Can't decode url from file: <TEST>
2022-12-23 21:52:19.608 +01:00 [INF] Chest debug -> CType:Strongbox Path: Metadata/Chests/StrongBoxes/Artisan #		Text: Artisan's Strongbox #		Render Name: Artisan's Strongbox
2022-12-23 21:52:19.613 +01:00 [INF] Stat: ChestDelayDropsUntilDaemonsFinish = 1
2022-12-23 21:53:08.363 +01:00 [INF] Chest debug -> CType:Strongbox Path: Metadata/Chests/StrongBoxes/Strongbox #		Text: Strongbox #		Render Name: Strongbox
2022-12-23 21:53:08.370 +01:00 [INF] Stat: ChestDelayDropsUntilDaemonsFinish = 2
2022-12-23 21:53:08.370 +01:00 [INF] Stat: ChestDisplaySummonsSkeletons = 1
2022-12-23 21:54:12.039 +01:00 [INF] Chest debug -> CType:Strongbox Path: Metadata/Chests/StrongBoxes/Strongbox #		Text: Strongbox #		Render Name: Strongbox
2022-12-23 21:54:12.043 +01:00 [INF] Stat: ChestDelayDropsUntilDaemonsFinish = 2
2022-12-23 21:54:12.043 +01:00 [INF] Stat: ChestDisplaySummonsSkeletons = 1
2022-12-23 21:54:12.987 +01:00 [INF] Chest debug -> CType:Strongbox Path: Metadata/Chests/StrongBoxes/Strongbox #		Text: Strongbox #		Render Name: Strongbox
2022-12-23 21:54:12.993 +01:00 [INF] Stat: ChestDelayDropsUntilDaemonsFinish = 2
2022-12-23 21:54:12.993 +01:00 [INF] Stat: ChestDisplaySummonsSkeletons = 1
2022-12-23 21:54:37.597 +01:00 [INF] Chest debug -> CType:Strongbox Path: Metadata/Chests/StrongBoxes/Strongbox #		Text: Strongbox #		Render Name: Strongbox
2022-12-23 21:54:37.602 +01:00 [INF] Stat: ChestDelayDropsUntilDaemonsFinish = 1
2022-12-23 21:54:38.013 +01:00 [INF] Chest debug -> CType:Strongbox Path: Metadata/Chests/StrongBoxes/Strongbox #		Text: Strongbox #		Render Name: Strongbox
2022-12-23 21:54:38.017 +01:00 [INF] Stat: ChestDelayDropsUntilDaemonsFinish = 1
2022-12-23 21:55:20.079 +01:00 [INF] Chest debug -> CType:Strongbox Path: Metadata/Chests/StrongBoxes/Strongbox #		Text: Strongbox #		Render Name: Strongbox
2022-12-23 21:55:20.083 +01:00 [INF] Stat: ChestDelayDropsUntilDaemonsFinish = 1
2022-12-23 21:55:20.143 +01:00 [INF] Chest debug -> CType:Strongbox Path: Metadata/Chests/StrongBoxes/Strongbox #		Text: Strongbox #		Render Name: Strongbox
2022-12-23 21:55:20.148 +01:00 [INF] Stat: ChestDelayDropsUntilDaemonsFinish = 1
2022-12-23 21:55:20.148 +01:00 [INF] Stat: ChestDisplayFreeze = 1
2022-12-23 21:58:04.989 +01:00 [INF] Chest debug -> CType:Strongbox Path: Metadata/Chests/StrongBoxes/Strongbox #		Text: Strongbox #		Render Name: Strongbox
2022-12-23 21:58:04.994 +01:00 [INF] Stat: ChestDelayDropsUntilDaemonsFinish = 2
2022-12-23 21:58:04.994 +01:00 [INF] Stat: ChestPlayWarningSound = 1
2022-12-23 21:58:34.554 +01:00 [INF] Chest debug -> CType:Strongbox Path: Metadata/Chests/StrongBoxes/Arcanist #		Text: Arcanist's Strongbox #		Render Name: Arcanist's Strongbox
2022-12-23 21:58:34.560 +01:00 [INF] Stat: ChestDelayDropsUntilDaemonsFinish = 2
2022-12-23 21:58:34.561 +01:00 [INF] Stat: ChestPlayWarningSound = 1
2022-12-23 21:58:34.561 +01:00 [INF] Stat: ChestDisplaySummonsSkeletons = 1
2022-12-23 21:58:34.561 +01:00 [INF] Stat: ChestDisplayIceNova = 1
2022-12-23 22:10:24.351 +01:00 [INF] Chest debug -> CType:Strongbox Path: Metadata/Chests/StrongBoxes/Strongbox #		Text: Strongbox #		Render Name: Strongbox
2022-12-23 22:10:24.360 +01:00 [INF] Stat: ChestDelayDropsUntilDaemonsFinish = 1
2022-12-23 22:14:38.375 +01:00 [INF] Chest debug -> CType:Strongbox Path: Metadata/Chests/StrongBoxes/Strongbox #		Text: Strongbox #		Render Name: Strongbox
2022-12-23 22:14:38.381 +01:00 [INF] Stat: ChestDelayDropsUntilDaemonsFinish = 2
2022-12-23 22:14:38.381 +01:00 [INF] Stat: NumberOfMonstersToSummon = 3
2022-12-23 22:15:56.065 +01:00 [INF] Chest debug -> CType:Strongbox Path: Metadata/Chests/StrongBoxes/Strongbox #		Text: Strongbox #		Render Name: Strongbox
2022-12-23 22:15:56.071 +01:00 [INF] Stat: ChestDelayDropsUntilDaemonsFinish = 2
2022-12-23 22:18:43.309 +01:00 [INF] Chest debug -> CType:Strongbox Path: Metadata/Chests/StrongBoxes/Strongbox #		Text: Strongbox #		Render Name: Strongbox
2022-12-23 22:18:43.315 +01:00 [INF] Stat: ChestDelayDropsUntilDaemonsFinish = 1
2022-12-23 22:22:40.967 +01:00 [INF] =============== Close hud at 23.12.2022 22:22:40 ===============
2022-12-23 22:22:45.953 +01:00 [INF] =============== Start hud at 23.12.2022 22:22:45 ===============
2022-12-23 22:22:45.984 +01:00 [INF] PerfTimer =-> Create new offsets (3,6069 ms) Thread #[1]
2022-12-23 22:22:46.251 +01:00 [INF] PerfTimer =-> Load manual fonts (0,0571 ms) Thread #[1]
2022-12-23 22:22:46.251 +01:00 [INF] PerfTimer =-> DX11 Load (0,8001 ms) Thread #[1]
2022-12-23 22:22:46.651 +01:00 [INF] PerfTimer =-> Load files from memory (46,2414 ms) Thread #[1]
2022-12-23 22:22:48.046 +01:00 [INF] PerfTimer =-> Plugin loader (1368,6453 ms) Thread #[1]
2022-12-23 22:22:48.125 +01:00 [INF] Pattern: Game State -> : Time: 9,698 ms. Offset:[1167827] Started searching offset with:0
2022-12-23 22:22:48.125 +01:00 [INF] Pattern: Area change -> : Time: 17,5243 ms. Offset:[9290651] Started searching offset with:6881280
2022-12-23 22:22:48.125 +01:00 [INF] Pattern: BlackBarSize -> : Time: 26,0703 ms. Offset:[3061397] Started searching offset with:0
2022-12-23 22:22:48.125 +01:00 [INF] Pattern: File Root -> : Time: 27,8078 ms. Offset:[23261817] Started searching offset with:19726336
2022-12-23 22:22:48.125 +01:00 [INF] Pattern: DiagnosticInfoType -> : Time: 90,2222 ms. Offset:[13223375] Started searching offset with:600000
2022-12-23 22:22:48.125 +01:00 [INF] AdvancedTooltip loaded in 26,0753 ms.
2022-12-23 22:22:48.125 +01:00 [INF] AdvancedUberLabLayout loaded in 6,8028 ms.
2022-12-23 22:22:48.125 +01:00 [INF] AutoOpen loaded in 5,4791 ms.
2022-12-23 22:22:48.125 +01:00 [INF] AutoQuit loaded in 3,2867 ms.
2022-12-23 22:22:48.125 +01:00 [INF] TreeRoutine.Routine.BuildYourOwnRoutine loaded in 13,9812 ms.
2022-12-23 22:22:48.125 +01:00 [INF] TreeRoutine.Routine.BasicFlaskRoutine loaded in 13,9812 ms.
2022-12-23 22:22:48.125 +01:00 [INF] BuffUtil loaded in 14,0212 ms.
2022-12-23 22:22:48.125 +01:00 [INF] DelveWalls loaded in 5,3079 ms.
2022-12-23 22:22:48.126 +01:00 [INF] DevTree loaded in 8,6311 ms.
2022-12-23 22:22:48.126 +01:00 [INF] DPSMeter loaded in 25,6259 ms.
2022-12-23 22:22:48.126 +01:00 [INF] EliteBar loaded in 19,9742 ms.
2022-12-23 22:22:48.126 +01:00 [INF] FullRareSetManager loaded in 11,7365 ms.
2022-12-23 22:22:48.126 +01:00 [INF] HealthBars loaded in 38,1248 ms.
2022-12-23 22:22:48.126 +01:00 [INF] HeistIcons.Main loaded in 6,2183 ms.
2022-12-23 22:22:48.126 +01:00 [INF] HighlightedItems loaded in 8,1261 ms.
2022-12-23 22:22:48.126 +01:00 [INF] IconsBuilder loaded in 19,0458 ms.
2022-12-23 22:22:48.126 +01:00 [INF] KillCounter loaded in 17,4518 ms.
2022-12-23 22:22:48.126 +01:00 [INF] MapsExchange loaded in 15,3669 ms.
2022-12-23 22:22:48.126 +01:00 [INF] MineDetonator loaded in 4,7704 ms.
2022-12-23 22:22:48.126 +01:00 [INF] MinimapIcons loaded in 85,619 ms.
2022-12-23 22:22:48.126 +01:00 [INF] MiscInformation loaded in 9,1051 ms.
2022-12-23 22:22:48.126 +01:00 [INF] PassiveSkillTreePlanter loaded in 11,3366 ms.
2022-12-23 22:22:48.126 +01:00 [INF] Pickit loaded in 32,3442 ms.
2022-12-23 22:22:48.218 +01:00 [INF] Willplug loaded in 53,9802 ms.
2022-12-23 22:22:48.218 +01:00 [INF] PreloadAlert loaded in 49,7918 ms.
2022-12-23 22:22:48.243 +01:00 [INF] Radar loaded in 30,2047 ms.
2022-12-23 22:22:48.243 +01:00 [INF] Skill_DPS.Core loaded in 5,5002 ms.
2022-12-23 22:22:48.252 +01:00 [INF] PerfTimer =-> Preload stats and mods (1600,8302 ms) Thread #[26]
2022-12-23 22:22:48.256 +01:00 [INF] Stashie loaded in 8,5564 ms.
2022-12-23 22:22:48.256 +01:00 [INF] XPBar loaded in 3,5793 ms.
2022-12-23 22:22:48.256 +01:00 [INF] MiscInformation -> Initialise time: 1,0283 ms.
2022-12-23 22:22:48.256 +01:00 [INF] PreloadAlert -> Initialise time: 0,4044 ms.
2022-12-23 22:22:48.256 +01:00 [INF] HealthBars -> Initialise time: 1,0874 ms.
2022-12-23 22:22:48.256 +01:00 [INF] MinimapIcons -> Initialise time: 0,0078 ms.
2022-12-23 22:22:48.265 +01:00 [INF] HighlightedItems -> Initialise time: 2,4384 ms.
2022-12-23 22:22:48.265 +01:00 [INF] IconsBuilder -> Initialise time: 1,3001 ms.
2022-12-23 22:22:48.265 +01:00 [INF] Radar -> Initialise time: 0,0014 ms.
2022-12-23 22:22:48.302 +01:00 [INF] BasicFlaskRoutine -> Initialise time: 38,4468 ms.
2022-12-23 22:22:48.574 +01:00 [INF] Pattern: Terrain Rotation Selector -> : Time: 223,9763 ms. Offset:[19872765] Started searching offset with:0
2022-12-23 22:22:48.724 +01:00 [INF] Pattern: Terrain Rotator Helper -> : Time: 116,7328 ms. Offset:[9781702] Started searching offset with:0
2022-12-23 22:22:51.658 +01:00 [INF] GetAllFiles loaded in 44ms
2022-12-23 22:22:52.554 +01:00 [INF] Willplug -> Initialise time: 6,4871 ms.
2022-12-23 22:22:53.067 +01:00 [INF] Resize from: {X=0,Y=0,Width=1920,Height=1032} to {X=0,Y=0,Width=1920,Height=1080}
2022-12-23 22:22:55.057 +01:00 [INF] HUD loaded in 2162,3829 ms.
2022-12-23 22:22:57.821 +01:00 [INF] =============== Close hud at 23.12.2022 22:22:57 ===============
2022-12-23 22:22:58.819 +01:00 [INF] =============== Start hud at 23.12.2022 22:22:58 ===============
2022-12-23 22:22:58.849 +01:00 [INF] PerfTimer =-> Create new offsets (3,4825 ms) Thread #[1]
2022-12-23 22:22:59.110 +01:00 [INF] PerfTimer =-> Load manual fonts (0,0942 ms) Thread #[1]
2022-12-23 22:22:59.110 +01:00 [INF] PerfTimer =-> DX11 Load (0,947 ms) Thread #[1]
2022-12-23 22:22:59.493 +01:00 [INF] PerfTimer =-> Load files from memory (46,7471 ms) Thread #[1]
2022-12-23 22:23:00.816 +01:00 [INF] PerfTimer =-> Plugin loader (1296,3805 ms) Thread #[1]
2022-12-23 22:23:00.889 +01:00 [INF] Pattern: Game State -> : Time: 9,3503 ms. Offset:[1167827] Started searching offset with:0
2022-12-23 22:23:00.889 +01:00 [INF] Pattern: Area change -> : Time: 18,0181 ms. Offset:[9290651] Started searching offset with:6881280
2022-12-23 22:23:00.889 +01:00 [INF] Pattern: BlackBarSize -> : Time: 25,7995 ms. Offset:[3061397] Started searching offset with:0
2022-12-23 22:23:00.889 +01:00 [INF] Pattern: File Root -> : Time: 27,6244 ms. Offset:[23261817] Started searching offset with:19726336
2022-12-23 22:23:00.889 +01:00 [INF] Pattern: DiagnosticInfoType -> : Time: 87,3397 ms. Offset:[13223375] Started searching offset with:600000
2022-12-23 22:23:00.889 +01:00 [INF] AdvancedTooltip loaded in 25,7559 ms.
2022-12-23 22:23:00.889 +01:00 [INF] AdvancedUberLabLayout loaded in 6,7045 ms.
2022-12-23 22:23:00.889 +01:00 [INF] AutoOpen loaded in 5,3934 ms.
2022-12-23 22:23:00.889 +01:00 [INF] AutoQuit loaded in 3,3967 ms.
2022-12-23 22:23:00.889 +01:00 [INF] TreeRoutine.Routine.BuildYourOwnRoutine loaded in 14,4433 ms.
2022-12-23 22:23:00.889 +01:00 [INF] TreeRoutine.Routine.BasicFlaskRoutine loaded in 14,4433 ms.
2022-12-23 22:23:00.889 +01:00 [INF] BuffUtil loaded in 13,0033 ms.
2022-12-23 22:23:00.889 +01:00 [INF] DelveWalls loaded in 4,5253 ms.
2022-12-23 22:23:00.889 +01:00 [INF] DevTree loaded in 5,2899 ms.
2022-12-23 22:23:00.889 +01:00 [INF] DPSMeter loaded in 18,782 ms.
2022-12-23 22:23:00.889 +01:00 [INF] EliteBar loaded in 30,4506 ms.
2022-12-23 22:23:00.889 +01:00 [INF] FullRareSetManager loaded in 11,9437 ms.
2022-12-23 22:23:00.889 +01:00 [INF] HealthBars loaded in 31,645 ms.
2022-12-23 22:23:00.889 +01:00 [INF] HeistIcons.Main loaded in 6,4747 ms.
2022-12-23 22:23:00.889 +01:00 [INF] HighlightedItems loaded in 9,8575 ms.
2022-12-23 22:23:00.889 +01:00 [INF] IconsBuilder loaded in 19,9925 ms.
2022-12-23 22:23:00.889 +01:00 [INF] KillCounter loaded in 6,2891 ms.
2022-12-23 22:23:00.889 +01:00 [INF] MapsExchange loaded in 15,921 ms.
2022-12-23 22:23:00.889 +01:00 [INF] MineDetonator loaded in 4,2798 ms.
2022-12-23 22:23:00.889 +01:00 [INF] MinimapIcons loaded in 81,7073 ms.
2022-12-23 22:23:00.889 +01:00 [INF] MiscInformation loaded in 10,7704 ms.
2022-12-23 22:23:00.997 +01:00 [INF] PassiveSkillTreePlanter loaded in 11,5728 ms.
2022-12-23 22:23:00.997 +01:00 [INF] Pickit loaded in 32,8897 ms.
2022-12-23 22:23:00.997 +01:00 [INF] Willplug loaded in 6,1567 ms.
2022-12-23 22:23:00.997 +01:00 [INF] PreloadAlert loaded in 49,1006 ms.
2022-12-23 22:23:01.012 +01:00 [INF] Radar loaded in 22,3649 ms.
2022-12-23 22:23:01.044 +01:00 [INF] Skill_DPS.Core loaded in 13,5101 ms.
2022-12-23 22:23:01.044 +01:00 [INF] Stashie loaded in 9,2191 ms.
2022-12-23 22:23:01.044 +01:00 [INF] XPBar loaded in 3,1055 ms.
2022-12-23 22:23:01.044 +01:00 [INF] MiscInformation -> Initialise time: 1,0543 ms.
2022-12-23 22:23:01.044 +01:00 [INF] PreloadAlert -> Initialise time: 0,3849 ms.
2022-12-23 22:23:01.044 +01:00 [INF] HealthBars -> Initialise time: 0,886 ms.
2022-12-23 22:23:01.044 +01:00 [INF] MinimapIcons -> Initialise time: 0,0081 ms.
2022-12-23 22:23:01.044 +01:00 [INF] HighlightedItems -> Initialise time: 2,6365 ms.
2022-12-23 22:23:01.044 +01:00 [INF] IconsBuilder -> Initialise time: 1,3546 ms.
2022-12-23 22:23:01.044 +01:00 [INF] Radar -> Initialise time: 0,0019 ms.
2022-12-23 22:23:01.063 +01:00 [INF] BasicFlaskRoutine -> Initialise time: 24,4517 ms.
2022-12-23 22:23:01.075 +01:00 [INF] Willplug -> Initialise time: 5,8656 ms.
2022-12-23 22:23:01.113 +01:00 [INF] PerfTimer =-> Preload stats and mods (1619,533 ms) Thread #[21]
2022-12-23 22:23:01.341 +01:00 [INF] Pattern: Terrain Rotation Selector -> : Time: 226,921 ms. Offset:[19872765] Started searching offset with:0
2022-12-23 22:23:01.480 +01:00 [INF] Pattern: Terrain Rotator Helper -> : Time: 113,1969 ms. Offset:[9781702] Started searching offset with:0
2022-12-23 22:23:04.492 +01:00 [INF] GetAllFiles loaded in 45ms
2022-12-23 22:23:05.835 +01:00 [INF] Resize from: {X=0,Y=0,Width=1920,Height=1032} to {X=0,Y=0,Width=1920,Height=1080}
2022-12-23 22:23:07.826 +01:00 [INF] HUD loaded in 2065,68 ms.
2022-12-23 22:23:09.892 +01:00 [INF] PassiveSkillTree: Can't decode url from file: <TEST>
2022-12-23 22:23:26.261 +01:00 [INF] Chest debug -> CType:Strongbox Path: Metadata/Chests/StrongBoxes/Strongbox #		Text: Strongbox #		Render Name: Strongbox
2022-12-23 22:23:26.266 +01:00 [INF] Stat: ChestDelayDropsUntilDaemonsFinish = 1
2022-12-23 22:33:28.392 +01:00 [INF] Chest debug -> CType:Strongbox Path: Metadata/Chests/StrongBoxes/Jeweller #		Text: Jeweller's Strongbox #		Render Name: Jeweller's Strongbox
2022-12-23 22:33:28.396 +01:00 [INF] Stat: ChestDelayDropsUntilDaemonsFinish = 1
2022-12-23 22:33:28.396 +01:00 [INF] Stat: ChestPlayWarningSound = 1
2022-12-23 22:36:18.941 +01:00 [INF] Chest debug -> CType:Strongbox Path: Metadata/Chests/StrongBoxes/Artisan #		Text: Artisan's Strongbox #		Render Name: Artisan's Strongbox
2022-12-23 22:36:18.948 +01:00 [INF] Stat: ChestDelayDropsUntilDaemonsFinish = 1
2022-12-23 22:36:18.948 +01:00 [INF] Stat: ChestDisplayFreeze = 1
2022-12-23 22:36:28.430 +01:00 [INF] Chest debug -> CType:Strongbox Path: Metadata/Chests/StrongBoxes/Strongbox #		Text: Strongbox #		Render Name: Strongbox
2022-12-23 22:36:28.434 +01:00 [INF] Stat: ChestDelayDropsUntilDaemonsFinish = 1
2022-12-23 22:36:28.434 +01:00 [INF] Stat: ChestPlayWarningSound = 1
2022-12-23 22:45:00.192 +01:00 [INF] Chest debug -> CType:Strongbox Path: Metadata/Chests/StrongBoxes/Strongbox #		Text: Strongbox #		Render Name: Strongbox
2022-12-23 22:45:00.200 +01:00 [INF] Stat: ChestDelayDropsUntilDaemonsFinish = 1
2022-12-23 22:45:00.200 +01:00 [INF] Stat: ChestPlayWarningSound = 1
2022-12-23 22:45:00.200 +01:00 [INF] Stat: ChestDisplayFreeze = 1
2022-12-23 22:45:56.081 +01:00 [INF] Chest debug -> CType:Strongbox Path: Metadata/Chests/StrongBoxes/Strongbox #		Text: Strongbox #		Render Name: Strongbox
2022-12-23 22:45:56.086 +01:00 [INF] Stat: ChestDelayDropsUntilDaemonsFinish = 1
2022-12-23 22:45:56.086 +01:00 [INF] Stat: ChestPlayWarningSound = 1
2022-12-23 22:46:04.461 +01:00 [INF] Chest debug -> CType:Labyrinth Path: Metadata/Chests/Labyrinth/LabyrinthTrinketChest #		Text: TrinketChest #		Render Name: Decorative Chest
2022-12-23 22:51:30.647 +01:00 [INF] Chest debug -> CType:Strongbox Path: Metadata/Chests/StrongBoxes/Strongbox #		Text: Strongbox #		Render Name: Strongbox
2022-12-23 22:51:30.652 +01:00 [INF] Stat: ChestDelayDropsUntilDaemonsFinish = 1
2022-12-23 23:05:25.115 +01:00 [INF] Chest debug -> CType:Strongbox Path: Metadata/Chests/StrongBoxes/Strongbox #		Text: Strongbox #		Render Name: Strongbox
2022-12-23 23:05:25.119 +01:00 [INF] Stat: ChestDelayDropsUntilDaemonsFinish = 2
2022-12-23 23:05:25.119 +01:00 [INF] Stat: ChestPlayWarningSound = 1
2022-12-23 23:05:25.119 +01:00 [INF] Stat: ChestDisplayIceNova = 1
2022-12-23 23:05:25.119 +01:00 [INF] Stat: ChestDisplayFreeze = 1
2022-12-23 23:09:03.219 +01:00 [INF] Chest debug -> CType:Strongbox Path: Metadata/Chests/StrongBoxes/Strongbox #		Text: Strongbox #		Render Name: Strongbox
2022-12-23 23:09:03.223 +01:00 [INF] Stat: ChestDelayDropsUntilDaemonsFinish = 1
2022-12-23 23:09:22.674 +01:00 [INF] Chest debug -> CType:Strongbox Path: Metadata/Chests/StrongBoxes/Strongbox #		Text: Strongbox #		Render Name: Strongbox
2022-12-23 23:09:22.678 +01:00 [INF] Stat: ChestDelayDropsUntilDaemonsFinish = 1
2022-12-23 23:09:22.678 +01:00 [INF] Stat: ChestPlayWarningSound = 1
2022-12-23 23:15:22.336 +01:00 [INF] Chest debug -> CType:Strongbox Path: Metadata/Chests/StrongBoxes/Strongbox #		Text: Strongbox #		Render Name: Strongbox
2022-12-23 23:15:22.340 +01:00 [INF] Stat: ChestDelayDropsUntilDaemonsFinish = 1
2022-12-23 23:18:01.494 +01:00 [INF] Chest debug -> CType:Strongbox Path: Metadata/Chests/StrongBoxes/Artisan #		Text: Artisan's Strongbox #		Render Name: Artisan's Strongbox
2022-12-23 23:18:01.498 +01:00 [INF] Stat: ChestDelayDropsUntilDaemonsFinish = 1
2022-12-23 23:18:01.498 +01:00 [INF] Stat: ChestPlayWarningSound = 1
2022-12-23 23:19:33.955 +01:00 [INF] Chest debug -> CType:Strongbox Path: Metadata/Chests/StrongBoxes/Jeweller #		Text: Jeweller's Strongbox #		Render Name: Jeweller's Strongbox
2022-12-23 23:19:33.959 +01:00 [INF] Stat: ChestDelayDropsUntilDaemonsFinish = 2
2022-12-23 23:19:33.959 +01:00 [INF] Stat: ChestDisplaySummonsSkeletons = 1
2022-12-23 23:23:48.192 +01:00 [INF] Chest debug -> CType:Strongbox Path: Metadata/Chests/StrongBoxes/Arsenal #		Text: Blacksmith's Strongbox #		Render Name: Blacksmith's Strongbox
2022-12-23 23:23:48.197 +01:00 [INF] Stat: ChestDelayDropsUntilDaemonsFinish = 1
2022-12-23 23:27:45.539 +01:00 [INF] =============== Close hud at 23.12.2022 23:27:45 ===============
