2022-12-14 17:41:33.126 +01:00 [INF] =============== Start hud at 14.12.2022 17:41:33 ===============
2022-12-14 17:41:33.290 +01:00 [INF] PerfTimer =-> Create new offsets (106,8913 ms) Thread #[1]
2022-12-14 17:41:34.576 +01:00 [INF] PerfTimer =-> Load manual fonts (0,0691 ms) Thread #[1]
2022-12-14 17:41:34.576 +01:00 [INF] PerfTimer =-> DX11 Load (1,0231 ms) Thread #[1]
2022-12-14 17:41:35.576 +01:00 [INF] PerfTimer =-> Load files from memory (45,7648 ms) Thread #[1]
2022-12-14 17:41:37.633 +01:00 [INF] PerfTimer =-> Preload stats and mods (2055,6601 ms) Thread #[22]
2022-12-14 17:41:38.424 +01:00 [INF] PerfTimer =-> Plugin loader (2808,8629 ms) Thread #[1]
2022-12-14 17:41:38.597 +01:00 [INF] Pattern: Game State -> : Time: 11,0212 ms. Offset:[1164963] Started searching offset with:0
2022-12-14 17:41:38.597 +01:00 [INF] Pattern: Area change -> : Time: 17,9411 ms. Offset:[9275595] Started searching offset with:6881280
2022-12-14 17:41:38.597 +01:00 [INF] Pattern: File Root -> : Time: 31,2891 ms. Offset:[23204857] Started searching offset with:19726336
2022-12-14 17:41:38.597 +01:00 [INF] Pattern: BlackBarSize -> : Time: 34,2596 ms. Offset:[3058693] Started searching offset with:0
2022-12-14 17:41:38.597 +01:00 [INF] Pattern: DiagnosticInfoType -> : Time: 95,4062 ms. Offset:[13201839] Started searching offset with:600000
2022-12-14 17:41:38.597 +01:00 [INF] AdvancedTooltip loaded in 91,0365 ms.
2022-12-14 17:41:38.597 +01:00 [INF] AdvancedUberLabLayout loaded in 46,6281 ms.
2022-12-14 17:41:38.597 +01:00 [INF] AutoOpen loaded in 51,4573 ms.
2022-12-14 17:41:38.597 +01:00 [INF] AutoQuit loaded in 33,6435 ms.
2022-12-14 17:41:38.597 +01:00 [INF] TreeRoutine.Routine.BuildYourOwnRoutine loaded in 69,2453 ms.
2022-12-14 17:41:38.597 +01:00 [INF] TreeRoutine.Routine.BasicFlaskRoutine loaded in 69,2453 ms.
2022-12-14 17:41:38.597 +01:00 [INF] BuffUtil loaded in 98,1687 ms.
2022-12-14 17:41:38.597 +01:00 [INF] DelveWalls loaded in 30,7678 ms.
2022-12-14 17:41:38.597 +01:00 [INF] DevTree loaded in 85,0125 ms.
2022-12-14 17:41:38.597 +01:00 [INF] DPSMeter loaded in 41,2664 ms.
2022-12-14 17:41:38.597 +01:00 [INF] EliteBar loaded in 59,4465 ms.
2022-12-14 17:41:38.597 +01:00 [INF] FullRareSetManager loaded in 106,7939 ms.
2022-12-14 17:41:38.597 +01:00 [INF] HealthBars loaded in 88,2022 ms.
2022-12-14 17:41:38.597 +01:00 [INF] HeistIcons.Main loaded in 51,0266 ms.
2022-12-14 17:41:38.597 +01:00 [INF] HighlightedItems loaded in 52,2554 ms.
2022-12-14 17:41:38.597 +01:00 [INF] IconsBuilder loaded in 92,5834 ms.
2022-12-14 17:41:38.597 +01:00 [INF] KillCounter loaded in 42,7629 ms.
2022-12-14 17:41:38.597 +01:00 [INF] MapsExchange loaded in 70,5173 ms.
2022-12-14 17:41:38.597 +01:00 [INF] MineDetonator loaded in 35,9228 ms.
2022-12-14 17:41:38.597 +01:00 [INF] MinimapIcons loaded in 117,9249 ms.
2022-12-14 17:41:38.597 +01:00 [INF] MiscInformation loaded in 57,7821 ms.
2022-12-14 17:41:38.597 +01:00 [INF] PassiveSkillTreePlanter loaded in 48,2031 ms.
2022-12-14 17:41:38.597 +01:00 [INF] Pickit loaded in 149,2024 ms.
2022-12-14 17:41:38.597 +01:00 [INF] Willplug loaded in 60,1045 ms.
2022-12-14 17:41:38.597 +01:00 [INF] PreloadAlert loaded in 163,2653 ms.
2022-12-14 17:41:38.597 +01:00 [INF] Radar loaded in 86,145 ms.
2022-12-14 17:41:38.597 +01:00 [INF] Skill_DPS.Core loaded in 59,3946 ms.
2022-12-14 17:41:38.675 +01:00 [INF] Stashie loaded in 105,5005 ms.
2022-12-14 17:41:38.676 +01:00 [INF] XPBar loaded in 30,8162 ms.
2022-12-14 17:41:38.688 +01:00 [INF] MiscInformation -> Initialise time: 1,2396 ms.
2022-12-14 17:41:38.688 +01:00 [INF] PreloadAlert -> Initialise time: 0,461 ms.
2022-12-14 17:41:38.688 +01:00 [INF] HealthBars -> Initialise time: 5,523 ms.
2022-12-14 17:41:38.688 +01:00 [INF] MinimapIcons -> Initialise time: 0,0106 ms.
2022-12-14 17:41:38.704 +01:00 [INF] HighlightedItems -> Initialise time: 3,5374 ms.
2022-12-14 17:41:38.705 +01:00 [INF] IconsBuilder -> Initialise time: 6,3086 ms.
2022-12-14 17:41:38.705 +01:00 [INF] Radar -> Initialise time: 0,0019 ms.
2022-12-14 17:41:38.731 +01:00 [INF] BasicFlaskRoutine -> Initialise time: 32,3337 ms.
2022-12-14 17:41:38.740 +01:00 [INF] Willplug -> Initialise time: 7,6393 ms.
2022-12-14 17:41:39.001 +01:00 [INF] Pattern: Terrain Rotation Selector -> : Time: 191,1706 ms. Offset:[19834445] Started searching offset with:0
2022-12-14 17:41:39.132 +01:00 [INF] Pattern: Terrain Rotator Helper -> : Time: 99,3209 ms. Offset:[9766486] Started searching offset with:0
2022-12-14 17:41:40.581 +01:00 [INF] GetAllFiles loaded in 44ms
2022-12-14 17:41:43.436 +01:00 [INF] Resize from: {X=0,Y=0,Width=1920,Height=1032} to {X=0,Y=0,Width=1920,Height=1080}
2022-12-14 17:41:45.436 +01:00 [INF] HUD loaded in 5808,1076 ms.
2022-12-14 17:41:47.024 +01:00 [INF] PassiveSkillTree: Can't decode url from file: <TEST>
2022-12-14 17:46:34.233 +01:00 [INF] =============== Close hud at 14.12.2022 17:46:34 ===============
2022-12-14 20:17:46.834 +01:00 [INF] =============== Start hud at 14.12.2022 20:17:46 ===============
2022-12-14 20:17:46.868 +01:00 [INF] PerfTimer =-> Create new offsets (5,07 ms) Thread #[1]
2022-12-14 20:17:47.178 +01:00 [INF] PerfTimer =-> Load manual fonts (0,0584 ms) Thread #[1]
2022-12-14 20:17:47.178 +01:00 [INF] PerfTimer =-> DX11 Load (0,8122 ms) Thread #[1]
2022-12-14 20:17:47.604 +01:00 [INF] PerfTimer =-> Load files from memory (52,4529 ms) Thread #[1]
2022-12-14 20:17:48.967 +01:00 [INF] PerfTimer =-> Plugin loader (1330,7131 ms) Thread #[1]
2022-12-14 20:17:49.073 +01:00 [INF] Pattern: Game State -> : Time: 10,5949 ms. Offset:[1164963] Started searching offset with:0
2022-12-14 20:17:49.074 +01:00 [INF] Pattern: Area change -> : Time: 18,1049 ms. Offset:[9275595] Started searching offset with:6881280
2022-12-14 20:17:49.074 +01:00 [INF] Pattern: BlackBarSize -> : Time: 28,1401 ms. Offset:[3058693] Started searching offset with:0
2022-12-14 20:17:49.074 +01:00 [INF] Pattern: File Root -> : Time: 29,2164 ms. Offset:[23204857] Started searching offset with:19726336
2022-12-14 20:17:49.074 +01:00 [INF] Pattern: DiagnosticInfoType -> : Time: 94,4881 ms. Offset:[13201839] Started searching offset with:600000
2022-12-14 20:17:49.074 +01:00 [INF] AdvancedTooltip loaded in 19,6803 ms.
2022-12-14 20:17:49.074 +01:00 [INF] AdvancedUberLabLayout loaded in 6,8677 ms.
2022-12-14 20:17:49.074 +01:00 [INF] AutoOpen loaded in 5,7612 ms.
2022-12-14 20:17:49.074 +01:00 [INF] AutoQuit loaded in 9,3753 ms.
2022-12-14 20:17:49.074 +01:00 [INF] TreeRoutine.Routine.BuildYourOwnRoutine loaded in 14,0491 ms.
2022-12-14 20:17:49.074 +01:00 [INF] TreeRoutine.Routine.BasicFlaskRoutine loaded in 14,0491 ms.
2022-12-14 20:17:49.074 +01:00 [INF] BuffUtil loaded in 25,4242 ms.
2022-12-14 20:17:49.074 +01:00 [INF] DelveWalls loaded in 13,6602 ms.
2022-12-14 20:17:49.074 +01:00 [INF] DevTree loaded in 5,5672 ms.
2022-12-14 20:17:49.074 +01:00 [INF] DPSMeter loaded in 5,5258 ms.
2022-12-14 20:17:49.074 +01:00 [INF] EliteBar loaded in 14,7385 ms.
2022-12-14 20:17:49.074 +01:00 [INF] FullRareSetManager loaded in 17,3336 ms.
2022-12-14 20:17:49.074 +01:00 [INF] HealthBars loaded in 22,1608 ms.
2022-12-14 20:17:49.074 +01:00 [INF] HeistIcons.Main loaded in 9,5226 ms.
2022-12-14 20:17:49.074 +01:00 [INF] HighlightedItems loaded in 7,9492 ms.
2022-12-14 20:17:49.074 +01:00 [INF] IconsBuilder loaded in 14,7187 ms.
2022-12-14 20:17:49.074 +01:00 [INF] KillCounter loaded in 5,8252 ms.
2022-12-14 20:17:49.074 +01:00 [INF] MapsExchange loaded in 32,2205 ms.
2022-12-14 20:17:49.074 +01:00 [INF] MineDetonator loaded in 4,1797 ms.
2022-12-14 20:17:49.074 +01:00 [INF] MinimapIcons loaded in 51,3352 ms.
2022-12-14 20:17:49.074 +01:00 [INF] MiscInformation loaded in 13,6365 ms.
2022-12-14 20:17:49.074 +01:00 [INF] PassiveSkillTreePlanter loaded in 13,2872 ms.
2022-12-14 20:17:49.074 +01:00 [INF] Pickit loaded in 24,5501 ms.
2022-12-14 20:17:49.074 +01:00 [INF] Willplug loaded in 19,5912 ms.
2022-12-14 20:17:49.074 +01:00 [INF] PreloadAlert loaded in 46,4171 ms.
2022-12-14 20:17:49.182 +01:00 [INF] Radar loaded in 20,8992 ms.
2022-12-14 20:17:49.182 +01:00 [INF] Skill_DPS.Core loaded in 4,5551 ms.
2022-12-14 20:17:49.182 +01:00 [INF] Stashie loaded in 8,0827 ms.
2022-12-14 20:17:49.182 +01:00 [INF] XPBar loaded in 2,8961 ms.
2022-12-14 20:17:49.182 +01:00 [INF] MiscInformation -> Initialise time: 1,0412 ms.
2022-12-14 20:17:49.182 +01:00 [INF] PreloadAlert -> Initialise time: 5,7135 ms.
2022-12-14 20:17:49.182 +01:00 [INF] HealthBars -> Initialise time: 1,466 ms.
2022-12-14 20:17:49.182 +01:00 [INF] MinimapIcons -> Initialise time: 0,0119 ms.
2022-12-14 20:17:49.182 +01:00 [INF] HighlightedItems -> Initialise time: 2,8565 ms.
2022-12-14 20:17:49.182 +01:00 [INF] IconsBuilder -> Initialise time: 1,5327 ms.
2022-12-14 20:17:49.182 +01:00 [INF] Radar -> Initialise time: 0,0018 ms.
2022-12-14 20:17:49.182 +01:00 [INF] BasicFlaskRoutine -> Initialise time: 12,0894 ms.
2022-12-14 20:17:49.182 +01:00 [INF] Willplug -> Initialise time: 6,5883 ms.
2022-12-14 20:17:49.285 +01:00 [INF] PerfTimer =-> Preload stats and mods (1680,9458 ms) Thread #[10]
2022-12-14 20:17:49.406 +01:00 [INF] Pattern: Terrain Rotation Selector -> : Time: 211,7458 ms. Offset:[19834445] Started searching offset with:0
2022-12-14 20:17:49.535 +01:00 [INF] Pattern: Terrain Rotator Helper -> : Time: 92,8152 ms. Offset:[9766486] Started searching offset with:0
2022-12-14 20:17:52.606 +01:00 [INF] GetAllFiles loaded in 50ms
2022-12-14 20:17:53.991 +01:00 [INF] Resize from: {X=0,Y=0,Width=1920,Height=1032} to {X=0,Y=0,Width=1920,Height=1080}
2022-12-14 20:17:55.974 +01:00 [INF] HUD loaded in 2199,3818 ms.
2022-12-14 20:17:57.979 +01:00 [INF] PassiveSkillTree: Can't decode url from file: <TEST>
2022-12-14 20:18:49.484 +01:00 [INF] Chest debug -> CType:Strongbox Path: Metadata/Chests/StrongBoxes/Strongbox #		Text: Strongbox #		Render Name: Strongbox
2022-12-14 20:18:49.490 +01:00 [INF] Stat: ChestDelayDropsUntilDaemonsFinish = 1
2022-12-14 20:18:49.490 +01:00 [INF] Stat: ChestPlayWarningSound = 1
2022-12-14 20:19:24.493 +01:00 [INF] Chest debug -> CType:Breach Path: Metadata/Chests/Breach/BreachChest1 #		Text: Breach chest #		Render Name: <rgb(166,90,255)>{Clasped Hand}
2022-12-14 20:19:49.057 +01:00 [INF] Chest debug -> CType:Breach Path: Metadata/Chests/Breach/BreachChest1 #		Text: Breach chest #		Render Name: <rgb(166,90,255)>{Clasped Hand}
2022-12-14 20:27:47.948 +01:00 [INF] Chest debug -> CType:Legion Path: Metadata/Chests/LegionChests/TemplarChest #		Text: RewardGenericItems #		Render Name: <rgb(218,165,32)>{Templar Chest}
2022-12-14 20:27:47.954 +01:00 [INF] Stat: MonsterMinimapIcon = 184
2022-12-14 20:27:47.983 +01:00 [INF] Chest debug -> CType:Legion Path: Metadata/Chests/LegionChests/TemplarChestEpic #		Text: RewardWeaponEnchants #		Render Name: <rgb(218,165,32)>{Templar War Hoard}
2022-12-14 20:27:47.996 +01:00 [INF] Stat: MonsterMinimapIcon = 195
2022-12-14 20:35:14.773 +01:00 [INF] Running the inventory dump procedure...
2022-12-14 20:48:26.068 +01:00 [INF] WTF ExileCore.Core
2022-12-14 20:50:35.302 +01:00 [INF] Chest debug -> CType:Strongbox Path: Metadata/Chests/StrongBoxes/Strongbox #		Text: Strongbox #		Render Name: Strongbox
2022-12-14 20:50:35.307 +01:00 [INF] Stat: ChestDelayDropsUntilDaemonsFinish = 1
2022-12-14 20:50:35.307 +01:00 [INF] Stat: ChestPlayWarningSound = 1
2022-12-14 20:51:38.389 +01:00 [INF] Chest debug -> CType:Strongbox Path: Metadata/Chests/StrongBoxes/Arcanist #		Text: Arcanist's Strongbox #		Render Name: Arcanist's Strongbox
2022-12-14 20:51:38.396 +01:00 [INF] Stat: ChestDelayDropsUntilDaemonsFinish = 1
2022-12-14 20:51:38.396 +01:00 [INF] Stat: ChestPlayWarningSound = 1
2022-12-14 20:53:27.431 +01:00 [INF] Chest debug -> CType:Strongbox Path: Metadata/Chests/StrongBoxes/Strongbox #		Text: Strongbox #		Render Name: Strongbox
2022-12-14 20:53:27.435 +01:00 [INF] Stat: ChestDelayDropsUntilDaemonsFinish = 2
2022-12-14 20:53:27.435 +01:00 [INF] Stat: ChestDisplaySummonsSkeletons = 1
2022-12-14 20:54:17.507 +01:00 [INF] Chest debug -> CType:Legion Path: Metadata/Chests/LegionChests/VaalChest #		Text: RewardWeapons #		Render Name: <rgb(218,165,32)>{Vaal Chest}
2022-12-14 20:54:17.511 +01:00 [INF] Stat: MonsterMinimapIcon = 194
2022-12-14 20:54:22.621 +01:00 [INF] Chest debug -> CType:Legion Path: Metadata/Chests/LegionChests/VaalChest #		Text: RewardJewellery #		Render Name: <rgb(218,165,32)>{Vaal Chest}
2022-12-14 20:54:22.629 +01:00 [INF] Stat: MonsterMinimapIcon = 192
2022-12-14 20:54:24.372 +01:00 [INF] Chest debug -> CType:Strongbox Path: Metadata/Chests/StrongBoxes/Strongbox #		Text: Strongbox #		Render Name: Strongbox
2022-12-14 20:54:24.376 +01:00 [INF] Stat: ChestDelayDropsUntilDaemonsFinish = 2
2022-12-14 20:54:24.377 +01:00 [INF] Stat: ChestDisplaySummonsSkeletons = 1
2022-12-14 20:56:26.115 +01:00 [INF] Chest debug -> CType:Strongbox Path: Metadata/Chests/StrongBoxes/Arsenal #		Text: Blacksmith's Strongbox #		Render Name: Blacksmith's Strongbox
2022-12-14 20:56:26.121 +01:00 [INF] Stat: ChestDelayDropsUntilDaemonsFinish = 2
2022-12-14 20:56:26.121 +01:00 [INF] Stat: ChestDisplayFreeze = 1
2022-12-14 20:56:47.239 +01:00 [INF] Chest debug -> CType:Legion Path: Metadata/Chests/LegionChests/EternalEmpireChest #		Text: RewardCurrency #		Render Name: <rgb(218,165,32)>{Eternal Chest}
2022-12-14 20:56:47.248 +01:00 [INF] Stat: MonsterMinimapIcon = 178
2022-12-14 20:56:50.725 +01:00 [INF] Chest debug -> CType:Legion Path: Metadata/Chests/LegionChests/KaruiChest #		Text: RewardArmour #		Render Name: <rgb(218,165,32)>{Karui Chest}
2022-12-14 20:56:50.732 +01:00 [INF] Stat: MonsterMinimapIcon = 175
2022-12-14 20:57:01.934 +01:00 [INF] Chest debug -> CType:Legion Path: Metadata/Chests/LegionChests/KaruiChest #		Text: RewardJewellery #		Render Name: <rgb(218,165,32)>{Karui Chest}
2022-12-14 20:57:01.945 +01:00 [INF] Stat: MonsterMinimapIcon = 192
2022-12-14 20:57:02.333 +01:00 [INF] Chest debug -> CType:Legion Path: Metadata/Chests/LegionChests/KaruiChestEpic #		Text: RewardDivinationCards #		Render Name: <rgb(218,165,32)>{Karui War Hoard}
2022-12-14 20:57:02.340 +01:00 [INF] Stat: MonsterMinimapIcon = 179
2022-12-14 20:58:27.928 +01:00 [INF] WTF ExileCore.Core
2022-12-14 21:03:53.862 +01:00 [INF] Chest debug -> CType:Strongbox Path: Metadata/Chests/StrongBoxes/Strongbox #		Text: Strongbox #		Render Name: Strongbox
2022-12-14 21:03:53.869 +01:00 [INF] Stat: ChestDelayDropsUntilDaemonsFinish = 1
2022-12-14 21:03:53.869 +01:00 [INF] Stat: ChestPlayWarningSound = 1
2022-12-14 21:03:53.869 +01:00 [INF] Stat: ChestDisplayIceNova = 1
2022-12-14 21:15:51.243 +01:00 [INF] Chest debug -> CType:Strongbox Path: Metadata/Chests/StrongBoxes/Strongbox #		Text: Strongbox #		Render Name: Strongbox
2022-12-14 21:15:51.247 +01:00 [INF] Stat: ChestDelayDropsUntilDaemonsFinish = 1
2022-12-14 21:15:51.247 +01:00 [INF] Stat: ChestPlayWarningSound = 1
2022-12-14 21:15:51.247 +01:00 [INF] Stat: ChestDisplayIceNova = 1
2022-12-14 21:16:52.496 +01:00 [INF] Running the inventory dump procedure...
2022-12-14 21:33:07.169 +01:00 [INF] WTF ExileCore.Shared.Runner
2022-12-14 21:33:07.169 +01:00 [INF] WTF ExileCore.Core
2022-12-14 21:38:37.254 +01:00 [INF] WTF ExileCore.Core
2022-12-14 21:40:01.362 +01:00 [INF] Running the inventory dump procedure...
2022-12-14 21:42:35.573 +01:00 [INF] Chest debug -> CType:Strongbox Path: Metadata/Chests/StrongBoxes/Jeweller #		Text: Jeweller's Strongbox #		Render Name: Jeweller's Strongbox
2022-12-14 21:42:35.579 +01:00 [INF] Stat: ChestDelayDropsUntilDaemonsFinish = 1
2022-12-14 21:42:35.579 +01:00 [INF] Stat: ChestPlayWarningSound = 1
2022-12-14 21:45:05.765 +01:00 [INF] =============== Close hud at 14.12.2022 21:45:05 ===============
2022-12-14 21:46:23.718 +01:00 [INF] =============== Start hud at 14.12.2022 21:46:23 ===============
2022-12-14 21:46:23.755 +01:00 [INF] PerfTimer =-> Create new offsets (3,1817 ms) Thread #[1]
2022-12-14 21:46:24.098 +01:00 [INF] PerfTimer =-> Load manual fonts (0,0989 ms) Thread #[1]
2022-12-14 21:46:24.098 +01:00 [INF] PerfTimer =-> DX11 Load (0,9995 ms) Thread #[1]
2022-12-14 21:46:24.683 +01:00 [INF] PerfTimer =-> Load files from memory (86,3778 ms) Thread #[1]
2022-12-14 21:46:26.085 +01:00 [INF] PerfTimer =-> Plugin loader (1362,3074 ms) Thread #[1]
2022-12-14 21:46:26.152 +01:00 [INF] Pattern: Game State -> : Time: 9,2655 ms. Offset:[1164963] Started searching offset with:0
2022-12-14 21:46:26.152 +01:00 [INF] Pattern: Area change -> : Time: 17,328 ms. Offset:[9275595] Started searching offset with:6881280
2022-12-14 21:46:26.152 +01:00 [INF] Pattern: BlackBarSize -> : Time: 26,788 ms. Offset:[3058693] Started searching offset with:0
2022-12-14 21:46:26.152 +01:00 [INF] Pattern: File Root -> : Time: 28,5835 ms. Offset:[23204857] Started searching offset with:19726336
2022-12-14 21:46:26.152 +01:00 [INF] Pattern: DiagnosticInfoType -> : Time: 88,0552 ms. Offset:[13201839] Started searching offset with:600000
2022-12-14 21:46:26.152 +01:00 [INF] AdvancedTooltip loaded in 25,8513 ms.
2022-12-14 21:46:26.153 +01:00 [INF] AdvancedUberLabLayout loaded in 13,2801 ms.
2022-12-14 21:46:26.153 +01:00 [INF] AutoOpen loaded in 9,2884 ms.
2022-12-14 21:46:26.153 +01:00 [INF] AutoQuit loaded in 10,5599 ms.
2022-12-14 21:46:26.153 +01:00 [INF] TreeRoutine.Routine.BuildYourOwnRoutine loaded in 25,9351 ms.
2022-12-14 21:46:26.153 +01:00 [INF] TreeRoutine.Routine.BasicFlaskRoutine loaded in 25,9351 ms.
2022-12-14 21:46:26.153 +01:00 [INF] BuffUtil loaded in 26,9984 ms.
2022-12-14 21:46:26.153 +01:00 [INF] DelveWalls loaded in 9,3332 ms.
2022-12-14 21:46:26.153 +01:00 [INF] DevTree loaded in 6,131 ms.
2022-12-14 21:46:26.153 +01:00 [INF] DPSMeter loaded in 9,8564 ms.
2022-12-14 21:46:26.153 +01:00 [INF] EliteBar loaded in 18,103 ms.
2022-12-14 21:46:26.153 +01:00 [INF] FullRareSetManager loaded in 13,9401 ms.
2022-12-14 21:46:26.153 +01:00 [INF] HealthBars loaded in 30,3076 ms.
2022-12-14 21:46:26.153 +01:00 [INF] HeistIcons.Main loaded in 5,5974 ms.
2022-12-14 21:46:26.153 +01:00 [INF] HighlightedItems loaded in 10,0065 ms.
2022-12-14 21:46:26.153 +01:00 [INF] IconsBuilder loaded in 23,386 ms.
2022-12-14 21:46:26.153 +01:00 [INF] KillCounter loaded in 5,8957 ms.
2022-12-14 21:46:26.153 +01:00 [INF] MapsExchange loaded in 15,555 ms.
2022-12-14 21:46:26.153 +01:00 [INF] MineDetonator loaded in 4,1183 ms.
2022-12-14 21:46:26.153 +01:00 [INF] MinimapIcons loaded in 83,6166 ms.
2022-12-14 21:46:26.153 +01:00 [INF] MiscInformation loaded in 9,7343 ms.
2022-12-14 21:46:26.153 +01:00 [INF] PassiveSkillTreePlanter loaded in 15,5987 ms.
2022-12-14 21:46:26.248 +01:00 [INF] Pickit loaded in 25,7377 ms.
2022-12-14 21:46:26.248 +01:00 [INF] Willplug loaded in 5,8836 ms.
2022-12-14 21:46:26.248 +01:00 [INF] PreloadAlert loaded in 50,3913 ms.
2022-12-14 21:46:26.275 +01:00 [INF] Radar loaded in 31,9249 ms.
2022-12-14 21:46:26.275 +01:00 [INF] Skill_DPS.Core loaded in 4,8822 ms.
2022-12-14 21:46:26.275 +01:00 [INF] Stashie loaded in 9,8921 ms.
2022-12-14 21:46:26.275 +01:00 [INF] XPBar loaded in 4,454 ms.
2022-12-14 21:46:26.300 +01:00 [INF] MiscInformation -> Initialise time: 1,6257 ms.
2022-12-14 21:46:26.300 +01:00 [INF] PreloadAlert -> Initialise time: 0,5324 ms.
2022-12-14 21:46:26.301 +01:00 [INF] HealthBars -> Initialise time: 1,1582 ms.
2022-12-14 21:46:26.301 +01:00 [INF] MinimapIcons -> Initialise time: 0,0094 ms.
2022-12-14 21:46:26.301 +01:00 [INF] HighlightedItems -> Initialise time: 3,2072 ms.
2022-12-14 21:46:26.301 +01:00 [INF] IconsBuilder -> Initialise time: 1,9253 ms.
2022-12-14 21:46:26.301 +01:00 [INF] Radar -> Initialise time: 0,0025 ms.
2022-12-14 21:46:26.326 +01:00 [INF] BasicFlaskRoutine -> Initialise time: 34,5747 ms.
2022-12-14 21:46:26.341 +01:00 [INF] Willplug -> Initialise time: 9,3401 ms.
2022-12-14 21:46:26.534 +01:00 [INF] PerfTimer =-> Preload stats and mods (1850,6688 ms) Thread #[19]
2022-12-14 21:46:26.707 +01:00 [INF] Pattern: Terrain Rotation Selector -> : Time: 227,4728 ms. Offset:[19834445] Started searching offset with:0
2022-12-14 21:46:26.935 +01:00 [INF] Pattern: Terrain Rotator Helper -> : Time: 110,833 ms. Offset:[9766486] Started searching offset with:0
2022-12-14 21:46:29.690 +01:00 [INF] GetAllFiles loaded in 83ms
2022-12-14 21:46:31.102 +01:00 [INF] Resize from: {X=0,Y=0,Width=1920,Height=1032} to {X=0,Y=0,Width=1920,Height=1080}
2022-12-14 21:46:33.096 +01:00 [INF] HUD loaded in 2439,2753 ms.
2022-12-14 21:46:35.147 +01:00 [INF] PassiveSkillTree: Can't decode url from file: <TEST>
2022-12-14 22:19:54.345 +01:00 [INF] =============== Close hud at 14.12.2022 22:19:54 ===============
