2022-12-22 00:42:40.386 +01:00 [INF] WTF ExileCore.Core
2022-12-22 01:26:54.313 +01:00 [INF] WTF ExileCore.Shared.Runner
2022-12-22 01:33:03.279 +01:00 [INF] WTF ExileCore.Core
2022-12-22 01:50:44.624 +01:00 [INF] WTF ExileCore.Core
2022-12-22 02:09:16.531 +01:00 [INF] WTF ExileCore.Shared.Runner
2022-12-22 03:31:58.608 +01:00 [INF] WTF ExileCore.Core
2022-12-22 03:37:50.758 +01:00 [INF] WTF ExileCore.Core
2022-12-22 03:45:41.762 +01:00 [INF] WTF ExileCore.Core
2022-12-22 03:58:42.211 +01:00 [INF] WTF ExileCore.Core
2022-12-22 04:22:21.139 +01:00 [INF] WTF ExileCore.Core
2022-12-22 04:27:44.682 +01:00 [INF] WTF ExileCore.Shared.Runner
2022-12-22 04:32:28.302 +01:00 [INF] WTF ExileCore.Shared.Runner
2022-12-22 05:24:01.507 +01:00 [INF] WTF ExileCore.Shared.Runner
2022-12-22 05:24:40.897 +01:00 [INF] WTF ExileCore.Shared.Runner
2022-12-22 06:28:47.118 +01:00 [INF] WTF ExileCore.Shared.Runner
2022-12-22 06:31:10.389 +01:00 [INF] WTF ExileCore.Shared.Runner
2022-12-22 07:01:10.796 +01:00 [INF] WTF ExileCore.Shared.Runner
2022-12-22 07:02:54.510 +01:00 [INF] WTF ExileCore.Shared.Runner
2022-12-22 07:07:32.502 +01:00 [INF] WTF ExileCore.Shared.Runner
2022-12-22 08:31:33.207 +01:00 [INF] Game not found
2022-12-22 08:31:34.429 +01:00 [INF] =============== Close hud at 22.12.2022 08:31:34 ===============
2022-12-22 13:42:51.875 +01:00 [INF] =============== Start hud at 22.12.2022 13:42:51 ===============
2022-12-22 13:42:51.978 +01:00 [INF] PerfTimer =-> Create new offsets (75,7915 ms) Thread #[1]
2022-12-22 13:42:52.934 +01:00 [INF] PerfTimer =-> Load manual fonts (0,058 ms) Thread #[1]
2022-12-22 13:42:52.934 +01:00 [INF] PerfTimer =-> DX11 Load (0,8079 ms) Thread #[1]
2022-12-22 13:42:53.641 +01:00 [INF] PerfTimer =-> Load files from memory (40,4875 ms) Thread #[1]
2022-12-22 13:42:55.568 +01:00 [INF] PerfTimer =-> Preload stats and mods (1926,844 ms) Thread #[26]
2022-12-22 13:42:56.257 +01:00 [INF] PerfTimer =-> Plugin loader (2589,9228 ms) Thread #[1]
2022-12-22 13:42:56.419 +01:00 [INF] Pattern: Game State -> : Time: 9,8442 ms. Offset:[1167827] Started searching offset with:0
2022-12-22 13:42:56.419 +01:00 [INF] Pattern: File Root -> : Time: 28,6219 ms. Offset:[23261817] Started searching offset with:19726336
2022-12-22 13:42:56.419 +01:00 [INF] Pattern: Area change -> : Time: 31,0275 ms. Offset:[9290651] Started searching offset with:6881280
2022-12-22 13:42:56.419 +01:00 [INF] Pattern: BlackBarSize -> : Time: 39,755 ms. Offset:[3061397] Started searching offset with:0
2022-12-22 13:42:56.419 +01:00 [INF] Pattern: DiagnosticInfoType -> : Time: 100,8164 ms. Offset:[13223375] Started searching offset with:600000
2022-12-22 13:42:56.419 +01:00 [INF] AdvancedTooltip loaded in 79,1237 ms.
2022-12-22 13:42:56.419 +01:00 [INF] AdvancedUberLabLayout loaded in 48,7112 ms.
2022-12-22 13:42:56.420 +01:00 [INF] AutoOpen loaded in 42,7557 ms.
2022-12-22 13:42:56.420 +01:00 [INF] AutoQuit loaded in 34,1188 ms.
2022-12-22 13:42:56.420 +01:00 [INF] TreeRoutine.Routine.BuildYourOwnRoutine loaded in 67,4296 ms.
2022-12-22 13:42:56.420 +01:00 [INF] TreeRoutine.Routine.BasicFlaskRoutine loaded in 67,4296 ms.
2022-12-22 13:42:56.420 +01:00 [INF] BuffUtil loaded in 66,5187 ms.
2022-12-22 13:42:56.420 +01:00 [INF] DelveWalls loaded in 51,5349 ms.
2022-12-22 13:42:56.420 +01:00 [INF] DevTree loaded in 77,6646 ms.
2022-12-22 13:42:56.420 +01:00 [INF] DPSMeter loaded in 36,712 ms.
2022-12-22 13:42:56.420 +01:00 [INF] EliteBar loaded in 59,6203 ms.
2022-12-22 13:42:56.420 +01:00 [INF] FullRareSetManager loaded in 84,17 ms.
2022-12-22 13:42:56.420 +01:00 [INF] HealthBars loaded in 75,0989 ms.
2022-12-22 13:42:56.420 +01:00 [INF] HeistIcons.Main loaded in 54,3 ms.
2022-12-22 13:42:56.420 +01:00 [INF] HighlightedItems loaded in 49,1995 ms.
2022-12-22 13:42:56.420 +01:00 [INF] IconsBuilder loaded in 88,9826 ms.
2022-12-22 13:42:56.420 +01:00 [INF] KillCounter loaded in 35,0415 ms.
2022-12-22 13:42:56.420 +01:00 [INF] MapsExchange loaded in 57,6379 ms.
2022-12-22 13:42:56.420 +01:00 [INF] MineDetonator loaded in 34,7089 ms.
2022-12-22 13:42:56.420 +01:00 [INF] MinimapIcons loaded in 117,1656 ms.
2022-12-22 13:42:56.420 +01:00 [INF] MiscInformation loaded in 51,1785 ms.
2022-12-22 13:42:56.420 +01:00 [INF] PassiveSkillTreePlanter loaded in 54,0136 ms.
2022-12-22 13:42:56.420 +01:00 [INF] Pickit loaded in 136,2947 ms.
2022-12-22 13:42:56.420 +01:00 [INF] Willplug loaded in 61,7569 ms.
2022-12-22 13:42:56.420 +01:00 [INF] PreloadAlert loaded in 136,0484 ms.
2022-12-22 13:42:56.420 +01:00 [INF] Radar loaded in 81,2826 ms.
2022-12-22 13:42:56.487 +01:00 [INF] Skill_DPS.Core loaded in 42,6653 ms.
2022-12-22 13:42:56.528 +01:00 [INF] Stashie loaded in 93,4255 ms.
2022-12-22 13:42:56.558 +01:00 [INF] XPBar loaded in 29,5886 ms.
2022-12-22 13:42:56.558 +01:00 [INF] MiscInformation -> Initialise time: 1,1589 ms.
2022-12-22 13:42:56.558 +01:00 [INF] PreloadAlert -> Initialise time: 0,4528 ms.
2022-12-22 13:42:56.568 +01:00 [INF] HealthBars -> Initialise time: 6,1836 ms.
2022-12-22 13:42:56.568 +01:00 [INF] MinimapIcons -> Initialise time: 0,0104 ms.
2022-12-22 13:42:56.568 +01:00 [INF] HighlightedItems -> Initialise time: 3,008 ms.
2022-12-22 13:42:56.578 +01:00 [INF] IconsBuilder -> Initialise time: 5,4036 ms.
2022-12-22 13:42:56.578 +01:00 [INF] Radar -> Initialise time: 0,0021 ms.
2022-12-22 13:42:56.608 +01:00 [INF] BasicFlaskRoutine -> Initialise time: 34,3892 ms.
2022-12-22 13:42:56.618 +01:00 [INF] Willplug -> Initialise time: 8,2126 ms.
2022-12-22 13:42:56.866 +01:00 [INF] Pattern: Terrain Rotation Selector -> : Time: 191,0255 ms. Offset:[19872765] Started searching offset with:0
2022-12-22 13:42:56.997 +01:00 [INF] Pattern: Terrain Rotator Helper -> : Time: 95,5828 ms. Offset:[9781702] Started searching offset with:0
2022-12-22 13:42:58.642 +01:00 [INF] GetAllFiles loaded in 38ms
2022-12-22 13:43:01.276 +01:00 [INF] Resize from: {X=0,Y=0,Width=1920,Height=1032} to {X=0,Y=0,Width=1920,Height=1080}
2022-12-22 13:43:03.263 +01:00 [INF] HUD loaded in 4615,0903 ms.
2022-12-22 13:43:04.972 +01:00 [INF] PassiveSkillTree: Can't decode url from file: <TEST>
2022-12-22 13:46:01.960 +01:00 [INF] Chest debug -> CType:Strongbox Path: Metadata/Chests/StrongBoxes/Strongbox #		Text: Strongbox #		Render Name: Strongbox
2022-12-22 13:46:01.966 +01:00 [INF] Stat: ChestDelayDropsUntilDaemonsFinish = 1
2022-12-22 13:46:01.966 +01:00 [INF] Stat: ChestPlayWarningSound = 1
2022-12-22 13:46:01.966 +01:00 [INF] Stat: ChestDisplayIceNova = 1
2022-12-22 13:49:37.391 +01:00 [INF] Chest debug -> CType:Legion Path: Metadata/Chests/LegionChests/VaalChestEpic #		Text: RewardWeaponEnchants #		Render Name: <rgb(218,165,32)>{Vaal War Hoard}
2022-12-22 13:49:37.397 +01:00 [INF] Stat: MonsterMinimapIcon = 195
2022-12-22 14:01:21.148 +01:00 [INF] Chest debug -> CType:Strongbox Path: Metadata/Chests/StrongBoxes/Arcanist #		Text: Arcanist's Strongbox #		Render Name: Arcanist's Strongbox
2022-12-22 14:01:21.156 +01:00 [INF] Stat: ChestDelayDropsUntilDaemonsFinish = 2
2022-12-22 14:01:21.156 +01:00 [INF] Stat: ChestPlayWarningSound = 1
2022-12-22 14:01:21.156 +01:00 [INF] Stat: NumberOfMonstersToSummon = 3
2022-12-22 14:01:39.063 +01:00 [INF] Chest debug -> CType:Strongbox Path: Metadata/Chests/StrongBoxes/Strongbox #		Text: Strongbox #		Render Name: Strongbox
2022-12-22 14:01:39.072 +01:00 [INF] Stat: ChestDelayDropsUntilDaemonsFinish = 2
2022-12-22 14:10:43.460 +01:00 [INF] Chest debug -> CType:Strongbox Path: Metadata/Chests/StrongBoxes/Ornate #		Text: Ornate Strongbox #		Render Name: Ornate Strongbox
2022-12-22 14:10:43.470 +01:00 [INF] Stat: ChestDelayDropsUntilDaemonsFinish = 2
2022-12-22 14:10:43.470 +01:00 [INF] Stat: ChestPlayWarningSound = 1
2022-12-22 15:12:40.808 +01:00 [INF] Chest debug -> CType:Strongbox Path: Metadata/Chests/StrongBoxes/Strongbox #		Text: Strongbox #		Render Name: Strongbox
2022-12-22 15:12:40.814 +01:00 [INF] Stat: ChestDelayDropsUntilDaemonsFinish = 1
2022-12-22 15:13:05.092 +01:00 [INF] Chest debug -> CType:Breach Path: Metadata/Chests/Breach/BreachChest3 #		Text: Breach chest #		Render Name: <rgb(166,90,255)>{Clasped Hand}
2022-12-22 15:15:26.268 +01:00 [INF] Chest debug -> CType:Strongbox Path: Metadata/Chests/StrongBoxes/Strongbox #		Text: Strongbox #		Render Name: Strongbox
2022-12-22 15:15:26.277 +01:00 [INF] Stat: ChestDelayDropsUntilDaemonsFinish = 2
2022-12-22 15:15:26.277 +01:00 [INF] Stat: ChestPlayWarningSound = 1
2022-12-22 15:15:26.277 +01:00 [INF] Stat: ChestDisplayFreeze = 1
2022-12-22 15:19:42.466 +01:00 [INF] Chest debug -> CType:Strongbox Path: Metadata/Chests/StrongBoxes/Strongbox #		Text: Strongbox #		Render Name: Strongbox
2022-12-22 15:19:42.473 +01:00 [INF] Stat: ChestDelayDropsUntilDaemonsFinish = 1
2022-12-22 15:19:42.473 +01:00 [INF] Stat: ChestPlayWarningSound = 1
2022-12-22 15:19:42.473 +01:00 [INF] Stat: ChestDisplayFreeze = 1
2022-12-22 15:36:56.988 +01:00 [INF] =============== Close hud at 22.12.2022 15:36:56 ===============
2022-12-22 19:20:25.593 +01:00 [INF] =============== Start hud at 22.12.2022 19:20:25 ===============
2022-12-22 19:20:25.624 +01:00 [INF] PerfTimer =-> Create new offsets (3,5533 ms) Thread #[1]
2022-12-22 19:20:25.897 +01:00 [INF] PerfTimer =-> Load manual fonts (0,0554 ms) Thread #[1]
2022-12-22 19:20:25.897 +01:00 [INF] PerfTimer =-> DX11 Load (0,7711 ms) Thread #[1]
2022-12-22 19:20:26.304 +01:00 [INF] PerfTimer =-> Load files from memory (49,4483 ms) Thread #[1]
2022-12-22 19:20:27.636 +01:00 [INF] PerfTimer =-> Plugin loader (1303,8914 ms) Thread #[1]
2022-12-22 19:20:27.731 +01:00 [INF] Pattern: Game State -> : Time: 16,479 ms. Offset:[1167827] Started searching offset with:0
2022-12-22 19:20:27.731 +01:00 [INF] Pattern: Area change -> : Time: 17,2627 ms. Offset:[9290651] Started searching offset with:6881280
2022-12-22 19:20:27.731 +01:00 [INF] Pattern: BlackBarSize -> : Time: 33,1425 ms. Offset:[3061397] Started searching offset with:0
2022-12-22 19:20:27.731 +01:00 [INF] Pattern: File Root -> : Time: 35,0487 ms. Offset:[23261817] Started searching offset with:19726336
2022-12-22 19:20:27.731 +01:00 [INF] Pattern: DiagnosticInfoType -> : Time: 97,6843 ms. Offset:[13223375] Started searching offset with:600000
2022-12-22 19:20:27.731 +01:00 [INF] AdvancedTooltip loaded in 26,5841 ms.
2022-12-22 19:20:27.731 +01:00 [INF] AdvancedUberLabLayout loaded in 10,5175 ms.
2022-12-22 19:20:27.731 +01:00 [INF] AutoOpen loaded in 6,5652 ms.
2022-12-22 19:20:27.731 +01:00 [INF] AutoQuit loaded in 3,6647 ms.
2022-12-22 19:20:27.731 +01:00 [INF] TreeRoutine.Routine.BuildYourOwnRoutine loaded in 14,1045 ms.
2022-12-22 19:20:27.731 +01:00 [INF] TreeRoutine.Routine.BasicFlaskRoutine loaded in 14,1045 ms.
2022-12-22 19:20:27.731 +01:00 [INF] BuffUtil loaded in 13,5359 ms.
2022-12-22 19:20:27.731 +01:00 [INF] DelveWalls loaded in 6,5767 ms.
2022-12-22 19:20:27.731 +01:00 [INF] DevTree loaded in 5,1485 ms.
2022-12-22 19:20:27.731 +01:00 [INF] DPSMeter loaded in 14,9455 ms.
2022-12-22 19:20:27.731 +01:00 [INF] EliteBar loaded in 13,7561 ms.
2022-12-22 19:20:27.731 +01:00 [INF] FullRareSetManager loaded in 11,1835 ms.
2022-12-22 19:20:27.731 +01:00 [INF] HealthBars loaded in 28,5411 ms.
2022-12-22 19:20:27.731 +01:00 [INF] HeistIcons.Main loaded in 5,1597 ms.
2022-12-22 19:20:27.731 +01:00 [INF] HighlightedItems loaded in 7,6561 ms.
2022-12-22 19:20:27.731 +01:00 [INF] IconsBuilder loaded in 14,9991 ms.
2022-12-22 19:20:27.732 +01:00 [INF] KillCounter loaded in 10,1879 ms.
2022-12-22 19:20:27.732 +01:00 [INF] MapsExchange loaded in 14,3488 ms.
2022-12-22 19:20:27.732 +01:00 [INF] MineDetonator loaded in 3,7801 ms.
2022-12-22 19:20:27.732 +01:00 [INF] MinimapIcons loaded in 63,5196 ms.
2022-12-22 19:20:27.732 +01:00 [INF] MiscInformation loaded in 7,9097 ms.
2022-12-22 19:20:27.732 +01:00 [INF] PassiveSkillTreePlanter loaded in 9,5942 ms.
2022-12-22 19:20:27.732 +01:00 [INF] Pickit loaded in 56,3648 ms.
2022-12-22 19:20:27.732 +01:00 [INF] Willplug loaded in 5,8914 ms.
2022-12-22 19:20:27.819 +01:00 [INF] PreloadAlert loaded in 45,0741 ms.
2022-12-22 19:20:27.820 +01:00 [INF] Radar loaded in 20,6582 ms.
2022-12-22 19:20:27.820 +01:00 [INF] Skill_DPS.Core loaded in 4,6893 ms.
2022-12-22 19:20:27.820 +01:00 [INF] Stashie loaded in 17,2838 ms.
2022-12-22 19:20:27.820 +01:00 [INF] XPBar loaded in 2,8868 ms.
2022-12-22 19:20:27.820 +01:00 [INF] MiscInformation -> Initialise time: 0,9802 ms.
2022-12-22 19:20:27.820 +01:00 [INF] PreloadAlert -> Initialise time: 0,3769 ms.
2022-12-22 19:20:27.820 +01:00 [INF] HealthBars -> Initialise time: 0,8366 ms.
2022-12-22 19:20:27.820 +01:00 [INF] MinimapIcons -> Initialise time: 0,0077 ms.
2022-12-22 19:20:27.839 +01:00 [INF] HighlightedItems -> Initialise time: 2,2884 ms.
2022-12-22 19:20:27.839 +01:00 [INF] IconsBuilder -> Initialise time: 1,236 ms.
2022-12-22 19:20:27.839 +01:00 [INF] Radar -> Initialise time: 0,0014 ms.
2022-12-22 19:20:27.839 +01:00 [INF] BasicFlaskRoutine -> Initialise time: 11,727 ms.
2022-12-22 19:20:27.859 +01:00 [INF] Willplug -> Initialise time: 5,9418 ms.
2022-12-22 19:20:28.047 +01:00 [INF] PerfTimer =-> Preload stats and mods (1742,0264 ms) Thread #[11]
2022-12-22 19:20:28.128 +01:00 [INF] Pattern: Terrain Rotation Selector -> : Time: 223,6464 ms. Offset:[19872765] Started searching offset with:0
2022-12-22 19:20:28.256 +01:00 [INF] Pattern: Terrain Rotator Helper -> : Time: 100,9699 ms. Offset:[9781702] Started searching offset with:0
2022-12-22 19:20:31.306 +01:00 [INF] GetAllFiles loaded in 47ms
2022-12-22 19:20:32.642 +01:00 [INF] Resize from: {X=0,Y=0,Width=1920,Height=1032} to {X=0,Y=0,Width=1920,Height=1080}
2022-12-22 19:20:34.641 +01:00 [INF] HUD loaded in 2108,6828 ms.
2022-12-22 19:20:36.966 +01:00 [INF] PassiveSkillTree: Can't decode url from file: <TEST>
2022-12-22 19:20:59.146 +01:00 [INF] Chest debug -> CType:Strongbox Path: Metadata/Chests/StrongBoxes/Armory #		Text: Armourer's Strongbox #		Render Name: Armourer's Strongbox
2022-12-22 19:20:59.156 +01:00 [INF] Stat: ChestDelayDropsUntilDaemonsFinish = 1
2022-12-22 19:22:13.489 +01:00 [INF] Dev Tree -> Initialise time: 20,7488 ms.
2022-12-22 19:22:44.813 +01:00 [INF] Element with index: 0 not found. Indices: [1] [6] [1] [0] 
2022-12-22 19:29:20.044 +01:00 [INF] =============== Close hud at 22.12.2022 19:29:20 ===============
2022-12-22 19:29:25.896 +01:00 [INF] =============== Start hud at 22.12.2022 19:29:25 ===============
2022-12-22 19:29:25.927 +01:00 [INF] PerfTimer =-> Create new offsets (3,2208 ms) Thread #[1]
2022-12-22 19:29:26.192 +01:00 [INF] PerfTimer =-> Load manual fonts (0,0565 ms) Thread #[1]
2022-12-22 19:29:26.192 +01:00 [INF] PerfTimer =-> DX11 Load (0,7861 ms) Thread #[1]
2022-12-22 19:29:26.584 +01:00 [INF] PerfTimer =-> Load files from memory (56,2255 ms) Thread #[1]
2022-12-22 19:29:27.948 +01:00 [INF] PerfTimer =-> Plugin loader (1331,1383 ms) Thread #[1]
2022-12-22 19:29:28.035 +01:00 [INF] Pattern: Game State -> : Time: 9,3695 ms. Offset:[1167827] Started searching offset with:0
2022-12-22 19:29:28.035 +01:00 [INF] Pattern: Area change -> : Time: 17,9051 ms. Offset:[9290651] Started searching offset with:6881280
2022-12-22 19:29:28.035 +01:00 [INF] Pattern: BlackBarSize -> : Time: 25,8116 ms. Offset:[3061397] Started searching offset with:0
2022-12-22 19:29:28.036 +01:00 [INF] Pattern: File Root -> : Time: 27,8212 ms. Offset:[23261817] Started searching offset with:19726336
2022-12-22 19:29:28.036 +01:00 [INF] Pattern: DiagnosticInfoType -> : Time: 88,8252 ms. Offset:[13223375] Started searching offset with:600000
2022-12-22 19:29:28.036 +01:00 [INF] AdvancedTooltip loaded in 20,4446 ms.
2022-12-22 19:29:28.036 +01:00 [INF] AdvancedUberLabLayout loaded in 7,1019 ms.
2022-12-22 19:29:28.036 +01:00 [INF] AutoOpen loaded in 27,25 ms.
2022-12-22 19:29:28.036 +01:00 [INF] AutoQuit loaded in 3,6812 ms.
2022-12-22 19:29:28.036 +01:00 [INF] TreeRoutine.Routine.BuildYourOwnRoutine loaded in 13,6254 ms.
2022-12-22 19:29:28.036 +01:00 [INF] TreeRoutine.Routine.BasicFlaskRoutine loaded in 13,6254 ms.
2022-12-22 19:29:28.036 +01:00 [INF] BuffUtil loaded in 26,8226 ms.
2022-12-22 19:29:28.036 +01:00 [INF] DelveWalls loaded in 4,5976 ms.
2022-12-22 19:29:28.036 +01:00 [INF] DevTree loaded in 4,8704 ms.
2022-12-22 19:29:28.036 +01:00 [INF] DPSMeter loaded in 5,0786 ms.
2022-12-22 19:29:28.036 +01:00 [INF] EliteBar loaded in 13,9803 ms.
2022-12-22 19:29:28.036 +01:00 [INF] FullRareSetManager loaded in 10,9977 ms.
2022-12-22 19:29:28.036 +01:00 [INF] HealthBars loaded in 26,4403 ms.
2022-12-22 19:29:28.036 +01:00 [INF] HeistIcons.Main loaded in 5,2808 ms.
2022-12-22 19:29:28.036 +01:00 [INF] HighlightedItems loaded in 7,3541 ms.
2022-12-22 19:29:28.036 +01:00 [INF] IconsBuilder loaded in 19,612 ms.
2022-12-22 19:29:28.036 +01:00 [INF] KillCounter loaded in 5,337 ms.
2022-12-22 19:29:28.036 +01:00 [INF] MapsExchange loaded in 13,9382 ms.
2022-12-22 19:29:28.036 +01:00 [INF] MineDetonator loaded in 3,6625 ms.
2022-12-22 19:29:28.036 +01:00 [INF] MinimapIcons loaded in 56,434 ms.
2022-12-22 19:29:28.036 +01:00 [INF] MiscInformation loaded in 7,9034 ms.
2022-12-22 19:29:28.036 +01:00 [INF] PassiveSkillTreePlanter loaded in 9,3064 ms.
2022-12-22 19:29:28.036 +01:00 [INF] Pickit loaded in 34,2927 ms.
2022-12-22 19:29:28.036 +01:00 [INF] Willplug loaded in 6,2751 ms.
2022-12-22 19:29:28.036 +01:00 [INF] PreloadAlert loaded in 55,2935 ms.
2022-12-22 19:29:28.142 +01:00 [INF] Radar loaded in 34,5982 ms.
2022-12-22 19:29:28.142 +01:00 [INF] Skill_DPS.Core loaded in 4,9936 ms.
2022-12-22 19:29:28.142 +01:00 [INF] Stashie loaded in 10,3631 ms.
2022-12-22 19:29:28.142 +01:00 [INF] XPBar loaded in 3,306 ms.
2022-12-22 19:29:28.142 +01:00 [INF] MiscInformation -> Initialise time: 1,0652 ms.
2022-12-22 19:29:28.142 +01:00 [INF] PreloadAlert -> Initialise time: 0,3996 ms.
2022-12-22 19:29:28.142 +01:00 [INF] HealthBars -> Initialise time: 1,1159 ms.
2022-12-22 19:29:28.142 +01:00 [INF] MinimapIcons -> Initialise time: 0,0133 ms.
2022-12-22 19:29:28.142 +01:00 [INF] HighlightedItems -> Initialise time: 4,9769 ms.
2022-12-22 19:29:28.142 +01:00 [INF] IconsBuilder -> Initialise time: 1,4434 ms.
2022-12-22 19:29:28.142 +01:00 [INF] Radar -> Initialise time: 0,0015 ms.
2022-12-22 19:29:28.142 +01:00 [INF] BasicFlaskRoutine -> Initialise time: 14,1899 ms.
2022-12-22 19:29:28.142 +01:00 [INF] Willplug -> Initialise time: 7,1747 ms.
2022-12-22 19:29:28.234 +01:00 [INF] PerfTimer =-> Preload stats and mods (1649,9083 ms) Thread #[6]
2022-12-22 19:29:28.444 +01:00 [INF] Pattern: Terrain Rotation Selector -> : Time: 246,057 ms. Offset:[19872765] Started searching offset with:0
2022-12-22 19:29:28.603 +01:00 [INF] Pattern: Terrain Rotator Helper -> : Time: 122,0092 ms. Offset:[9781702] Started searching offset with:0
2022-12-22 19:29:31.584 +01:00 [INF] GetAllFiles loaded in 54ms
2022-12-22 19:29:32.972 +01:00 [INF] Resize from: {X=0,Y=0,Width=1920,Height=1032} to {X=0,Y=0,Width=1920,Height=1080}
2022-12-22 19:29:34.957 +01:00 [INF] HUD loaded in 2117,2924 ms.
2022-12-22 19:29:36.941 +01:00 [INF] PassiveSkillTree: Can't decode url from file: <TEST>
2022-12-22 19:33:17.653 +01:00 [INF] =============== Close hud at 22.12.2022 19:33:17 ===============
2022-12-22 19:33:19.834 +01:00 [INF] =============== Start hud at 22.12.2022 19:33:19 ===============
2022-12-22 19:33:19.865 +01:00 [INF] PerfTimer =-> Create new offsets (3,1752 ms) Thread #[1]
2022-12-22 19:33:20.133 +01:00 [INF] PerfTimer =-> Load manual fonts (0,0576 ms) Thread #[1]
2022-12-22 19:33:20.133 +01:00 [INF] PerfTimer =-> DX11 Load (0,7775 ms) Thread #[1]
2022-12-22 19:33:20.528 +01:00 [INF] PerfTimer =-> Load files from memory (56,2281 ms) Thread #[1]
2022-12-22 19:33:21.594 +01:00 [INF] PerfTimer =-> Plugin loader (1033,9901 ms) Thread #[1]
2022-12-22 19:33:21.693 +01:00 [INF] Pattern: Game State -> : Time: 9,3099 ms. Offset:[1167827] Started searching offset with:0
2022-12-22 19:33:21.693 +01:00 [INF] Pattern: Area change -> : Time: 17,2789 ms. Offset:[9290651] Started searching offset with:6881280
2022-12-22 19:33:21.693 +01:00 [INF] Pattern: BlackBarSize -> : Time: 25,8709 ms. Offset:[3061397] Started searching offset with:0
2022-12-22 19:33:21.693 +01:00 [INF] Pattern: File Root -> : Time: 28,3893 ms. Offset:[23261817] Started searching offset with:19726336
2022-12-22 19:33:21.693 +01:00 [INF] Pattern: DiagnosticInfoType -> : Time: 89,984 ms. Offset:[13223375] Started searching offset with:600000
2022-12-22 19:33:21.693 +01:00 [INF] AdvancedTooltip loaded in 19,5006 ms.
2022-12-22 19:33:21.693 +01:00 [INF] AdvancedUberLabLayout loaded in 12,6729 ms.
2022-12-22 19:33:21.693 +01:00 [INF] AutoOpen loaded in 20,9299 ms.
2022-12-22 19:33:21.693 +01:00 [INF] AutoQuit loaded in 3,7201 ms.
2022-12-22 19:33:21.693 +01:00 [INF] TreeRoutine.Routine.BuildYourOwnRoutine loaded in 14,1928 ms.
2022-12-22 19:33:21.693 +01:00 [INF] TreeRoutine.Routine.BasicFlaskRoutine loaded in 14,1928 ms.
2022-12-22 19:33:21.693 +01:00 [INF] BuffUtil loaded in 27,7715 ms.
2022-12-22 19:33:21.693 +01:00 [INF] DelveWalls loaded in 4,6435 ms.
2022-12-22 19:33:21.807 +01:00 [INF] DevTree loaded in 5,0297 ms.
2022-12-22 19:33:21.808 +01:00 [INF] DPSMeter loaded in 5,4232 ms.
2022-12-22 19:33:21.808 +01:00 [INF] EliteBar loaded in 14,5151 ms.
2022-12-22 19:33:21.808 +01:00 [INF] FullRareSetManager loaded in 10,5374 ms.
2022-12-22 19:33:21.808 +01:00 [INF] HealthBars loaded in 28,5096 ms.
2022-12-22 19:33:21.808 +01:00 [INF] HeistIcons.Main loaded in 5,1589 ms.
2022-12-22 19:33:21.808 +01:00 [INF] HighlightedItems loaded in 7,4016 ms.
2022-12-22 19:33:21.808 +01:00 [INF] IconsBuilder loaded in 19,3683 ms.
2022-12-22 19:33:21.808 +01:00 [INF] KillCounter loaded in 5,473 ms.
2022-12-22 19:33:21.808 +01:00 [INF] MapsExchange loaded in 14,9148 ms.
2022-12-22 19:33:21.824 +01:00 [INF] MineDetonator loaded in 3,8117 ms.
2022-12-22 19:33:21.866 +01:00 [INF] MinimapIcons loaded in 54,445 ms.
2022-12-22 19:33:21.875 +01:00 [INF] MiscInformation loaded in 8,1859 ms.
2022-12-22 19:33:21.884 +01:00 [INF] PassiveSkillTreePlanter loaded in 9,1468 ms.
2022-12-22 19:33:21.917 +01:00 [INF] Pickit loaded in 34,3511 ms.
2022-12-22 19:33:21.926 +01:00 [INF] Willplug loaded in 5,7951 ms.
2022-12-22 19:33:21.977 +01:00 [INF] PreloadAlert loaded in 47,6807 ms.
2022-12-22 19:33:21.997 +01:00 [INF] Radar loaded in 20,2995 ms.
2022-12-22 19:33:21.997 +01:00 [INF] Skill_DPS.Core loaded in 4,6215 ms.
2022-12-22 19:33:22.016 +01:00 [INF] Stashie loaded in 14,3996 ms.
2022-12-22 19:33:22.016 +01:00 [INF] XPBar loaded in 2,7554 ms.
2022-12-22 19:33:22.016 +01:00 [INF] MiscInformation -> Initialise time: 0,973 ms.
2022-12-22 19:33:22.016 +01:00 [INF] PreloadAlert -> Initialise time: 0,3904 ms.
2022-12-22 19:33:22.025 +01:00 [INF] HealthBars -> Initialise time: 0,8393 ms.
2022-12-22 19:33:22.025 +01:00 [INF] MinimapIcons -> Initialise time: 0,0075 ms.
2022-12-22 19:33:22.025 +01:00 [INF] HighlightedItems -> Initialise time: 2,2316 ms.
2022-12-22 19:33:22.025 +01:00 [INF] IconsBuilder -> Initialise time: 1,2605 ms.
2022-12-22 19:33:22.025 +01:00 [INF] Radar -> Initialise time: 0,0015 ms.
2022-12-22 19:33:22.033 +01:00 [INF] BasicFlaskRoutine -> Initialise time: 11,7627 ms.
2022-12-22 19:33:22.042 +01:00 [INF] Willplug -> Initialise time: 7,2411 ms.
2022-12-22 19:33:22.115 +01:00 [INF] PerfTimer =-> Preload stats and mods (1586,3779 ms) Thread #[11]
2022-12-22 19:33:22.313 +01:00 [INF] Pattern: Terrain Rotation Selector -> : Time: 219,6579 ms. Offset:[19872765] Started searching offset with:0
2022-12-22 19:33:22.446 +01:00 [INF] Pattern: Terrain Rotator Helper -> : Time: 109,5158 ms. Offset:[9781702] Started searching offset with:0
2022-12-22 19:33:25.535 +01:00 [INF] GetAllFiles loaded in 54ms
2022-12-22 19:33:26.618 +01:00 [INF] Resize from: {X=0,Y=0,Width=1920,Height=1032} to {X=0,Y=0,Width=1920,Height=1080}
2022-12-22 19:33:28.604 +01:00 [INF] HUD loaded in 1827,0314 ms.
2022-12-22 19:33:30.884 +01:00 [INF] PassiveSkillTree: Can't decode url from file: <TEST>
2022-12-22 19:34:23.986 +01:00 [INF] Chest debug -> CType:Legion Path: Metadata/Chests/LegionChests/TemplarChest #		Text: RewardGenericItems #		Render Name: <rgb(218,165,32)>{Templar Chest}
2022-12-22 19:34:23.995 +01:00 [INF] Stat: MonsterMinimapIcon = 184
2022-12-22 19:35:34.661 +01:00 [INF] Chest debug -> CType:Legion Path: Metadata/Chests/LegionChests/TemplarChest #		Text: RewardGenericItems #		Render Name: <rgb(218,165,32)>{Templar Chest}
2022-12-22 19:35:34.667 +01:00 [INF] Stat: MonsterMinimapIcon = 184
2022-12-22 20:45:02.934 +01:00 [INF] WTF ExileCore.Shared.Runner
2022-12-22 20:54:54.146 +01:00 [INF] Game not found
2022-12-22 20:54:55.383 +01:00 [INF] =============== Close hud at 22.12.2022 20:54:55 ===============
2022-12-22 21:25:35.292 +01:00 [INF] =============== Start hud at 22.12.2022 21:25:35 ===============
2022-12-22 21:25:35.418 +01:00 [INF] PerfTimer =-> Create new offsets (91,2934 ms) Thread #[1]
2022-12-22 21:25:36.571 +01:00 [INF] PerfTimer =-> Load manual fonts (0,0995 ms) Thread #[1]
2022-12-22 21:25:36.572 +01:00 [INF] PerfTimer =-> DX11 Load (1,2694 ms) Thread #[1]
2022-12-22 21:25:37.416 +01:00 [INF] PerfTimer =-> Load files from memory (55,3944 ms) Thread #[1]
2022-12-22 21:25:39.577 +01:00 [INF] PerfTimer =-> Preload stats and mods (2160,3514 ms) Thread #[21]
2022-12-22 21:25:40.458 +01:00 [INF] PerfTimer =-> Plugin loader (3000,7281 ms) Thread #[1]
2022-12-22 21:25:40.629 +01:00 [INF] Pattern: Game State -> : Time: 12,4338 ms. Offset:[1167827] Started searching offset with:0
2022-12-22 21:25:40.629 +01:00 [INF] Pattern: Area change -> : Time: 27,0933 ms. Offset:[9290651] Started searching offset with:6881280
2022-12-22 21:25:40.629 +01:00 [INF] Pattern: BlackBarSize -> : Time: 34,0588 ms. Offset:[3061397] Started searching offset with:0
2022-12-22 21:25:40.629 +01:00 [INF] Pattern: File Root -> : Time: 36,4262 ms. Offset:[23261817] Started searching offset with:19726336
2022-12-22 21:25:40.629 +01:00 [INF] Pattern: DiagnosticInfoType -> : Time: 100,6521 ms. Offset:[13223375] Started searching offset with:600000
2022-12-22 21:25:40.629 +01:00 [INF] AdvancedTooltip loaded in 87,3307 ms.
2022-12-22 21:25:40.629 +01:00 [INF] AdvancedUberLabLayout loaded in 54,3726 ms.
2022-12-22 21:25:40.629 +01:00 [INF] AutoOpen loaded in 47,6888 ms.
2022-12-22 21:25:40.629 +01:00 [INF] AutoQuit loaded in 37,9166 ms.
2022-12-22 21:25:40.629 +01:00 [INF] TreeRoutine.Routine.BuildYourOwnRoutine loaded in 91,0657 ms.
2022-12-22 21:25:40.629 +01:00 [INF] TreeRoutine.Routine.BasicFlaskRoutine loaded in 91,0657 ms.
2022-12-22 21:25:40.629 +01:00 [INF] BuffUtil loaded in 77,4097 ms.
2022-12-22 21:25:40.629 +01:00 [INF] DelveWalls loaded in 71,9014 ms.
2022-12-22 21:25:40.629 +01:00 [INF] DevTree loaded in 88,3094 ms.
2022-12-22 21:25:40.629 +01:00 [INF] DPSMeter loaded in 40,7107 ms.
2022-12-22 21:25:40.629 +01:00 [INF] EliteBar loaded in 57,4753 ms.
2022-12-22 21:25:40.629 +01:00 [INF] FullRareSetManager loaded in 116,5879 ms.
2022-12-22 21:25:40.629 +01:00 [INF] HealthBars loaded in 97,2767 ms.
2022-12-22 21:25:40.629 +01:00 [INF] HeistIcons.Main loaded in 55,4503 ms.
2022-12-22 21:25:40.629 +01:00 [INF] HighlightedItems loaded in 84,0625 ms.
2022-12-22 21:25:40.629 +01:00 [INF] IconsBuilder loaded in 102,0252 ms.
2022-12-22 21:25:40.629 +01:00 [INF] KillCounter loaded in 39,7766 ms.
2022-12-22 21:25:40.629 +01:00 [INF] MapsExchange loaded in 78,5044 ms.
2022-12-22 21:25:40.629 +01:00 [INF] MineDetonator loaded in 38,1744 ms.
2022-12-22 21:25:40.629 +01:00 [INF] MinimapIcons loaded in 147,4915 ms.
2022-12-22 21:25:40.629 +01:00 [INF] MiscInformation loaded in 47,937 ms.
2022-12-22 21:25:40.629 +01:00 [INF] PassiveSkillTreePlanter loaded in 52,4043 ms.
2022-12-22 21:25:40.629 +01:00 [INF] Pickit loaded in 148,8498 ms.
2022-12-22 21:25:40.629 +01:00 [INF] Willplug loaded in 65,1586 ms.
2022-12-22 21:25:40.629 +01:00 [INF] PreloadAlert loaded in 154,0734 ms.
2022-12-22 21:25:40.629 +01:00 [INF] Radar loaded in 94,794 ms.
2022-12-22 21:25:40.629 +01:00 [INF] Skill_DPS.Core loaded in 42,8578 ms.
2022-12-22 21:25:40.629 +01:00 [INF] Stashie loaded in 109,7731 ms.
2022-12-22 21:25:40.712 +01:00 [INF] XPBar loaded in 30,8176 ms.
2022-12-22 21:25:40.712 +01:00 [INF] MiscInformation -> Initialise time: 1,1875 ms.
2022-12-22 21:25:40.712 +01:00 [INF] PreloadAlert -> Initialise time: 0,4933 ms.
2022-12-22 21:25:40.712 +01:00 [INF] HealthBars -> Initialise time: 8,1214 ms.
2022-12-22 21:25:40.712 +01:00 [INF] MinimapIcons -> Initialise time: 0,0101 ms.
2022-12-22 21:25:40.712 +01:00 [INF] HighlightedItems -> Initialise time: 3,8192 ms.
2022-12-22 21:25:40.712 +01:00 [INF] IconsBuilder -> Initialise time: 6,6974 ms.
2022-12-22 21:25:40.712 +01:00 [INF] Radar -> Initialise time: 0,003 ms.
2022-12-22 21:25:40.724 +01:00 [INF] BasicFlaskRoutine -> Initialise time: 36,8875 ms.
2022-12-22 21:25:40.724 +01:00 [INF] Willplug -> Initialise time: 6,5364 ms.
2022-12-22 21:25:40.991 +01:00 [INF] Pattern: Terrain Rotation Selector -> : Time: 205,2242 ms. Offset:[19872765] Started searching offset with:0
2022-12-22 21:25:41.125 +01:00 [INF] Pattern: Terrain Rotator Helper -> : Time: 98,1155 ms. Offset:[9781702] Started searching offset with:0
2022-12-22 21:25:42.422 +01:00 [INF] GetAllFiles loaded in 53ms
2022-12-22 21:25:45.477 +01:00 [INF] Resize from: {X=0,Y=0,Width=1920,Height=1032} to {X=0,Y=0,Width=1920,Height=1080}
2022-12-22 21:25:47.465 +01:00 [INF] HUD loaded in 5461,8242 ms.
2022-12-22 21:25:59.205 +01:00 [INF] PassiveSkillTree: Can't decode url from file: <TEST>
2022-12-22 21:26:50.036 +01:00 [INF] =============== Close hud at 22.12.2022 21:26:50 ===============
2022-12-22 22:09:57.987 +01:00 [INF] =============== Start hud at 22.12.2022 22:09:57 ===============
2022-12-22 22:09:58.017 +01:00 [INF] PerfTimer =-> Create new offsets (3,2211 ms) Thread #[1]
2022-12-22 22:09:58.270 +01:00 [INF] PerfTimer =-> Load manual fonts (0,058 ms) Thread #[1]
2022-12-22 22:09:58.270 +01:00 [INF] PerfTimer =-> DX11 Load (0,7948 ms) Thread #[1]
2022-12-22 22:09:58.658 +01:00 [INF] PerfTimer =-> Load files from memory (45,153 ms) Thread #[1]
2022-12-22 22:10:00.202 +01:00 [INF] PerfTimer =-> Plugin loader (1513,1206 ms) Thread #[1]
2022-12-22 22:10:00.289 +01:00 [INF] Pattern: Game State -> : Time: 9,5309 ms. Offset:[1167827] Started searching offset with:0
2022-12-22 22:10:00.290 +01:00 [INF] Pattern: Area change -> : Time: 17,6153 ms. Offset:[9290651] Started searching offset with:6881280
2022-12-22 22:10:00.290 +01:00 [INF] Pattern: BlackBarSize -> : Time: 25,8907 ms. Offset:[3061397] Started searching offset with:0
2022-12-22 22:10:00.290 +01:00 [INF] Pattern: File Root -> : Time: 28,2211 ms. Offset:[23261817] Started searching offset with:19726336
2022-12-22 22:10:00.290 +01:00 [INF] Pattern: DiagnosticInfoType -> : Time: 88,2612 ms. Offset:[13223375] Started searching offset with:600000
2022-12-22 22:10:00.290 +01:00 [INF] AdvancedTooltip loaded in 20,9732 ms.
2022-12-22 22:10:00.290 +01:00 [INF] AdvancedUberLabLayout loaded in 6,8465 ms.
2022-12-22 22:10:00.290 +01:00 [INF] AutoOpen loaded in 5,7282 ms.
2022-12-22 22:10:00.290 +01:00 [INF] AutoQuit loaded in 8,9714 ms.
2022-12-22 22:10:00.290 +01:00 [INF] TreeRoutine.Routine.BuildYourOwnRoutine loaded in 13,96 ms.
2022-12-22 22:10:00.290 +01:00 [INF] TreeRoutine.Routine.BasicFlaskRoutine loaded in 13,96 ms.
2022-12-22 22:10:00.290 +01:00 [INF] BuffUtil loaded in 24,5359 ms.
2022-12-22 22:10:00.290 +01:00 [INF] DelveWalls loaded in 8,1938 ms.
2022-12-22 22:10:00.290 +01:00 [INF] DevTree loaded in 6,5228 ms.
2022-12-22 22:10:00.290 +01:00 [INF] DPSMeter loaded in 8,4939 ms.
2022-12-22 22:10:00.290 +01:00 [INF] EliteBar loaded in 24,4073 ms.
2022-12-22 22:10:00.290 +01:00 [INF] FullRareSetManager loaded in 12,967 ms.
2022-12-22 22:10:00.290 +01:00 [INF] HealthBars loaded in 44,8337 ms.
2022-12-22 22:10:00.290 +01:00 [INF] HeistIcons.Main loaded in 6,8185 ms.
2022-12-22 22:10:00.290 +01:00 [INF] HighlightedItems loaded in 16,114 ms.
2022-12-22 22:10:00.290 +01:00 [INF] IconsBuilder loaded in 17,8987 ms.
2022-12-22 22:10:00.290 +01:00 [INF] KillCounter loaded in 10,4856 ms.
2022-12-22 22:10:00.290 +01:00 [INF] MapsExchange loaded in 16,137 ms.
2022-12-22 22:10:00.290 +01:00 [INF] MineDetonator loaded in 16,9952 ms.
2022-12-22 22:10:00.290 +01:00 [INF] MinimapIcons loaded in 63,6598 ms.
2022-12-22 22:10:00.290 +01:00 [INF] MiscInformation loaded in 23,2127 ms.
2022-12-22 22:10:00.290 +01:00 [INF] PassiveSkillTreePlanter loaded in 9,5026 ms.
2022-12-22 22:10:00.290 +01:00 [INF] Pickit loaded in 52,1584 ms.
2022-12-22 22:10:00.290 +01:00 [INF] Willplug loaded in 5,9667 ms.
2022-12-22 22:10:00.290 +01:00 [INF] PreloadAlert loaded in 47,5686 ms.
2022-12-22 22:10:00.290 +01:00 [INF] Radar loaded in 24,4896 ms.
2022-12-22 22:10:00.290 +01:00 [INF] Skill_DPS.Core loaded in 4,2656 ms.
2022-12-22 22:10:00.290 +01:00 [INF] Stashie loaded in 8,4317 ms.
2022-12-22 22:10:00.290 +01:00 [INF] XPBar loaded in 9,2155 ms.
2022-12-22 22:10:00.290 +01:00 [INF] MiscInformation -> Initialise time: 1,4187 ms.
2022-12-22 22:10:00.290 +01:00 [INF] PreloadAlert -> Initialise time: 0,4838 ms.
2022-12-22 22:10:00.290 +01:00 [INF] HealthBars -> Initialise time: 1,5464 ms.
2022-12-22 22:10:00.290 +01:00 [INF] MinimapIcons -> Initialise time: 0,0079 ms.
2022-12-22 22:10:00.290 +01:00 [INF] HighlightedItems -> Initialise time: 2,5687 ms.
2022-12-22 22:10:00.290 +01:00 [INF] IconsBuilder -> Initialise time: 1,3488 ms.
2022-12-22 22:10:00.290 +01:00 [INF] Radar -> Initialise time: 0,0016 ms.
2022-12-22 22:10:00.290 +01:00 [INF] BasicFlaskRoutine -> Initialise time: 14,279 ms.
2022-12-22 22:10:00.290 +01:00 [INF] Willplug -> Initialise time: 6,4225 ms.
2022-12-22 22:10:00.327 +01:00 [INF] PerfTimer =-> Preload stats and mods (1667,9296 ms) Thread #[11]
2022-12-22 22:10:00.675 +01:00 [INF] Pattern: Terrain Rotation Selector -> : Time: 331,4625 ms. Offset:[19872765] Started searching offset with:0
2022-12-22 22:10:00.885 +01:00 [INF] Pattern: Terrain Rotator Helper -> : Time: 169,9552 ms. Offset:[9781702] Started searching offset with:0
2022-12-22 22:10:03.779 +01:00 [INF] GetAllFiles loaded in 43ms
2022-12-22 22:10:05.224 +01:00 [INF] Resize from: {X=0,Y=0,Width=1920,Height=1032} to {X=0,Y=0,Width=1920,Height=1080}
2022-12-22 22:10:07.206 +01:00 [INF] HUD loaded in 2279,5337 ms.
2022-12-22 22:10:09.093 +01:00 [INF] PassiveSkillTree: Can't decode url from file: <TEST>
2022-12-22 22:35:53.206 +01:00 [INF] Chest debug -> CType:Strongbox Path: Metadata/Chests/StrongBoxes/Arsenal #		Text: Blacksmith's Strongbox #		Render Name: Blacksmith's Strongbox
2022-12-22 22:35:53.214 +01:00 [INF] Stat: ChestDelayDropsUntilDaemonsFinish = 1
2022-12-22 22:35:53.214 +01:00 [INF] Stat: ChestPlayWarningSound = 1
2022-12-22 22:37:11.779 +01:00 [INF] Chest debug -> CType:Strongbox Path: Metadata/Chests/StrongBoxes/Strongbox #		Text: Strongbox #		Render Name: Strongbox
2022-12-22 22:37:11.787 +01:00 [INF] Stat: ChestDelayDropsUntilDaemonsFinish = 2
2022-12-22 22:37:11.787 +01:00 [INF] Stat: ChestPlayWarningSound = 1
2022-12-22 22:37:11.787 +01:00 [INF] Stat: ChestDisplaySummonsSkeletons = 1
2022-12-22 22:41:19.006 +01:00 [INF] Chest debug -> CType:Strongbox Path: Metadata/Chests/StrongBoxes/Strongbox #		Text: Strongbox #		Render Name: Strongbox
2022-12-22 22:41:19.012 +01:00 [INF] Stat: ChestDelayDropsUntilDaemonsFinish = 2
2022-12-22 22:41:19.012 +01:00 [INF] Stat: ChestPlayWarningSound = 1
2022-12-22 22:41:19.012 +01:00 [INF] Stat: ChestDisplaySummonsSkeletons = 1
2022-12-22 22:45:35.618 +01:00 [INF] Chest debug -> CType:Strongbox Path: Metadata/Chests/StrongBoxes/Gemcutter #		Text: Gemcutter's Strongbox #		Render Name: Gemcutter's Strongbox
2022-12-22 22:45:35.624 +01:00 [INF] Stat: ChestDelayDropsUntilDaemonsFinish = 1
2022-12-22 22:53:25.647 +01:00 [INF] Chest debug -> CType:Strongbox Path: Metadata/Chests/StrongBoxes/Strongbox #		Text: Strongbox #		Render Name: Strongbox
2022-12-22 22:53:25.657 +01:00 [INF] Stat: ChestDelayDropsUntilDaemonsFinish = 1
2022-12-22 22:53:25.657 +01:00 [INF] Stat: ChestPlayWarningSound = 1
2022-12-22 22:53:28.278 +01:00 [INF] WTF ExileCore.Shared.Runner
2022-12-22 22:54:05.232 +01:00 [INF] =============== Close hud at 22.12.2022 22:54:05 ===============
