2022-12-28 10:49:58.471 +01:00 [INF] =============== Start hud at 28.12.2022 10:49:58 ===============
2022-12-28 10:49:58.587 +01:00 [INF] PerfTimer =-> Create new offsets (80,6548 ms) Thread #[1]
2022-12-28 10:49:59.590 +01:00 [INF] PerfTimer =-> Load manual fonts (0,0594 ms) Thread #[1]
2022-12-28 10:49:59.590 +01:00 [INF] PerfTimer =-> DX11 Load (0,8973 ms) Thread #[1]
2022-12-28 10:50:00.308 +01:00 [INF] PerfTimer =-> Load files from memory (44,5462 ms) Thread #[1]
2022-12-28 10:50:00.632 +01:00 [WRN] TreeRoutine.Routine.BuildYourOwnRoutine.Flask.FlaskSetting[] not supported for menu now. Ask developers to add this type.
2022-12-28 10:50:00.637 +01:00 [WRN] <0  0> not supported for menu now. Ask developers to add this type.
2022-12-28 10:50:00.637 +01:00 [WRN] <0  0> not supported for menu now. Ask developers to add this type.
2022-12-28 10:50:00.660 +01:00 [WRN] TreeRoutine.Routine.BasicFlaskRoutine.Flask.FlaskSetting[] not supported for menu now. Ask developers to add this type.
2022-12-28 10:50:01.023 +01:00 [WRN] 0 not supported for menu now. Ask developers to add this type.
2022-12-28 10:50:01.204 +01:00 [WRN] System.Int32[,] not supported for menu now. Ask developers to add this type.
2022-12-28 10:50:01.289 +01:00 [WRN] 16 not supported for menu now. Ask developers to add this type.
2022-12-28 10:50:01.411 +01:00 [WRN] ExileCore.Shared.Nodes.RangeNode`1[System.Byte] not supported for menu now. Ask developers to add this type.
2022-12-28 10:50:01.411 +01:00 [WRN] ExileCore.Shared.Nodes.RangeNode`1[System.Byte] not supported for menu now. Ask developers to add this type.
2022-12-28 10:50:01.411 +01:00 [WRN] ExileCore.Shared.Nodes.RangeNode`1[System.Byte] not supported for menu now. Ask developers to add this type.
2022-12-28 10:50:01.673 +01:00 [WRN]  not supported for menu now. Ask developers to add this type.
2022-12-28 10:50:01.673 +01:00 [WRN]  not supported for menu now. Ask developers to add this type.
2022-12-28 10:50:01.673 +01:00 [WRN]  not supported for menu now. Ask developers to add this type.
2022-12-28 10:50:01.673 +01:00 [WRN] PassiveSkillTreePlanter.TreeConfig+SkillTreeData not supported for menu now. Ask developers to add this type.
2022-12-28 10:50:01.673 +01:00 [WRN] PassiveSkillTreePlanter.TreeConfig+SkillTreeData not supported for menu now. Ask developers to add this type.
2022-12-28 10:50:01.809 +01:00 [WRN]  not supported for menu now. Ask developers to add this type.
2022-12-28 10:50:01.809 +01:00 [WRN]  not supported for menu now. Ask developers to add this type.
2022-12-28 10:50:01.809 +01:00 [WRN]  not supported for menu now. Ask developers to add this type.
2022-12-28 10:50:01.809 +01:00 [WRN]  not supported for menu now. Ask developers to add this type.
2022-12-28 10:50:01.809 +01:00 [WRN]  not supported for menu now. Ask developers to add this type.
2022-12-28 10:50:01.809 +01:00 [WRN]  not supported for menu now. Ask developers to add this type.
2022-12-28 10:50:01.809 +01:00 [WRN] <0  0> not supported for menu now. Ask developers to add this type.
2022-12-28 10:50:01.809 +01:00 [WRN] PickIt.PickItSettings+FRSMOverrides not supported for menu now. Ask developers to add this type.
2022-12-28 10:50:02.243 +01:00 [WRN] System.Int32[,] not supported for menu now. Ask developers to add this type.
2022-12-28 10:50:02.346 +01:00 [INF] PerfTimer =-> Preload stats and mods (2037,2717 ms) Thread #[19]
2022-12-28 10:50:03.006 +01:00 [INF] PerfTimer =-> Plugin loader (2663,6438 ms) Thread #[1]
2022-12-28 10:50:03.168 +01:00 [INF] Pattern: Game State -> : Time: 10,3788 ms. Offset:[1167827] Started searching offset with:0
2022-12-28 10:50:03.168 +01:00 [INF] Pattern: Area change -> : Time: 18,8995 ms. Offset:[9290651] Started searching offset with:6881280
2022-12-28 10:50:03.168 +01:00 [INF] Pattern: BlackBarSize -> : Time: 28,2089 ms. Offset:[3061397] Started searching offset with:0
2022-12-28 10:50:03.168 +01:00 [INF] Pattern: File Root -> : Time: 29,3592 ms. Offset:[23261817] Started searching offset with:19726336
2022-12-28 10:50:03.168 +01:00 [INF] Pattern: DiagnosticInfoType -> : Time: 90,6375 ms. Offset:[13223375] Started searching offset with:600000
2022-12-28 10:50:03.168 +01:00 [INF] AdvancedTooltip loaded in 77,3475 ms.
2022-12-28 10:50:03.168 +01:00 [INF] AdvancedUberLabLayout loaded in 48,6707 ms.
2022-12-28 10:50:03.168 +01:00 [INF] AutoOpen loaded in 41,9241 ms.
2022-12-28 10:50:03.168 +01:00 [INF] AutoQuit loaded in 39,8614 ms.
2022-12-28 10:50:03.168 +01:00 [INF] TreeRoutine.Routine.BuildYourOwnRoutine loaded in 75,8893 ms.
2022-12-28 10:50:03.168 +01:00 [INF] TreeRoutine.Routine.BasicFlaskRoutine loaded in 75,8893 ms.
2022-12-28 10:50:03.168 +01:00 [INF] BuffUtil loaded in 64,1405 ms.
2022-12-28 10:50:03.168 +01:00 [INF] DelveWalls loaded in 29,8742 ms.
2022-12-28 10:50:03.168 +01:00 [INF] DevTree loaded in 93,6351 ms.
2022-12-28 10:50:03.168 +01:00 [INF] DPSMeter loaded in 36,8182 ms.
2022-12-28 10:50:03.168 +01:00 [INF] EliteBar loaded in 54,2274 ms.
2022-12-28 10:50:03.168 +01:00 [INF] FullRareSetManager loaded in 84,8032 ms.
2022-12-28 10:50:03.168 +01:00 [INF] HealthBars loaded in 80,5402 ms.
2022-12-28 10:50:03.168 +01:00 [INF] HeistIcons.Main loaded in 43,3312 ms.
2022-12-28 10:50:03.168 +01:00 [INF] HighlightedItems loaded in 56,6055 ms.
2022-12-28 10:50:03.168 +01:00 [INF] IconsBuilder loaded in 97,8497 ms.
2022-12-28 10:50:03.168 +01:00 [INF] KillCounter loaded in 38,5868 ms.
2022-12-28 10:50:03.168 +01:00 [INF] MapsExchange loaded in 70,8004 ms.
2022-12-28 10:50:03.168 +01:00 [INF] MineDetonator loaded in 34,5171 ms.
2022-12-28 10:50:03.168 +01:00 [INF] MinimapIcons loaded in 132,1896 ms.
2022-12-28 10:50:03.168 +01:00 [INF] MiscInformation loaded in 46,3537 ms.
2022-12-28 10:50:03.168 +01:00 [INF] PassiveSkillTreePlanter loaded in 49,6347 ms.
2022-12-28 10:50:03.168 +01:00 [INF] Pickit loaded in 135,0492 ms.
2022-12-28 10:50:03.168 +01:00 [INF] Willplug loaded in 71,5566 ms.
2022-12-28 10:50:03.168 +01:00 [INF] PreloadAlert loaded in 137,1929 ms.
2022-12-28 10:50:03.168 +01:00 [INF] Radar loaded in 77,0298 ms.
2022-12-28 10:50:03.168 +01:00 [INF] Skill_DPS.Core loaded in 61,4446 ms.
2022-12-28 10:50:03.243 +01:00 [INF] Stashie loaded in 86,287 ms.
2022-12-28 10:50:03.277 +01:00 [INF] XPBar loaded in 28,942 ms.
2022-12-28 10:50:03.277 +01:00 [INF] MiscInformation -> Initialise time: 1,0236 ms.
2022-12-28 10:50:03.277 +01:00 [INF] PreloadAlert -> Initialise time: 0,3858 ms.
2022-12-28 10:50:03.285 +01:00 [INF] HealthBars -> Initialise time: 5,1349 ms.
2022-12-28 10:50:03.285 +01:00 [INF] MinimapIcons -> Initialise time: 0,0098 ms.
2022-12-28 10:50:03.285 +01:00 [INF] HighlightedItems -> Initialise time: 3,0928 ms.
2022-12-28 10:50:03.304 +01:00 [INF] IconsBuilder -> Initialise time: 10,8662 ms.
2022-12-28 10:50:03.304 +01:00 [INF] Radar -> Initialise time: 0,0017 ms.
2022-12-28 10:50:03.330 +01:00 [INF] BasicFlaskRoutine -> Initialise time: 33,4946 ms.
2022-12-28 10:50:03.339 +01:00 [INF] Willplug -> Initialise time: 6,3556 ms.
2022-12-28 10:50:03.594 +01:00 [INF] Pattern: Terrain Rotation Selector -> : Time: 197,1288 ms. Offset:[19872765] Started searching offset with:0
2022-12-28 10:50:03.722 +01:00 [INF] Pattern: Terrain Rotator Helper -> : Time: 94,7575 ms. Offset:[9781702] Started searching offset with:0
2022-12-28 10:50:05.311 +01:00 [INF] GetAllFiles loaded in 42ms
2022-12-28 10:50:08.030 +01:00 [INF] Resize from: {X=0,Y=0,Width=1920,Height=1032} to {X=0,Y=0,Width=1920,Height=1080}
2022-12-28 10:50:10.010 +01:00 [INF] HUD loaded in 4792,2599 ms.
2022-12-28 10:50:11.684 +01:00 [INF] PassiveSkillTree: Can't decode url from file: <TEST>
2022-12-28 10:50:12.330 +01:00 [ERR] BaseTreeRoutinePlugin: Cannot find C:\William\GIT\poe_api_tehcheat\PoEHelper\Plugins\Compiled\poe-plugin-willplug/config/flaskinfo.json file. This plugin will exit.
2022-12-28 10:50:12.334 +01:00 [ERR] BaseTreeRoutinePlugin: Cannot find C:\William\GIT\poe_api_tehcheat\PoEHelper\Plugins\Compiled\poe-plugin-willplug/config/debuffPanel.json file. This plugin will exit.
2022-12-28 10:50:12.334 +01:00 [ERR] BaseTreeRoutinePlugin: Cannot find C:\William\GIT\poe_api_tehcheat\PoEHelper\Plugins\Compiled\poe-plugin-willplug/config/FlaskBuffDetails.json file. This plugin will exit.
2022-12-28 10:53:33.810 +01:00 [INF] Chest debug -> CType:Strongbox Path: Metadata/Chests/StrongBoxes/Strongbox #		Text: Strongbox #		Render Name: Strongbox
2022-12-28 10:53:33.816 +01:00 [INF] Stat: ChestDelayDropsUntilDaemonsFinish = 1
2022-12-28 10:53:33.816 +01:00 [INF] Stat: ChestPlayWarningSound = 1
2022-12-28 10:56:42.977 +01:00 [INF] Dev Tree -> Initialise time: 18,9852 ms.
2022-12-28 10:57:28.425 +01:00 [INF] =============== Close hud at 28.12.2022 10:57:28 ===============
2022-12-28 10:57:29.485 +01:00 [INF] =============== Start hud at 28.12.2022 10:57:29 ===============
2022-12-28 10:57:29.522 +01:00 [INF] PerfTimer =-> Create new offsets (3,759 ms) Thread #[1]
2022-12-28 10:57:29.834 +01:00 [INF] PerfTimer =-> Load manual fonts (0,0675 ms) Thread #[1]
2022-12-28 10:57:29.834 +01:00 [INF] PerfTimer =-> DX11 Load (0,9501 ms) Thread #[1]
2022-12-28 10:57:30.280 +01:00 [INF] PerfTimer =-> Load files from memory (65,9907 ms) Thread #[1]
2022-12-28 10:57:30.390 +01:00 [WRN] TreeRoutine.Routine.BuildYourOwnRoutine.Flask.FlaskSetting[] not supported for menu now. Ask developers to add this type.
2022-12-28 10:57:30.395 +01:00 [WRN] <0  0> not supported for menu now. Ask developers to add this type.
2022-12-28 10:57:30.395 +01:00 [WRN] <0  0> not supported for menu now. Ask developers to add this type.
2022-12-28 10:57:30.439 +01:00 [WRN] TreeRoutine.Routine.BasicFlaskRoutine.Flask.FlaskSetting[] not supported for menu now. Ask developers to add this type.
2022-12-28 10:57:30.519 +01:00 [WRN] 0 not supported for menu now. Ask developers to add this type.
2022-12-28 10:57:30.571 +01:00 [WRN] System.Int32[,] not supported for menu now. Ask developers to add this type.
2022-12-28 10:57:30.583 +01:00 [WRN] 16 not supported for menu now. Ask developers to add this type.
2022-12-28 10:57:30.618 +01:00 [WRN] ExileCore.Shared.Nodes.RangeNode`1[System.Byte] not supported for menu now. Ask developers to add this type.
2022-12-28 10:57:30.619 +01:00 [WRN] ExileCore.Shared.Nodes.RangeNode`1[System.Byte] not supported for menu now. Ask developers to add this type.
2022-12-28 10:57:30.619 +01:00 [WRN] ExileCore.Shared.Nodes.RangeNode`1[System.Byte] not supported for menu now. Ask developers to add this type.
2022-12-28 10:57:30.726 +01:00 [WRN]  not supported for menu now. Ask developers to add this type.
2022-12-28 10:57:30.726 +01:00 [WRN]  not supported for menu now. Ask developers to add this type.
2022-12-28 10:57:30.726 +01:00 [WRN]  not supported for menu now. Ask developers to add this type.
2022-12-28 10:57:30.726 +01:00 [WRN] PassiveSkillTreePlanter.TreeConfig+SkillTreeData not supported for menu now. Ask developers to add this type.
2022-12-28 10:57:30.726 +01:00 [WRN] PassiveSkillTreePlanter.TreeConfig+SkillTreeData not supported for menu now. Ask developers to add this type.
2022-12-28 10:57:30.764 +01:00 [WRN]  not supported for menu now. Ask developers to add this type.
2022-12-28 10:57:30.764 +01:00 [WRN]  not supported for menu now. Ask developers to add this type.
2022-12-28 10:57:30.764 +01:00 [WRN]  not supported for menu now. Ask developers to add this type.
2022-12-28 10:57:30.764 +01:00 [WRN]  not supported for menu now. Ask developers to add this type.
2022-12-28 10:57:30.764 +01:00 [WRN]  not supported for menu now. Ask developers to add this type.
2022-12-28 10:57:30.764 +01:00 [WRN]  not supported for menu now. Ask developers to add this type.
2022-12-28 10:57:30.764 +01:00 [WRN] <0  0> not supported for menu now. Ask developers to add this type.
2022-12-28 10:57:30.765 +01:00 [WRN] PickIt.PickItSettings+FRSMOverrides not supported for menu now. Ask developers to add this type.
2022-12-28 10:57:30.884 +01:00 [WRN] System.Int32[,] not supported for menu now. Ask developers to add this type.
2022-12-28 10:57:31.908 +01:00 [INF] PerfTimer =-> Plugin loader (1593,7692 ms) Thread #[1]
2022-12-28 10:57:32.031 +01:00 [INF] Pattern: Game State -> : Time: 9,7897 ms. Offset:[1167827] Started searching offset with:0
2022-12-28 10:57:32.032 +01:00 [INF] Pattern: Area change -> : Time: 17,3455 ms. Offset:[9290651] Started searching offset with:6881280
2022-12-28 10:57:32.032 +01:00 [INF] Pattern: BlackBarSize -> : Time: 25,9992 ms. Offset:[3061397] Started searching offset with:0
2022-12-28 10:57:32.032 +01:00 [INF] Pattern: File Root -> : Time: 27,4727 ms. Offset:[23261817] Started searching offset with:19726336
2022-12-28 10:57:32.032 +01:00 [INF] Pattern: DiagnosticInfoType -> : Time: 92,6957 ms. Offset:[13223375] Started searching offset with:600000
2022-12-28 10:57:32.032 +01:00 [INF] AdvancedTooltip loaded in 31,2457 ms.
2022-12-28 10:57:32.032 +01:00 [INF] AdvancedUberLabLayout loaded in 7,4004 ms.
2022-12-28 10:57:32.032 +01:00 [INF] AutoOpen loaded in 6,7639 ms.
2022-12-28 10:57:32.032 +01:00 [INF] AutoQuit loaded in 4,4019 ms.
2022-12-28 10:57:32.032 +01:00 [INF] TreeRoutine.Routine.BuildYourOwnRoutine loaded in 18,3002 ms.
2022-12-28 10:57:32.032 +01:00 [INF] TreeRoutine.Routine.BasicFlaskRoutine loaded in 18,3002 ms.
2022-12-28 10:57:32.032 +01:00 [INF] BuffUtil loaded in 22,1317 ms.
2022-12-28 10:57:32.032 +01:00 [INF] DelveWalls loaded in 6,5549 ms.
2022-12-28 10:57:32.032 +01:00 [INF] DevTree loaded in 7,4386 ms.
2022-12-28 10:57:32.032 +01:00 [INF] DPSMeter loaded in 16,3326 ms.
2022-12-28 10:57:32.032 +01:00 [INF] EliteBar loaded in 16,5372 ms.
2022-12-28 10:57:32.032 +01:00 [INF] FullRareSetManager loaded in 12,1174 ms.
2022-12-28 10:57:32.032 +01:00 [INF] HealthBars loaded in 34,1565 ms.
2022-12-28 10:57:32.032 +01:00 [INF] HeistIcons.Main loaded in 6,6961 ms.
2022-12-28 10:57:32.032 +01:00 [INF] HighlightedItems loaded in 9,8629 ms.
2022-12-28 10:57:32.032 +01:00 [INF] IconsBuilder loaded in 24,1549 ms.
2022-12-28 10:57:32.032 +01:00 [INF] KillCounter loaded in 7,2506 ms.
2022-12-28 10:57:32.032 +01:00 [INF] MapsExchange loaded in 16,6258 ms.
2022-12-28 10:57:32.032 +01:00 [INF] MineDetonator loaded in 3,7991 ms.
2022-12-28 10:57:32.032 +01:00 [INF] MinimapIcons loaded in 82,5248 ms.
2022-12-28 10:57:32.032 +01:00 [INF] MiscInformation loaded in 10,99 ms.
2022-12-28 10:57:32.032 +01:00 [INF] PassiveSkillTreePlanter loaded in 11,4048 ms.
2022-12-28 10:57:32.032 +01:00 [INF] Pickit loaded in 36,9194 ms.
2022-12-28 10:57:32.032 +01:00 [INF] Willplug loaded in 6,724 ms.
2022-12-28 10:57:32.032 +01:00 [INF] PreloadAlert loaded in 56,4113 ms.
2022-12-28 10:57:32.032 +01:00 [INF] Radar loaded in 33,5505 ms.
2022-12-28 10:57:32.032 +01:00 [INF] Skill_DPS.Core loaded in 12,8919 ms.
2022-12-28 10:57:32.032 +01:00 [INF] Stashie loaded in 9,9608 ms.
2022-12-28 10:57:32.032 +01:00 [INF] XPBar loaded in 3,7115 ms.
2022-12-28 10:57:32.032 +01:00 [INF] MiscInformation -> Initialise time: 1,292 ms.
2022-12-28 10:57:32.032 +01:00 [INF] PreloadAlert -> Initialise time: 0,5633 ms.
2022-12-28 10:57:32.032 +01:00 [INF] HealthBars -> Initialise time: 1,2605 ms.
2022-12-28 10:57:32.032 +01:00 [INF] MinimapIcons -> Initialise time: 0,01 ms.
2022-12-28 10:57:32.032 +01:00 [INF] HighlightedItems -> Initialise time: 2,7437 ms.
2022-12-28 10:57:32.032 +01:00 [INF] IconsBuilder -> Initialise time: 1,7464 ms.
2022-12-28 10:57:32.032 +01:00 [INF] Radar -> Initialise time: 0,0021 ms.
2022-12-28 10:57:32.032 +01:00 [INF] BasicFlaskRoutine -> Initialise time: 26,0056 ms.
2022-12-28 10:57:32.032 +01:00 [INF] Willplug -> Initialise time: 7,9522 ms.
2022-12-28 10:57:32.151 +01:00 [INF] PerfTimer =-> Preload stats and mods (1870,5561 ms) Thread #[27]
2022-12-28 10:57:32.239 +01:00 [INF] Pattern: Terrain Rotation Selector -> : Time: 238,4857 ms. Offset:[19872765] Started searching offset with:0
2022-12-28 10:57:32.447 +01:00 [INF] Pattern: Terrain Rotator Helper -> : Time: 127,5636 ms. Offset:[9781702] Started searching offset with:0
2022-12-28 10:57:35.279 +01:00 [INF] GetAllFiles loaded in 64ms
2022-12-28 10:57:36.922 +01:00 [INF] Resize from: {X=0,Y=0,Width=1920,Height=1032} to {X=0,Y=0,Width=1920,Height=1080}
2022-12-28 10:57:38.923 +01:00 [INF] HUD loaded in 2511,9736 ms.
2022-12-28 10:57:40.729 +01:00 [INF] PassiveSkillTree: Can't decode url from file: <TEST>
2022-12-28 10:57:40.927 +01:00 [ERR] BaseTreeRoutinePlugin: Cannot find C:\William\GIT\poe_api_tehcheat\PoEHelper\Plugins\Compiled\poe-plugin-willplug/config/flaskinfo.json file. This plugin will exit.
2022-12-28 10:57:40.931 +01:00 [ERR] BaseTreeRoutinePlugin: Cannot find C:\William\GIT\poe_api_tehcheat\PoEHelper\Plugins\Compiled\poe-plugin-willplug/config/debuffPanel.json file. This plugin will exit.
2022-12-28 10:57:40.931 +01:00 [ERR] BaseTreeRoutinePlugin: Cannot find C:\William\GIT\poe_api_tehcheat\PoEHelper\Plugins\Compiled\poe-plugin-willplug/config/FlaskBuffDetails.json file. This plugin will exit.
2022-12-28 10:58:23.747 +01:00 [INF] Chest debug -> CType:Legion Path: Metadata/Chests/LegionChests/TemplarChestEpic #		Text: RewardFossils #		Render Name: <rgb(218,165,32)>{Templar War Hoard}
2022-12-28 10:58:23.762 +01:00 [INF] Stat: MonsterMinimapIcon = 181
2022-12-28 10:58:23.854 +01:00 [INF] Chest debug -> CType:Legion Path: Metadata/Chests/LegionChests/TemplarChest #		Text: RewardArmour #		Render Name: <rgb(218,165,32)>{Templar Chest}
2022-12-28 10:58:23.859 +01:00 [INF] Stat: MonsterMinimapIcon = 175
2022-12-28 10:58:23.912 +01:00 [INF] Chest debug -> CType:Legion Path: Metadata/Chests/LegionChests/TemplarChestEpic #		Text: RewardCurrency #		Render Name: <rgb(218,165,32)>{Templar War Hoard}
2022-12-28 10:58:23.917 +01:00 [INF] Stat: MonsterMinimapIcon = 178
2022-12-28 10:58:23.961 +01:00 [INF] Chest debug -> CType:Legion Path: Metadata/Chests/LegionChests/TemplarChest #		Text: RewardCurrency #		Render Name: <rgb(218,165,32)>{Templar Chest}
2022-12-28 10:58:23.966 +01:00 [INF] Stat: MonsterMinimapIcon = 178
2022-12-28 10:58:35.580 +01:00 [INF] Chest debug -> CType:Legion Path: Metadata/Chests/LegionChests/KaruiChest #		Text: RewardWeapons #		Render Name: <rgb(218,165,32)>{Karui Chest}
2022-12-28 10:58:35.588 +01:00 [INF] Stat: MonsterMinimapIcon = 194
2022-12-28 10:58:36.060 +01:00 [INF] Chest debug -> CType:Legion Path: Metadata/Chests/LegionChests/KaruiChestEpic #		Text: RewardCurrency #		Render Name: <rgb(218,165,32)>{Karui War Hoard}
2022-12-28 10:58:36.064 +01:00 [INF] Stat: MonsterMinimapIcon = 178
2022-12-28 10:59:09.378 +01:00 [INF] Chest debug -> CType:Strongbox Path: Metadata/Chests/StrongBoxes/Strongbox #		Text: Strongbox #		Render Name: Strongbox
2022-12-28 10:59:09.384 +01:00 [INF] Stat: ChestDelayDropsUntilDaemonsFinish = 1
2022-12-28 11:02:07.456 +01:00 [ERR] Something wrong we parse 187 when expect 89
2022-12-28 11:02:14.855 +01:00 [ERR] Something wrong we parse 167 when expect 27
2022-12-28 11:09:30.723 +01:00 [INF] Chest debug -> CType:Strongbox Path: Metadata/Chests/StrongBoxes/Strongbox #		Text: Strongbox #		Render Name: Strongbox
2022-12-28 11:09:30.731 +01:00 [INF] Stat: ChestDelayDropsUntilDaemonsFinish = 1
2022-12-28 11:09:30.731 +01:00 [INF] Stat: ChestPlayWarningSound = 1
2022-12-28 11:12:35.275 +01:00 [INF] WTF ExileCore.Core
2022-12-28 11:13:37.799 +01:00 [INF] Chest debug -> CType:Legion Path: Metadata/Chests/LegionChests/KaruiChestEpic #		Text: RewardCurrency #		Render Name: <rgb(218,165,32)>{Karui War Hoard}
2022-12-28 11:13:37.808 +01:00 [INF] Stat: MonsterMinimapIcon = 178
2022-12-28 11:13:37.940 +01:00 [INF] Chest debug -> CType:Legion Path: Metadata/Chests/LegionChests/KaruiChest #		Text: RewardCurrency #		Render Name: <rgb(218,165,32)>{Karui Chest}
2022-12-28 11:13:37.945 +01:00 [INF] Stat: MonsterMinimapIcon = 178
2022-12-28 11:13:37.945 +01:00 [INF] Chest debug -> CType:Legion Path: Metadata/Chests/LegionChests/EternalEmpireChest #		Text: RewardWeaponEnchants #		Render Name: <rgb(218,165,32)>{Eternal Chest}
2022-12-28 11:13:37.945 +01:00 [INF] Stat: MonsterMinimapIcon = 195
2022-12-28 11:13:37.945 +01:00 [INF] Chest debug -> CType:Legion Path: Metadata/Chests/LegionChests/KaruiChest #		Text: RewardGenericItems #		Render Name: <rgb(218,165,32)>{Karui Chest}
2022-12-28 11:13:37.945 +01:00 [INF] Stat: MonsterMinimapIcon = 184
2022-12-28 11:13:37.995 +01:00 [INF] Chest debug -> CType:Legion Path: Metadata/Chests/LegionChests/EternalEmpireChest #		Text: RewardCurrency #		Render Name: <rgb(218,165,32)>{Eternal Chest}
2022-12-28 11:13:38.001 +01:00 [INF] Stat: MonsterMinimapIcon = 178
2022-12-28 11:13:38.603 +01:00 [INF] Chest debug -> CType:Legion Path: Metadata/Chests/LegionChests/EternalEmpireChestEpic #		Text: RewardCurrency #		Render Name: <rgb(218,165,32)>{Eternal War Hoard}
2022-12-28 11:13:38.610 +01:00 [INF] Stat: MonsterMinimapIcon = 178
2022-12-28 11:18:09.680 +01:00 [ERR] Something wrong we parse 113 when expect 39
2022-12-28 11:23:11.858 +01:00 [ERR] Something wrong we parse 110 when expect 54
2022-12-28 11:31:24.834 +01:00 [INF] Chest debug -> CType:Breach Path: Metadata/Chests/Breach/BreachChest1 #		Text: Breach chest #		Render Name: <rgb(166,90,255)>{Clasped Hand}
2022-12-28 11:31:41.264 +01:00 [INF] Chest debug -> CType:Strongbox Path: Metadata/Chests/StrongBoxes/Strongbox #		Text: Strongbox #		Render Name: Strongbox
2022-12-28 11:31:41.269 +01:00 [INF] Stat: ChestDelayDropsUntilDaemonsFinish = 1
2022-12-28 11:34:35.296 +01:00 [INF] Chest debug -> CType:Legion Path: Metadata/Chests/LegionChests/VaalChestEpic #		Text: RewardWeaponEnchants #		Render Name: <rgb(218,165,32)>{Vaal War Hoard}
2022-12-28 11:34:35.301 +01:00 [INF] Stat: MonsterMinimapIcon = 195
2022-12-28 12:04:38.581 +01:00 [INF] =============== Close hud at 28.12.2022 12:04:38 ===============
