2022-12-20 11:36:35.552 +01:00 [INF] =============== Start hud at 20.12.2022 11:36:35 ===============
2022-12-20 11:36:35.672 +01:00 [INF] PerfTimer =-> Create new offsets (78,6056 ms) Thread #[1]
2022-12-20 11:36:36.625 +01:00 [INF] PerfTimer =-> Load manual fonts (0,0623 ms) Thread #[1]
2022-12-20 11:36:36.625 +01:00 [INF] PerfTimer =-> DX11 Load (0,8651 ms) Thread #[1]
2022-12-20 11:36:37.817 +01:00 [INF] PerfTimer =-> Load files from memory (57,5029 ms) Thread #[1]
2022-12-20 11:36:38.160 +01:00 [WRN] TreeRoutine.Routine.BuildYourOwnRoutine.Flask.FlaskSetting[] not supported for menu now. Ask developers to add this type.
2022-12-20 11:36:38.164 +01:00 [WRN] <0  0> not supported for menu now. Ask developers to add this type.
2022-12-20 11:36:38.164 +01:00 [WRN] <0  0> not supported for menu now. Ask developers to add this type.
2022-12-20 11:36:38.189 +01:00 [WRN] TreeRoutine.Routine.BasicFlaskRoutine.Flask.FlaskSetting[] not supported for menu now. Ask developers to add this type.
2022-12-20 11:36:38.572 +01:00 [WRN] 0 not supported for menu now. Ask developers to add this type.
2022-12-20 11:36:38.735 +01:00 [WRN] System.Int32[,] not supported for menu now. Ask developers to add this type.
2022-12-20 11:36:38.820 +01:00 [WRN] 16 not supported for menu now. Ask developers to add this type.
2022-12-20 11:36:38.934 +01:00 [WRN] ExileCore.Shared.Nodes.RangeNode`1[System.Byte] not supported for menu now. Ask developers to add this type.
2022-12-20 11:36:38.934 +01:00 [WRN] ExileCore.Shared.Nodes.RangeNode`1[System.Byte] not supported for menu now. Ask developers to add this type.
2022-12-20 11:36:38.935 +01:00 [WRN] ExileCore.Shared.Nodes.RangeNode`1[System.Byte] not supported for menu now. Ask developers to add this type.
2022-12-20 11:36:39.196 +01:00 [WRN]  not supported for menu now. Ask developers to add this type.
2022-12-20 11:36:39.197 +01:00 [WRN]  not supported for menu now. Ask developers to add this type.
2022-12-20 11:36:39.197 +01:00 [WRN]  not supported for menu now. Ask developers to add this type.
2022-12-20 11:36:39.197 +01:00 [WRN] PassiveSkillTreePlanter.TreeConfig+SkillTreeData not supported for menu now. Ask developers to add this type.
2022-12-20 11:36:39.197 +01:00 [WRN] PassiveSkillTreePlanter.TreeConfig+SkillTreeData not supported for menu now. Ask developers to add this type.
2022-12-20 11:36:39.340 +01:00 [WRN]  not supported for menu now. Ask developers to add this type.
2022-12-20 11:36:39.341 +01:00 [WRN]  not supported for menu now. Ask developers to add this type.
2022-12-20 11:36:39.341 +01:00 [WRN]  not supported for menu now. Ask developers to add this type.
2022-12-20 11:36:39.341 +01:00 [WRN]  not supported for menu now. Ask developers to add this type.
2022-12-20 11:36:39.341 +01:00 [WRN]  not supported for menu now. Ask developers to add this type.
2022-12-20 11:36:39.341 +01:00 [WRN]  not supported for menu now. Ask developers to add this type.
2022-12-20 11:36:39.341 +01:00 [WRN] <0  0> not supported for menu now. Ask developers to add this type.
2022-12-20 11:36:39.341 +01:00 [WRN] PickIt.PickItSettings+FRSMOverrides not supported for menu now. Ask developers to add this type.
2022-12-20 11:36:39.756 +01:00 [WRN] System.Int32[,] not supported for menu now. Ask developers to add this type.
2022-12-20 11:36:39.764 +01:00 [INF] PerfTimer =-> Preload stats and mods (1946,7589 ms) Thread #[25]
2022-12-20 11:36:40.468 +01:00 [INF] PerfTimer =-> Plugin loader (2614,5714 ms) Thread #[1]
2022-12-20 11:36:40.614 +01:00 [INF] Pattern: Game State -> : Time: 9,6222 ms. Offset:[1164963] Started searching offset with:0
2022-12-20 11:36:40.614 +01:00 [INF] Pattern: Area change -> : Time: 26,459 ms. Offset:[9276779] Started searching offset with:6881280
2022-12-20 11:36:40.614 +01:00 [INF] Pattern: BlackBarSize -> : Time: 33,8102 ms. Offset:[3058741] Started searching offset with:0
2022-12-20 11:36:40.614 +01:00 [INF] Pattern: File Root -> : Time: 38,6065 ms. Offset:[23210249] Started searching offset with:19726336
2022-12-20 11:36:40.614 +01:00 [INF] Pattern: DiagnosticInfoType -> : Time: 101,7182 ms. Offset:[13203055] Started searching offset with:600000
2022-12-20 11:36:40.615 +01:00 [INF] AdvancedTooltip loaded in 76,1254 ms.
2022-12-20 11:36:40.615 +01:00 [INF] AdvancedUberLabLayout loaded in 58,7349 ms.
2022-12-20 11:36:40.615 +01:00 [INF] AutoOpen loaded in 42,6231 ms.
2022-12-20 11:36:40.615 +01:00 [INF] AutoQuit loaded in 41,2464 ms.
2022-12-20 11:36:40.615 +01:00 [INF] TreeRoutine.Routine.BuildYourOwnRoutine loaded in 77,9059 ms.
2022-12-20 11:36:40.615 +01:00 [INF] TreeRoutine.Routine.BasicFlaskRoutine loaded in 77,9059 ms.
2022-12-20 11:36:40.615 +01:00 [INF] BuffUtil loaded in 73,3227 ms.
2022-12-20 11:36:40.615 +01:00 [INF] DelveWalls loaded in 32,3353 ms.
2022-12-20 11:36:40.615 +01:00 [INF] DevTree loaded in 75,8875 ms.
2022-12-20 11:36:40.615 +01:00 [INF] DPSMeter loaded in 59,152 ms.
2022-12-20 11:36:40.615 +01:00 [INF] EliteBar loaded in 54,6787 ms.
2022-12-20 11:36:40.615 +01:00 [INF] FullRareSetManager loaded in 88,1251 ms.
2022-12-20 11:36:40.615 +01:00 [INF] HealthBars loaded in 71,4869 ms.
2022-12-20 11:36:40.615 +01:00 [INF] HeistIcons.Main loaded in 47,3347 ms.
2022-12-20 11:36:40.615 +01:00 [INF] HighlightedItems loaded in 43,552 ms.
2022-12-20 11:36:40.615 +01:00 [INF] IconsBuilder loaded in 102,812 ms.
2022-12-20 11:36:40.615 +01:00 [INF] KillCounter loaded in 39,407 ms.
2022-12-20 11:36:40.615 +01:00 [INF] MapsExchange loaded in 57,7286 ms.
2022-12-20 11:36:40.615 +01:00 [INF] MineDetonator loaded in 42,8426 ms.
2022-12-20 11:36:40.615 +01:00 [INF] MinimapIcons loaded in 122,6279 ms.
2022-12-20 11:36:40.615 +01:00 [INF] MiscInformation loaded in 47,8915 ms.
2022-12-20 11:36:40.615 +01:00 [INF] PassiveSkillTreePlanter loaded in 50,6864 ms.
2022-12-20 11:36:40.615 +01:00 [INF] Pickit loaded in 142,1275 ms.
2022-12-20 11:36:40.615 +01:00 [INF] Willplug loaded in 64,1857 ms.
2022-12-20 11:36:40.615 +01:00 [INF] PreloadAlert loaded in 153,6545 ms.
2022-12-20 11:36:40.683 +01:00 [INF] Radar loaded in 72,9792 ms.
2022-12-20 11:36:40.683 +01:00 [INF] Skill_DPS.Core loaded in 34,2 ms.
2022-12-20 11:36:40.763 +01:00 [INF] Stashie loaded in 90,3748 ms.
2022-12-20 11:36:40.792 +01:00 [INF] XPBar loaded in 28,4985 ms.
2022-12-20 11:36:40.792 +01:00 [INF] MiscInformation -> Initialise time: 1,0486 ms.
2022-12-20 11:36:40.792 +01:00 [INF] PreloadAlert -> Initialise time: 0,4123 ms.
2022-12-20 11:36:40.801 +01:00 [INF] HealthBars -> Initialise time: 5,5269 ms.
2022-12-20 11:36:40.801 +01:00 [INF] MinimapIcons -> Initialise time: 0,009 ms.
2022-12-20 11:36:40.801 +01:00 [INF] HighlightedItems -> Initialise time: 2,6642 ms.
2022-12-20 11:36:40.809 +01:00 [INF] IconsBuilder -> Initialise time: 5,1517 ms.
2022-12-20 11:36:40.809 +01:00 [INF] Radar -> Initialise time: 0,0026 ms.
2022-12-20 11:36:40.835 +01:00 [INF] BasicFlaskRoutine -> Initialise time: 30,8265 ms.
2022-12-20 11:36:40.844 +01:00 [INF] Willplug -> Initialise time: 6,148 ms.
2022-12-20 11:36:41.081 +01:00 [INF] Pattern: Terrain Rotation Selector -> : Time: 185,0371 ms. Offset:[19835677] Started searching offset with:0
2022-12-20 11:36:41.193 +01:00 [INF] Pattern: Terrain Rotator Helper -> : Time: 89,3815 ms. Offset:[9767686] Started searching offset with:0
2022-12-20 11:36:42.823 +01:00 [INF] GetAllFiles loaded in 55ms
2022-12-20 11:36:45.481 +01:00 [INF] Resize from: {X=0,Y=0,Width=1920,Height=1032} to {X=0,Y=0,Width=1920,Height=1080}
2022-12-20 11:36:47.475 +01:00 [INF] HUD loaded in 5176,5887 ms.
2022-12-20 11:36:49.200 +01:00 [INF] PassiveSkillTree: Can't decode url from file: <TEST>
2022-12-20 11:36:49.837 +01:00 [ERR] BaseTreeRoutinePlugin: Cannot find C:\William\GIT\poe_api_tehcheat\PoEHelper\Plugins\Compiled\poe-plugin-willplug/config/flaskinfo.json file. This plugin will exit.
2022-12-20 11:36:49.842 +01:00 [ERR] BaseTreeRoutinePlugin: Cannot find C:\William\GIT\poe_api_tehcheat\PoEHelper\Plugins\Compiled\poe-plugin-willplug/config/debuffPanel.json file. This plugin will exit.
2022-12-20 11:36:49.842 +01:00 [ERR] BaseTreeRoutinePlugin: Cannot find C:\William\GIT\poe_api_tehcheat\PoEHelper\Plugins\Compiled\poe-plugin-willplug/config/FlaskBuffDetails.json file. This plugin will exit.
2022-12-20 11:37:39.513 +01:00 [INF] WTF ExileCore.Core
2022-12-20 11:40:25.954 +01:00 [ERR] Something wrong we parse 100 when expect 44
2022-12-20 11:41:29.114 +01:00 [ERR] Something wrong we parse 101 when expect 45
2022-12-20 11:49:46.807 +01:00 [ERR] Something wrong we parse 177 when expect 83
2022-12-20 11:52:12.574 +01:00 [INF] Chest debug -> CType:Breach Path: Metadata/Chests/Breach/BreachChest3Large #		Text: Big Breach #		Render Name: <rgb(166,90,255)>{Esh's Clasped Hand}
2022-12-20 11:52:12.741 +01:00 [INF] Chest debug -> CType:Breach Path: Metadata/Chests/Breach/BreachChest3 #		Text: Breach chest #		Render Name: <rgb(166,90,255)>{Clasped Hand}
2022-12-20 11:53:01.699 +01:00 [ERR] Something wrong we parse 212 when expect 82
2022-12-20 11:54:51.548 +01:00 [INF] Chest debug -> CType:Strongbox Path: Metadata/Chests/StrongBoxes/Artisan #		Text: Artisan's Strongbox #		Render Name: Artisan's Strongbox
2022-12-20 11:54:51.556 +01:00 [INF] Stat: ChestDelayDropsUntilDaemonsFinish = 1
2022-12-20 11:56:20.699 +01:00 [INF] Chest debug -> CType:Strongbox Path: Metadata/Chests/StrongBoxes/Strongbox #		Text: Strongbox #		Render Name: Strongbox
2022-12-20 11:56:20.704 +01:00 [INF] Stat: ChestDelayDropsUntilDaemonsFinish = 1
2022-12-20 12:15:32.923 +01:00 [INF] Chest debug -> CType:Strongbox Path: Metadata/Chests/StrongBoxes/Strongbox #		Text: Strongbox #		Render Name: Strongbox
2022-12-20 12:15:32.930 +01:00 [INF] Stat: ChestDelayDropsUntilDaemonsFinish = 2
2022-12-20 12:15:32.930 +01:00 [INF] Stat: ChestDisplaySummonsSkeletons = 1
2022-12-20 12:20:06.072 +01:00 [ERR] Something wrong we parse 71 when expect 24
2022-12-20 12:23:54.628 +01:00 [ERR] Something wrong we parse 63 when expect 17
2022-12-20 12:24:45.850 +01:00 [ERR] Something wrong we parse 54 when expect 19
2022-12-20 12:33:01.328 +01:00 [INF] Chest debug -> CType:Strongbox Path: Metadata/Chests/StrongBoxes/Ornate #		Text: Ornate Strongbox #		Render Name: Ornate Strongbox
2022-12-20 12:33:01.332 +01:00 [INF] Stat: ChestDelayDropsUntilDaemonsFinish = 1
2022-12-20 12:33:56.039 +01:00 [INF] Chest debug -> CType:Strongbox Path: Metadata/Chests/StrongBoxes/Ornate #		Text: Ornate Strongbox #		Render Name: Ornate Strongbox
2022-12-20 12:33:56.046 +01:00 [INF] Stat: ChestDelayDropsUntilDaemonsFinish = 1
2022-12-20 12:33:58.054 +01:00 [INF] Chest debug -> CType:Strongbox Path: Metadata/Chests/StrongBoxes/Strongbox #		Text: Strongbox #		Render Name: Strongbox
2022-12-20 12:33:58.060 +01:00 [INF] Stat: ChestDelayDropsUntilDaemonsFinish = 1
2022-12-20 12:33:58.060 +01:00 [INF] Stat: ChestPlayWarningSound = 1
2022-12-20 12:35:15.299 +01:00 [INF] Chest debug -> CType:Strongbox Path: Metadata/Chests/StrongBoxes/Strongbox #		Text: Strongbox #		Render Name: Strongbox
2022-12-20 12:35:15.304 +01:00 [INF] Stat: ChestDelayDropsUntilDaemonsFinish = 1
2022-12-20 12:51:35.984 +01:00 [INF] =============== Close hud at 20.12.2022 12:51:35 ===============
2022-12-20 19:30:03.395 +01:00 [INF] =============== Start hud at 20.12.2022 19:30:03 ===============
2022-12-20 19:30:03.426 +01:00 [INF] PerfTimer =-> Create new offsets (3,1137 ms) Thread #[1]
2022-12-20 19:30:03.686 +01:00 [INF] PerfTimer =-> Load manual fonts (0,0576 ms) Thread #[1]
2022-12-20 19:30:03.686 +01:00 [INF] PerfTimer =-> DX11 Load (0,7891 ms) Thread #[1]
2022-12-20 19:30:04.074 +01:00 [INF] PerfTimer =-> Load files from memory (38,8018 ms) Thread #[1]
2022-12-20 19:30:04.172 +01:00 [WRN] TreeRoutine.Routine.BuildYourOwnRoutine.Flask.FlaskSetting[] not supported for menu now. Ask developers to add this type.
2022-12-20 19:30:04.176 +01:00 [WRN] <0  0> not supported for menu now. Ask developers to add this type.
2022-12-20 19:30:04.176 +01:00 [WRN] <0  0> not supported for menu now. Ask developers to add this type.
2022-12-20 19:30:04.194 +01:00 [WRN] TreeRoutine.Routine.BasicFlaskRoutine.Flask.FlaskSetting[] not supported for menu now. Ask developers to add this type.
2022-12-20 19:30:04.265 +01:00 [WRN] 0 not supported for menu now. Ask developers to add this type.
2022-12-20 19:30:04.310 +01:00 [WRN] System.Int32[,] not supported for menu now. Ask developers to add this type.
2022-12-20 19:30:04.319 +01:00 [WRN] 16 not supported for menu now. Ask developers to add this type.
2022-12-20 19:30:04.356 +01:00 [WRN] ExileCore.Shared.Nodes.RangeNode`1[System.Byte] not supported for menu now. Ask developers to add this type.
2022-12-20 19:30:04.356 +01:00 [WRN] ExileCore.Shared.Nodes.RangeNode`1[System.Byte] not supported for menu now. Ask developers to add this type.
2022-12-20 19:30:04.357 +01:00 [WRN] ExileCore.Shared.Nodes.RangeNode`1[System.Byte] not supported for menu now. Ask developers to add this type.
2022-12-20 19:30:04.448 +01:00 [WRN]  not supported for menu now. Ask developers to add this type.
2022-12-20 19:30:04.448 +01:00 [WRN]  not supported for menu now. Ask developers to add this type.
2022-12-20 19:30:04.449 +01:00 [WRN]  not supported for menu now. Ask developers to add this type.
2022-12-20 19:30:04.449 +01:00 [WRN] PassiveSkillTreePlanter.TreeConfig+SkillTreeData not supported for menu now. Ask developers to add this type.
2022-12-20 19:30:04.449 +01:00 [WRN] PassiveSkillTreePlanter.TreeConfig+SkillTreeData not supported for menu now. Ask developers to add this type.
2022-12-20 19:30:04.501 +01:00 [WRN]  not supported for menu now. Ask developers to add this type.
2022-12-20 19:30:04.501 +01:00 [WRN]  not supported for menu now. Ask developers to add this type.
2022-12-20 19:30:04.501 +01:00 [WRN]  not supported for menu now. Ask developers to add this type.
2022-12-20 19:30:04.501 +01:00 [WRN]  not supported for menu now. Ask developers to add this type.
2022-12-20 19:30:04.501 +01:00 [WRN]  not supported for menu now. Ask developers to add this type.
2022-12-20 19:30:04.501 +01:00 [WRN]  not supported for menu now. Ask developers to add this type.
2022-12-20 19:30:04.501 +01:00 [WRN] <0  0> not supported for menu now. Ask developers to add this type.
2022-12-20 19:30:04.502 +01:00 [WRN] PickIt.PickItSettings+FRSMOverrides not supported for menu now. Ask developers to add this type.
2022-12-20 19:30:04.596 +01:00 [WRN] System.Int32[,] not supported for menu now. Ask developers to add this type.
2022-12-20 19:30:05.446 +01:00 [INF] PerfTimer =-> Plugin loader (1338,8394 ms) Thread #[1]
2022-12-20 19:30:05.553 +01:00 [INF] Pattern: Game State -> : Time: 9,2626 ms. Offset:[1164963] Started searching offset with:0
2022-12-20 19:30:05.553 +01:00 [INF] Pattern: Area change -> : Time: 17,926 ms. Offset:[9276779] Started searching offset with:6881280
2022-12-20 19:30:05.553 +01:00 [INF] Pattern: BlackBarSize -> : Time: 26,4734 ms. Offset:[3058741] Started searching offset with:0
2022-12-20 19:30:05.553 +01:00 [INF] Pattern: File Root -> : Time: 27,1715 ms. Offset:[23210249] Started searching offset with:19726336
2022-12-20 19:30:05.553 +01:00 [INF] Pattern: DiagnosticInfoType -> : Time: 88,1442 ms. Offset:[13203055] Started searching offset with:600000
2022-12-20 19:30:05.553 +01:00 [INF] AdvancedTooltip loaded in 20,3872 ms.
2022-12-20 19:30:05.553 +01:00 [INF] AdvancedUberLabLayout loaded in 7,2084 ms.
2022-12-20 19:30:05.553 +01:00 [INF] AutoOpen loaded in 5,7425 ms.
2022-12-20 19:30:05.553 +01:00 [INF] AutoQuit loaded in 9,0429 ms.
2022-12-20 19:30:05.553 +01:00 [INF] TreeRoutine.Routine.BuildYourOwnRoutine loaded in 15,226 ms.
2022-12-20 19:30:05.553 +01:00 [INF] TreeRoutine.Routine.BasicFlaskRoutine loaded in 15,226 ms.
2022-12-20 19:30:05.553 +01:00 [INF] BuffUtil loaded in 20,8727 ms.
2022-12-20 19:30:05.553 +01:00 [INF] DelveWalls loaded in 6,3231 ms.
2022-12-20 19:30:05.553 +01:00 [INF] DevTree loaded in 5,3325 ms.
2022-12-20 19:30:05.553 +01:00 [INF] DPSMeter loaded in 5,3238 ms.
2022-12-20 19:30:05.553 +01:00 [INF] EliteBar loaded in 13,5039 ms.
2022-12-20 19:30:05.553 +01:00 [INF] FullRareSetManager loaded in 19,9692 ms.
2022-12-20 19:30:05.553 +01:00 [INF] HealthBars loaded in 24,7344 ms.
2022-12-20 19:30:05.553 +01:00 [INF] HeistIcons.Main loaded in 12,3313 ms.
2022-12-20 19:30:05.553 +01:00 [INF] HighlightedItems loaded in 7,6656 ms.
2022-12-20 19:30:05.553 +01:00 [INF] IconsBuilder loaded in 15,3897 ms.
2022-12-20 19:30:05.553 +01:00 [INF] KillCounter loaded in 5,7289 ms.
2022-12-20 19:30:05.553 +01:00 [INF] MapsExchange loaded in 25,6353 ms.
2022-12-20 19:30:05.553 +01:00 [INF] MineDetonator loaded in 4,1367 ms.
2022-12-20 19:30:05.553 +01:00 [INF] MinimapIcons loaded in 63,8683 ms.
2022-12-20 19:30:05.553 +01:00 [INF] MiscInformation loaded in 12,1754 ms.
2022-12-20 19:30:05.553 +01:00 [INF] PassiveSkillTreePlanter loaded in 12,9615 ms.
2022-12-20 19:30:05.553 +01:00 [INF] Pickit loaded in 51,7889 ms.
2022-12-20 19:30:05.553 +01:00 [INF] Willplug loaded in 6,5035 ms.
2022-12-20 19:30:05.643 +01:00 [INF] PreloadAlert loaded in 47,4557 ms.
2022-12-20 19:30:05.644 +01:00 [INF] Radar loaded in 21,7751 ms.
2022-12-20 19:30:05.644 +01:00 [INF] Skill_DPS.Core loaded in 4,9558 ms.
2022-12-20 19:30:05.644 +01:00 [INF] Stashie loaded in 13,2271 ms.
2022-12-20 19:30:05.644 +01:00 [INF] XPBar loaded in 7,5126 ms.
2022-12-20 19:30:05.644 +01:00 [INF] MiscInformation -> Initialise time: 1,1422 ms.
2022-12-20 19:30:05.644 +01:00 [INF] PreloadAlert -> Initialise time: 0,3996 ms.
2022-12-20 19:30:05.644 +01:00 [INF] HealthBars -> Initialise time: 1,1526 ms.
2022-12-20 19:30:05.644 +01:00 [INF] MinimapIcons -> Initialise time: 0,0092 ms.
2022-12-20 19:30:05.644 +01:00 [INF] HighlightedItems -> Initialise time: 2,4667 ms.
2022-12-20 19:30:05.644 +01:00 [INF] IconsBuilder -> Initialise time: 1,3276 ms.
2022-12-20 19:30:05.644 +01:00 [INF] Radar -> Initialise time: 0,0013 ms.
2022-12-20 19:30:05.644 +01:00 [INF] BasicFlaskRoutine -> Initialise time: 17,9576 ms.
2022-12-20 19:30:05.644 +01:00 [INF] Willplug -> Initialise time: 6,4156 ms.
2022-12-20 19:30:05.673 +01:00 [INF] PerfTimer =-> Preload stats and mods (1598,0634 ms) Thread #[11]
2022-12-20 19:30:05.910 +01:00 [INF] Pattern: Terrain Rotation Selector -> : Time: 224,0346 ms. Offset:[19835677] Started searching offset with:0
2022-12-20 19:30:06.081 +01:00 [INF] Pattern: Terrain Rotator Helper -> : Time: 104,5252 ms. Offset:[9767686] Started searching offset with:0
2022-12-20 19:30:09.082 +01:00 [INF] GetAllFiles loaded in 37ms
2022-12-20 19:30:10.468 +01:00 [INF] Resize from: {X=0,Y=0,Width=1920,Height=1032} to {X=0,Y=0,Width=1920,Height=1080}
2022-12-20 19:30:12.462 +01:00 [INF] HUD loaded in 2132,7811 ms.
2022-12-20 19:30:14.450 +01:00 [INF] PassiveSkillTree: Can't decode url from file: <TEST>
2022-12-20 19:30:14.635 +01:00 [ERR] BaseTreeRoutinePlugin: Cannot find C:\William\GIT\poe_api_tehcheat\PoEHelper\Plugins\Compiled\poe-plugin-willplug/config/flaskinfo.json file. This plugin will exit.
2022-12-20 19:30:14.639 +01:00 [ERR] BaseTreeRoutinePlugin: Cannot find C:\William\GIT\poe_api_tehcheat\PoEHelper\Plugins\Compiled\poe-plugin-willplug/config/debuffPanel.json file. This plugin will exit.
2022-12-20 19:30:14.639 +01:00 [ERR] BaseTreeRoutinePlugin: Cannot find C:\William\GIT\poe_api_tehcheat\PoEHelper\Plugins\Compiled\poe-plugin-willplug/config/FlaskBuffDetails.json file. This plugin will exit.
2022-12-20 19:31:19.839 +01:00 [ERR] Stats over capped: First: 2B0000002A - Last: 2D0000002C - Size (bytes): 8589934594 Total Stats: 1073741824
2022-12-20 19:31:35.883 +01:00 [INF] Chest debug -> CType:Breach Path: Metadata/Chests/Breach/BreachChest2 #		Text: Breach chest #		Render Name: <rgb(166,90,255)>{Clasped Hand}
2022-12-20 19:31:43.044 +01:00 [INF] Chest debug -> CType:Breach Path: Metadata/Chests/Breach/BreachChest2Large #		Text: Big Breach #		Render Name: <rgb(166,90,255)>{Tul's Clasped Hand}
2022-12-20 19:31:53.972 +01:00 [INF] Chest debug -> CType:Breach Path: Metadata/Chests/Breach/BreachChest2 #		Text: Breach chest #		Render Name: <rgb(166,90,255)>{Clasped Hand}
2022-12-20 19:33:58.444 +01:00 [ERR] Something wrong we parse 153 when expect 55
2022-12-20 19:39:10.224 +01:00 [INF] Chest debug -> CType:Strongbox Path: Metadata/Chests/StrongBoxes/Jeweller #		Text: Jeweller's Strongbox #		Render Name: Jeweller's Strongbox
2022-12-20 19:39:10.230 +01:00 [INF] Stat: ChestDelayDropsUntilDaemonsFinish = 1
2022-12-20 19:39:52.250 +01:00 [ERR] Something wrong we parse 299 when expect 146
2022-12-20 19:40:58.156 +01:00 [INF] Chest debug -> CType:Strongbox Path: Metadata/Chests/StrongBoxes/Artisan #		Text: Artisan's Strongbox #		Render Name: Artisan's Strongbox
2022-12-20 19:40:58.160 +01:00 [INF] Stat: ChestDelayDropsUntilDaemonsFinish = 1
2022-12-20 19:42:06.997 +01:00 [INF] Chest debug -> CType:Strongbox Path: Metadata/Chests/StrongBoxes/Ornate #		Text: Ornate Strongbox #		Render Name: Ornate Strongbox
2022-12-20 19:42:07.005 +01:00 [INF] Stat: ChestDelayDropsUntilDaemonsFinish = 1
2022-12-20 19:42:07.005 +01:00 [INF] Stat: ChestPlayWarningSound = 1
2022-12-20 19:42:37.982 +01:00 [INF] Chest debug -> CType:Strongbox Path: Metadata/Chests/StrongBoxes/Gemcutter #		Text: Gemcutter's Strongbox #		Render Name: Gemcutter's Strongbox
2022-12-20 19:42:37.986 +01:00 [INF] Stat: ChestDelayDropsUntilDaemonsFinish = 1
2022-12-20 19:43:47.729 +01:00 [INF] Chest debug -> CType:Strongbox Path: Metadata/Chests/StrongBoxes/Armory #		Text: Armourer's Strongbox #		Render Name: Armourer's Strongbox
2022-12-20 19:43:47.733 +01:00 [INF] Stat: ChestDelayDropsUntilDaemonsFinish = 1
2022-12-20 19:43:47.733 +01:00 [INF] Stat: ChestPlayWarningSound = 1
2022-12-20 19:56:59.901 +01:00 [ERR] Something wrong we parse 157 when expect 53
2022-12-20 19:57:36.233 +01:00 [ERR] MinimapIcons, PerfomanceRender -> System.NullReferenceException: Object reference not set to an instance of an object.
   at IconsBuilder.LegionIcon.<>c__DisplayClass2_0.<Update>b__1()
   at MinimapIcons.MinimapIcons.Render()
   at ExileCore.Shared.PluginWrapper.PerfomanceRender()
2022-12-20 19:57:46.591 +01:00 [INF] Chest debug -> CType:Legion Path: Metadata/Chests/LegionChests/KaruiChestEpic #		Text: RewardDivinationCards #		Render Name: <rgb(218,165,32)>{Karui War Hoard}
2022-12-20 19:57:46.598 +01:00 [INF] Stat: MonsterMinimapIcon = 179
2022-12-20 19:58:02.101 +01:00 [INF] Chest debug -> CType:Legion Path: Metadata/Chests/LegionChests/MarakethChestEpic #		Text: RewardWeaponEnchants #		Render Name: <rgb(218,165,32)>{Maraketh War Hoard}
2022-12-20 19:58:02.107 +01:00 [INF] Stat: MonsterMinimapIcon = 195
2022-12-20 19:58:04.064 +01:00 [INF] Chest debug -> CType:Legion Path: Metadata/Chests/LegionChests/MarakethChest #		Text: RewardLabyrinth #		Render Name: <rgb(218,165,32)>{Maraketh Chest}
2022-12-20 19:58:04.071 +01:00 [INF] Stat: MonsterMinimapIcon = 186
2022-12-20 19:59:44.349 +01:00 [ERR] Something wrong we parse 254 when expect 53
2022-12-20 19:59:51.129 +01:00 [ERR] Something wrong we parse 365 when expect 31
2022-12-20 20:08:15.840 +01:00 [ERR] Something wrong we parse 104 when expect 46
2022-12-20 20:10:28.436 +01:00 [ERR] Something wrong we parse 95 when expect 28
2022-12-20 20:13:35.768 +01:00 [INF] Chest debug -> CType:Strongbox Path: Metadata/Chests/StrongBoxes/Armory #		Text: Armourer's Strongbox #		Render Name: Armourer's Strongbox
2022-12-20 20:13:35.777 +01:00 [INF] Stat: ChestDelayDropsUntilDaemonsFinish = 1
2022-12-20 20:13:35.777 +01:00 [INF] Stat: ChestDisplayFreeze = 1
2022-12-20 20:14:01.397 +01:00 [INF] Chest debug -> CType:Strongbox Path: Metadata/Chests/StrongBoxes/Strongbox #		Text: Strongbox #		Render Name: Strongbox
2022-12-20 20:14:01.407 +01:00 [INF] Stat: ChestDelayDropsUntilDaemonsFinish = 1
2022-12-20 20:23:00.075 +01:00 [INF] Chest debug -> CType:Strongbox Path: Metadata/Chests/StrongBoxes/StrongboxDivinationShaper #		Text: Diviner's Strongbox #		Render Name: Diviner's Strongbox
2022-12-20 20:23:00.081 +01:00 [INF] Stat: ChestDelayDropsUntilDaemonsFinish = 1
2022-12-20 20:23:00.081 +01:00 [INF] Stat: ChestDisplayGuardedByDario = 1
2022-12-20 20:26:05.902 +01:00 [INF] Chest debug -> CType:Strongbox Path: Metadata/Chests/StrongBoxes/Strongbox #		Text: Strongbox #		Render Name: Strongbox
2022-12-20 20:26:05.908 +01:00 [INF] Stat: ChestDelayDropsUntilDaemonsFinish = 1
2022-12-20 20:27:07.189 +01:00 [ERR] Something wrong we parse 240 when expect 106
2022-12-20 20:28:28.724 +01:00 [INF] Chest debug -> CType:Breach Path: Metadata/Chests/Breach/BreachChest2 #		Text: Breach chest #		Render Name: <rgb(166,90,255)>{Clasped Hand}
2022-12-20 20:28:48.553 +01:00 [ERR] Something wrong we parse 175 when expect 86
2022-12-20 20:31:26.464 +01:00 [INF] Chest debug -> CType:Strongbox Path: Metadata/Chests/StrongBoxes/Strongbox #		Text: Strongbox #		Render Name: Strongbox
2022-12-20 20:31:26.476 +01:00 [INF] Stat: ChestDelayDropsUntilDaemonsFinish = 1
2022-12-20 20:36:51.013 +01:00 [ERR] Something wrong we parse 112 when expect 37
2022-12-20 20:38:44.073 +01:00 [ERR] Something wrong we parse 79 when expect 28
2022-12-20 20:39:46.246 +01:00 [ERR] Something wrong we parse 108 when expect 37
2022-12-20 20:43:33.710 +01:00 [INF] =============== Close hud at 20.12.2022 20:43:33 ===============
