2022-12-18 00:07:15.365 +01:00 [INF] Chest debug -> CType:Strongbox Path: Metadata/Chests/StrongBoxes/Gemcutter #		Text: Gemcutter's Strongbox #		Render Name: Gemcutter's Strongbox
2022-12-18 00:07:15.374 +01:00 [INF] Stat: ChestDelayDropsUntilDaemonsFinish = 2
2022-12-18 00:07:15.375 +01:00 [INF] Stat: ChestPlayWarningSound = 1
2022-12-18 00:07:15.375 +01:00 [INF] Stat: ChestDisplaySummonsSkeletons = 1
2022-12-18 00:08:15.240 +01:00 [INF] Chest debug -> CType:Strongbox Path: Metadata/Chests/StrongBoxes/Strongbox #		Text: Strongbox #		Render Name: Strongbox
2022-12-18 00:08:15.246 +01:00 [INF] Stat: ChestDelayDropsUntilDaemonsFinish = 1
2022-12-18 00:08:15.247 +01:00 [INF] Stat: ChestPlayWarningSound = 1
2022-12-18 00:08:15.964 +01:00 [INF] Chest debug -> CType:Strongbox Path: Metadata/Chests/StrongBoxes/Jeweller #		Text: Jeweller's Strongbox #		Render Name: Jeweller's Strongbox
2022-12-18 00:08:15.973 +01:00 [INF] Stat: ChestDelayDropsUntilDaemonsFinish = 2
2022-12-18 00:08:15.973 +01:00 [INF] Stat: ChestDisplaySummonsSkeletons = 1
2022-12-18 00:13:43.997 +01:00 [ERR] Something wrong we parse 58 when expect 23
2022-12-18 00:15:12.992 +01:00 [INF] Chest debug -> CType:Strongbox Path: Metadata/Chests/StrongBoxes/Strongbox #		Text: Strongbox #		Render Name: Strongbox
2022-12-18 00:15:12.999 +01:00 [INF] Stat: ChestDelayDropsUntilDaemonsFinish = 1
2022-12-18 00:15:12.999 +01:00 [INF] Stat: ChestPlayWarningSound = 1
2022-12-18 00:15:12.999 +01:00 [INF] Stat: ChestDisplayIceNova = 1
2022-12-18 00:15:14.409 +01:00 [INF] Chest debug -> CType:Strongbox Path: Metadata/Chests/StrongBoxes/Artisan #		Text: Artisan's Strongbox #		Render Name: Artisan's Strongbox
2022-12-18 00:15:14.415 +01:00 [INF] Stat: ChestDelayDropsUntilDaemonsFinish = 1
2022-12-18 00:15:14.415 +01:00 [INF] Stat: ChestPlayWarningSound = 1
2022-12-18 00:15:14.415 +01:00 [INF] Stat: ChestDisplayIceNova = 1
2022-12-18 00:16:01.085 +01:00 [INF] Chest debug -> CType:Strongbox Path: Metadata/Chests/StrongBoxes/Strongbox #		Text: Strongbox #		Render Name: Strongbox
2022-12-18 00:16:01.091 +01:00 [INF] Stat: ChestDelayDropsUntilDaemonsFinish = 1
2022-12-18 00:16:01.091 +01:00 [INF] Stat: ChestPlayWarningSound = 1
2022-12-18 00:16:01.091 +01:00 [INF] Stat: ChestDisplayFreeze = 1
2022-12-18 00:16:35.302 +01:00 [ERR] Something wrong we parse 92 when expect 38
2022-12-18 00:35:45.300 +01:00 [INF] =============== Close hud at 18.12.2022 00:35:45 ===============
2022-12-18 10:39:36.968 +01:00 [INF] =============== Start hud at 18.12.2022 10:39:36 ===============
2022-12-18 10:39:37.077 +01:00 [INF] PerfTimer =-> Create new offsets (81,0507 ms) Thread #[1]
2022-12-18 10:39:38.058 +01:00 [INF] PerfTimer =-> Load manual fonts (0,0617 ms) Thread #[1]
2022-12-18 10:39:38.058 +01:00 [INF] PerfTimer =-> DX11 Load (0,8544 ms) Thread #[1]
2022-12-18 10:39:38.787 +01:00 [INF] PerfTimer =-> Load files from memory (58,3494 ms) Thread #[1]
2022-12-18 10:39:39.123 +01:00 [WRN] TreeRoutine.Routine.BuildYourOwnRoutine.Flask.FlaskSetting[] not supported for menu now. Ask developers to add this type.
2022-12-18 10:39:39.127 +01:00 [WRN] <0  0> not supported for menu now. Ask developers to add this type.
2022-12-18 10:39:39.127 +01:00 [WRN] <0  0> not supported for menu now. Ask developers to add this type.
2022-12-18 10:39:39.150 +01:00 [WRN] TreeRoutine.Routine.BasicFlaskRoutine.Flask.FlaskSetting[] not supported for menu now. Ask developers to add this type.
2022-12-18 10:39:39.511 +01:00 [WRN] 0 not supported for menu now. Ask developers to add this type.
2022-12-18 10:39:39.700 +01:00 [WRN] System.Int32[,] not supported for menu now. Ask developers to add this type.
2022-12-18 10:39:39.787 +01:00 [WRN] 16 not supported for menu now. Ask developers to add this type.
2022-12-18 10:39:39.912 +01:00 [WRN] ExileCore.Shared.Nodes.RangeNode`1[System.Byte] not supported for menu now. Ask developers to add this type.
2022-12-18 10:39:39.912 +01:00 [WRN] ExileCore.Shared.Nodes.RangeNode`1[System.Byte] not supported for menu now. Ask developers to add this type.
2022-12-18 10:39:39.912 +01:00 [WRN] ExileCore.Shared.Nodes.RangeNode`1[System.Byte] not supported for menu now. Ask developers to add this type.
2022-12-18 10:39:40.153 +01:00 [WRN]  not supported for menu now. Ask developers to add this type.
2022-12-18 10:39:40.153 +01:00 [WRN]  not supported for menu now. Ask developers to add this type.
2022-12-18 10:39:40.153 +01:00 [WRN]  not supported for menu now. Ask developers to add this type.
2022-12-18 10:39:40.153 +01:00 [WRN] PassiveSkillTreePlanter.TreeConfig+SkillTreeData not supported for menu now. Ask developers to add this type.
2022-12-18 10:39:40.153 +01:00 [WRN] PassiveSkillTreePlanter.TreeConfig+SkillTreeData not supported for menu now. Ask developers to add this type.
2022-12-18 10:39:40.284 +01:00 [WRN]  not supported for menu now. Ask developers to add this type.
2022-12-18 10:39:40.284 +01:00 [WRN]  not supported for menu now. Ask developers to add this type.
2022-12-18 10:39:40.284 +01:00 [WRN]  not supported for menu now. Ask developers to add this type.
2022-12-18 10:39:40.284 +01:00 [WRN]  not supported for menu now. Ask developers to add this type.
2022-12-18 10:39:40.284 +01:00 [WRN]  not supported for menu now. Ask developers to add this type.
2022-12-18 10:39:40.284 +01:00 [WRN]  not supported for menu now. Ask developers to add this type.
2022-12-18 10:39:40.284 +01:00 [WRN] <0  0> not supported for menu now. Ask developers to add this type.
2022-12-18 10:39:40.284 +01:00 [WRN] PickIt.PickItSettings+FRSMOverrides not supported for menu now. Ask developers to add this type.
2022-12-18 10:39:40.643 +01:00 [INF] PerfTimer =-> Preload stats and mods (1855,9161 ms) Thread #[22]
2022-12-18 10:39:40.702 +01:00 [WRN] System.Int32[,] not supported for menu now. Ask developers to add this type.
2022-12-18 10:39:41.465 +01:00 [INF] PerfTimer =-> Plugin loader (2648,6977 ms) Thread #[1]
2022-12-18 10:39:41.626 +01:00 [INF] Pattern: Game State -> : Time: 9,9643 ms. Offset:[1164963] Started searching offset with:0
2022-12-18 10:39:41.627 +01:00 [INF] Pattern: Area change -> : Time: 18,5285 ms. Offset:[9276779] Started searching offset with:6881280
2022-12-18 10:39:41.627 +01:00 [INF] Pattern: BlackBarSize -> : Time: 29,8369 ms. Offset:[3058741] Started searching offset with:0
2022-12-18 10:39:41.627 +01:00 [INF] Pattern: File Root -> : Time: 30,2484 ms. Offset:[23210249] Started searching offset with:19726336
2022-12-18 10:39:41.627 +01:00 [INF] Pattern: DiagnosticInfoType -> : Time: 91,3445 ms. Offset:[13203055] Started searching offset with:600000
2022-12-18 10:39:41.627 +01:00 [INF] AdvancedTooltip loaded in 81,5852 ms.
2022-12-18 10:39:41.627 +01:00 [INF] AdvancedUberLabLayout loaded in 58,9241 ms.
2022-12-18 10:39:41.627 +01:00 [INF] AutoOpen loaded in 42,2351 ms.
2022-12-18 10:39:41.627 +01:00 [INF] AutoQuit loaded in 35,9042 ms.
2022-12-18 10:39:41.627 +01:00 [INF] TreeRoutine.Routine.BuildYourOwnRoutine loaded in 70,0193 ms.
2022-12-18 10:39:41.627 +01:00 [INF] TreeRoutine.Routine.BasicFlaskRoutine loaded in 70,0193 ms.
2022-12-18 10:39:41.627 +01:00 [INF] BuffUtil loaded in 68,8661 ms.
2022-12-18 10:39:41.627 +01:00 [INF] DelveWalls loaded in 41,32 ms.
2022-12-18 10:39:41.627 +01:00 [INF] DevTree loaded in 79,7989 ms.
2022-12-18 10:39:41.627 +01:00 [INF] DPSMeter loaded in 37,4677 ms.
2022-12-18 10:39:41.627 +01:00 [INF] EliteBar loaded in 47,578 ms.
2022-12-18 10:39:41.627 +01:00 [INF] FullRareSetManager loaded in 86,3569 ms.
2022-12-18 10:39:41.627 +01:00 [INF] HealthBars loaded in 79,6599 ms.
2022-12-18 10:39:41.627 +01:00 [INF] HeistIcons.Main loaded in 51,3226 ms.
2022-12-18 10:39:41.627 +01:00 [INF] HighlightedItems loaded in 57,9421 ms.
2022-12-18 10:39:41.627 +01:00 [INF] IconsBuilder loaded in 94,8914 ms.
2022-12-18 10:39:41.627 +01:00 [INF] KillCounter loaded in 47,4921 ms.
2022-12-18 10:39:41.627 +01:00 [INF] MapsExchange loaded in 69,2506 ms.
2022-12-18 10:39:41.627 +01:00 [INF] MineDetonator loaded in 32,7029 ms.
2022-12-18 10:39:41.627 +01:00 [INF] MinimapIcons loaded in 108,552 ms.
2022-12-18 10:39:41.627 +01:00 [INF] MiscInformation loaded in 53,1626 ms.
2022-12-18 10:39:41.627 +01:00 [INF] PassiveSkillTreePlanter loaded in 47,6823 ms.
2022-12-18 10:39:41.627 +01:00 [INF] Pickit loaded in 129,8014 ms.
2022-12-18 10:39:41.627 +01:00 [INF] Willplug loaded in 58,1218 ms.
2022-12-18 10:39:41.627 +01:00 [INF] PreloadAlert loaded in 141,3906 ms.
2022-12-18 10:39:41.627 +01:00 [INF] Radar loaded in 85,2529 ms.
2022-12-18 10:39:41.627 +01:00 [INF] Skill_DPS.Core loaded in 40,6054 ms.
2022-12-18 10:39:41.706 +01:00 [INF] Stashie loaded in 92,0008 ms.
2022-12-18 10:39:41.741 +01:00 [INF] XPBar loaded in 30,6708 ms.
2022-12-18 10:39:41.741 +01:00 [INF] MiscInformation -> Initialise time: 1,0789 ms.
2022-12-18 10:39:41.741 +01:00 [INF] PreloadAlert -> Initialise time: 0,3797 ms.
2022-12-18 10:39:41.750 +01:00 [INF] HealthBars -> Initialise time: 5,8886 ms.
2022-12-18 10:39:41.750 +01:00 [INF] MinimapIcons -> Initialise time: 0,009 ms.
2022-12-18 10:39:41.750 +01:00 [INF] HighlightedItems -> Initialise time: 3,6646 ms.
2022-12-18 10:39:41.759 +01:00 [INF] IconsBuilder -> Initialise time: 6,0647 ms.
2022-12-18 10:39:41.759 +01:00 [INF] Radar -> Initialise time: 0,0024 ms.
2022-12-18 10:39:41.787 +01:00 [INF] BasicFlaskRoutine -> Initialise time: 32,0707 ms.
2022-12-18 10:39:41.796 +01:00 [INF] Willplug -> Initialise time: 7,243 ms.
2022-12-18 10:39:42.019 +01:00 [INF] Pattern: Terrain Rotation Selector -> : Time: 183,8783 ms. Offset:[19835677] Started searching offset with:0
2022-12-18 10:39:42.144 +01:00 [INF] Pattern: Terrain Rotator Helper -> : Time: 93,0087 ms. Offset:[9767686] Started searching offset with:0
2022-12-18 10:39:43.790 +01:00 [INF] GetAllFiles loaded in 56ms
2022-12-18 10:39:46.488 +01:00 [INF] Resize from: {X=0,Y=0,Width=1920,Height=1032} to {X=0,Y=0,Width=1920,Height=1080}
2022-12-18 10:39:48.477 +01:00 [INF] HUD loaded in 4739,0377 ms.
2022-12-18 10:39:50.163 +01:00 [INF] PassiveSkillTree: Can't decode url from file: <TEST>
2022-12-18 10:39:50.793 +01:00 [ERR] BaseTreeRoutinePlugin: Cannot find C:\William\GIT\poe_api_tehcheat\PoEHelper\Plugins\Compiled\poe-plugin-willplug/config/flaskinfo.json file. This plugin will exit.
2022-12-18 10:39:50.811 +01:00 [ERR] BaseTreeRoutinePlugin: Cannot find C:\William\GIT\poe_api_tehcheat\PoEHelper\Plugins\Compiled\poe-plugin-willplug/config/debuffPanel.json file. This plugin will exit.
2022-12-18 10:39:50.811 +01:00 [ERR] BaseTreeRoutinePlugin: Cannot find C:\William\GIT\poe_api_tehcheat\PoEHelper\Plugins\Compiled\poe-plugin-willplug/config/FlaskBuffDetails.json file. This plugin will exit.
2022-12-18 10:41:11.036 +01:00 [INF] Chest debug -> CType:Strongbox Path: Metadata/Chests/StrongBoxes/Armory #		Text: Armourer's Strongbox #		Render Name: Armourer's Strongbox
2022-12-18 10:41:11.045 +01:00 [INF] Stat: ChestDelayDropsUntilDaemonsFinish = 2
2022-12-18 10:41:11.045 +01:00 [INF] Stat: ChestDisplayFreeze = 1
2022-12-18 10:44:31.469 +01:00 [INF] =============== Close hud at 18.12.2022 10:44:31 ===============
2022-12-18 10:45:21.434 +01:00 [INF] =============== Start hud at 18.12.2022 10:45:21 ===============
2022-12-18 10:45:21.466 +01:00 [INF] PerfTimer =-> Create new offsets (3,2377 ms) Thread #[1]
2022-12-18 10:45:21.737 +01:00 [INF] PerfTimer =-> Load manual fonts (0,1066 ms) Thread #[1]
2022-12-18 10:45:21.737 +01:00 [INF] PerfTimer =-> DX11 Load (1,3493 ms) Thread #[1]
2022-12-18 10:45:22.141 +01:00 [INF] PerfTimer =-> Load files from memory (58,7536 ms) Thread #[1]
2022-12-18 10:45:22.246 +01:00 [WRN] TreeRoutine.Routine.BuildYourOwnRoutine.Flask.FlaskSetting[] not supported for menu now. Ask developers to add this type.
2022-12-18 10:45:22.249 +01:00 [WRN] <0  0> not supported for menu now. Ask developers to add this type.
2022-12-18 10:45:22.249 +01:00 [WRN] <0  0> not supported for menu now. Ask developers to add this type.
2022-12-18 10:45:22.267 +01:00 [WRN] TreeRoutine.Routine.BasicFlaskRoutine.Flask.FlaskSetting[] not supported for menu now. Ask developers to add this type.
2022-12-18 10:45:22.350 +01:00 [WRN] 0 not supported for menu now. Ask developers to add this type.
2022-12-18 10:45:22.395 +01:00 [WRN] System.Int32[,] not supported for menu now. Ask developers to add this type.
2022-12-18 10:45:22.405 +01:00 [WRN] 16 not supported for menu now. Ask developers to add this type.
2022-12-18 10:45:22.445 +01:00 [WRN] ExileCore.Shared.Nodes.RangeNode`1[System.Byte] not supported for menu now. Ask developers to add this type.
2022-12-18 10:45:22.445 +01:00 [WRN] ExileCore.Shared.Nodes.RangeNode`1[System.Byte] not supported for menu now. Ask developers to add this type.
2022-12-18 10:45:22.445 +01:00 [WRN] ExileCore.Shared.Nodes.RangeNode`1[System.Byte] not supported for menu now. Ask developers to add this type.
2022-12-18 10:45:22.527 +01:00 [WRN]  not supported for menu now. Ask developers to add this type.
2022-12-18 10:45:22.527 +01:00 [WRN]  not supported for menu now. Ask developers to add this type.
2022-12-18 10:45:22.527 +01:00 [WRN]  not supported for menu now. Ask developers to add this type.
2022-12-18 10:45:22.528 +01:00 [WRN] PassiveSkillTreePlanter.TreeConfig+SkillTreeData not supported for menu now. Ask developers to add this type.
2022-12-18 10:45:22.528 +01:00 [WRN] PassiveSkillTreePlanter.TreeConfig+SkillTreeData not supported for menu now. Ask developers to add this type.
2022-12-18 10:45:22.560 +01:00 [WRN]  not supported for menu now. Ask developers to add this type.
2022-12-18 10:45:22.560 +01:00 [WRN]  not supported for menu now. Ask developers to add this type.
2022-12-18 10:45:22.560 +01:00 [WRN]  not supported for menu now. Ask developers to add this type.
2022-12-18 10:45:22.560 +01:00 [WRN]  not supported for menu now. Ask developers to add this type.
2022-12-18 10:45:22.560 +01:00 [WRN]  not supported for menu now. Ask developers to add this type.
2022-12-18 10:45:22.560 +01:00 [WRN]  not supported for menu now. Ask developers to add this type.
2022-12-18 10:45:22.560 +01:00 [WRN] <0  0> not supported for menu now. Ask developers to add this type.
2022-12-18 10:45:22.560 +01:00 [WRN] PickIt.PickItSettings+FRSMOverrides not supported for menu now. Ask developers to add this type.
2022-12-18 10:45:22.704 +01:00 [WRN] System.Int32[,] not supported for menu now. Ask developers to add this type.
2022-12-18 10:45:23.613 +01:00 [INF] PerfTimer =-> Plugin loader (1444,0323 ms) Thread #[1]
2022-12-18 10:45:23.719 +01:00 [INF] Pattern: Game State -> : Time: 9,7942 ms. Offset:[1164963] Started searching offset with:0
2022-12-18 10:45:23.719 +01:00 [INF] Pattern: Area change -> : Time: 17,7562 ms. Offset:[9276779] Started searching offset with:6881280
2022-12-18 10:45:23.719 +01:00 [INF] Pattern: File Root -> : Time: 27,7441 ms. Offset:[23210249] Started searching offset with:19726336
2022-12-18 10:45:23.719 +01:00 [INF] Pattern: BlackBarSize -> : Time: 27,7027 ms. Offset:[3058741] Started searching offset with:0
2022-12-18 10:45:23.719 +01:00 [INF] Pattern: DiagnosticInfoType -> : Time: 91,8013 ms. Offset:[13203055] Started searching offset with:600000
2022-12-18 10:45:23.719 +01:00 [INF] AdvancedTooltip loaded in 20,0551 ms.
2022-12-18 10:45:23.719 +01:00 [INF] AdvancedUberLabLayout loaded in 6,8981 ms.
2022-12-18 10:45:23.719 +01:00 [INF] AutoOpen loaded in 6,2304 ms.
2022-12-18 10:45:23.719 +01:00 [INF] AutoQuit loaded in 4,9523 ms.
2022-12-18 10:45:23.719 +01:00 [INF] TreeRoutine.Routine.BuildYourOwnRoutine loaded in 26,2749 ms.
2022-12-18 10:45:23.719 +01:00 [INF] TreeRoutine.Routine.BasicFlaskRoutine loaded in 26,2749 ms.
2022-12-18 10:45:23.719 +01:00 [INF] BuffUtil loaded in 30,4835 ms.
2022-12-18 10:45:23.719 +01:00 [INF] DelveWalls loaded in 6,0665 ms.
2022-12-18 10:45:23.719 +01:00 [INF] DevTree loaded in 7,3451 ms.
2022-12-18 10:45:23.719 +01:00 [INF] DPSMeter loaded in 5,6816 ms.
2022-12-18 10:45:23.719 +01:00 [INF] EliteBar loaded in 16,5517 ms.
2022-12-18 10:45:23.719 +01:00 [INF] FullRareSetManager loaded in 17,1594 ms.
2022-12-18 10:45:23.719 +01:00 [INF] HealthBars loaded in 25,1887 ms.
2022-12-18 10:45:23.719 +01:00 [INF] HeistIcons.Main loaded in 9,838 ms.
2022-12-18 10:45:23.719 +01:00 [INF] HighlightedItems loaded in 9,3283 ms.
2022-12-18 10:45:23.719 +01:00 [INF] IconsBuilder loaded in 16,85 ms.
2022-12-18 10:45:23.719 +01:00 [INF] KillCounter loaded in 5,6017 ms.
2022-12-18 10:45:23.719 +01:00 [INF] MapsExchange loaded in 27,8036 ms.
2022-12-18 10:45:23.719 +01:00 [INF] MineDetonator loaded in 4,4801 ms.
2022-12-18 10:45:23.719 +01:00 [INF] MinimapIcons loaded in 60,9049 ms.
2022-12-18 10:45:23.719 +01:00 [INF] MiscInformation loaded in 7,8714 ms.
2022-12-18 10:45:23.719 +01:00 [INF] PassiveSkillTreePlanter loaded in 10,3857 ms.
2022-12-18 10:45:23.719 +01:00 [INF] Pickit loaded in 31,4245 ms.
2022-12-18 10:45:23.719 +01:00 [INF] Willplug loaded in 25,9695 ms.
2022-12-18 10:45:23.719 +01:00 [INF] PreloadAlert loaded in 59,654 ms.
2022-12-18 10:45:23.719 +01:00 [INF] Radar loaded in 38,6504 ms.
2022-12-18 10:45:23.719 +01:00 [INF] Skill_DPS.Core loaded in 6,4444 ms.
2022-12-18 10:45:23.719 +01:00 [INF] Stashie loaded in 12,9467 ms.
2022-12-18 10:45:23.837 +01:00 [INF] XPBar loaded in 40,2451 ms.
2022-12-18 10:45:23.837 +01:00 [INF] MiscInformation -> Initialise time: 1,2841 ms.
2022-12-18 10:45:23.838 +01:00 [INF] PreloadAlert -> Initialise time: 0,4379 ms.
2022-12-18 10:45:23.838 +01:00 [INF] HealthBars -> Initialise time: 1,0424 ms.
2022-12-18 10:45:23.838 +01:00 [INF] MinimapIcons -> Initialise time: 0,0095 ms.
2022-12-18 10:45:23.838 +01:00 [INF] HighlightedItems -> Initialise time: 2,9624 ms.
2022-12-18 10:45:23.838 +01:00 [INF] IconsBuilder -> Initialise time: 2,2167 ms.
2022-12-18 10:45:23.838 +01:00 [INF] Radar -> Initialise time: 0,0025 ms.
2022-12-18 10:45:23.838 +01:00 [INF] BasicFlaskRoutine -> Initialise time: 14,0265 ms.
2022-12-18 10:45:23.838 +01:00 [INF] Willplug -> Initialise time: 6,7963 ms.
2022-12-18 10:45:23.967 +01:00 [INF] PerfTimer =-> Preload stats and mods (1825,357 ms) Thread #[6]
2022-12-18 10:45:24.062 +01:00 [INF] Pattern: Terrain Rotation Selector -> : Time: 228,2061 ms. Offset:[19835677] Started searching offset with:0
2022-12-18 10:45:24.213 +01:00 [INF] Pattern: Terrain Rotator Helper -> : Time: 119,4535 ms. Offset:[9767686] Started searching offset with:0
2022-12-18 10:45:27.145 +01:00 [INF] GetAllFiles loaded in 57ms
2022-12-18 10:45:28.982 +01:00 [INF] Resize from: {X=0,Y=0,Width=1920,Height=1032} to {X=0,Y=0,Width=1920,Height=1080}
2022-12-18 10:45:30.619 +01:00 [INF] HUD loaded in 2244,1826 ms.
2022-12-18 10:45:32.536 +01:00 [INF] PassiveSkillTree: Can't decode url from file: <TEST>
2022-12-18 10:45:32.777 +01:00 [ERR] BaseTreeRoutinePlugin: Cannot find C:\William\GIT\poe_api_tehcheat\PoEHelper\Plugins\Compiled\poe-plugin-willplug/config/flaskinfo.json file. This plugin will exit.
2022-12-18 10:45:32.781 +01:00 [ERR] BaseTreeRoutinePlugin: Cannot find C:\William\GIT\poe_api_tehcheat\PoEHelper\Plugins\Compiled\poe-plugin-willplug/config/debuffPanel.json file. This plugin will exit.
2022-12-18 10:45:32.781 +01:00 [ERR] BaseTreeRoutinePlugin: Cannot find C:\William\GIT\poe_api_tehcheat\PoEHelper\Plugins\Compiled\poe-plugin-willplug/config/FlaskBuffDetails.json file. This plugin will exit.
2022-12-18 10:45:40.125 +01:00 [INF] Chest debug -> CType:Strongbox Path: Metadata/Chests/StrongBoxes/StrongboxScarab #		Text: Operative's Strongbox #		Render Name: Operative's Strongbox
2022-12-18 10:45:40.130 +01:00 [INF] Stat: ChestDelayDropsUntilDaemonsFinish = 3
2022-12-18 10:45:40.130 +01:00 [INF] Stat: ChestDisplaySummonsSkeletons = 1
2022-12-18 10:45:40.130 +01:00 [INF] Stat: ChestDisplayFreeze = 1
2022-12-18 10:52:41.012 +01:00 [INF] =============== Close hud at 18.12.2022 10:52:41 ===============
