2022-12-15 18:38:16.752 +01:00 [INF] =============== Start hud at 15.12.2022 18:38:16 ===============
2022-12-15 18:38:16.861 +01:00 [INF] PerfTimer =-> Create new offsets (80,7357 ms) Thread #[1]
2022-12-15 18:38:17.842 +01:00 [INF] PerfTimer =-> Load manual fonts (0,0595 ms) Thread #[1]
2022-12-15 18:38:17.842 +01:00 [INF] PerfTimer =-> DX11 Load (0,8491 ms) Thread #[1]
2022-12-15 18:38:18.570 +01:00 [INF] PerfTimer =-> Load files from memory (46,8972 ms) Thread #[1]
2022-12-15 18:38:18.888 +01:00 [WRN] TreeRoutine.Routine.BuildYourOwnRoutine.Flask.FlaskSetting[] not supported for menu now. Ask developers to add this type.
2022-12-15 18:38:18.892 +01:00 [WRN] <0  0> not supported for menu now. Ask developers to add this type.
2022-12-15 18:38:18.892 +01:00 [WRN] <0  0> not supported for menu now. Ask developers to add this type.
2022-12-15 18:38:18.916 +01:00 [WRN] TreeRoutine.Routine.BasicFlaskRoutine.Flask.FlaskSetting[] not supported for menu now. Ask developers to add this type.
2022-12-15 18:38:19.297 +01:00 [WRN] 0 not supported for menu now. Ask developers to add this type.
2022-12-15 18:38:19.491 +01:00 [WRN] System.Int32[,] not supported for menu now. Ask developers to add this type.
2022-12-15 18:38:19.573 +01:00 [WRN] 16 not supported for menu now. Ask developers to add this type.
2022-12-15 18:38:19.699 +01:00 [WRN] ExileCore.Shared.Nodes.RangeNode`1[System.Byte] not supported for menu now. Ask developers to add this type.
2022-12-15 18:38:19.699 +01:00 [WRN] ExileCore.Shared.Nodes.RangeNode`1[System.Byte] not supported for menu now. Ask developers to add this type.
2022-12-15 18:38:19.699 +01:00 [WRN] ExileCore.Shared.Nodes.RangeNode`1[System.Byte] not supported for menu now. Ask developers to add this type.
2022-12-15 18:38:19.952 +01:00 [WRN]  not supported for menu now. Ask developers to add this type.
2022-12-15 18:38:19.952 +01:00 [WRN]  not supported for menu now. Ask developers to add this type.
2022-12-15 18:38:19.953 +01:00 [WRN]  not supported for menu now. Ask developers to add this type.
2022-12-15 18:38:19.953 +01:00 [WRN] PassiveSkillTreePlanter.TreeConfig+SkillTreeData not supported for menu now. Ask developers to add this type.
2022-12-15 18:38:19.953 +01:00 [WRN] PassiveSkillTreePlanter.TreeConfig+SkillTreeData not supported for menu now. Ask developers to add this type.
2022-12-15 18:38:20.079 +01:00 [WRN]  not supported for menu now. Ask developers to add this type.
2022-12-15 18:38:20.079 +01:00 [WRN]  not supported for menu now. Ask developers to add this type.
2022-12-15 18:38:20.079 +01:00 [WRN]  not supported for menu now. Ask developers to add this type.
2022-12-15 18:38:20.079 +01:00 [WRN]  not supported for menu now. Ask developers to add this type.
2022-12-15 18:38:20.079 +01:00 [WRN]  not supported for menu now. Ask developers to add this type.
2022-12-15 18:38:20.079 +01:00 [WRN]  not supported for menu now. Ask developers to add this type.
2022-12-15 18:38:20.079 +01:00 [WRN] <0  0> not supported for menu now. Ask developers to add this type.
2022-12-15 18:38:20.080 +01:00 [WRN] PickIt.PickItSettings+FRSMOverrides not supported for menu now. Ask developers to add this type.
2022-12-15 18:38:20.432 +01:00 [INF] PerfTimer =-> Preload stats and mods (1861,1281 ms) Thread #[24]
2022-12-15 18:38:20.487 +01:00 [WRN] System.Int32[,] not supported for menu now. Ask developers to add this type.
2022-12-15 18:38:21.209 +01:00 [INF] PerfTimer =-> Plugin loader (2604,5042 ms) Thread #[1]
2022-12-15 18:38:21.369 +01:00 [INF] Pattern: Game State -> : Time: 9,4821 ms. Offset:[1164963] Started searching offset with:0
2022-12-15 18:38:21.369 +01:00 [INF] Pattern: Area change -> : Time: 17,8538 ms. Offset:[9276779] Started searching offset with:6881280
2022-12-15 18:38:21.369 +01:00 [INF] Pattern: BlackBarSize -> : Time: 27,1268 ms. Offset:[3058741] Started searching offset with:0
2022-12-15 18:38:21.369 +01:00 [INF] Pattern: File Root -> : Time: 36,9917 ms. Offset:[23210249] Started searching offset with:19726336
2022-12-15 18:38:21.369 +01:00 [INF] Pattern: DiagnosticInfoType -> : Time: 99,1771 ms. Offset:[13203055] Started searching offset with:600000
2022-12-15 18:38:21.369 +01:00 [INF] AdvancedTooltip loaded in 75,0333 ms.
2022-12-15 18:38:21.369 +01:00 [INF] AdvancedUberLabLayout loaded in 49,8533 ms.
2022-12-15 18:38:21.369 +01:00 [INF] AutoOpen loaded in 42,7954 ms.
2022-12-15 18:38:21.369 +01:00 [INF] AutoQuit loaded in 37,0574 ms.
2022-12-15 18:38:21.369 +01:00 [INF] TreeRoutine.Routine.BuildYourOwnRoutine loaded in 72,2741 ms.
2022-12-15 18:38:21.369 +01:00 [INF] TreeRoutine.Routine.BasicFlaskRoutine loaded in 72,2741 ms.
2022-12-15 18:38:21.369 +01:00 [INF] BuffUtil loaded in 68,3307 ms.
2022-12-15 18:38:21.369 +01:00 [INF] DelveWalls loaded in 45,9424 ms.
2022-12-15 18:38:21.369 +01:00 [INF] DevTree loaded in 80,5967 ms.
2022-12-15 18:38:21.369 +01:00 [INF] DPSMeter loaded in 44,8455 ms.
2022-12-15 18:38:21.369 +01:00 [INF] EliteBar loaded in 56,1639 ms.
2022-12-15 18:38:21.369 +01:00 [INF] FullRareSetManager loaded in 86,1648 ms.
2022-12-15 18:38:21.369 +01:00 [INF] HealthBars loaded in 75,6257 ms.
2022-12-15 18:38:21.369 +01:00 [INF] HeistIcons.Main loaded in 51,6692 ms.
2022-12-15 18:38:21.369 +01:00 [INF] HighlightedItems loaded in 65,926 ms.
2022-12-15 18:38:21.369 +01:00 [INF] IconsBuilder loaded in 88,8441 ms.
2022-12-15 18:38:21.369 +01:00 [INF] KillCounter loaded in 46,3094 ms.
2022-12-15 18:38:21.369 +01:00 [INF] MapsExchange loaded in 72,707 ms.
2022-12-15 18:38:21.369 +01:00 [INF] MineDetonator loaded in 34,98 ms.
2022-12-15 18:38:21.369 +01:00 [INF] MinimapIcons loaded in 123,5664 ms.
2022-12-15 18:38:21.369 +01:00 [INF] MiscInformation loaded in 45,3054 ms.
2022-12-15 18:38:21.369 +01:00 [INF] PassiveSkillTreePlanter loaded in 51,3453 ms.
2022-12-15 18:38:21.369 +01:00 [INF] Pickit loaded in 125,3288 ms.
2022-12-15 18:38:21.369 +01:00 [INF] Willplug loaded in 58,6402 ms.
2022-12-15 18:38:21.369 +01:00 [INF] PreloadAlert loaded in 138,0684 ms.
2022-12-15 18:38:21.369 +01:00 [INF] Radar loaded in 80,1474 ms.
2022-12-15 18:38:21.442 +01:00 [INF] Skill_DPS.Core loaded in 40,3733 ms.
2022-12-15 18:38:21.489 +01:00 [INF] Stashie loaded in 90,0377 ms.
2022-12-15 18:38:21.519 +01:00 [INF] XPBar loaded in 28,548 ms.
2022-12-15 18:38:21.519 +01:00 [INF] MiscInformation -> Initialise time: 1,031 ms.
2022-12-15 18:38:21.519 +01:00 [INF] PreloadAlert -> Initialise time: 0,3853 ms.
2022-12-15 18:38:21.529 +01:00 [INF] HealthBars -> Initialise time: 5,7951 ms.
2022-12-15 18:38:21.529 +01:00 [INF] MinimapIcons -> Initialise time: 0,0111 ms.
2022-12-15 18:38:21.539 +01:00 [INF] HighlightedItems -> Initialise time: 4,1318 ms.
2022-12-15 18:38:21.539 +01:00 [INF] IconsBuilder -> Initialise time: 5,0299 ms.
2022-12-15 18:38:21.539 +01:00 [INF] Radar -> Initialise time: 0,0016 ms.
2022-12-15 18:38:21.569 +01:00 [INF] BasicFlaskRoutine -> Initialise time: 30,5642 ms.
2022-12-15 18:38:21.579 +01:00 [INF] Willplug -> Initialise time: 6,0105 ms.
2022-12-15 18:38:21.804 +01:00 [INF] Pattern: Terrain Rotation Selector -> : Time: 184,1593 ms. Offset:[19835677] Started searching offset with:0
2022-12-15 18:38:21.927 +01:00 [INF] Pattern: Terrain Rotator Helper -> : Time: 91,1736 ms. Offset:[9767686] Started searching offset with:0
2022-12-15 18:38:23.569 +01:00 [INF] GetAllFiles loaded in 45ms
2022-12-15 18:38:26.219 +01:00 [INF] Resize from: {X=0,Y=0,Width=1920,Height=1032} to {X=0,Y=0,Width=1920,Height=1080}
2022-12-15 18:38:28.217 +01:00 [INF] HUD loaded in 4698,0061 ms.
2022-12-15 18:38:29.957 +01:00 [INF] PassiveSkillTree: Can't decode url from file: <TEST>
2022-12-15 18:38:30.572 +01:00 [ERR] BaseTreeRoutinePlugin: Cannot find C:\William\GIT\poe_api_tehcheat\PoEHelper\Plugins\Compiled\poe-plugin-willplug/config/flaskinfo.json file. This plugin will exit.
2022-12-15 18:38:30.575 +01:00 [ERR] BaseTreeRoutinePlugin: Cannot find C:\William\GIT\poe_api_tehcheat\PoEHelper\Plugins\Compiled\poe-plugin-willplug/config/debuffPanel.json file. This plugin will exit.
2022-12-15 18:38:30.575 +01:00 [ERR] BaseTreeRoutinePlugin: Cannot find C:\William\GIT\poe_api_tehcheat\PoEHelper\Plugins\Compiled\poe-plugin-willplug/config/FlaskBuffDetails.json file. This plugin will exit.
2022-12-15 18:44:38.737 +01:00 [INF] Chest debug -> CType:Strongbox Path: Metadata/Chests/StrongBoxes/Strongbox #		Text: Strongbox #		Render Name: Strongbox
2022-12-15 18:44:38.743 +01:00 [INF] Stat: ChestDelayDropsUntilDaemonsFinish = 1
2022-12-15 18:44:38.743 +01:00 [INF] Stat: ChestPlayWarningSound = 1
2022-12-15 18:44:38.743 +01:00 [INF] Stat: ChestDisplayFreeze = 1
2022-12-15 18:52:25.540 +01:00 [INF] Chest debug -> CType:Strongbox Path: Metadata/Chests/StrongBoxes/Strongbox #		Text: Strongbox #		Render Name: Strongbox
2022-12-15 18:52:25.545 +01:00 [INF] Stat: ChestDelayDropsUntilDaemonsFinish = 1
2022-12-15 18:52:25.545 +01:00 [INF] Stat: ChestPlayWarningSound = 1
2022-12-15 18:52:25.545 +01:00 [INF] Stat: ChestDisplayFreeze = 1
2022-12-15 18:56:51.390 +01:00 [INF] Running the inventory dump procedure...
2022-12-15 18:57:11.564 +01:00 [INF] =============== Close hud at 15.12.2022 18:57:11 ===============
2022-12-15 20:51:52.353 +01:00 [INF] =============== Start hud at 15.12.2022 20:51:52 ===============
2022-12-15 20:51:52.384 +01:00 [INF] PerfTimer =-> Create new offsets (3,4154 ms) Thread #[1]
2022-12-15 20:51:52.654 +01:00 [INF] PerfTimer =-> Load manual fonts (0,0578 ms) Thread #[1]
2022-12-15 20:51:52.654 +01:00 [INF] PerfTimer =-> DX11 Load (0,9271 ms) Thread #[1]
2022-12-15 20:51:53.040 +01:00 [INF] PerfTimer =-> Load files from memory (40,3242 ms) Thread #[1]
2022-12-15 20:51:53.136 +01:00 [WRN] TreeRoutine.Routine.BuildYourOwnRoutine.Flask.FlaskSetting[] not supported for menu now. Ask developers to add this type.
2022-12-15 20:51:53.139 +01:00 [WRN] <0  0> not supported for menu now. Ask developers to add this type.
2022-12-15 20:51:53.139 +01:00 [WRN] <0  0> not supported for menu now. Ask developers to add this type.
2022-12-15 20:51:53.156 +01:00 [WRN] TreeRoutine.Routine.BasicFlaskRoutine.Flask.FlaskSetting[] not supported for menu now. Ask developers to add this type.
2022-12-15 20:51:53.227 +01:00 [WRN] 0 not supported for menu now. Ask developers to add this type.
2022-12-15 20:51:53.269 +01:00 [WRN] System.Int32[,] not supported for menu now. Ask developers to add this type.
2022-12-15 20:51:53.278 +01:00 [WRN] 16 not supported for menu now. Ask developers to add this type.
2022-12-15 20:51:53.314 +01:00 [WRN] ExileCore.Shared.Nodes.RangeNode`1[System.Byte] not supported for menu now. Ask developers to add this type.
2022-12-15 20:51:53.314 +01:00 [WRN] ExileCore.Shared.Nodes.RangeNode`1[System.Byte] not supported for menu now. Ask developers to add this type.
2022-12-15 20:51:53.314 +01:00 [WRN] ExileCore.Shared.Nodes.RangeNode`1[System.Byte] not supported for menu now. Ask developers to add this type.
2022-12-15 20:51:53.399 +01:00 [WRN]  not supported for menu now. Ask developers to add this type.
2022-12-15 20:51:53.399 +01:00 [WRN]  not supported for menu now. Ask developers to add this type.
2022-12-15 20:51:53.399 +01:00 [WRN]  not supported for menu now. Ask developers to add this type.
2022-12-15 20:51:53.399 +01:00 [WRN] PassiveSkillTreePlanter.TreeConfig+SkillTreeData not supported for menu now. Ask developers to add this type.
2022-12-15 20:51:53.399 +01:00 [WRN] PassiveSkillTreePlanter.TreeConfig+SkillTreeData not supported for menu now. Ask developers to add this type.
2022-12-15 20:51:53.424 +01:00 [WRN]  not supported for menu now. Ask developers to add this type.
2022-12-15 20:51:53.424 +01:00 [WRN]  not supported for menu now. Ask developers to add this type.
2022-12-15 20:51:53.424 +01:00 [WRN]  not supported for menu now. Ask developers to add this type.
2022-12-15 20:51:53.424 +01:00 [WRN]  not supported for menu now. Ask developers to add this type.
2022-12-15 20:51:53.424 +01:00 [WRN]  not supported for menu now. Ask developers to add this type.
2022-12-15 20:51:53.424 +01:00 [WRN]  not supported for menu now. Ask developers to add this type.
2022-12-15 20:51:53.424 +01:00 [WRN] <0  0> not supported for menu now. Ask developers to add this type.
2022-12-15 20:51:53.424 +01:00 [WRN] PickIt.PickItSettings+FRSMOverrides not supported for menu now. Ask developers to add this type.
2022-12-15 20:51:53.550 +01:00 [WRN] System.Int32[,] not supported for menu now. Ask developers to add this type.
2022-12-15 20:51:54.449 +01:00 [INF] PerfTimer =-> Plugin loader (1377,2869 ms) Thread #[1]
2022-12-15 20:51:54.538 +01:00 [INF] Pattern: Game State -> : Time: 9,7476 ms. Offset:[1164963] Started searching offset with:0
2022-12-15 20:51:54.538 +01:00 [INF] Pattern: Area change -> : Time: 17,3071 ms. Offset:[9276779] Started searching offset with:6881280
2022-12-15 20:51:54.538 +01:00 [INF] Pattern: BlackBarSize -> : Time: 26,7123 ms. Offset:[3058741] Started searching offset with:0
2022-12-15 20:51:54.538 +01:00 [INF] Pattern: File Root -> : Time: 27,1819 ms. Offset:[23210249] Started searching offset with:19726336
2022-12-15 20:51:54.538 +01:00 [INF] Pattern: DiagnosticInfoType -> : Time: 89,0992 ms. Offset:[13203055] Started searching offset with:600000
2022-12-15 20:51:54.538 +01:00 [INF] AdvancedTooltip loaded in 20,0747 ms.
2022-12-15 20:51:54.538 +01:00 [INF] AdvancedUberLabLayout loaded in 7,0656 ms.
2022-12-15 20:51:54.538 +01:00 [INF] AutoOpen loaded in 11,9518 ms.
2022-12-15 20:51:54.538 +01:00 [INF] AutoQuit loaded in 3,6992 ms.
2022-12-15 20:51:54.538 +01:00 [INF] TreeRoutine.Routine.BuildYourOwnRoutine loaded in 14,5743 ms.
2022-12-15 20:51:54.538 +01:00 [INF] TreeRoutine.Routine.BasicFlaskRoutine loaded in 14,5743 ms.
2022-12-15 20:51:54.538 +01:00 [INF] BuffUtil loaded in 20,869 ms.
2022-12-15 20:51:54.538 +01:00 [INF] DelveWalls loaded in 4,963 ms.
2022-12-15 20:51:54.538 +01:00 [INF] DevTree loaded in 5,4511 ms.
2022-12-15 20:51:54.538 +01:00 [INF] DPSMeter loaded in 5,4384 ms.
2022-12-15 20:51:54.538 +01:00 [INF] EliteBar loaded in 14,2689 ms.
2022-12-15 20:51:54.538 +01:00 [INF] FullRareSetManager loaded in 20,7649 ms.
2022-12-15 20:51:54.539 +01:00 [INF] HealthBars loaded in 22,8665 ms.
2022-12-15 20:51:54.539 +01:00 [INF] HeistIcons.Main loaded in 10,6493 ms.
2022-12-15 20:51:54.539 +01:00 [INF] HighlightedItems loaded in 7,7059 ms.
2022-12-15 20:51:54.539 +01:00 [INF] IconsBuilder loaded in 16,5038 ms.
2022-12-15 20:51:54.539 +01:00 [INF] KillCounter loaded in 7,1321 ms.
2022-12-15 20:51:54.539 +01:00 [INF] MapsExchange loaded in 21,2975 ms.
2022-12-15 20:51:54.539 +01:00 [INF] MineDetonator loaded in 3,9805 ms.
2022-12-15 20:51:54.539 +01:00 [INF] MinimapIcons loaded in 62,935 ms.
2022-12-15 20:51:54.539 +01:00 [INF] MiscInformation loaded in 9,5739 ms.
2022-12-15 20:51:54.539 +01:00 [INF] PassiveSkillTreePlanter loaded in 9,3985 ms.
2022-12-15 20:51:54.539 +01:00 [INF] Pickit loaded in 24,2988 ms.
2022-12-15 20:51:54.539 +01:00 [INF] Willplug loaded in 5,2457 ms.
2022-12-15 20:51:54.539 +01:00 [INF] PreloadAlert loaded in 74,6544 ms.
2022-12-15 20:51:54.539 +01:00 [INF] Radar loaded in 30,6001 ms.
2022-12-15 20:51:54.637 +01:00 [INF] Skill_DPS.Core loaded in 6,0033 ms.
2022-12-15 20:51:54.637 +01:00 [INF] Stashie loaded in 8,9078 ms.
2022-12-15 20:51:54.637 +01:00 [INF] XPBar loaded in 4,5331 ms.
2022-12-15 20:51:54.637 +01:00 [INF] MiscInformation -> Initialise time: 1,0091 ms.
2022-12-15 20:51:54.637 +01:00 [INF] PreloadAlert -> Initialise time: 0,5426 ms.
2022-12-15 20:51:54.637 +01:00 [INF] HealthBars -> Initialise time: 1,0021 ms.
2022-12-15 20:51:54.637 +01:00 [INF] MinimapIcons -> Initialise time: 0,0082 ms.
2022-12-15 20:51:54.637 +01:00 [INF] HighlightedItems -> Initialise time: 9,9783 ms.
2022-12-15 20:51:54.637 +01:00 [INF] IconsBuilder -> Initialise time: 1,9303 ms.
2022-12-15 20:51:54.637 +01:00 [INF] Radar -> Initialise time: 0,0023 ms.
2022-12-15 20:51:54.637 +01:00 [INF] BasicFlaskRoutine -> Initialise time: 22,8328 ms.
2022-12-15 20:51:54.637 +01:00 [INF] Willplug -> Initialise time: 26,7712 ms.
2022-12-15 20:51:54.709 +01:00 [INF] PerfTimer =-> Preload stats and mods (1669,1408 ms) Thread #[24]
2022-12-15 20:51:54.944 +01:00 [INF] Pattern: Terrain Rotation Selector -> : Time: 225,1155 ms. Offset:[19835677] Started searching offset with:0
2022-12-15 20:51:55.103 +01:00 [INF] Pattern: Terrain Rotator Helper -> : Time: 124,271 ms. Offset:[9767686] Started searching offset with:0
2022-12-15 20:51:58.044 +01:00 [INF] GetAllFiles loaded in 38ms
2022-12-15 20:51:59.476 +01:00 [INF] Resize from: {X=0,Y=0,Width=1920,Height=1032} to {X=0,Y=0,Width=1920,Height=1080}
2022-12-15 20:52:01.459 +01:00 [INF] HUD loaded in 2162,0078 ms.
2022-12-15 20:52:03.406 +01:00 [INF] PassiveSkillTree: Can't decode url from file: <TEST>
2022-12-15 20:52:03.604 +01:00 [ERR] BaseTreeRoutinePlugin: Cannot find C:\William\GIT\poe_api_tehcheat\PoEHelper\Plugins\Compiled\poe-plugin-willplug/config/flaskinfo.json file. This plugin will exit.
2022-12-15 20:52:03.607 +01:00 [ERR] BaseTreeRoutinePlugin: Cannot find C:\William\GIT\poe_api_tehcheat\PoEHelper\Plugins\Compiled\poe-plugin-willplug/config/debuffPanel.json file. This plugin will exit.
2022-12-15 20:52:03.608 +01:00 [ERR] BaseTreeRoutinePlugin: Cannot find C:\William\GIT\poe_api_tehcheat\PoEHelper\Plugins\Compiled\poe-plugin-willplug/config/FlaskBuffDetails.json file. This plugin will exit.
2022-12-15 21:03:18.604 +01:00 [INF] Chest debug -> CType:Strongbox Path: Metadata/Chests/StrongBoxes/Strongbox #		Text: Strongbox #		Render Name: Strongbox
2022-12-15 21:03:18.610 +01:00 [INF] Stat: ChestDelayDropsUntilDaemonsFinish = 2
2022-12-15 21:03:18.611 +01:00 [INF] Stat: ChestPlayWarningSound = 1
2022-12-15 21:03:18.611 +01:00 [INF] Stat: ChestDisplayFreeze = 1
2022-12-15 21:04:01.692 +01:00 [INF] Chest debug -> CType:Strongbox Path: Metadata/Chests/StrongBoxes/Gemcutter #		Text: Gemcutter's Strongbox #		Render Name: Gemcutter's Strongbox
2022-12-15 21:04:01.700 +01:00 [INF] Stat: ChestDelayDropsUntilDaemonsFinish = 2
2022-12-15 21:04:01.701 +01:00 [INF] Stat: ChestPlayWarningSound = 1
2022-12-15 21:14:31.865 +01:00 [INF] Chest debug -> CType:Strongbox Path: Metadata/Chests/StrongBoxes/Arcanist #		Text: Arcanist's Strongbox #		Render Name: Arcanist's Strongbox
2022-12-15 21:14:31.870 +01:00 [INF] Stat: ChestDelayDropsUntilDaemonsFinish = 2
2022-12-15 21:20:30.324 +01:00 [INF] Chest debug -> CType:Strongbox Path: Metadata/Chests/StrongBoxes/Strongbox #		Text: Strongbox #		Render Name: Strongbox
2022-12-15 21:20:30.329 +01:00 [INF] Stat: ChestDelayDropsUntilDaemonsFinish = 1
2022-12-15 21:20:30.329 +01:00 [INF] Stat: ChestPlayWarningSound = 1
2022-12-15 21:20:30.329 +01:00 [INF] Stat: ChestDropAdditionalUnqiueItems = 1
2022-12-15 21:20:30.329 +01:00 [INF] Stat: ChestDisplayFreeze = 1
2022-12-15 21:20:40.682 +01:00 [INF] Chest debug -> CType:Legion Path: Metadata/Chests/LegionChests/EternalEmpireChest #		Text: RewardCurrency #		Render Name: <rgb(218,165,32)>{Eternal Chest}
2022-12-15 21:20:40.689 +01:00 [INF] Stat: MonsterMinimapIcon = 178
2022-12-15 21:20:40.817 +01:00 [INF] Chest debug -> CType:Legion Path: Metadata/Chests/LegionChests/EternalEmpireChest #		Text: RewardCurrency #		Render Name: <rgb(218,165,32)>{Eternal Chest}
2022-12-15 21:20:40.831 +01:00 [INF] Stat: MonsterMinimapIcon = 178
2022-12-15 21:21:30.449 +01:00 [ERR] Stats over capped: First: C0B9A9FC3D69F480 - Last: C380BAE2411D53F8 - Size (bytes): 200147288531885944 Total Stats: 25018411066485743
2022-12-15 21:23:36.231 +01:00 [INF] Running the inventory dump procedure...
2022-12-15 21:29:55.311 +01:00 [INF] Chest debug -> CType:Strongbox Path: Metadata/Chests/StrongBoxes/Strongbox #		Text: Strongbox #		Render Name: Strongbox
2022-12-15 21:29:55.316 +01:00 [INF] Stat: ChestDelayDropsUntilDaemonsFinish = 2
2022-12-15 21:29:55.316 +01:00 [INF] Stat: ChestPlayWarningSound = 1
2022-12-15 21:29:55.316 +01:00 [INF] Stat: ChestDisplaySummonsSkeletons = 1
2022-12-15 21:34:43.888 +01:00 [INF] Chest debug -> CType:Strongbox Path: Metadata/Chests/StrongBoxes/Ornate #		Text: Ornate Strongbox #		Render Name: Ornate Strongbox
2022-12-15 21:34:43.896 +01:00 [INF] Stat: ChestDelayDropsUntilDaemonsFinish = 2
2022-12-15 21:34:43.896 +01:00 [INF] Stat: ChestPlayWarningSound = 1
2022-12-15 21:34:43.896 +01:00 [INF] Stat: NumberOfMonstersToSummon = 3
2022-12-15 21:35:11.157 +01:00 [ERR] Something wrong we parse 456 when expect 28
2022-12-15 21:35:56.631 +01:00 [INF] Chest debug -> CType:Strongbox Path: Metadata/Chests/StrongBoxes/Ornate #		Text: Ornate Strongbox #		Render Name: Ornate Strongbox
2022-12-15 21:35:56.635 +01:00 [INF] Stat: ChestDelayDropsUntilDaemonsFinish = 2
2022-12-15 21:35:56.636 +01:00 [INF] Stat: ChestPlayWarningSound = 1
2022-12-15 21:35:56.636 +01:00 [INF] Stat: NumberOfMonstersToSummon = 3
2022-12-15 21:39:53.873 +01:00 [ERR] Something wrong we parse 126 when expect 53
2022-12-15 21:41:21.844 +01:00 [ERR] Something wrong we parse 113 when expect 39
2022-12-15 21:44:03.900 +01:00 [ERR] Something wrong we parse 120 when expect 45
2022-12-15 21:49:21.595 +01:00 [INF] Chest debug -> CType:Legion Path: Metadata/Chests/LegionChests/VaalChestEpic #		Text: RewardCurrency #		Render Name: <rgb(218,165,32)>{Vaal War Hoard}
2022-12-15 21:49:21.601 +01:00 [INF] Stat: MonsterMinimapIcon = 178
2022-12-15 21:49:21.672 +01:00 [INF] Chest debug -> CType:Legion Path: Metadata/Chests/LegionChests/EternalEmpireChest #		Text: RewardGenericItems #		Render Name: <rgb(218,165,32)>{Eternal Chest}
2022-12-15 21:49:21.681 +01:00 [INF] Stat: MonsterMinimapIcon = 184
2022-12-15 21:49:21.744 +01:00 [INF] Chest debug -> CType:Legion Path: Metadata/Chests/LegionChests/EternalEmpireChest #		Text: RewardWeaponEnchants #		Render Name: <rgb(218,165,32)>{Eternal Chest}
2022-12-15 21:49:21.752 +01:00 [INF] Stat: MonsterMinimapIcon = 195
2022-12-15 21:49:21.875 +01:00 [INF] Chest debug -> CType:Legion Path: Metadata/Chests/LegionChests/EternalEmpireChestEpic #		Text: RewardDivinationCards #		Render Name: <rgb(218,165,32)>{Eternal War Hoard}
2022-12-15 21:49:21.882 +01:00 [INF] Stat: MonsterMinimapIcon = 179
2022-12-15 21:49:24.385 +01:00 [INF] Chest debug -> CType:Legion Path: Metadata/Chests/LegionChests/VaalChestEpic #		Text: RewardCurrency #		Render Name: <rgb(218,165,32)>{Vaal War Hoard}
2022-12-15 21:49:24.391 +01:00 [INF] Stat: MonsterMinimapIcon = 178
2022-12-15 21:49:42.488 +01:00 [INF] Chest debug -> CType:Legion Path: Metadata/Chests/LegionChests/VaalChestEpic #		Text: RewardCurrency #		Render Name: <rgb(218,165,32)>{Vaal War Hoard}
2022-12-15 21:49:42.492 +01:00 [INF] Stat: MonsterMinimapIcon = 178
2022-12-15 21:55:21.961 +01:00 [ERR] Something wrong we parse 2884 when expect 716
2022-12-15 21:56:23.392 +01:00 [ERR] MinimapIcons, PerfomanceRender -> System.NullReferenceException: Object reference not set to an instance of an object.
   at IconsBuilder.LegionIcon.<>c__DisplayClass2_0.<Update>b__1()
   at MinimapIcons.MinimapIcons.Render()
   at ExileCore.Shared.PluginWrapper.PerfomanceRender()
2022-12-15 21:56:26.665 +01:00 [INF] Chest debug -> CType:Legion Path: Metadata/Chests/LegionChests/KaruiChestEpic #		Text: RewardCurrency #		Render Name: <rgb(218,165,32)>{Karui War Hoard}
2022-12-15 21:56:26.675 +01:00 [INF] Stat: MonsterMinimapIcon = 178
2022-12-15 21:56:26.675 +01:00 [INF] Chest debug -> CType:Legion Path: Metadata/Chests/LegionChests/KaruiChest #		Text: RewardGenericItems #		Render Name: <rgb(218,165,32)>{Karui Chest}
2022-12-15 21:56:26.675 +01:00 [INF] Stat: MonsterMinimapIcon = 184
2022-12-15 21:56:29.648 +01:00 [ERR] MinimapIcons, PerfomanceRender -> System.NullReferenceException: Object reference not set to an instance of an object.
   at IconsBuilder.LegionIcon.<>c__DisplayClass2_0.<Update>b__1()
   at MinimapIcons.MinimapIcons.Render()
   at ExileCore.Shared.PluginWrapper.PerfomanceRender()
2022-12-15 21:56:31.749 +01:00 [INF] Chest debug -> CType:Legion Path: Metadata/Chests/LegionChests/MarakethChest #		Text: RewardLabyrinth #		Render Name: <rgb(218,165,32)>{Maraketh Chest}
2022-12-15 21:56:31.763 +01:00 [INF] Stat: MonsterMinimapIcon = 186
2022-12-15 22:06:39.639 +01:00 [INF] =============== Close hud at 15.12.2022 22:06:39 ===============
2022-12-15 22:07:16.666 +01:00 [INF] =============== Start hud at 15.12.2022 22:07:16 ===============
2022-12-15 22:07:16.697 +01:00 [INF] PerfTimer =-> Create new offsets (3,3714 ms) Thread #[1]
2022-12-15 22:07:16.983 +01:00 [INF] PerfTimer =-> Load manual fonts (0,0568 ms) Thread #[1]
2022-12-15 22:07:16.983 +01:00 [INF] PerfTimer =-> DX11 Load (0,7856 ms) Thread #[1]
2022-12-15 22:07:17.566 +01:00 [INF] PerfTimer =-> Load files from memory (64,2706 ms) Thread #[1]
2022-12-15 22:07:17.669 +01:00 [WRN] TreeRoutine.Routine.BuildYourOwnRoutine.Flask.FlaskSetting[] not supported for menu now. Ask developers to add this type.
2022-12-15 22:07:17.672 +01:00 [WRN] <0  0> not supported for menu now. Ask developers to add this type.
2022-12-15 22:07:17.672 +01:00 [WRN] <0  0> not supported for menu now. Ask developers to add this type.
2022-12-15 22:07:17.690 +01:00 [WRN] TreeRoutine.Routine.BasicFlaskRoutine.Flask.FlaskSetting[] not supported for menu now. Ask developers to add this type.
2022-12-15 22:07:17.769 +01:00 [WRN] 0 not supported for menu now. Ask developers to add this type.
2022-12-15 22:07:17.813 +01:00 [WRN] System.Int32[,] not supported for menu now. Ask developers to add this type.
2022-12-15 22:07:17.831 +01:00 [WRN] 16 not supported for menu now. Ask developers to add this type.
2022-12-15 22:07:17.856 +01:00 [WRN] ExileCore.Shared.Nodes.RangeNode`1[System.Byte] not supported for menu now. Ask developers to add this type.
2022-12-15 22:07:17.856 +01:00 [WRN] ExileCore.Shared.Nodes.RangeNode`1[System.Byte] not supported for menu now. Ask developers to add this type.
2022-12-15 22:07:17.857 +01:00 [WRN] ExileCore.Shared.Nodes.RangeNode`1[System.Byte] not supported for menu now. Ask developers to add this type.
2022-12-15 22:07:17.953 +01:00 [WRN]  not supported for menu now. Ask developers to add this type.
2022-12-15 22:07:17.953 +01:00 [WRN]  not supported for menu now. Ask developers to add this type.
2022-12-15 22:07:17.953 +01:00 [WRN]  not supported for menu now. Ask developers to add this type.
2022-12-15 22:07:17.953 +01:00 [WRN] PassiveSkillTreePlanter.TreeConfig+SkillTreeData not supported for menu now. Ask developers to add this type.
2022-12-15 22:07:17.953 +01:00 [WRN] PassiveSkillTreePlanter.TreeConfig+SkillTreeData not supported for menu now. Ask developers to add this type.
2022-12-15 22:07:18.004 +01:00 [WRN]  not supported for menu now. Ask developers to add this type.
2022-12-15 22:07:18.004 +01:00 [WRN]  not supported for menu now. Ask developers to add this type.
2022-12-15 22:07:18.004 +01:00 [WRN]  not supported for menu now. Ask developers to add this type.
2022-12-15 22:07:18.004 +01:00 [WRN]  not supported for menu now. Ask developers to add this type.
2022-12-15 22:07:18.004 +01:00 [WRN]  not supported for menu now. Ask developers to add this type.
2022-12-15 22:07:18.004 +01:00 [WRN]  not supported for menu now. Ask developers to add this type.
2022-12-15 22:07:18.004 +01:00 [WRN] <0  0> not supported for menu now. Ask developers to add this type.
2022-12-15 22:07:18.005 +01:00 [WRN] PickIt.PickItSettings+FRSMOverrides not supported for menu now. Ask developers to add this type.
2022-12-15 22:07:18.120 +01:00 [WRN] System.Int32[,] not supported for menu now. Ask developers to add this type.
2022-12-15 22:07:19.159 +01:00 [INF] PerfTimer =-> Plugin loader (1565,0061 ms) Thread #[1]
2022-12-15 22:07:19.271 +01:00 [INF] Pattern: Game State -> : Time: 9,4849 ms. Offset:[1164963] Started searching offset with:0
2022-12-15 22:07:19.271 +01:00 [INF] Pattern: Area change -> : Time: 17,4153 ms. Offset:[9276779] Started searching offset with:6881280
2022-12-15 22:07:19.271 +01:00 [INF] Pattern: BlackBarSize -> : Time: 28,3467 ms. Offset:[3058741] Started searching offset with:0
2022-12-15 22:07:19.271 +01:00 [INF] Pattern: File Root -> : Time: 28,8409 ms. Offset:[23210249] Started searching offset with:19726336
2022-12-15 22:07:19.271 +01:00 [INF] Pattern: DiagnosticInfoType -> : Time: 88,015 ms. Offset:[13203055] Started searching offset with:600000
2022-12-15 22:07:19.271 +01:00 [INF] AdvancedTooltip loaded in 21,8677 ms.
2022-12-15 22:07:19.271 +01:00 [INF] AdvancedUberLabLayout loaded in 7,7437 ms.
2022-12-15 22:07:19.271 +01:00 [INF] AutoOpen loaded in 7,0851 ms.
2022-12-15 22:07:19.271 +01:00 [INF] AutoQuit loaded in 4,0554 ms.
2022-12-15 22:07:19.271 +01:00 [INF] TreeRoutine.Routine.BuildYourOwnRoutine loaded in 20,9251 ms.
2022-12-15 22:07:19.271 +01:00 [INF] TreeRoutine.Routine.BasicFlaskRoutine loaded in 20,9251 ms.
2022-12-15 22:07:19.271 +01:00 [INF] BuffUtil loaded in 27,9115 ms.
2022-12-15 22:07:19.271 +01:00 [INF] DelveWalls loaded in 6,8154 ms.
2022-12-15 22:07:19.271 +01:00 [INF] DevTree loaded in 5,8887 ms.
2022-12-15 22:07:19.271 +01:00 [INF] DPSMeter loaded in 7,6791 ms.
2022-12-15 22:07:19.271 +01:00 [INF] EliteBar loaded in 17,2283 ms.
2022-12-15 22:07:19.271 +01:00 [INF] FullRareSetManager loaded in 13,7274 ms.
2022-12-15 22:07:19.271 +01:00 [INF] HealthBars loaded in 30,3506 ms.
2022-12-15 22:07:19.271 +01:00 [INF] HeistIcons.Main loaded in 5,1113 ms.
2022-12-15 22:07:19.271 +01:00 [INF] HighlightedItems loaded in 8,7745 ms.
2022-12-15 22:07:19.271 +01:00 [INF] IconsBuilder loaded in 23,0654 ms.
2022-12-15 22:07:19.271 +01:00 [INF] KillCounter loaded in 5,8535 ms.
2022-12-15 22:07:19.271 +01:00 [INF] MapsExchange loaded in 14,2676 ms.
2022-12-15 22:07:19.271 +01:00 [INF] MineDetonator loaded in 3,9324 ms.
2022-12-15 22:07:19.271 +01:00 [INF] MinimapIcons loaded in 70,3327 ms.
2022-12-15 22:07:19.271 +01:00 [INF] MiscInformation loaded in 9,2968 ms.
2022-12-15 22:07:19.271 +01:00 [INF] PassiveSkillTreePlanter loaded in 14,119 ms.
2022-12-15 22:07:19.271 +01:00 [INF] Pickit loaded in 50,1834 ms.
2022-12-15 22:07:19.272 +01:00 [INF] Willplug loaded in 7,7432 ms.
2022-12-15 22:07:19.272 +01:00 [INF] PreloadAlert loaded in 59,1853 ms.
2022-12-15 22:07:19.272 +01:00 [INF] Radar loaded in 31,6962 ms.
2022-12-15 22:07:19.272 +01:00 [INF] Skill_DPS.Core loaded in 5,6823 ms.
2022-12-15 22:07:19.272 +01:00 [INF] Stashie loaded in 10,8625 ms.
2022-12-15 22:07:19.272 +01:00 [INF] XPBar loaded in 3,9939 ms.
2022-12-15 22:07:19.272 +01:00 [INF] MiscInformation -> Initialise time: 1,156 ms.
2022-12-15 22:07:19.272 +01:00 [INF] PreloadAlert -> Initialise time: 0,5271 ms.
2022-12-15 22:07:19.272 +01:00 [INF] HealthBars -> Initialise time: 1,2208 ms.
2022-12-15 22:07:19.272 +01:00 [INF] MinimapIcons -> Initialise time: 0,0121 ms.
2022-12-15 22:07:19.272 +01:00 [INF] HighlightedItems -> Initialise time: 3,0194 ms.
2022-12-15 22:07:19.272 +01:00 [INF] IconsBuilder -> Initialise time: 2,1406 ms.
2022-12-15 22:07:19.272 +01:00 [INF] Radar -> Initialise time: 0,0023 ms.
2022-12-15 22:07:19.272 +01:00 [INF] BasicFlaskRoutine -> Initialise time: 13,494 ms.
2022-12-15 22:07:19.272 +01:00 [INF] Willplug -> Initialise time: 18,4802 ms.
2022-12-15 22:07:19.333 +01:00 [INF] PerfTimer =-> Preload stats and mods (1766,1107 ms) Thread #[11]
2022-12-15 22:07:19.560 +01:00 [INF] Pattern: Terrain Rotation Selector -> : Time: 276,5586 ms. Offset:[19835677] Started searching offset with:0
2022-12-15 22:07:19.790 +01:00 [INF] Pattern: Terrain Rotator Helper -> : Time: 110,5646 ms. Offset:[9767686] Started searching offset with:0
2022-12-15 22:07:22.565 +01:00 [INF] GetAllFiles loaded in 62ms
2022-12-15 22:07:24.183 +01:00 [INF] Resize from: {X=0,Y=0,Width=1920,Height=1032} to {X=0,Y=0,Width=1920,Height=1080}
2022-12-15 22:07:26.165 +01:00 [INF] HUD loaded in 2555,2893 ms.
2022-12-15 22:07:27.961 +01:00 [INF] PassiveSkillTree: Can't decode url from file: <TEST>
2022-12-15 22:07:28.171 +01:00 [ERR] BaseTreeRoutinePlugin: Cannot find C:\William\GIT\poe_api_tehcheat\PoEHelper\Plugins\Compiled\poe-plugin-willplug/config/flaskinfo.json file. This plugin will exit.
2022-12-15 22:07:28.176 +01:00 [ERR] BaseTreeRoutinePlugin: Cannot find C:\William\GIT\poe_api_tehcheat\PoEHelper\Plugins\Compiled\poe-plugin-willplug/config/debuffPanel.json file. This plugin will exit.
2022-12-15 22:07:28.176 +01:00 [ERR] BaseTreeRoutinePlugin: Cannot find C:\William\GIT\poe_api_tehcheat\PoEHelper\Plugins\Compiled\poe-plugin-willplug/config/FlaskBuffDetails.json file. This plugin will exit.
2022-12-15 22:08:55.227 +01:00 [INF] Chest debug -> CType:Strongbox Path: Metadata/Chests/StrongBoxes/Gemcutter #		Text: Gemcutter's Strongbox #		Render Name: Gemcutter's Strongbox
2022-12-15 22:08:55.233 +01:00 [INF] Stat: ChestDelayDropsUntilDaemonsFinish = 2
2022-12-15 22:08:55.233 +01:00 [INF] Stat: ChestPlayWarningSound = 1
2022-12-15 22:09:42.009 +01:00 [INF] Chest debug -> CType:Strongbox Path: Metadata/Chests/StrongBoxes/Strongbox #		Text: Strongbox #		Render Name: Strongbox
2022-12-15 22:09:42.015 +01:00 [INF] Stat: ChestDelayDropsUntilDaemonsFinish = 2
2022-12-15 22:09:42.015 +01:00 [INF] Stat: ChestPlayWarningSound = 1
2022-12-15 22:09:42.015 +01:00 [INF] Stat: ChestDisplaySummonsSkeletons = 1
2022-12-15 22:10:55.458 +01:00 [INF] Running the inventory dump procedure...
2022-12-15 22:19:17.629 +01:00 [INF] Chest debug -> CType:Strongbox Path: Metadata/Chests/StrongBoxes/Strongbox #		Text: Strongbox #		Render Name: Strongbox
2022-12-15 22:19:17.635 +01:00 [INF] Stat: ChestDelayDropsUntilDaemonsFinish = 2
2022-12-15 22:19:17.635 +01:00 [INF] Stat: ChestPlayWarningSound = 1
2022-12-15 22:19:17.635 +01:00 [INF] Stat: ChestDisplaySummonsSkeletons = 1
2022-12-15 22:20:03.617 +01:00 [INF] Chest debug -> CType:Strongbox Path: Metadata/Chests/StrongBoxes/Strongbox #		Text: Strongbox #		Render Name: Strongbox
2022-12-15 22:20:03.624 +01:00 [INF] Stat: ChestDelayDropsUntilDaemonsFinish = 2
2022-12-15 22:20:03.624 +01:00 [INF] Stat: ChestPlayWarningSound = 1
2022-12-15 22:20:03.624 +01:00 [INF] Stat: ChestDisplaySummonsSkeletons = 1
2022-12-15 22:26:33.647 +01:00 [INF] Chest debug -> CType:Strongbox Path: Metadata/Chests/StrongBoxes/Arcanist #		Text: Arcanist's Strongbox #		Render Name: Arcanist's Strongbox
2022-12-15 22:26:33.654 +01:00 [INF] Stat: ChestDelayDropsUntilDaemonsFinish = 2
2022-12-15 22:26:33.654 +01:00 [INF] Stat: ChestPlayWarningSound = 1
2022-12-15 22:26:33.654 +01:00 [INF] Stat: ChestDisplaySummonsSkeletons = 1
2022-12-15 22:31:39.235 +01:00 [INF] Chest debug -> CType:Strongbox Path: Metadata/Chests/StrongBoxes/Armory #		Text: Armourer's Strongbox #		Render Name: Armourer's Strongbox
2022-12-15 22:31:39.239 +01:00 [INF] Stat: ChestDelayDropsUntilDaemonsFinish = 2
2022-12-15 22:31:39.239 +01:00 [INF] Stat: ChestPlayWarningSound = 1
2022-12-15 22:31:39.239 +01:00 [INF] Stat: ChestDisplayIceNova = 1
2022-12-15 22:31:39.239 +01:00 [INF] Stat: ChestDisplayFreeze = 1
2022-12-15 22:31:39.239 +01:00 [INF] Stat: NumberOfMonstersToSummon = 3
2022-12-15 22:38:09.359 +01:00 [ERR] Something wrong we parse 143 when expect 28
2022-12-15 22:38:51.476 +01:00 [ERR] Stats over capped: First: 23 - Last: 2500000919 - Size (bytes): 158913792246 Total Stats: 19864224030
2022-12-15 22:39:09.534 +01:00 [ERR] MinimapIcons, PerfomanceRender -> System.NullReferenceException: Object reference not set to an instance of an object.
   at IconsBuilder.LegionIcon.<>c__DisplayClass2_0.<Update>b__1()
   at MinimapIcons.MinimapIcons.Render()
   at ExileCore.Shared.PluginWrapper.PerfomanceRender()
2022-12-15 22:39:33.984 +01:00 [INF] Chest debug -> CType:Legion Path: Metadata/Chests/LegionChests/KaruiChestEpic #		Text: RewardWeaponEnchants #		Render Name: <rgb(218,165,32)>{Karui War Hoard}
2022-12-15 22:39:33.991 +01:00 [INF] Stat: MonsterMinimapIcon = 195
2022-12-15 22:39:34.104 +01:00 [INF] Chest debug -> CType:Legion Path: Metadata/Chests/LegionChests/KaruiChest #		Text: RewardArmour #		Render Name: <rgb(218,165,32)>{Karui Chest}
2022-12-15 22:39:34.115 +01:00 [INF] Stat: MonsterMinimapIcon = 175
2022-12-15 22:39:44.170 +01:00 [ERR] MinimapIcons, PerfomanceRender -> System.NullReferenceException: Object reference not set to an instance of an object.
   at IconsBuilder.LegionIcon.<>c__DisplayClass2_0.<Update>b__1()
   at MinimapIcons.MinimapIcons.Render()
   at ExileCore.Shared.PluginWrapper.PerfomanceRender()
2022-12-15 22:40:02.266 +01:00 [INF] Chest debug -> CType:Legion Path: Metadata/Chests/LegionChests/VaalChest #		Text: RewardGenericItems #		Render Name: <rgb(218,165,32)>{Vaal Chest}
2022-12-15 22:40:02.272 +01:00 [INF] Stat: MonsterMinimapIcon = 184
2022-12-15 22:40:04.483 +01:00 [INF] Chest debug -> CType:Legion Path: Metadata/Chests/LegionChests/VaalChestEpic #		Text: RewardCurrency #		Render Name: <rgb(218,165,32)>{Vaal War Hoard}
2022-12-15 22:40:04.489 +01:00 [INF] Stat: MonsterMinimapIcon = 178
2022-12-15 22:40:30.785 +01:00 [INF] Chest debug -> CType:Strongbox Path: Metadata/Chests/StrongBoxes/Armory #		Text: Armourer's Strongbox #		Render Name: Armourer's Strongbox
2022-12-15 22:40:30.793 +01:00 [INF] Stat: ChestDelayDropsUntilDaemonsFinish = 1
2022-12-15 22:40:30.793 +01:00 [INF] Stat: ChestPlayWarningSound = 1
2022-12-15 22:40:57.291 +01:00 [INF] Chest debug -> CType:Legion Path: Metadata/Chests/LegionChests/KaruiChest #		Text: RewardArmour #		Render Name: <rgb(218,165,32)>{Karui Chest}
2022-12-15 22:40:57.300 +01:00 [INF] Stat: MonsterMinimapIcon = 175
2022-12-15 22:42:37.873 +01:00 [ERR] Something wrong we parse 52 when expect 18
2022-12-15 22:44:14.322 +01:00 [INF] Running the inventory dump procedure...
2022-12-15 22:44:56.659 +01:00 [INF] Chest debug -> CType:Strongbox Path: Metadata/Chests/StrongBoxes/Arsenal #		Text: Blacksmith's Strongbox #		Render Name: Blacksmith's Strongbox
2022-12-15 22:44:56.666 +01:00 [INF] Stat: ChestDelayDropsUntilDaemonsFinish = 2
2022-12-15 22:44:56.666 +01:00 [INF] Stat: ChestPlayWarningSound = 1
2022-12-15 22:44:56.666 +01:00 [INF] Stat: ChestDisplayIceNova = 1
2022-12-15 22:45:49.394 +01:00 [INF] Chest debug -> CType:Strongbox Path: Metadata/Chests/StrongBoxes/Strongbox #		Text: Strongbox #		Render Name: Strongbox
2022-12-15 22:45:49.400 +01:00 [INF] Stat: ChestDelayDropsUntilDaemonsFinish = 1
2022-12-15 22:45:49.400 +01:00 [INF] Stat: ChestPlayWarningSound = 1
2022-12-15 22:46:01.950 +01:00 [INF] Chest debug -> CType:Strongbox Path: Metadata/Chests/StrongBoxes/Gemcutter #		Text: Gemcutter's Strongbox #		Render Name: Gemcutter's Strongbox
2022-12-15 22:46:01.956 +01:00 [INF] Stat: ChestDelayDropsUntilDaemonsFinish = 2
2022-12-15 22:46:01.956 +01:00 [INF] Stat: ChestPlayWarningSound = 1
2022-12-15 22:46:01.956 +01:00 [INF] Stat: ChestDisplayIceNova = 1
2022-12-15 22:46:40.500 +01:00 [INF] Chest debug -> CType:Strongbox Path: Metadata/Chests/StrongBoxes/Ornate #		Text: Ornate Strongbox #		Render Name: Ornate Strongbox
2022-12-15 22:46:40.507 +01:00 [INF] Stat: ChestDelayDropsUntilDaemonsFinish = 1
2022-12-15 22:46:40.507 +01:00 [INF] Stat: ChestPlayWarningSound = 1
2022-12-15 22:47:58.822 +01:00 [ERR] Something wrong we parse 63 when expect 28
2022-12-15 22:48:16.719 +01:00 [INF] Chest debug -> CType:Strongbox Path: Metadata/Chests/StrongBoxes/Strongbox #		Text: Strongbox #		Render Name: Strongbox
2022-12-15 22:48:16.728 +01:00 [INF] Stat: ChestDelayDropsUntilDaemonsFinish = 2
2022-12-15 22:48:16.728 +01:00 [INF] Stat: ChestPlayWarningSound = 1
2022-12-15 22:48:16.728 +01:00 [INF] Stat: ChestDisplaySummonsSkeletons = 1
2022-12-15 22:49:07.162 +01:00 [INF] WTF ExileCore.Core
2022-12-15 22:55:26.188 +01:00 [ERR] MinimapIcons, PerfomanceRender -> System.NullReferenceException: Object reference not set to an instance of an object.
   at IconsBuilder.LegionIcon.<>c__DisplayClass2_0.<Update>b__1()
   at MinimapIcons.MinimapIcons.Render()
   at ExileCore.Shared.PluginWrapper.PerfomanceRender()
2022-12-15 23:15:53.933 +01:00 [INF] Chest debug -> CType:Legion Path: Metadata/Chests/LegionChests/KaruiChestEpic #		Text: RewardCurrency #		Render Name: <rgb(218,165,32)>{Karui War Hoard}
2022-12-15 23:15:53.939 +01:00 [INF] Stat: MonsterMinimapIcon = 178
2022-12-15 23:16:11.757 +01:00 [INF] Chest debug -> CType:Legion Path: Metadata/Chests/LegionChests/EternalEmpireChestEpic #		Text: RewardCurrency #		Render Name: <rgb(218,165,32)>{Eternal War Hoard}
2022-12-15 23:16:11.763 +01:00 [INF] Stat: MonsterMinimapIcon = 178
2022-12-15 23:16:33.692 +01:00 [ERR] Something wrong we parse 138 when expect 28
2022-12-15 23:38:53.418 +01:00 [INF] =============== Close hud at 15.12.2022 23:38:53 ===============
