2022-12-27 09:37:21.144 +01:00 [INF] =============== Start hud at 27.12.2022 09:37:21 ===============
2022-12-27 09:37:21.251 +01:00 [INF] PerfTimer =-> Create new offsets (76,2055 ms) Thread #[1]
2022-12-27 09:37:22.236 +01:00 [INF] PerfTimer =-> Load manual fonts (0,0772 ms) Thread #[1]
2022-12-27 09:37:22.236 +01:00 [INF] PerfTimer =-> DX11 Load (1,1153 ms) Thread #[1]
2022-12-27 09:37:23.016 +01:00 [INF] PerfTimer =-> Load files from memory (62,6512 ms) Thread #[1]
2022-12-27 09:37:23.376 +01:00 [WRN] TreeRoutine.Routine.BuildYourOwnRoutine.Flask.FlaskSetting[] not supported for menu now. Ask developers to add this type.
2022-12-27 09:37:23.380 +01:00 [WRN] <0  0> not supported for menu now. Ask developers to add this type.
2022-12-27 09:37:23.380 +01:00 [WRN] <0  0> not supported for menu now. Ask developers to add this type.
2022-12-27 09:37:23.404 +01:00 [WRN] TreeRoutine.Routine.BasicFlaskRoutine.Flask.FlaskSetting[] not supported for menu now. Ask developers to add this type.
2022-12-27 09:37:23.752 +01:00 [WRN] 0 not supported for menu now. Ask developers to add this type.
2022-12-27 09:37:23.942 +01:00 [WRN] System.Int32[,] not supported for menu now. Ask developers to add this type.
2022-12-27 09:37:24.026 +01:00 [WRN] 16 not supported for menu now. Ask developers to add this type.
2022-12-27 09:37:24.131 +01:00 [WRN] ExileCore.Shared.Nodes.RangeNode`1[System.Byte] not supported for menu now. Ask developers to add this type.
2022-12-27 09:37:24.131 +01:00 [WRN] ExileCore.Shared.Nodes.RangeNode`1[System.Byte] not supported for menu now. Ask developers to add this type.
2022-12-27 09:37:24.132 +01:00 [WRN] ExileCore.Shared.Nodes.RangeNode`1[System.Byte] not supported for menu now. Ask developers to add this type.
2022-12-27 09:37:24.388 +01:00 [WRN]  not supported for menu now. Ask developers to add this type.
2022-12-27 09:37:24.388 +01:00 [WRN]  not supported for menu now. Ask developers to add this type.
2022-12-27 09:37:24.388 +01:00 [WRN]  not supported for menu now. Ask developers to add this type.
2022-12-27 09:37:24.388 +01:00 [WRN] PassiveSkillTreePlanter.TreeConfig+SkillTreeData not supported for menu now. Ask developers to add this type.
2022-12-27 09:37:24.388 +01:00 [WRN] PassiveSkillTreePlanter.TreeConfig+SkillTreeData not supported for menu now. Ask developers to add this type.
2022-12-27 09:37:24.531 +01:00 [WRN]  not supported for menu now. Ask developers to add this type.
2022-12-27 09:37:24.531 +01:00 [WRN]  not supported for menu now. Ask developers to add this type.
2022-12-27 09:37:24.531 +01:00 [WRN]  not supported for menu now. Ask developers to add this type.
2022-12-27 09:37:24.531 +01:00 [WRN]  not supported for menu now. Ask developers to add this type.
2022-12-27 09:37:24.531 +01:00 [WRN]  not supported for menu now. Ask developers to add this type.
2022-12-27 09:37:24.531 +01:00 [WRN]  not supported for menu now. Ask developers to add this type.
2022-12-27 09:37:24.531 +01:00 [WRN] <0  0> not supported for menu now. Ask developers to add this type.
2022-12-27 09:37:24.532 +01:00 [WRN] PickIt.PickItSettings+FRSMOverrides not supported for menu now. Ask developers to add this type.
2022-12-27 09:37:24.980 +01:00 [WRN] System.Int32[,] not supported for menu now. Ask developers to add this type.
2022-12-27 09:37:25.004 +01:00 [INF] PerfTimer =-> Preload stats and mods (1986,7705 ms) Thread #[22]
2022-12-27 09:37:25.676 +01:00 [INF] PerfTimer =-> Plugin loader (2628,3884 ms) Thread #[1]
2022-12-27 09:37:25.825 +01:00 [INF] Pattern: Game State -> : Time: 14,0244 ms. Offset:[1167827] Started searching offset with:0
2022-12-27 09:37:25.825 +01:00 [INF] Pattern: Area change -> : Time: 21,2354 ms. Offset:[9290651] Started searching offset with:6881280
2022-12-27 09:37:25.825 +01:00 [INF] Pattern: File Root -> : Time: 34,4511 ms. Offset:[23261817] Started searching offset with:19726336
2022-12-27 09:37:25.825 +01:00 [INF] Pattern: BlackBarSize -> : Time: 37,9375 ms. Offset:[3061397] Started searching offset with:0
2022-12-27 09:37:25.825 +01:00 [INF] Pattern: DiagnosticInfoType -> : Time: 96,1553 ms. Offset:[13223375] Started searching offset with:600000
2022-12-27 09:37:25.825 +01:00 [INF] AdvancedTooltip loaded in 87,2295 ms.
2022-12-27 09:37:25.825 +01:00 [INF] AdvancedUberLabLayout loaded in 59,5283 ms.
2022-12-27 09:37:25.825 +01:00 [INF] AutoOpen loaded in 43,4696 ms.
2022-12-27 09:37:25.825 +01:00 [INF] AutoQuit loaded in 44,9768 ms.
2022-12-27 09:37:25.825 +01:00 [INF] TreeRoutine.Routine.BuildYourOwnRoutine loaded in 77,4547 ms.
2022-12-27 09:37:25.825 +01:00 [INF] TreeRoutine.Routine.BasicFlaskRoutine loaded in 77,4547 ms.
2022-12-27 09:37:25.825 +01:00 [INF] BuffUtil loaded in 73,7602 ms.
2022-12-27 09:37:25.825 +01:00 [INF] DelveWalls loaded in 29,3966 ms.
2022-12-27 09:37:25.825 +01:00 [INF] DevTree loaded in 71,7712 ms.
2022-12-27 09:37:25.825 +01:00 [INF] DPSMeter loaded in 38,1599 ms.
2022-12-27 09:37:25.825 +01:00 [INF] EliteBar loaded in 55,6244 ms.
2022-12-27 09:37:25.825 +01:00 [INF] FullRareSetManager loaded in 80,2804 ms.
2022-12-27 09:37:25.825 +01:00 [INF] HealthBars loaded in 75,3292 ms.
2022-12-27 09:37:25.825 +01:00 [INF] HeistIcons.Main loaded in 47,9013 ms.
2022-12-27 09:37:25.825 +01:00 [INF] HighlightedItems loaded in 65,7393 ms.
2022-12-27 09:37:25.825 +01:00 [INF] IconsBuilder loaded in 89,5392 ms.
2022-12-27 09:37:25.825 +01:00 [INF] KillCounter loaded in 42,9285 ms.
2022-12-27 09:37:25.825 +01:00 [INF] MapsExchange loaded in 57,0226 ms.
2022-12-27 09:37:25.825 +01:00 [INF] MineDetonator loaded in 32,0235 ms.
2022-12-27 09:37:25.825 +01:00 [INF] MinimapIcons loaded in 128,7213 ms.
2022-12-27 09:37:25.825 +01:00 [INF] MiscInformation loaded in 50,7697 ms.
2022-12-27 09:37:25.825 +01:00 [INF] PassiveSkillTreePlanter loaded in 46,155 ms.
2022-12-27 09:37:25.825 +01:00 [INF] Pickit loaded in 142,1152 ms.
2022-12-27 09:37:25.825 +01:00 [INF] Willplug loaded in 58,7554 ms.
2022-12-27 09:37:25.825 +01:00 [INF] PreloadAlert loaded in 137,2247 ms.
2022-12-27 09:37:25.886 +01:00 [INF] Radar loaded in 110,719 ms.
2022-12-27 09:37:25.887 +01:00 [INF] Skill_DPS.Core loaded in 46,3655 ms.
2022-12-27 09:37:25.983 +01:00 [INF] Stashie loaded in 95,3802 ms.
2022-12-27 09:37:26.021 +01:00 [INF] XPBar loaded in 31,8791 ms.
2022-12-27 09:37:26.021 +01:00 [INF] MiscInformation -> Initialise time: 1,2893 ms.
2022-12-27 09:37:26.021 +01:00 [INF] PreloadAlert -> Initialise time: 0,6616 ms.
2022-12-27 09:37:26.030 +01:00 [INF] HealthBars -> Initialise time: 5,0535 ms.
2022-12-27 09:37:26.030 +01:00 [INF] MinimapIcons -> Initialise time: 0,015 ms.
2022-12-27 09:37:26.030 +01:00 [INF] HighlightedItems -> Initialise time: 3,2111 ms.
2022-12-27 09:37:26.039 +01:00 [INF] IconsBuilder -> Initialise time: 13,6154 ms.
2022-12-27 09:37:26.048 +01:00 [INF] Radar -> Initialise time: 0,0023 ms.
2022-12-27 09:37:26.094 +01:00 [INF] BasicFlaskRoutine -> Initialise time: 52,8558 ms.
2022-12-27 09:37:26.103 +01:00 [INF] Willplug -> Initialise time: 9,7826 ms.
2022-12-27 09:37:26.369 +01:00 [INF] Pattern: Terrain Rotation Selector -> : Time: 209,6882 ms. Offset:[19872765] Started searching offset with:0
2022-12-27 09:37:26.519 +01:00 [INF] Pattern: Terrain Rotator Helper -> : Time: 106,3187 ms. Offset:[9781702] Started searching offset with:0
2022-12-27 09:37:28.021 +01:00 [INF] GetAllFiles loaded in 60ms
2022-12-27 09:37:30.686 +01:00 [INF] Resize from: {X=0,Y=0,Width=1920,Height=1032} to {X=0,Y=0,Width=1920,Height=1080}
2022-12-27 09:37:32.760 +01:00 [INF] HUD loaded in 4825,1031 ms.
2022-12-27 09:37:34.391 +01:00 [INF] PassiveSkillTree: Can't decode url from file: <TEST>
2022-12-27 09:37:35.099 +01:00 [ERR] BaseTreeRoutinePlugin: Cannot find C:\William\GIT\poe_api_tehcheat\PoEHelper\Plugins\Compiled\poe-plugin-willplug/config/flaskinfo.json file. This plugin will exit.
2022-12-27 09:37:35.102 +01:00 [ERR] BaseTreeRoutinePlugin: Cannot find C:\William\GIT\poe_api_tehcheat\PoEHelper\Plugins\Compiled\poe-plugin-willplug/config/debuffPanel.json file. This plugin will exit.
2022-12-27 09:37:35.102 +01:00 [ERR] BaseTreeRoutinePlugin: Cannot find C:\William\GIT\poe_api_tehcheat\PoEHelper\Plugins\Compiled\poe-plugin-willplug/config/FlaskBuffDetails.json file. This plugin will exit.
2022-12-27 09:39:15.614 +01:00 [INF] Chest debug -> CType:Strongbox Path: Metadata/Chests/StrongBoxes/Artisan #		Text: Artisan's Strongbox #		Render Name: Artisan's Strongbox
2022-12-27 09:39:15.620 +01:00 [INF] Stat: ChestDelayDropsUntilDaemonsFinish = 1
2022-12-27 09:53:10.994 +01:00 [INF] Chest debug -> CType:Strongbox Path: Metadata/Chests/StrongBoxes/Arsenal #		Text: Blacksmith's Strongbox #		Render Name: Blacksmith's Strongbox
2022-12-27 09:53:10.998 +01:00 [INF] Stat: ChestDelayDropsUntilDaemonsFinish = 1
2022-12-27 09:54:08.752 +01:00 [INF] Chest debug -> CType:Legion Path: Metadata/Chests/LegionChests/VaalChest #		Text: RewardWeapons #		Render Name: <rgb(218,165,32)>{Vaal Chest}
2022-12-27 09:54:08.760 +01:00 [INF] Stat: MonsterMinimapIcon = 194
2022-12-27 09:54:08.761 +01:00 [INF] Chest debug -> CType:Legion Path: Metadata/Chests/LegionChests/VaalChestEpic #		Text: RewardCurrency #		Render Name: <rgb(218,165,32)>{Vaal War Hoard}
2022-12-27 09:54:08.761 +01:00 [INF] Stat: MonsterMinimapIcon = 178
2022-12-27 09:54:20.363 +01:00 [INF] Chest debug -> CType:Legion Path: Metadata/Chests/LegionChests/KaruiChestEpic #		Text: RewardAbyss #		Render Name: <rgb(218,165,32)>{Karui War Hoard}
2022-12-27 09:54:20.369 +01:00 [INF] Stat: MonsterMinimapIcon = 174
2022-12-27 10:01:12.042 +01:00 [ERR] Something wrong we parse 56 when expect 28
2022-12-27 10:06:32.182 +01:00 [INF] Chest debug -> CType:Strongbox Path: Metadata/Chests/StrongBoxes/Strongbox #		Text: Strongbox #		Render Name: Strongbox
2022-12-27 10:06:32.187 +01:00 [INF] Stat: ChestDelayDropsUntilDaemonsFinish = 2
2022-12-27 10:06:32.187 +01:00 [INF] Stat: ChestPlayWarningSound = 1
2022-12-27 10:06:32.187 +01:00 [INF] Stat: NumberOfMonstersToSummon = 3
2022-12-27 10:11:07.792 +01:00 [INF] =============== Close hud at 27.12.2022 10:11:07 ===============
2022-12-27 10:30:46.298 +01:00 [INF] =============== Start hud at 27.12.2022 10:30:46 ===============
2022-12-27 10:30:46.405 +01:00 [INF] PerfTimer =-> Create new offsets (80,2421 ms) Thread #[1]
2022-12-27 10:30:47.291 +01:00 [INF] PerfTimer =-> Load manual fonts (0,0594 ms) Thread #[1]
2022-12-27 10:30:47.291 +01:00 [INF] PerfTimer =-> DX11 Load (0,8351 ms) Thread #[1]
2022-12-27 10:30:48.029 +01:00 [INF] PerfTimer =-> Load files from memory (65,8596 ms) Thread #[1]
2022-12-27 10:30:48.349 +01:00 [WRN] TreeRoutine.Routine.BuildYourOwnRoutine.Flask.FlaskSetting[] not supported for menu now. Ask developers to add this type.
2022-12-27 10:30:48.353 +01:00 [WRN] <0  0> not supported for menu now. Ask developers to add this type.
2022-12-27 10:30:48.353 +01:00 [WRN] <0  0> not supported for menu now. Ask developers to add this type.
2022-12-27 10:30:48.376 +01:00 [WRN] TreeRoutine.Routine.BasicFlaskRoutine.Flask.FlaskSetting[] not supported for menu now. Ask developers to add this type.
2022-12-27 10:30:48.705 +01:00 [WRN] 0 not supported for menu now. Ask developers to add this type.
2022-12-27 10:30:48.874 +01:00 [WRN] System.Int32[,] not supported for menu now. Ask developers to add this type.
2022-12-27 10:30:48.946 +01:00 [WRN] 16 not supported for menu now. Ask developers to add this type.
2022-12-27 10:30:49.054 +01:00 [WRN] ExileCore.Shared.Nodes.RangeNode`1[System.Byte] not supported for menu now. Ask developers to add this type.
2022-12-27 10:30:49.054 +01:00 [WRN] ExileCore.Shared.Nodes.RangeNode`1[System.Byte] not supported for menu now. Ask developers to add this type.
2022-12-27 10:30:49.055 +01:00 [WRN] ExileCore.Shared.Nodes.RangeNode`1[System.Byte] not supported for menu now. Ask developers to add this type.
2022-12-27 10:30:49.256 +01:00 [WRN]  not supported for menu now. Ask developers to add this type.
2022-12-27 10:30:49.256 +01:00 [WRN]  not supported for menu now. Ask developers to add this type.
2022-12-27 10:30:49.256 +01:00 [WRN]  not supported for menu now. Ask developers to add this type.
2022-12-27 10:30:49.256 +01:00 [WRN] PassiveSkillTreePlanter.TreeConfig+SkillTreeData not supported for menu now. Ask developers to add this type.
2022-12-27 10:30:49.256 +01:00 [WRN] PassiveSkillTreePlanter.TreeConfig+SkillTreeData not supported for menu now. Ask developers to add this type.
2022-12-27 10:30:49.377 +01:00 [WRN]  not supported for menu now. Ask developers to add this type.
2022-12-27 10:30:49.377 +01:00 [WRN]  not supported for menu now. Ask developers to add this type.
2022-12-27 10:30:49.377 +01:00 [WRN]  not supported for menu now. Ask developers to add this type.
2022-12-27 10:30:49.377 +01:00 [WRN]  not supported for menu now. Ask developers to add this type.
2022-12-27 10:30:49.377 +01:00 [WRN]  not supported for menu now. Ask developers to add this type.
2022-12-27 10:30:49.377 +01:00 [WRN]  not supported for menu now. Ask developers to add this type.
2022-12-27 10:30:49.377 +01:00 [WRN] <0  0> not supported for menu now. Ask developers to add this type.
2022-12-27 10:30:49.377 +01:00 [WRN] PickIt.PickItSettings+FRSMOverrides not supported for menu now. Ask developers to add this type.
2022-12-27 10:30:49.760 +01:00 [WRN] System.Int32[,] not supported for menu now. Ask developers to add this type.
2022-12-27 10:30:49.871 +01:00 [INF] PerfTimer =-> Preload stats and mods (1841,9528 ms) Thread #[10]
2022-12-27 10:30:50.596 +01:00 [INF] PerfTimer =-> Plugin loader (2532,3034 ms) Thread #[1]
2022-12-27 10:30:50.744 +01:00 [INF] Pattern: Game State -> : Time: 9,7948 ms. Offset:[1167827] Started searching offset with:0
2022-12-27 10:30:50.744 +01:00 [INF] Pattern: Area change -> : Time: 24,912 ms. Offset:[9290651] Started searching offset with:6881280
2022-12-27 10:30:50.744 +01:00 [INF] Pattern: BlackBarSize -> : Time: 28,3178 ms. Offset:[3061397] Started searching offset with:0
2022-12-27 10:30:50.744 +01:00 [INF] Pattern: File Root -> : Time: 30,4977 ms. Offset:[23261817] Started searching offset with:19726336
2022-12-27 10:30:50.744 +01:00 [INF] Pattern: DiagnosticInfoType -> : Time: 95,1971 ms. Offset:[13223375] Started searching offset with:600000
2022-12-27 10:30:50.744 +01:00 [INF] AdvancedTooltip loaded in 81,9668 ms.
2022-12-27 10:30:50.744 +01:00 [INF] AdvancedUberLabLayout loaded in 54,4336 ms.
2022-12-27 10:30:50.744 +01:00 [INF] AutoOpen loaded in 40,7765 ms.
2022-12-27 10:30:50.744 +01:00 [INF] AutoQuit loaded in 28,7703 ms.
2022-12-27 10:30:50.744 +01:00 [INF] TreeRoutine.Routine.BuildYourOwnRoutine loaded in 73,14 ms.
2022-12-27 10:30:50.744 +01:00 [INF] TreeRoutine.Routine.BasicFlaskRoutine loaded in 73,14 ms.
2022-12-27 10:30:50.744 +01:00 [INF] BuffUtil loaded in 63,9938 ms.
2022-12-27 10:30:50.744 +01:00 [INF] DelveWalls loaded in 31,8033 ms.
2022-12-27 10:30:50.744 +01:00 [INF] DevTree loaded in 76,8632 ms.
2022-12-27 10:30:50.744 +01:00 [INF] DPSMeter loaded in 32,8842 ms.
2022-12-27 10:30:50.744 +01:00 [INF] EliteBar loaded in 43,9855 ms.
2022-12-27 10:30:50.744 +01:00 [INF] FullRareSetManager loaded in 79,8382 ms.
2022-12-27 10:30:50.744 +01:00 [INF] HealthBars loaded in 84,5997 ms.
2022-12-27 10:30:50.744 +01:00 [INF] HeistIcons.Main loaded in 43,53 ms.
2022-12-27 10:30:50.744 +01:00 [INF] HighlightedItems loaded in 40,5762 ms.
2022-12-27 10:30:50.744 +01:00 [INF] IconsBuilder loaded in 80,4272 ms.
2022-12-27 10:30:50.744 +01:00 [INF] KillCounter loaded in 31,8207 ms.
2022-12-27 10:30:50.744 +01:00 [INF] MapsExchange loaded in 68,3998 ms.
2022-12-27 10:30:50.744 +01:00 [INF] MineDetonator loaded in 27,9761 ms.
2022-12-27 10:30:50.744 +01:00 [INF] MinimapIcons loaded in 89,9569 ms.
2022-12-27 10:30:50.744 +01:00 [INF] MiscInformation loaded in 43,6702 ms.
2022-12-27 10:30:50.744 +01:00 [INF] PassiveSkillTreePlanter loaded in 41,1055 ms.
2022-12-27 10:30:50.744 +01:00 [INF] Pickit loaded in 119,9455 ms.
2022-12-27 10:30:50.744 +01:00 [INF] Willplug loaded in 53,7354 ms.
2022-12-27 10:30:50.744 +01:00 [INF] PreloadAlert loaded in 125,6248 ms.
2022-12-27 10:30:50.744 +01:00 [INF] Radar loaded in 71,188 ms.
2022-12-27 10:30:50.744 +01:00 [INF] Skill_DPS.Core loaded in 45,5896 ms.
2022-12-27 10:30:50.812 +01:00 [INF] Stashie loaded in 86,7157 ms.
2022-12-27 10:30:50.812 +01:00 [INF] XPBar loaded in 24,9533 ms.
2022-12-27 10:30:50.812 +01:00 [INF] MiscInformation -> Initialise time: 1,0883 ms.
2022-12-27 10:30:50.812 +01:00 [INF] PreloadAlert -> Initialise time: 0,3923 ms.
2022-12-27 10:30:50.812 +01:00 [INF] HealthBars -> Initialise time: 1,7958 ms.
2022-12-27 10:30:50.812 +01:00 [INF] MinimapIcons -> Initialise time: 0,0087 ms.
2022-12-27 10:30:50.812 +01:00 [INF] HighlightedItems -> Initialise time: 2,8645 ms.
2022-12-27 10:30:50.812 +01:00 [INF] IconsBuilder -> Initialise time: 2,1493 ms.
2022-12-27 10:30:50.812 +01:00 [INF] Radar -> Initialise time: 0,0018 ms.
2022-12-27 10:30:50.838 +01:00 [INF] BasicFlaskRoutine -> Initialise time: 33,7898 ms.
2022-12-27 10:30:50.838 +01:00 [INF] Willplug -> Initialise time: 6,1432 ms.
2022-12-27 10:30:51.082 +01:00 [INF] Pattern: Terrain Rotation Selector -> : Time: 193,5321 ms. Offset:[19872765] Started searching offset with:0
2022-12-27 10:30:51.281 +01:00 [INF] Pattern: Terrain Rotator Helper -> : Time: 93,0275 ms. Offset:[9781702] Started searching offset with:0
2022-12-27 10:30:53.028 +01:00 [INF] GetAllFiles loaded in 64ms
2022-12-27 10:30:55.610 +01:00 [INF] Resize from: {X=0,Y=0,Width=1920,Height=1032} to {X=0,Y=0,Width=1920,Height=1080}
2022-12-27 10:30:57.603 +01:00 [INF] HUD loaded in 4523,5014 ms.
2022-12-27 10:30:59.267 +01:00 [INF] PassiveSkillTree: Can't decode url from file: <TEST>
2022-12-27 10:30:59.836 +01:00 [ERR] BaseTreeRoutinePlugin: Cannot find C:\William\GIT\poe_api_tehcheat\PoEHelper\Plugins\Compiled\poe-plugin-willplug/config/flaskinfo.json file. This plugin will exit.
2022-12-27 10:30:59.840 +01:00 [ERR] BaseTreeRoutinePlugin: Cannot find C:\William\GIT\poe_api_tehcheat\PoEHelper\Plugins\Compiled\poe-plugin-willplug/config/debuffPanel.json file. This plugin will exit.
2022-12-27 10:30:59.840 +01:00 [ERR] BaseTreeRoutinePlugin: Cannot find C:\William\GIT\poe_api_tehcheat\PoEHelper\Plugins\Compiled\poe-plugin-willplug/config/FlaskBuffDetails.json file. This plugin will exit.
2022-12-27 10:33:01.823 +01:00 [INF] Chest debug -> CType:Strongbox Path: Metadata/Chests/StrongBoxes/Strongbox #		Text: Strongbox #		Render Name: Strongbox
2022-12-27 10:33:01.827 +01:00 [INF] Stat: ChestDelayDropsUntilDaemonsFinish = 1
2022-12-27 10:33:01.828 +01:00 [INF] Stat: ChestPlayWarningSound = 1
2022-12-27 10:33:44.296 +01:00 [ERR] IconsBuilder -> System.NullReferenceException: Object reference not set to an instance of an object.
   at ExileCore.Shared.Abstract.BaseIcon..ctor(Entity entity, ISettings settings)
   at IconsBuilder.IconsBuilder.EntityAddedLogic(Entity entity)
   at IconsBuilder.IconsBuilder.TickLogic()
2022-12-27 10:34:45.212 +01:00 [INF] WTF ExileCore.Core
2022-12-27 10:35:54.885 +01:00 [INF] Chest debug -> CType:Legion Path: Metadata/Chests/LegionChests/EternalEmpireChestEpic #		Text: RewardWeaponEnchants #		Render Name: <rgb(218,165,32)>{Eternal War Hoard}
2022-12-27 10:35:54.892 +01:00 [INF] Stat: MonsterMinimapIcon = 195
2022-12-27 10:35:54.914 +01:00 [INF] Chest debug -> CType:Legion Path: Metadata/Chests/LegionChests/EternalEmpireChest #		Text: RewardArmour #		Render Name: <rgb(218,165,32)>{Eternal Chest}
2022-12-27 10:35:54.922 +01:00 [INF] Stat: MonsterMinimapIcon = 175
2022-12-27 10:35:56.974 +01:00 [INF] Chest debug -> CType:Legion Path: Metadata/Chests/LegionChests/VaalChestEpic #		Text: RewardCurrency #		Render Name: <rgb(218,165,32)>{Vaal War Hoard}
2022-12-27 10:35:56.981 +01:00 [INF] Stat: MonsterMinimapIcon = 178
2022-12-27 10:35:56.981 +01:00 [INF] Chest debug -> CType:Legion Path: Metadata/Chests/LegionChests/VaalChest #		Text: RewardJewellery #		Render Name: <rgb(218,165,32)>{Vaal Chest}
2022-12-27 10:35:56.981 +01:00 [INF] Stat: MonsterMinimapIcon = 192
2022-12-27 11:12:38.487 +01:00 [INF] WTF ExileCore.Shared.Runner
2022-12-27 11:17:37.159 +01:00 [ERR] MinimapIcons, PerfomanceRender -> System.NullReferenceException: Object reference not set to an instance of an object.
   at MinimapIcons.MinimapIcons.Render()
   at ExileCore.Shared.PluginWrapper.PerfomanceRender()
2022-12-27 11:17:39.660 +01:00 [INF] =============== Close hud at 27.12.2022 11:17:39 ===============
2022-12-27 12:29:04.607 +01:00 [INF] =============== Start hud at 27.12.2022 12:29:04 ===============
2022-12-27 12:29:04.637 +01:00 [INF] PerfTimer =-> Create new offsets (3,2752 ms) Thread #[1]
2022-12-27 12:29:04.927 +01:00 [INF] PerfTimer =-> Load manual fonts (0,0595 ms) Thread #[1]
2022-12-27 12:29:04.927 +01:00 [INF] PerfTimer =-> DX11 Load (0,7914 ms) Thread #[1]
2022-12-27 12:29:05.355 +01:00 [INF] PerfTimer =-> Load files from memory (63,3879 ms) Thread #[1]
2022-12-27 12:29:05.449 +01:00 [WRN] TreeRoutine.Routine.BuildYourOwnRoutine.Flask.FlaskSetting[] not supported for menu now. Ask developers to add this type.
2022-12-27 12:29:05.453 +01:00 [WRN] <0  0> not supported for menu now. Ask developers to add this type.
2022-12-27 12:29:05.453 +01:00 [WRN] <0  0> not supported for menu now. Ask developers to add this type.
2022-12-27 12:29:05.478 +01:00 [WRN] TreeRoutine.Routine.BasicFlaskRoutine.Flask.FlaskSetting[] not supported for menu now. Ask developers to add this type.
2022-12-27 12:29:05.542 +01:00 [WRN] 0 not supported for menu now. Ask developers to add this type.
2022-12-27 12:29:05.588 +01:00 [WRN] System.Int32[,] not supported for menu now. Ask developers to add this type.
2022-12-27 12:29:05.599 +01:00 [WRN] 16 not supported for menu now. Ask developers to add this type.
2022-12-27 12:29:05.638 +01:00 [WRN] ExileCore.Shared.Nodes.RangeNode`1[System.Byte] not supported for menu now. Ask developers to add this type.
2022-12-27 12:29:05.638 +01:00 [WRN] ExileCore.Shared.Nodes.RangeNode`1[System.Byte] not supported for menu now. Ask developers to add this type.
2022-12-27 12:29:05.638 +01:00 [WRN] ExileCore.Shared.Nodes.RangeNode`1[System.Byte] not supported for menu now. Ask developers to add this type.
2022-12-27 12:29:05.730 +01:00 [WRN]  not supported for menu now. Ask developers to add this type.
2022-12-27 12:29:05.730 +01:00 [WRN]  not supported for menu now. Ask developers to add this type.
2022-12-27 12:29:05.730 +01:00 [WRN]  not supported for menu now. Ask developers to add this type.
2022-12-27 12:29:05.730 +01:00 [WRN] PassiveSkillTreePlanter.TreeConfig+SkillTreeData not supported for menu now. Ask developers to add this type.
2022-12-27 12:29:05.730 +01:00 [WRN] PassiveSkillTreePlanter.TreeConfig+SkillTreeData not supported for menu now. Ask developers to add this type.
2022-12-27 12:29:05.762 +01:00 [WRN]  not supported for menu now. Ask developers to add this type.
2022-12-27 12:29:05.763 +01:00 [WRN]  not supported for menu now. Ask developers to add this type.
2022-12-27 12:29:05.763 +01:00 [WRN]  not supported for menu now. Ask developers to add this type.
2022-12-27 12:29:05.763 +01:00 [WRN]  not supported for menu now. Ask developers to add this type.
2022-12-27 12:29:05.763 +01:00 [WRN]  not supported for menu now. Ask developers to add this type.
2022-12-27 12:29:05.763 +01:00 [WRN]  not supported for menu now. Ask developers to add this type.
2022-12-27 12:29:05.763 +01:00 [WRN] <0  0> not supported for menu now. Ask developers to add this type.
2022-12-27 12:29:05.763 +01:00 [WRN] PickIt.PickItSettings+FRSMOverrides not supported for menu now. Ask developers to add this type.
2022-12-27 12:29:05.926 +01:00 [WRN] System.Int32[,] not supported for menu now. Ask developers to add this type.
2022-12-27 12:29:06.768 +01:00 [INF] PerfTimer =-> Plugin loader (1385,9424 ms) Thread #[1]
2022-12-27 12:29:06.857 +01:00 [INF] Pattern: Game State -> : Time: 9,391 ms. Offset:[1167827] Started searching offset with:0
2022-12-27 12:29:06.857 +01:00 [INF] Pattern: Area change -> : Time: 17,4261 ms. Offset:[9290651] Started searching offset with:6881280
2022-12-27 12:29:06.857 +01:00 [INF] Pattern: File Root -> : Time: 28,413 ms. Offset:[23261817] Started searching offset with:19726336
2022-12-27 12:29:06.857 +01:00 [INF] Pattern: BlackBarSize -> : Time: 28,3277 ms. Offset:[3061397] Started searching offset with:0
2022-12-27 12:29:06.857 +01:00 [INF] Pattern: DiagnosticInfoType -> : Time: 90,6756 ms. Offset:[13223375] Started searching offset with:600000
2022-12-27 12:29:06.857 +01:00 [INF] AdvancedTooltip loaded in 27,199 ms.
2022-12-27 12:29:06.857 +01:00 [INF] AdvancedUberLabLayout loaded in 7,2128 ms.
2022-12-27 12:29:06.857 +01:00 [INF] AutoOpen loaded in 5,8434 ms.
2022-12-27 12:29:06.857 +01:00 [INF] AutoQuit loaded in 3,7154 ms.
2022-12-27 12:29:06.857 +01:00 [INF] TreeRoutine.Routine.BuildYourOwnRoutine loaded in 14,2781 ms.
2022-12-27 12:29:06.857 +01:00 [INF] TreeRoutine.Routine.BasicFlaskRoutine loaded in 14,2781 ms.
2022-12-27 12:29:06.857 +01:00 [INF] BuffUtil loaded in 12,8989 ms.
2022-12-27 12:29:06.857 +01:00 [INF] DelveWalls loaded in 5,7216 ms.
2022-12-27 12:29:06.857 +01:00 [INF] DevTree loaded in 5,5891 ms.
2022-12-27 12:29:06.857 +01:00 [INF] DPSMeter loaded in 5,8961 ms.
2022-12-27 12:29:06.857 +01:00 [INF] EliteBar loaded in 22,3405 ms.
2022-12-27 12:29:06.858 +01:00 [INF] FullRareSetManager loaded in 11,9374 ms.
2022-12-27 12:29:06.858 +01:00 [INF] HealthBars loaded in 32,2857 ms.
2022-12-27 12:29:06.858 +01:00 [INF] HeistIcons.Main loaded in 5,5628 ms.
2022-12-27 12:29:06.858 +01:00 [INF] HighlightedItems loaded in 7,8237 ms.
2022-12-27 12:29:06.858 +01:00 [INF] IconsBuilder loaded in 22,4665 ms.
2022-12-27 12:29:06.858 +01:00 [INF] KillCounter loaded in 6,1514 ms.
2022-12-27 12:29:06.858 +01:00 [INF] MapsExchange loaded in 21,5558 ms.
2022-12-27 12:29:06.858 +01:00 [INF] MineDetonator loaded in 3,8232 ms.
2022-12-27 12:29:06.858 +01:00 [INF] MinimapIcons loaded in 70,6006 ms.
2022-12-27 12:29:06.858 +01:00 [INF] MiscInformation loaded in 8,3372 ms.
2022-12-27 12:29:06.858 +01:00 [INF] PassiveSkillTreePlanter loaded in 10,0547 ms.
2022-12-27 12:29:06.858 +01:00 [INF] Pickit loaded in 31,8044 ms.
2022-12-27 12:29:06.858 +01:00 [INF] Willplug loaded in 53,0294 ms.
2022-12-27 12:29:06.957 +01:00 [INF] PreloadAlert loaded in 68,2828 ms.
2022-12-27 12:29:06.957 +01:00 [INF] Radar loaded in 28,1602 ms.
2022-12-27 12:29:06.957 +01:00 [INF] Skill_DPS.Core loaded in 4,5168 ms.
2022-12-27 12:29:06.957 +01:00 [INF] Stashie loaded in 9,1619 ms.
2022-12-27 12:29:06.957 +01:00 [INF] XPBar loaded in 3,0762 ms.
2022-12-27 12:29:06.957 +01:00 [INF] MiscInformation -> Initialise time: 1,0615 ms.
2022-12-27 12:29:06.957 +01:00 [INF] PreloadAlert -> Initialise time: 0,4047 ms.
2022-12-27 12:29:06.957 +01:00 [INF] HealthBars -> Initialise time: 1,1206 ms.
2022-12-27 12:29:06.957 +01:00 [INF] MinimapIcons -> Initialise time: 0,0083 ms.
2022-12-27 12:29:06.957 +01:00 [INF] HighlightedItems -> Initialise time: 2,4378 ms.
2022-12-27 12:29:06.957 +01:00 [INF] IconsBuilder -> Initialise time: 1,3197 ms.
2022-12-27 12:29:06.957 +01:00 [INF] Radar -> Initialise time: 0,0014 ms.
2022-12-27 12:29:06.972 +01:00 [INF] BasicFlaskRoutine -> Initialise time: 18,5543 ms.
2022-12-27 12:29:06.972 +01:00 [INF] Willplug -> Initialise time: 8,0881 ms.
2022-12-27 12:29:07.061 +01:00 [INF] PerfTimer =-> Preload stats and mods (1706,0693 ms) Thread #[25]
2022-12-27 12:29:07.240 +01:00 [INF] Pattern: Terrain Rotation Selector -> : Time: 215,1427 ms. Offset:[19872765] Started searching offset with:0
2022-12-27 12:29:07.387 +01:00 [INF] Pattern: Terrain Rotator Helper -> : Time: 114,7849 ms. Offset:[9781702] Started searching offset with:0
2022-12-27 12:29:10.353 +01:00 [INF] GetAllFiles loaded in 61ms
2022-12-27 12:29:11.784 +01:00 [INF] Resize from: {X=0,Y=0,Width=1920,Height=1032} to {X=0,Y=0,Width=1920,Height=1080}
2022-12-27 12:29:13.786 +01:00 [INF] HUD loaded in 2235,02 ms.
2022-12-27 12:29:15.736 +01:00 [INF] PassiveSkillTree: Can't decode url from file: <TEST>
2022-12-27 12:29:15.965 +01:00 [ERR] BaseTreeRoutinePlugin: Cannot find C:\William\GIT\poe_api_tehcheat\PoEHelper\Plugins\Compiled\poe-plugin-willplug/config/flaskinfo.json file. This plugin will exit.
2022-12-27 12:29:15.968 +01:00 [ERR] BaseTreeRoutinePlugin: Cannot find C:\William\GIT\poe_api_tehcheat\PoEHelper\Plugins\Compiled\poe-plugin-willplug/config/debuffPanel.json file. This plugin will exit.
2022-12-27 12:29:15.968 +01:00 [ERR] BaseTreeRoutinePlugin: Cannot find C:\William\GIT\poe_api_tehcheat\PoEHelper\Plugins\Compiled\poe-plugin-willplug/config/FlaskBuffDetails.json file. This plugin will exit.
2022-12-27 12:29:45.079 +01:00 [INF] Chest debug -> CType:Breach Path: Metadata/Chests/Breach/BreachChest1 #		Text: Breach chest #		Render Name: <rgb(166,90,255)>{Clasped Hand}
2022-12-27 12:30:09.465 +01:00 [INF] Chest debug -> CType:Breach Path: Metadata/Chests/Breach/BreachChest1 #		Text: Breach chest #		Render Name: <rgb(166,90,255)>{Clasped Hand}
2022-12-27 12:30:09.571 +01:00 [INF] Chest debug -> CType:Breach Path: Metadata/Chests/Breach/BreachChest1 #		Text: Breach chest #		Render Name: <rgb(166,90,255)>{Clasped Hand}
2022-12-27 12:34:18.149 +01:00 [ERR] Something wrong we parse 111 when expect 27
2022-12-27 12:36:57.072 +01:00 [INF] =============== Close hud at 27.12.2022 12:36:57 ===============
2022-12-27 12:37:14.312 +01:00 [INF] =============== Start hud at 27.12.2022 12:37:14 ===============
2022-12-27 12:37:14.343 +01:00 [INF] PerfTimer =-> Create new offsets (3,1873 ms) Thread #[1]
2022-12-27 12:37:14.623 +01:00 [INF] PerfTimer =-> Load manual fonts (0,056 ms) Thread #[1]
2022-12-27 12:37:14.623 +01:00 [INF] PerfTimer =-> DX11 Load (0,8217 ms) Thread #[1]
2022-12-27 12:37:15.025 +01:00 [INF] PerfTimer =-> Load files from memory (56,685 ms) Thread #[1]
2022-12-27 12:37:15.129 +01:00 [WRN] TreeRoutine.Routine.BuildYourOwnRoutine.Flask.FlaskSetting[] not supported for menu now. Ask developers to add this type.
2022-12-27 12:37:15.132 +01:00 [WRN] <0  0> not supported for menu now. Ask developers to add this type.
2022-12-27 12:37:15.132 +01:00 [WRN] <0  0> not supported for menu now. Ask developers to add this type.
2022-12-27 12:37:15.176 +01:00 [WRN] TreeRoutine.Routine.BasicFlaskRoutine.Flask.FlaskSetting[] not supported for menu now. Ask developers to add this type.
2022-12-27 12:37:15.247 +01:00 [WRN] 0 not supported for menu now. Ask developers to add this type.
2022-12-27 12:37:15.295 +01:00 [WRN] System.Int32[,] not supported for menu now. Ask developers to add this type.
2022-12-27 12:37:15.305 +01:00 [WRN] 16 not supported for menu now. Ask developers to add this type.
2022-12-27 12:37:15.338 +01:00 [WRN] ExileCore.Shared.Nodes.RangeNode`1[System.Byte] not supported for menu now. Ask developers to add this type.
2022-12-27 12:37:15.338 +01:00 [WRN] ExileCore.Shared.Nodes.RangeNode`1[System.Byte] not supported for menu now. Ask developers to add this type.
2022-12-27 12:37:15.338 +01:00 [WRN] ExileCore.Shared.Nodes.RangeNode`1[System.Byte] not supported for menu now. Ask developers to add this type.
2022-12-27 12:37:15.440 +01:00 [WRN]  not supported for menu now. Ask developers to add this type.
2022-12-27 12:37:15.441 +01:00 [WRN]  not supported for menu now. Ask developers to add this type.
2022-12-27 12:37:15.441 +01:00 [WRN]  not supported for menu now. Ask developers to add this type.
2022-12-27 12:37:15.441 +01:00 [WRN] PassiveSkillTreePlanter.TreeConfig+SkillTreeData not supported for menu now. Ask developers to add this type.
2022-12-27 12:37:15.441 +01:00 [WRN] PassiveSkillTreePlanter.TreeConfig+SkillTreeData not supported for menu now. Ask developers to add this type.
2022-12-27 12:37:15.473 +01:00 [WRN]  not supported for menu now. Ask developers to add this type.
2022-12-27 12:37:15.473 +01:00 [WRN]  not supported for menu now. Ask developers to add this type.
2022-12-27 12:37:15.473 +01:00 [WRN]  not supported for menu now. Ask developers to add this type.
2022-12-27 12:37:15.474 +01:00 [WRN]  not supported for menu now. Ask developers to add this type.
2022-12-27 12:37:15.474 +01:00 [WRN]  not supported for menu now. Ask developers to add this type.
2022-12-27 12:37:15.474 +01:00 [WRN]  not supported for menu now. Ask developers to add this type.
2022-12-27 12:37:15.474 +01:00 [WRN] <0  0> not supported for menu now. Ask developers to add this type.
2022-12-27 12:37:15.474 +01:00 [WRN] PickIt.PickItSettings+FRSMOverrides not supported for menu now. Ask developers to add this type.
2022-12-27 12:37:15.623 +01:00 [WRN] System.Int32[,] not supported for menu now. Ask developers to add this type.
2022-12-27 12:37:16.788 +01:00 [INF] PerfTimer =-> Plugin loader (1734,1331 ms) Thread #[1]
2022-12-27 12:37:16.876 +01:00 [INF] Pattern: Game State -> : Time: 9,2688 ms. Offset:[1167827] Started searching offset with:0
2022-12-27 12:37:16.877 +01:00 [INF] Pattern: Area change -> : Time: 17,7894 ms. Offset:[9290651] Started searching offset with:6881280
2022-12-27 12:37:16.877 +01:00 [INF] Pattern: BlackBarSize -> : Time: 27,2549 ms. Offset:[3061397] Started searching offset with:0
2022-12-27 12:37:16.877 +01:00 [INF] Pattern: File Root -> : Time: 27,5585 ms. Offset:[23261817] Started searching offset with:19726336
2022-12-27 12:37:16.877 +01:00 [INF] Pattern: DiagnosticInfoType -> : Time: 89,3971 ms. Offset:[13223375] Started searching offset with:600000
2022-12-27 12:37:16.877 +01:00 [INF] AdvancedTooltip loaded in 31,5736 ms.
2022-12-27 12:37:16.877 +01:00 [INF] AdvancedUberLabLayout loaded in 9,2705 ms.
2022-12-27 12:37:16.877 +01:00 [INF] AutoOpen loaded in 6,8065 ms.
2022-12-27 12:37:16.877 +01:00 [INF] AutoQuit loaded in 4,1863 ms.
2022-12-27 12:37:16.877 +01:00 [INF] TreeRoutine.Routine.BuildYourOwnRoutine loaded in 15,4813 ms.
2022-12-27 12:37:16.877 +01:00 [INF] TreeRoutine.Routine.BasicFlaskRoutine loaded in 15,4813 ms.
2022-12-27 12:37:16.877 +01:00 [INF] BuffUtil loaded in 14,4765 ms.
2022-12-27 12:37:16.877 +01:00 [INF] DelveWalls loaded in 6,2216 ms.
2022-12-27 12:37:16.877 +01:00 [INF] DevTree loaded in 6,0411 ms.
2022-12-27 12:37:16.877 +01:00 [INF] DPSMeter loaded in 6,1513 ms.
2022-12-27 12:37:16.877 +01:00 [INF] EliteBar loaded in 26,2724 ms.
2022-12-27 12:37:16.877 +01:00 [INF] FullRareSetManager loaded in 11,7358 ms.
2022-12-27 12:37:16.877 +01:00 [INF] HealthBars loaded in 30,2707 ms.
2022-12-27 12:37:16.877 +01:00 [INF] HeistIcons.Main loaded in 5,6947 ms.
2022-12-27 12:37:16.877 +01:00 [INF] HighlightedItems loaded in 12,3036 ms.
2022-12-27 12:37:16.877 +01:00 [INF] IconsBuilder loaded in 16,1602 ms.
2022-12-27 12:37:16.877 +01:00 [INF] KillCounter loaded in 11,2756 ms.
2022-12-27 12:37:16.877 +01:00 [INF] MapsExchange loaded in 15,3046 ms.
2022-12-27 12:37:16.877 +01:00 [INF] MineDetonator loaded in 4,7138 ms.
2022-12-27 12:37:16.877 +01:00 [INF] MinimapIcons loaded in 80,1753 ms.
2022-12-27 12:37:16.877 +01:00 [INF] MiscInformation loaded in 9,0921 ms.
2022-12-27 12:37:16.877 +01:00 [INF] PassiveSkillTreePlanter loaded in 10,0397 ms.
2022-12-27 12:37:16.877 +01:00 [INF] Pickit loaded in 31,5493 ms.
2022-12-27 12:37:16.877 +01:00 [INF] Willplug loaded in 53,9948 ms.
2022-12-27 12:37:16.877 +01:00 [INF] PreloadAlert loaded in 49,845 ms.
2022-12-27 12:37:16.877 +01:00 [INF] Radar loaded in 23,4985 ms.
2022-12-27 12:37:16.877 +01:00 [INF] Skill_DPS.Core loaded in 13,1974 ms.
2022-12-27 12:37:16.877 +01:00 [INF] Stashie loaded in 8,5574 ms.
2022-12-27 12:37:16.877 +01:00 [INF] XPBar loaded in 3,7799 ms.
2022-12-27 12:37:16.877 +01:00 [INF] MiscInformation -> Initialise time: 1,7951 ms.
2022-12-27 12:37:16.877 +01:00 [INF] PreloadAlert -> Initialise time: 0,5699 ms.
2022-12-27 12:37:16.877 +01:00 [INF] HealthBars -> Initialise time: 1,0572 ms.
2022-12-27 12:37:16.877 +01:00 [INF] MinimapIcons -> Initialise time: 0,0077 ms.
2022-12-27 12:37:16.877 +01:00 [INF] HighlightedItems -> Initialise time: 2,3729 ms.
2022-12-27 12:37:16.877 +01:00 [INF] IconsBuilder -> Initialise time: 1,2965 ms.
2022-12-27 12:37:16.877 +01:00 [INF] Radar -> Initialise time: 0,0012 ms.
2022-12-27 12:37:16.877 +01:00 [INF] BasicFlaskRoutine -> Initialise time: 27,3042 ms.
2022-12-27 12:37:16.877 +01:00 [INF] Willplug -> Initialise time: 23,2453 ms.
2022-12-27 12:37:16.960 +01:00 [INF] PerfTimer =-> Preload stats and mods (1934,3187 ms) Thread #[11]
2022-12-27 12:37:16.994 +01:00 [INF] Pattern: Terrain Rotation Selector -> : Time: 218,9807 ms. Offset:[19872765] Started searching offset with:0
2022-12-27 12:37:17.116 +01:00 [INF] Pattern: Terrain Rotator Helper -> : Time: 115,1419 ms. Offset:[9781702] Started searching offset with:0
2022-12-27 12:37:20.027 +01:00 [INF] GetAllFiles loaded in 54ms
2022-12-27 12:37:22.053 +01:00 [INF] Resize from: {X=0,Y=0,Width=1920,Height=1032} to {X=0,Y=0,Width=1920,Height=1080}
2022-12-27 12:37:23.799 +01:00 [INF] HUD loaded in 2542,8446 ms.
2022-12-27 12:37:25.443 +01:00 [INF] PassiveSkillTree: Can't decode url from file: <TEST>
2022-12-27 12:37:25.674 +01:00 [ERR] BaseTreeRoutinePlugin: Cannot find C:\William\GIT\poe_api_tehcheat\PoEHelper\Plugins\Compiled\poe-plugin-willplug/config/flaskinfo.json file. This plugin will exit.
2022-12-27 12:37:25.678 +01:00 [ERR] BaseTreeRoutinePlugin: Cannot find C:\William\GIT\poe_api_tehcheat\PoEHelper\Plugins\Compiled\poe-plugin-willplug/config/debuffPanel.json file. This plugin will exit.
2022-12-27 12:37:25.678 +01:00 [ERR] BaseTreeRoutinePlugin: Cannot find C:\William\GIT\poe_api_tehcheat\PoEHelper\Plugins\Compiled\poe-plugin-willplug/config/FlaskBuffDetails.json file. This plugin will exit.
2022-12-27 12:39:20.738 +01:00 [INF] Chest debug -> CType:Legion Path: Metadata/Chests/LegionChests/KaruiChest #		Text: RewardGenericItems #		Render Name: <rgb(218,165,32)>{Karui Chest}
2022-12-27 12:39:20.746 +01:00 [INF] Stat: MonsterMinimapIcon = 184
2022-12-27 12:39:24.435 +01:00 [INF] Chest debug -> CType:Legion Path: Metadata/Chests/LegionChests/KaruiChest #		Text: RewardWeapons #		Render Name: <rgb(218,165,32)>{Karui Chest}
2022-12-27 12:39:24.439 +01:00 [INF] Stat: MonsterMinimapIcon = 194
2022-12-27 12:49:49.572 +01:00 [INF] Chest debug -> CType:Strongbox Path: Metadata/Chests/StrongBoxes/Strongbox #		Text: Strongbox #		Render Name: Strongbox
2022-12-27 12:49:49.577 +01:00 [INF] Stat: ChestDelayDropsUntilDaemonsFinish = 1
2022-12-27 13:03:40.194 +01:00 [INF] WTF ExileCore.Core
2022-12-27 13:03:40.194 +01:00 [INF] WTF ExileCore.Shared.Runner
2022-12-27 13:06:44.465 +01:00 [INF] WTF ExileCore.Core
2022-12-27 13:14:55.800 +01:00 [INF] Chest debug -> CType:Strongbox Path: Metadata/Chests/StrongBoxes/Strongbox #		Text: Strongbox #		Render Name: Strongbox
2022-12-27 13:14:55.804 +01:00 [INF] Stat: ChestDelayDropsUntilDaemonsFinish = 1
2022-12-27 13:15:54.673 +01:00 [INF] Chest debug -> CType:Labyrinth Path: Metadata/Chests/Labyrinth/LabyrinthTreasureKey #		Text: TreasureKey #		Render Name: Curious Lockbox
2022-12-27 13:16:03.621 +01:00 [INF] Chest debug -> CType:Labyrinth Path: Metadata/Chests/Labyrinth/LabyrinthTreasureKey #		Text: TreasureKey #		Render Name: Curious Lockbox
2022-12-27 13:16:04.270 +01:00 [INF] Chest debug -> CType:Labyrinth Path: Metadata/Chests/Labyrinth/LabyrinthTreasureKey #		Text: TreasureKey #		Render Name: Curious Lockbox
2022-12-27 13:17:30.245 +01:00 [INF] Chest debug -> CType:Labyrinth Path: Metadata/Chests/Labyrinth/LabyrinthRewardSilverJewelryJewels #		Text: RewardSilverJewelryJewels #		Render Name: Emperor's Vault
2022-12-27 13:17:42.073 +01:00 [INF] Chest debug -> CType:Strongbox Path: Metadata/Chests/StrongBoxes/Artisan #		Text: Artisan's Strongbox #		Render Name: Artisan's Strongbox
2022-12-27 13:17:42.077 +01:00 [INF] Stat: ChestDelayDropsUntilDaemonsFinish = 1
2022-12-27 13:17:42.077 +01:00 [INF] Stat: ChestPlayWarningSound = 1
2022-12-27 13:17:42.830 +01:00 [INF] Chest debug -> CType:Strongbox Path: Metadata/Chests/StrongBoxes/Artisan #		Text: Artisan's Strongbox #		Render Name: Artisan's Strongbox
2022-12-27 13:17:42.841 +01:00 [INF] Stat: ChestDelayDropsUntilDaemonsFinish = 1
2022-12-27 13:17:42.842 +01:00 [INF] Stat: ChestPlayWarningSound = 1
2022-12-27 13:24:11.552 +01:00 [INF] Chest debug -> CType:Strongbox Path: Metadata/Chests/StrongBoxes/Strongbox #		Text: Strongbox #		Render Name: Strongbox
2022-12-27 13:24:11.556 +01:00 [INF] Stat: ChestDelayDropsUntilDaemonsFinish = 1
2022-12-27 13:24:12.134 +01:00 [INF] Chest debug -> CType:Strongbox Path: Metadata/Chests/StrongBoxes/Strongbox #		Text: Strongbox #		Render Name: Strongbox
2022-12-27 13:24:12.139 +01:00 [INF] Stat: ChestDelayDropsUntilDaemonsFinish = 1
2022-12-27 13:24:27.725 +01:00 [INF] Chest debug -> CType:Breach Path: Metadata/Chests/Breach/BreachChest1 #		Text: Breach chest #		Render Name: <rgb(166,90,255)>{Clasped Hand}
2022-12-27 13:24:48.110 +01:00 [INF] Chest debug -> CType:Breach Path: Metadata/Chests/Breach/BreachChest1 #		Text: Breach chest #		Render Name: <rgb(166,90,255)>{Clasped Hand}
2022-12-27 13:33:48.674 +01:00 [INF] WTF ExileCore.Core
2022-12-27 13:34:26.549 +01:00 [INF] Chest debug -> CType:Strongbox Path: Metadata/Chests/StrongBoxes/Strongbox #		Text: Strongbox #		Render Name: Strongbox
2022-12-27 13:34:26.556 +01:00 [INF] Stat: ChestDelayDropsUntilDaemonsFinish = 1
2022-12-27 13:34:26.556 +01:00 [INF] Stat: ChestPlayWarningSound = 1
2022-12-27 13:34:26.556 +01:00 [INF] Stat: ChestDisplayIceNova = 1
2022-12-27 13:35:41.185 +01:00 [INF] =============== Close hud at 27.12.2022 13:35:41 ===============
2022-12-27 14:10:05.139 +01:00 [INF] =============== Start hud at 27.12.2022 14:10:05 ===============
2022-12-27 14:10:05.172 +01:00 [INF] PerfTimer =-> Create new offsets (3,6974 ms) Thread #[1]
2022-12-27 14:10:05.451 +01:00 [INF] PerfTimer =-> Load manual fonts (0,0568 ms) Thread #[1]
2022-12-27 14:10:05.451 +01:00 [INF] PerfTimer =-> DX11 Load (0,8125 ms) Thread #[1]
2022-12-27 14:10:05.919 +01:00 [INF] PerfTimer =-> Load files from memory (53,944 ms) Thread #[1]
2022-12-27 14:10:06.019 +01:00 [WRN] TreeRoutine.Routine.BuildYourOwnRoutine.Flask.FlaskSetting[] not supported for menu now. Ask developers to add this type.
2022-12-27 14:10:06.023 +01:00 [WRN] <0  0> not supported for menu now. Ask developers to add this type.
2022-12-27 14:10:06.023 +01:00 [WRN] <0  0> not supported for menu now. Ask developers to add this type.
2022-12-27 14:10:06.040 +01:00 [WRN] TreeRoutine.Routine.BasicFlaskRoutine.Flask.FlaskSetting[] not supported for menu now. Ask developers to add this type.
2022-12-27 14:10:06.111 +01:00 [WRN] 0 not supported for menu now. Ask developers to add this type.
2022-12-27 14:10:06.157 +01:00 [WRN] System.Int32[,] not supported for menu now. Ask developers to add this type.
2022-12-27 14:10:06.166 +01:00 [WRN] 16 not supported for menu now. Ask developers to add this type.
2022-12-27 14:10:06.201 +01:00 [WRN] ExileCore.Shared.Nodes.RangeNode`1[System.Byte] not supported for menu now. Ask developers to add this type.
2022-12-27 14:10:06.201 +01:00 [WRN] ExileCore.Shared.Nodes.RangeNode`1[System.Byte] not supported for menu now. Ask developers to add this type.
2022-12-27 14:10:06.201 +01:00 [WRN] ExileCore.Shared.Nodes.RangeNode`1[System.Byte] not supported for menu now. Ask developers to add this type.
2022-12-27 14:10:06.325 +01:00 [WRN]  not supported for menu now. Ask developers to add this type.
2022-12-27 14:10:06.325 +01:00 [WRN]  not supported for menu now. Ask developers to add this type.
2022-12-27 14:10:06.325 +01:00 [WRN]  not supported for menu now. Ask developers to add this type.
2022-12-27 14:10:06.325 +01:00 [WRN] PassiveSkillTreePlanter.TreeConfig+SkillTreeData not supported for menu now. Ask developers to add this type.
2022-12-27 14:10:06.325 +01:00 [WRN] PassiveSkillTreePlanter.TreeConfig+SkillTreeData not supported for menu now. Ask developers to add this type.
2022-12-27 14:10:06.350 +01:00 [WRN]  not supported for menu now. Ask developers to add this type.
2022-12-27 14:10:06.350 +01:00 [WRN]  not supported for menu now. Ask developers to add this type.
2022-12-27 14:10:06.350 +01:00 [WRN]  not supported for menu now. Ask developers to add this type.
2022-12-27 14:10:06.350 +01:00 [WRN]  not supported for menu now. Ask developers to add this type.
2022-12-27 14:10:06.350 +01:00 [WRN]  not supported for menu now. Ask developers to add this type.
2022-12-27 14:10:06.350 +01:00 [WRN]  not supported for menu now. Ask developers to add this type.
2022-12-27 14:10:06.350 +01:00 [WRN] <0  0> not supported for menu now. Ask developers to add this type.
2022-12-27 14:10:06.350 +01:00 [WRN] PickIt.PickItSettings+FRSMOverrides not supported for menu now. Ask developers to add this type.
2022-12-27 14:10:06.449 +01:00 [WRN] System.Int32[,] not supported for menu now. Ask developers to add this type.
2022-12-27 14:10:07.610 +01:00 [INF] PerfTimer =-> Plugin loader (1663,6849 ms) Thread #[1]
2022-12-27 14:10:07.693 +01:00 [INF] Pattern: Game State -> : Time: 9,658 ms. Offset:[1167827] Started searching offset with:0
2022-12-27 14:10:07.693 +01:00 [INF] Pattern: Area change -> : Time: 19,6022 ms. Offset:[9290651] Started searching offset with:6881280
2022-12-27 14:10:07.693 +01:00 [INF] Pattern: BlackBarSize -> : Time: 27,4807 ms. Offset:[3061397] Started searching offset with:0
2022-12-27 14:10:07.693 +01:00 [INF] Pattern: File Root -> : Time: 42,1805 ms. Offset:[23261817] Started searching offset with:19726336
2022-12-27 14:10:07.693 +01:00 [INF] Pattern: DiagnosticInfoType -> : Time: 105,2644 ms. Offset:[13223375] Started searching offset with:600000
2022-12-27 14:10:07.693 +01:00 [INF] AdvancedTooltip loaded in 20,8605 ms.
2022-12-27 14:10:07.693 +01:00 [INF] AdvancedUberLabLayout loaded in 6,8579 ms.
2022-12-27 14:10:07.694 +01:00 [INF] AutoOpen loaded in 6,0915 ms.
2022-12-27 14:10:07.694 +01:00 [INF] AutoQuit loaded in 3,9769 ms.
2022-12-27 14:10:07.694 +01:00 [INF] TreeRoutine.Routine.BuildYourOwnRoutine loaded in 22,0401 ms.
2022-12-27 14:10:07.694 +01:00 [INF] TreeRoutine.Routine.BasicFlaskRoutine loaded in 22,0401 ms.
2022-12-27 14:10:07.694 +01:00 [INF] BuffUtil loaded in 13,3024 ms.
2022-12-27 14:10:07.694 +01:00 [INF] DelveWalls loaded in 18,0276 ms.
2022-12-27 14:10:07.694 +01:00 [INF] DevTree loaded in 6,7996 ms.
2022-12-27 14:10:07.694 +01:00 [INF] DPSMeter loaded in 6,206 ms.
2022-12-27 14:10:07.694 +01:00 [INF] EliteBar loaded in 16,0775 ms.
2022-12-27 14:10:07.694 +01:00 [INF] FullRareSetManager loaded in 11,0324 ms.
2022-12-27 14:10:07.694 +01:00 [INF] HealthBars loaded in 32,0593 ms.
2022-12-27 14:10:07.694 +01:00 [INF] HeistIcons.Main loaded in 5,443 ms.
2022-12-27 14:10:07.694 +01:00 [INF] HighlightedItems loaded in 8,1656 ms.
2022-12-27 14:10:07.694 +01:00 [INF] IconsBuilder loaded in 16,0057 ms.
2022-12-27 14:10:07.694 +01:00 [INF] KillCounter loaded in 11,6373 ms.
2022-12-27 14:10:07.694 +01:00 [INF] MapsExchange loaded in 16,4382 ms.
2022-12-27 14:10:07.694 +01:00 [INF] MineDetonator loaded in 4,1359 ms.
2022-12-27 14:10:07.694 +01:00 [INF] MinimapIcons loaded in 95,5773 ms.
2022-12-27 14:10:07.694 +01:00 [INF] MiscInformation loaded in 8,6052 ms.
2022-12-27 14:10:07.694 +01:00 [INF] PassiveSkillTreePlanter loaded in 16,7401 ms.
2022-12-27 14:10:07.694 +01:00 [INF] Pickit loaded in 24,3719 ms.
2022-12-27 14:10:07.694 +01:00 [INF] Willplug loaded in 6,6005 ms.
2022-12-27 14:10:07.694 +01:00 [INF] PreloadAlert loaded in 47,8472 ms.
2022-12-27 14:10:07.694 +01:00 [INF] Radar loaded in 30,396 ms.
2022-12-27 14:10:07.694 +01:00 [INF] Skill_DPS.Core loaded in 4,6467 ms.
2022-12-27 14:10:07.694 +01:00 [INF] Stashie loaded in 9,0755 ms.
2022-12-27 14:10:07.694 +01:00 [INF] XPBar loaded in 3,6064 ms.
2022-12-27 14:10:07.694 +01:00 [INF] MiscInformation -> Initialise time: 1,5539 ms.
2022-12-27 14:10:07.694 +01:00 [INF] PreloadAlert -> Initialise time: 0,5018 ms.
2022-12-27 14:10:07.694 +01:00 [INF] HealthBars -> Initialise time: 0,9303 ms.
2022-12-27 14:10:07.694 +01:00 [INF] MinimapIcons -> Initialise time: 0,0079 ms.
2022-12-27 14:10:07.694 +01:00 [INF] HighlightedItems -> Initialise time: 2,3099 ms.
2022-12-27 14:10:07.694 +01:00 [INF] IconsBuilder -> Initialise time: 1,269 ms.
2022-12-27 14:10:07.694 +01:00 [INF] Radar -> Initialise time: 0,0018 ms.
2022-12-27 14:10:07.694 +01:00 [INF] BasicFlaskRoutine -> Initialise time: 31,1007 ms.
2022-12-27 14:10:07.694 +01:00 [INF] Willplug -> Initialise time: 15,5997 ms.
2022-12-27 14:10:07.805 +01:00 [INF] Pattern: Terrain Rotation Selector -> : Time: 206,745 ms. Offset:[19872765] Started searching offset with:0
2022-12-27 14:10:07.837 +01:00 [INF] PerfTimer =-> Preload stats and mods (1917,5144 ms) Thread #[11]
2022-12-27 14:10:07.952 +01:00 [INF] Pattern: Terrain Rotator Helper -> : Time: 110,5074 ms. Offset:[9781702] Started searching offset with:0
2022-12-27 14:10:10.926 +01:00 [INF] GetAllFiles loaded in 52ms
2022-12-27 14:10:12.630 +01:00 [INF] Resize from: {X=0,Y=0,Width=1920,Height=1032} to {X=0,Y=0,Width=1920,Height=1080}
2022-12-27 14:10:14.619 +01:00 [INF] HUD loaded in 2535,5219 ms.
2022-12-27 14:10:16.331 +01:00 [INF] PassiveSkillTree: Can't decode url from file: <TEST>
2022-12-27 14:10:16.497 +01:00 [ERR] BaseTreeRoutinePlugin: Cannot find C:\William\GIT\poe_api_tehcheat\PoEHelper\Plugins\Compiled\poe-plugin-willplug/config/flaskinfo.json file. This plugin will exit.
2022-12-27 14:10:16.502 +01:00 [ERR] BaseTreeRoutinePlugin: Cannot find C:\William\GIT\poe_api_tehcheat\PoEHelper\Plugins\Compiled\poe-plugin-willplug/config/debuffPanel.json file. This plugin will exit.
2022-12-27 14:10:16.502 +01:00 [ERR] BaseTreeRoutinePlugin: Cannot find C:\William\GIT\poe_api_tehcheat\PoEHelper\Plugins\Compiled\poe-plugin-willplug/config/FlaskBuffDetails.json file. This plugin will exit.
2022-12-27 14:10:23.763 +01:00 [INF] Chest debug -> CType:Strongbox Path: Metadata/Chests/StrongBoxes/Strongbox #		Text: Strongbox #		Render Name: Strongbox
2022-12-27 14:10:23.769 +01:00 [INF] Stat: ChestDelayDropsUntilDaemonsFinish = 1
2022-12-27 14:14:04.722 +01:00 [INF] Chest debug -> CType:Strongbox Path: Metadata/Chests/StrongBoxes/Jeweller #		Text: Jeweller's Strongbox #		Render Name: Jeweller's Strongbox
2022-12-27 14:14:04.727 +01:00 [INF] Stat: ChestDelayDropsUntilDaemonsFinish = 1
2022-12-27 14:16:29.438 +01:00 [INF] Chest debug -> CType:Legion Path: Metadata/Chests/LegionChests/KaruiChest #		Text: RewardWeapons #		Render Name: <rgb(218,165,32)>{Karui Chest}
2022-12-27 14:16:29.443 +01:00 [INF] Stat: MonsterMinimapIcon = 194
2022-12-27 14:16:29.576 +01:00 [INF] Chest debug -> CType:Legion Path: Metadata/Chests/LegionChests/KaruiChestEpic #		Text: RewardCurrency #		Render Name: <rgb(218,165,32)>{Karui War Hoard}
2022-12-27 14:16:29.581 +01:00 [INF] Stat: MonsterMinimapIcon = 178
2022-12-27 14:16:58.613 +01:00 [INF] Chest debug -> CType:Legion Path: Metadata/Chests/LegionChests/EternalEmpireChest #		Text: RewardWeapons #		Render Name: <rgb(218,165,32)>{Eternal Chest}
2022-12-27 14:16:58.618 +01:00 [INF] Stat: MonsterMinimapIcon = 194
2022-12-27 14:16:58.618 +01:00 [INF] Chest debug -> CType:Legion Path: Metadata/Chests/LegionChests/EternalEmpireChest #		Text: RewardGenericItems #		Render Name: <rgb(218,165,32)>{Eternal Chest}
2022-12-27 14:16:58.618 +01:00 [INF] Stat: MonsterMinimapIcon = 184
2022-12-27 14:17:00.743 +01:00 [INF] Chest debug -> CType:Legion Path: Metadata/Chests/LegionChests/EternalEmpireChestEpic #		Text: RewardCurrency #		Render Name: <rgb(218,165,32)>{Eternal War Hoard}
2022-12-27 14:17:00.748 +01:00 [INF] Stat: MonsterMinimapIcon = 178
2022-12-27 14:20:02.729 +01:00 [INF] Game not found
2022-12-27 14:20:03.396 +01:00 [INF] =============== Close hud at 27.12.2022 14:20:03 ===============
2022-12-27 20:41:44.783 +01:00 [INF] =============== Start hud at 27.12.2022 20:41:44 ===============
2022-12-27 20:41:44.816 +01:00 [INF] PerfTimer =-> Create new offsets (3,7758 ms) Thread #[1]
2022-12-27 20:41:45.084 +01:00 [INF] PerfTimer =-> Load manual fonts (0,0579 ms) Thread #[1]
2022-12-27 20:41:45.084 +01:00 [INF] PerfTimer =-> DX11 Load (0,8203 ms) Thread #[1]
2022-12-27 20:41:45.647 +01:00 [INF] PerfTimer =-> Load files from memory (56,7694 ms) Thread #[1]
2022-12-27 20:41:45.794 +01:00 [WRN] TreeRoutine.Routine.BuildYourOwnRoutine.Flask.FlaskSetting[] not supported for menu now. Ask developers to add this type.
2022-12-27 20:41:45.798 +01:00 [WRN] <0  0> not supported for menu now. Ask developers to add this type.
2022-12-27 20:41:45.798 +01:00 [WRN] <0  0> not supported for menu now. Ask developers to add this type.
2022-12-27 20:41:45.845 +01:00 [WRN] TreeRoutine.Routine.BasicFlaskRoutine.Flask.FlaskSetting[] not supported for menu now. Ask developers to add this type.
2022-12-27 20:41:45.919 +01:00 [WRN] 0 not supported for menu now. Ask developers to add this type.
2022-12-27 20:41:45.966 +01:00 [WRN] System.Int32[,] not supported for menu now. Ask developers to add this type.
2022-12-27 20:41:45.977 +01:00 [WRN] 16 not supported for menu now. Ask developers to add this type.
2022-12-27 20:41:46.033 +01:00 [WRN] ExileCore.Shared.Nodes.RangeNode`1[System.Byte] not supported for menu now. Ask developers to add this type.
2022-12-27 20:41:46.033 +01:00 [WRN] ExileCore.Shared.Nodes.RangeNode`1[System.Byte] not supported for menu now. Ask developers to add this type.
2022-12-27 20:41:46.033 +01:00 [WRN] ExileCore.Shared.Nodes.RangeNode`1[System.Byte] not supported for menu now. Ask developers to add this type.
2022-12-27 20:41:46.156 +01:00 [WRN]  not supported for menu now. Ask developers to add this type.
2022-12-27 20:41:46.156 +01:00 [WRN]  not supported for menu now. Ask developers to add this type.
2022-12-27 20:41:46.156 +01:00 [WRN]  not supported for menu now. Ask developers to add this type.
2022-12-27 20:41:46.156 +01:00 [WRN] PassiveSkillTreePlanter.TreeConfig+SkillTreeData not supported for menu now. Ask developers to add this type.
2022-12-27 20:41:46.156 +01:00 [WRN] PassiveSkillTreePlanter.TreeConfig+SkillTreeData not supported for menu now. Ask developers to add this type.
2022-12-27 20:41:46.188 +01:00 [WRN]  not supported for menu now. Ask developers to add this type.
2022-12-27 20:41:46.188 +01:00 [WRN]  not supported for menu now. Ask developers to add this type.
2022-12-27 20:41:46.188 +01:00 [WRN]  not supported for menu now. Ask developers to add this type.
2022-12-27 20:41:46.188 +01:00 [WRN]  not supported for menu now. Ask developers to add this type.
2022-12-27 20:41:46.188 +01:00 [WRN]  not supported for menu now. Ask developers to add this type.
2022-12-27 20:41:46.188 +01:00 [WRN]  not supported for menu now. Ask developers to add this type.
2022-12-27 20:41:46.188 +01:00 [WRN] <0  0> not supported for menu now. Ask developers to add this type.
2022-12-27 20:41:46.188 +01:00 [WRN] PickIt.PickItSettings+FRSMOverrides not supported for menu now. Ask developers to add this type.
2022-12-27 20:41:46.304 +01:00 [WRN] System.Int32[,] not supported for menu now. Ask developers to add this type.
2022-12-27 20:41:47.273 +01:00 [INF] PerfTimer =-> Plugin loader (1577,6776 ms) Thread #[1]
2022-12-27 20:41:47.376 +01:00 [INF] Pattern: Game State -> : Time: 9,4812 ms. Offset:[1167827] Started searching offset with:0
2022-12-27 20:41:47.376 +01:00 [INF] Pattern: Area change -> : Time: 18,3036 ms. Offset:[9290651] Started searching offset with:6881280
2022-12-27 20:41:47.376 +01:00 [INF] Pattern: BlackBarSize -> : Time: 26,7089 ms. Offset:[3061397] Started searching offset with:0
2022-12-27 20:41:47.376 +01:00 [INF] Pattern: File Root -> : Time: 27,9365 ms. Offset:[23261817] Started searching offset with:19726336
2022-12-27 20:41:47.376 +01:00 [INF] Pattern: DiagnosticInfoType -> : Time: 90,3514 ms. Offset:[13223375] Started searching offset with:600000
2022-12-27 20:41:47.376 +01:00 [INF] AdvancedTooltip loaded in 47,9548 ms.
2022-12-27 20:41:47.376 +01:00 [INF] AdvancedUberLabLayout loaded in 9,2367 ms.
2022-12-27 20:41:47.376 +01:00 [INF] AutoOpen loaded in 8,9489 ms.
2022-12-27 20:41:47.376 +01:00 [INF] AutoQuit loaded in 4,6121 ms.
2022-12-27 20:41:47.376 +01:00 [INF] TreeRoutine.Routine.BuildYourOwnRoutine loaded in 18,1051 ms.
2022-12-27 20:41:47.376 +01:00 [INF] TreeRoutine.Routine.BasicFlaskRoutine loaded in 18,1051 ms.
2022-12-27 20:41:47.376 +01:00 [INF] BuffUtil loaded in 16,1051 ms.
2022-12-27 20:41:47.376 +01:00 [INF] DelveWalls loaded in 7,1485 ms.
2022-12-27 20:41:47.376 +01:00 [INF] DevTree loaded in 7,8938 ms.
2022-12-27 20:41:47.376 +01:00 [INF] DPSMeter loaded in 7,2657 ms.
2022-12-27 20:41:47.376 +01:00 [INF] EliteBar loaded in 24,3166 ms.
2022-12-27 20:41:47.376 +01:00 [INF] FullRareSetManager loaded in 11,9324 ms.
2022-12-27 20:41:47.376 +01:00 [INF] HealthBars loaded in 31,2422 ms.
2022-12-27 20:41:47.376 +01:00 [INF] HeistIcons.Main loaded in 5,9273 ms.
2022-12-27 20:41:47.376 +01:00 [INF] HighlightedItems loaded in 9,6021 ms.
2022-12-27 20:41:47.376 +01:00 [INF] IconsBuilder loaded in 18,6029 ms.
2022-12-27 20:41:47.376 +01:00 [INF] KillCounter loaded in 32,171 ms.
2022-12-27 20:41:47.376 +01:00 [INF] MapsExchange loaded in 15,6083 ms.
2022-12-27 20:41:47.376 +01:00 [INF] MineDetonator loaded in 5,0924 ms.
2022-12-27 20:41:47.376 +01:00 [INF] MinimapIcons loaded in 92,8896 ms.
2022-12-27 20:41:47.376 +01:00 [INF] MiscInformation loaded in 8,9492 ms.
2022-12-27 20:41:47.376 +01:00 [INF] PassiveSkillTreePlanter loaded in 18,224 ms.
2022-12-27 20:41:47.376 +01:00 [INF] Pickit loaded in 29,9358 ms.
2022-12-27 20:41:47.376 +01:00 [INF] Willplug loaded in 7,5309 ms.
2022-12-27 20:41:47.376 +01:00 [INF] PreloadAlert loaded in 57,972 ms.
2022-12-27 20:41:47.376 +01:00 [INF] Radar loaded in 33,0635 ms.
2022-12-27 20:41:47.376 +01:00 [INF] Skill_DPS.Core loaded in 6,0665 ms.
2022-12-27 20:41:47.376 +01:00 [INF] Stashie loaded in 11,2608 ms.
2022-12-27 20:41:47.376 +01:00 [INF] XPBar loaded in 13,1699 ms.
2022-12-27 20:41:47.376 +01:00 [INF] MiscInformation -> Initialise time: 1,0695 ms.
2022-12-27 20:41:47.376 +01:00 [INF] PreloadAlert -> Initialise time: 0,3903 ms.
2022-12-27 20:41:47.376 +01:00 [INF] HealthBars -> Initialise time: 1,6223 ms.
2022-12-27 20:41:47.376 +01:00 [INF] MinimapIcons -> Initialise time: 0,0086 ms.
2022-12-27 20:41:47.376 +01:00 [INF] HighlightedItems -> Initialise time: 3,7142 ms.
2022-12-27 20:41:47.376 +01:00 [INF] IconsBuilder -> Initialise time: 1,7688 ms.
2022-12-27 20:41:47.376 +01:00 [INF] Radar -> Initialise time: 0,0026 ms.
2022-12-27 20:41:47.376 +01:00 [INF] BasicFlaskRoutine -> Initialise time: 21,1019 ms.
2022-12-27 20:41:47.376 +01:00 [INF] Willplug -> Initialise time: 7,7756 ms.
2022-12-27 20:41:47.447 +01:00 [INF] PerfTimer =-> Preload stats and mods (1799,5427 ms) Thread #[21]
2022-12-27 20:41:47.692 +01:00 [INF] Pattern: Terrain Rotation Selector -> : Time: 243,8087 ms. Offset:[19872765] Started searching offset with:0
2022-12-27 20:41:47.854 +01:00 [INF] Pattern: Terrain Rotator Helper -> : Time: 123,1003 ms. Offset:[9781702] Started searching offset with:0
2022-12-27 20:41:50.647 +01:00 [INF] GetAllFiles loaded in 54ms
2022-12-27 20:41:52.283 +01:00 [INF] Resize from: {X=0,Y=0,Width=1920,Height=1032} to {X=0,Y=0,Width=1920,Height=1080}
2022-12-27 20:41:54.284 +01:00 [INF] HUD loaded in 2560,7573 ms.
2022-12-27 20:41:56.162 +01:00 [INF] PassiveSkillTree: Can't decode url from file: <TEST>
2022-12-27 20:41:56.353 +01:00 [ERR] BaseTreeRoutinePlugin: Cannot find C:\William\GIT\poe_api_tehcheat\PoEHelper\Plugins\Compiled\poe-plugin-willplug/config/flaskinfo.json file. This plugin will exit.
2022-12-27 20:41:56.357 +01:00 [ERR] BaseTreeRoutinePlugin: Cannot find C:\William\GIT\poe_api_tehcheat\PoEHelper\Plugins\Compiled\poe-plugin-willplug/config/debuffPanel.json file. This plugin will exit.
2022-12-27 20:41:56.357 +01:00 [ERR] BaseTreeRoutinePlugin: Cannot find C:\William\GIT\poe_api_tehcheat\PoEHelper\Plugins\Compiled\poe-plugin-willplug/config/FlaskBuffDetails.json file. This plugin will exit.
2022-12-27 21:31:45.695 +01:00 [INF] Chest debug -> CType:Legion Path: Metadata/Chests/LegionChests/KaruiChestEpic #		Text: RewardEssences #		Render Name: <rgb(218,165,32)>{Karui War Hoard}
2022-12-27 21:31:45.706 +01:00 [INF] Stat: MonsterMinimapIcon = 180
2022-12-27 21:31:45.729 +01:00 [INF] Chest debug -> CType:Legion Path: Metadata/Chests/LegionChests/KaruiChest #		Text: RewardGenericItems #		Render Name: <rgb(218,165,32)>{Karui Chest}
2022-12-27 21:31:45.737 +01:00 [INF] Stat: MonsterMinimapIcon = 184
2022-12-27 21:31:56.653 +01:00 [INF] Chest debug -> CType:Legion Path: Metadata/Chests/LegionChests/TemplarChestEpic #		Text: RewardMaps #		Render Name: <rgb(218,165,32)>{Templar War Hoard}
2022-12-27 21:31:56.661 +01:00 [INF] Stat: MonsterMinimapIcon = 187
2022-12-27 21:31:56.662 +01:00 [INF] Chest debug -> CType:Legion Path: Metadata/Chests/LegionChests/TemplarChest #		Text: RewardWeapons #		Render Name: <rgb(218,165,32)>{Templar Chest}
2022-12-27 21:31:56.662 +01:00 [INF] Stat: MonsterMinimapIcon = 194
2022-12-27 21:40:20.644 +01:00 [ERR] MinimapIcons, PerfomanceRender -> System.NullReferenceException: Object reference not set to an instance of an object.
   at IconsBuilder.LegionIcon.<>c__DisplayClass2_0.<Update>b__1()
   at MinimapIcons.MinimapIcons.Render()
   at ExileCore.Shared.PluginWrapper.PerfomanceRender()
2022-12-27 21:40:41.660 +01:00 [INF] Chest debug -> CType:Legion Path: Metadata/Chests/LegionChests/KaruiChest #		Text: RewardGenericItems #		Render Name: <rgb(218,165,32)>{Karui Chest}
2022-12-27 21:40:41.672 +01:00 [INF] Stat: MonsterMinimapIcon = 184
2022-12-27 21:40:41.673 +01:00 [INF] Chest debug -> CType:Legion Path: Metadata/Chests/LegionChests/EternalEmpireChest #		Text: RewardWeapons #		Render Name: <rgb(218,165,32)>{Eternal Chest}
2022-12-27 21:40:41.673 +01:00 [INF] Stat: MonsterMinimapIcon = 194
2022-12-27 21:40:41.744 +01:00 [INF] Chest debug -> CType:Legion Path: Metadata/Chests/LegionChests/KaruiChestEpic #		Text: RewardEssences #		Render Name: <rgb(218,165,32)>{Karui War Hoard}
2022-12-27 21:40:41.750 +01:00 [INF] Stat: MonsterMinimapIcon = 180
2022-12-27 21:40:41.801 +01:00 [INF] Chest debug -> CType:Legion Path: Metadata/Chests/LegionChests/EternalEmpireChestEpic #		Text: RewardCurrency #		Render Name: <rgb(218,165,32)>{Eternal War Hoard}
2022-12-27 21:40:41.808 +01:00 [INF] Stat: MonsterMinimapIcon = 178
2022-12-27 21:40:41.809 +01:00 [INF] Chest debug -> CType:Legion Path: Metadata/Chests/LegionChests/KaruiChest #		Text: RewardJewellery #		Render Name: <rgb(218,165,32)>{Karui Chest}
2022-12-27 21:40:41.809 +01:00 [INF] Stat: MonsterMinimapIcon = 192
2022-12-27 21:40:41.809 +01:00 [INF] Chest debug -> CType:Legion Path: Metadata/Chests/LegionChests/EternalEmpireChestEpic #		Text: RewardWeaponEnchants #		Render Name: <rgb(218,165,32)>{Eternal War Hoard}
2022-12-27 21:40:41.809 +01:00 [INF] Stat: MonsterMinimapIcon = 195
2022-12-27 21:42:11.128 +01:00 [ERR] Something wrong we parse 299 when expect 84
2022-12-27 21:43:38.378 +01:00 [INF] Chest debug -> CType:Strongbox Path: Metadata/Chests/StrongBoxes/Arcanist #		Text: Arcanist's Strongbox #		Render Name: Arcanist's Strongbox
2022-12-27 21:43:38.385 +01:00 [INF] Stat: ChestDelayDropsUntilDaemonsFinish = 1
2022-12-27 22:06:40.376 +01:00 [INF] =============== Close hud at 27.12.2022 22:06:40 ===============
2022-12-27 22:07:18.511 +01:00 [INF] =============== Start hud at 27.12.2022 22:07:18 ===============
2022-12-27 22:07:18.546 +01:00 [INF] PerfTimer =-> Create new offsets (3,3066 ms) Thread #[1]
2022-12-27 22:07:18.837 +01:00 [INF] PerfTimer =-> Load manual fonts (0,06 ms) Thread #[1]
2022-12-27 22:07:18.837 +01:00 [INF] PerfTimer =-> DX11 Load (0,8158 ms) Thread #[1]
2022-12-27 22:07:19.229 +01:00 [INF] PerfTimer =-> Load files from memory (38,867 ms) Thread #[1]
2022-12-27 22:07:19.362 +01:00 [WRN] TreeRoutine.Routine.BuildYourOwnRoutine.Flask.FlaskSetting[] not supported for menu now. Ask developers to add this type.
2022-12-27 22:07:19.366 +01:00 [WRN] <0  0> not supported for menu now. Ask developers to add this type.
2022-12-27 22:07:19.367 +01:00 [WRN] <0  0> not supported for menu now. Ask developers to add this type.
2022-12-27 22:07:19.389 +01:00 [WRN] TreeRoutine.Routine.BasicFlaskRoutine.Flask.FlaskSetting[] not supported for menu now. Ask developers to add this type.
2022-12-27 22:07:19.468 +01:00 [WRN] 0 not supported for menu now. Ask developers to add this type.
2022-12-27 22:07:19.523 +01:00 [WRN] System.Int32[,] not supported for menu now. Ask developers to add this type.
2022-12-27 22:07:19.539 +01:00 [WRN] 16 not supported for menu now. Ask developers to add this type.
2022-12-27 22:07:19.572 +01:00 [WRN] ExileCore.Shared.Nodes.RangeNode`1[System.Byte] not supported for menu now. Ask developers to add this type.
2022-12-27 22:07:19.573 +01:00 [WRN] ExileCore.Shared.Nodes.RangeNode`1[System.Byte] not supported for menu now. Ask developers to add this type.
2022-12-27 22:07:19.573 +01:00 [WRN] ExileCore.Shared.Nodes.RangeNode`1[System.Byte] not supported for menu now. Ask developers to add this type.
2022-12-27 22:07:19.669 +01:00 [WRN]  not supported for menu now. Ask developers to add this type.
2022-12-27 22:07:19.669 +01:00 [WRN]  not supported for menu now. Ask developers to add this type.
2022-12-27 22:07:19.669 +01:00 [WRN]  not supported for menu now. Ask developers to add this type.
2022-12-27 22:07:19.669 +01:00 [WRN] PassiveSkillTreePlanter.TreeConfig+SkillTreeData not supported for menu now. Ask developers to add this type.
2022-12-27 22:07:19.669 +01:00 [WRN] PassiveSkillTreePlanter.TreeConfig+SkillTreeData not supported for menu now. Ask developers to add this type.
2022-12-27 22:07:19.696 +01:00 [WRN]  not supported for menu now. Ask developers to add this type.
2022-12-27 22:07:19.697 +01:00 [WRN]  not supported for menu now. Ask developers to add this type.
2022-12-27 22:07:19.697 +01:00 [WRN]  not supported for menu now. Ask developers to add this type.
2022-12-27 22:07:19.697 +01:00 [WRN]  not supported for menu now. Ask developers to add this type.
2022-12-27 22:07:19.697 +01:00 [WRN]  not supported for menu now. Ask developers to add this type.
2022-12-27 22:07:19.697 +01:00 [WRN]  not supported for menu now. Ask developers to add this type.
2022-12-27 22:07:19.697 +01:00 [WRN] <0  0> not supported for menu now. Ask developers to add this type.
2022-12-27 22:07:19.697 +01:00 [WRN] PickIt.PickItSettings+FRSMOverrides not supported for menu now. Ask developers to add this type.
2022-12-27 22:07:19.845 +01:00 [WRN] System.Int32[,] not supported for menu now. Ask developers to add this type.
2022-12-27 22:07:20.686 +01:00 [INF] PerfTimer =-> Plugin loader (1416,6242 ms) Thread #[1]
2022-12-27 22:07:20.766 +01:00 [INF] Pattern: Area change -> : Time: 18,4906 ms. Offset:[9290651] Started searching offset with:6881280
2022-12-27 22:07:20.766 +01:00 [INF] Pattern: Game State -> : Time: 10,2253 ms. Offset:[1167827] Started searching offset with:0
2022-12-27 22:07:20.766 +01:00 [INF] Pattern: BlackBarSize -> : Time: 26,835 ms. Offset:[3061397] Started searching offset with:0
2022-12-27 22:07:20.766 +01:00 [INF] Pattern: File Root -> : Time: 28,2553 ms. Offset:[23261817] Started searching offset with:19726336
2022-12-27 22:07:20.766 +01:00 [INF] Pattern: DiagnosticInfoType -> : Time: 89,1468 ms. Offset:[13223375] Started searching offset with:600000
2022-12-27 22:07:20.766 +01:00 [INF] AdvancedTooltip loaded in 31,1942 ms.
2022-12-27 22:07:20.766 +01:00 [INF] AdvancedUberLabLayout loaded in 9,003 ms.
2022-12-27 22:07:20.766 +01:00 [INF] AutoOpen loaded in 18,5134 ms.
2022-12-27 22:07:20.766 +01:00 [INF] AutoQuit loaded in 4,5904 ms.
2022-12-27 22:07:20.766 +01:00 [INF] TreeRoutine.Routine.BuildYourOwnRoutine loaded in 18,5439 ms.
2022-12-27 22:07:20.766 +01:00 [INF] TreeRoutine.Routine.BasicFlaskRoutine loaded in 18,5439 ms.
2022-12-27 22:07:20.766 +01:00 [INF] BuffUtil loaded in 33,2701 ms.
2022-12-27 22:07:20.766 +01:00 [INF] DelveWalls loaded in 5,4315 ms.
2022-12-27 22:07:20.766 +01:00 [INF] DevTree loaded in 6,5344 ms.
2022-12-27 22:07:20.766 +01:00 [INF] DPSMeter loaded in 5,8309 ms.
2022-12-27 22:07:20.766 +01:00 [INF] EliteBar loaded in 15,6477 ms.
2022-12-27 22:07:20.766 +01:00 [INF] FullRareSetManager loaded in 26,99 ms.
2022-12-27 22:07:20.766 +01:00 [INF] HealthBars loaded in 25,1838 ms.
2022-12-27 22:07:20.766 +01:00 [INF] HeistIcons.Main loaded in 5,4904 ms.
2022-12-27 22:07:20.766 +01:00 [INF] HighlightedItems loaded in 9,1197 ms.
2022-12-27 22:07:20.766 +01:00 [INF] IconsBuilder loaded in 23,0456 ms.
2022-12-27 22:07:20.766 +01:00 [INF] KillCounter loaded in 7,9589 ms.
2022-12-27 22:07:20.766 +01:00 [INF] MapsExchange loaded in 19,1211 ms.
2022-12-27 22:07:20.766 +01:00 [INF] MineDetonator loaded in 4,0101 ms.
2022-12-27 22:07:20.766 +01:00 [INF] MinimapIcons loaded in 63,277 ms.
2022-12-27 22:07:20.766 +01:00 [INF] MiscInformation loaded in 18,7832 ms.
2022-12-27 22:07:20.766 +01:00 [INF] PassiveSkillTreePlanter loaded in 11,9458 ms.
2022-12-27 22:07:20.766 +01:00 [INF] Pickit loaded in 25,9062 ms.
2022-12-27 22:07:20.766 +01:00 [INF] Willplug loaded in 61,4465 ms.
2022-12-27 22:07:20.849 +01:00 [INF] PreloadAlert loaded in 49,5383 ms.
2022-12-27 22:07:20.849 +01:00 [INF] Radar loaded in 23,2804 ms.
2022-12-27 22:07:20.849 +01:00 [INF] Skill_DPS.Core loaded in 5,1364 ms.
2022-12-27 22:07:20.849 +01:00 [INF] Stashie loaded in 8,8379 ms.
2022-12-27 22:07:20.849 +01:00 [INF] XPBar loaded in 2,869 ms.
2022-12-27 22:07:20.874 +01:00 [INF] MiscInformation -> Initialise time: 1,2739 ms.
2022-12-27 22:07:20.874 +01:00 [INF] PreloadAlert -> Initialise time: 0,4267 ms.
2022-12-27 22:07:20.874 +01:00 [INF] HealthBars -> Initialise time: 0,9683 ms.
2022-12-27 22:07:20.875 +01:00 [INF] MinimapIcons -> Initialise time: 0,008 ms.
2022-12-27 22:07:20.875 +01:00 [INF] HighlightedItems -> Initialise time: 2,4575 ms.
2022-12-27 22:07:20.875 +01:00 [INF] IconsBuilder -> Initialise time: 1,3857 ms.
2022-12-27 22:07:20.875 +01:00 [INF] Radar -> Initialise time: 0,0017 ms.
2022-12-27 22:07:20.894 +01:00 [INF] BasicFlaskRoutine -> Initialise time: 14,4152 ms.
2022-12-27 22:07:20.894 +01:00 [INF] Willplug -> Initialise time: 7,0101 ms.
2022-12-27 22:07:21.154 +01:00 [INF] Pattern: Terrain Rotation Selector -> : Time: 210,7812 ms. Offset:[19872765] Started searching offset with:0
2022-12-27 22:07:21.273 +01:00 [INF] PerfTimer =-> Preload stats and mods (2043,3019 ms) Thread #[22]
2022-12-27 22:07:21.283 +01:00 [INF] Pattern: Terrain Rotator Helper -> : Time: 100,7543 ms. Offset:[9781702] Started searching offset with:0
2022-12-27 22:07:24.229 +01:00 [INF] GetAllFiles loaded in 37ms
2022-12-27 22:07:25.697 +01:00 [INF] Resize from: {X=0,Y=0,Width=1920,Height=1032} to {X=0,Y=0,Width=1920,Height=1080}
2022-12-27 22:07:27.698 +01:00 [INF] HUD loaded in 2243,6828 ms.
2022-12-27 22:07:29.680 +01:00 [INF] PassiveSkillTree: Can't decode url from file: <TEST>
2022-12-27 22:07:29.880 +01:00 [ERR] BaseTreeRoutinePlugin: Cannot find C:\William\GIT\poe_api_tehcheat\PoEHelper\Plugins\Compiled\poe-plugin-willplug/config/flaskinfo.json file. This plugin will exit.
2022-12-27 22:07:29.884 +01:00 [ERR] BaseTreeRoutinePlugin: Cannot find C:\William\GIT\poe_api_tehcheat\PoEHelper\Plugins\Compiled\poe-plugin-willplug/config/debuffPanel.json file. This plugin will exit.
2022-12-27 22:07:29.884 +01:00 [ERR] BaseTreeRoutinePlugin: Cannot find C:\William\GIT\poe_api_tehcheat\PoEHelper\Plugins\Compiled\poe-plugin-willplug/config/FlaskBuffDetails.json file. This plugin will exit.
2022-12-27 22:11:49.480 +01:00 [INF] Chest debug -> CType:Strongbox Path: Metadata/Chests/StrongBoxes/Gemcutter #		Text: Gemcutter's Strongbox #		Render Name: Gemcutter's Strongbox
2022-12-27 22:11:49.485 +01:00 [INF] Stat: ChestDelayDropsUntilDaemonsFinish = 2
2022-12-27 22:31:32.340 +01:00 [INF] Chest debug -> CType:Strongbox Path: Metadata/Chests/StrongBoxes/Strongbox #		Text: Strongbox #		Render Name: Strongbox
2022-12-27 22:31:32.345 +01:00 [INF] Stat: ChestDelayDropsUntilDaemonsFinish = 2
2022-12-27 22:31:32.345 +01:00 [INF] Stat: ChestPlayWarningSound = 1
2022-12-27 22:31:32.345 +01:00 [INF] Stat: ChestDisplayIceNova = 1
2022-12-27 22:31:39.902 +01:00 [INF] Chest debug -> CType:Strongbox Path: Metadata/Chests/StrongBoxes/Strongbox #		Text: Strongbox #		Render Name: Strongbox
2022-12-27 22:31:39.908 +01:00 [INF] Stat: ChestDelayDropsUntilDaemonsFinish = 1
2022-12-27 22:31:39.908 +01:00 [INF] Stat: ChestPlayWarningSound = 1
2022-12-27 22:40:58.620 +01:00 [INF] Chest debug -> CType:Strongbox Path: Metadata/Chests/StrongBoxes/Strongbox #		Text: Strongbox #		Render Name: Strongbox
2022-12-27 22:40:58.626 +01:00 [INF] Stat: ChestDelayDropsUntilDaemonsFinish = 1
2022-12-27 22:40:58.626 +01:00 [INF] Stat: ChestPlayWarningSound = 1
2022-12-27 22:41:36.026 +01:00 [INF] Chest debug -> CType:Strongbox Path: Metadata/Chests/StrongBoxes/Jeweller #		Text: Jeweller's Strongbox #		Render Name: Jeweller's Strongbox
2022-12-27 22:41:36.031 +01:00 [INF] Stat: ChestDelayDropsUntilDaemonsFinish = 1
2022-12-27 22:43:36.871 +01:00 [INF] Chest debug -> CType:Legion Path: Metadata/Chests/LegionChests/MarakethChestEpic #		Text: RewardScarabs #		Render Name: <rgb(218,165,32)>{Maraketh War Hoard}
2022-12-27 22:43:36.877 +01:00 [INF] Stat: MonsterMinimapIcon = 190
2022-12-27 22:43:37.050 +01:00 [INF] Chest debug -> CType:Legion Path: Metadata/Chests/LegionChests/MarakethChest #		Text: RewardHarbinger #		Render Name: <rgb(218,165,32)>{Maraketh Chest}
2022-12-27 22:43:37.058 +01:00 [INF] Stat: MonsterMinimapIcon = 185
2022-12-27 22:43:37.167 +01:00 [INF] Chest debug -> CType:Legion Path: Metadata/Chests/LegionChests/MarakethChest #		Text: RewardTalisman #		Render Name: <rgb(218,165,32)>{Maraketh Chest}
2022-12-27 22:43:37.175 +01:00 [INF] Stat: MonsterMinimapIcon = 191
2022-12-27 22:43:37.218 +01:00 [INF] Chest debug -> CType:Legion Path: Metadata/Chests/LegionChests/MarakethChest #		Text: RewardHarbinger #		Render Name: <rgb(218,165,32)>{Maraketh Chest}
2022-12-27 22:43:37.225 +01:00 [INF] Stat: MonsterMinimapIcon = 185
2022-12-27 22:43:37.444 +01:00 [INF] Chest debug -> CType:Legion Path: Metadata/Chests/LegionChests/MarakethChest #		Text: RewardHarbinger #		Render Name: <rgb(218,165,32)>{Maraketh Chest}
2022-12-27 22:43:37.459 +01:00 [INF] Stat: MonsterMinimapIcon = 185
2022-12-27 22:43:40.028 +01:00 [ERR] MinimapIcons, PerfomanceRender -> System.NullReferenceException: Object reference not set to an instance of an object.
   at IconsBuilder.LegionIcon.<>c__DisplayClass2_0.<Update>b__1()
   at MinimapIcons.MinimapIcons.Render()
   at ExileCore.Shared.PluginWrapper.PerfomanceRender()
2022-12-27 22:44:07.830 +01:00 [INF] Chest debug -> CType:Legion Path: Metadata/Chests/LegionChests/VaalChest #		Text: RewardCurrency #		Render Name: <rgb(218,165,32)>{Vaal Chest}
2022-12-27 22:44:07.837 +01:00 [INF] Stat: MonsterMinimapIcon = 178
2022-12-27 22:44:12.054 +01:00 [INF] Chest debug -> CType:Legion Path: Metadata/Chests/LegionChests/VaalChest #		Text: RewardGenericItems #		Render Name: <rgb(218,165,32)>{Vaal Chest}
2022-12-27 22:44:12.060 +01:00 [INF] Stat: MonsterMinimapIcon = 184
2022-12-27 22:44:16.466 +01:00 [INF] Chest debug -> CType:Legion Path: Metadata/Chests/LegionChests/VaalChestEpic #		Text: RewardWeaponEnchants #		Render Name: <rgb(218,165,32)>{Vaal War Hoard}
2022-12-27 22:44:16.473 +01:00 [INF] Stat: MonsterMinimapIcon = 195
2022-12-27 22:59:57.437 +01:00 [INF] Chest debug -> CType:Strongbox Path: Metadata/Chests/StrongBoxes/Arsenal #		Text: Blacksmith's Strongbox #		Render Name: Blacksmith's Strongbox
2022-12-27 22:59:57.444 +01:00 [INF] Stat: ChestDelayDropsUntilDaemonsFinish = 1
2022-12-27 23:04:02.343 +01:00 [ERR] Something wrong we parse 136 when expect 68
2022-12-27 23:07:45.373 +01:00 [ERR] Something wrong we parse 86 when expect 27
2022-12-27 23:15:55.614 +01:00 [INF] Chest debug -> CType:Breach Path: Metadata/Chests/Breach/BreachChest5 #		Text: Breach chest #		Render Name: <rgb(166,90,255)>{Clasped Hand}
2022-12-27 23:17:24.449 +01:00 [INF] Chest debug -> CType:Strongbox Path: Metadata/Chests/StrongBoxes/Strongbox #		Text: Strongbox #		Render Name: Strongbox
2022-12-27 23:17:24.457 +01:00 [INF] Stat: ChestDelayDropsUntilDaemonsFinish = 1
2022-12-27 23:17:50.665 +01:00 [INF] Chest debug -> CType:Strongbox Path: Metadata/Chests/StrongBoxes/Jeweller #		Text: Jeweller's Strongbox #		Render Name: Jeweller's Strongbox
2022-12-27 23:17:50.672 +01:00 [INF] Stat: ChestDelayDropsUntilDaemonsFinish = 1
2022-12-27 23:17:50.672 +01:00 [INF] Stat: ChestPlayWarningSound = 1
2022-12-27 23:21:33.595 +01:00 [INF] Chest debug -> CType:Legion Path: Metadata/Chests/LegionChests/VaalChestEpic #		Text: RewardCurrency #		Render Name: <rgb(218,165,32)>{Vaal War Hoard}
2022-12-27 23:21:33.605 +01:00 [INF] Stat: MonsterMinimapIcon = 178
2022-12-27 23:24:39.469 +01:00 [INF] WTF ExileCore.Core
2022-12-27 23:25:07.555 +01:00 [INF] =============== Close hud at 27.12.2022 23:25:07 ===============
