2022-12-16 00:52:16.931 +01:00 [INF] =============== Start hud at 16.12.2022 00:52:16 ===============
2022-12-16 00:52:16.962 +01:00 [INF] PerfTimer =-> Create new offsets (3,4351 ms) Thread #[1]
2022-12-16 00:52:17.226 +01:00 [INF] PerfTimer =-> Load manual fonts (0,0766 ms) Thread #[1]
2022-12-16 00:52:17.226 +01:00 [INF] PerfTimer =-> DX11 Load (0,8419 ms) Thread #[1]
2022-12-16 00:52:17.806 +01:00 [INF] PerfTimer =-> Load files from memory (49,8816 ms) Thread #[1]
2022-12-16 00:52:17.914 +01:00 [WRN] TreeRoutine.Routine.BuildYourOwnRoutine.Flask.FlaskSetting[] not supported for menu now. Ask developers to add this type.
2022-12-16 00:52:17.917 +01:00 [WRN] <0  0> not supported for menu now. Ask developers to add this type.
2022-12-16 00:52:17.917 +01:00 [WRN] <0  0> not supported for menu now. Ask developers to add this type.
2022-12-16 00:52:17.938 +01:00 [WRN] TreeRoutine.Routine.BasicFlaskRoutine.Flask.FlaskSetting[] not supported for menu now. Ask developers to add this type.
2022-12-16 00:52:18.001 +01:00 [WRN] 0 not supported for menu now. Ask developers to add this type.
2022-12-16 00:52:18.066 +01:00 [WRN] System.Int32[,] not supported for menu now. Ask developers to add this type.
2022-12-16 00:52:18.075 +01:00 [WRN] 16 not supported for menu now. Ask developers to add this type.
2022-12-16 00:52:18.102 +01:00 [WRN] ExileCore.Shared.Nodes.RangeNode`1[System.Byte] not supported for menu now. Ask developers to add this type.
2022-12-16 00:52:18.102 +01:00 [WRN] ExileCore.Shared.Nodes.RangeNode`1[System.Byte] not supported for menu now. Ask developers to add this type.
2022-12-16 00:52:18.103 +01:00 [WRN] ExileCore.Shared.Nodes.RangeNode`1[System.Byte] not supported for menu now. Ask developers to add this type.
2022-12-16 00:52:18.222 +01:00 [WRN]  not supported for menu now. Ask developers to add this type.
2022-12-16 00:52:18.222 +01:00 [WRN]  not supported for menu now. Ask developers to add this type.
2022-12-16 00:52:18.222 +01:00 [WRN]  not supported for menu now. Ask developers to add this type.
2022-12-16 00:52:18.223 +01:00 [WRN] PassiveSkillTreePlanter.TreeConfig+SkillTreeData not supported for menu now. Ask developers to add this type.
2022-12-16 00:52:18.223 +01:00 [WRN] PassiveSkillTreePlanter.TreeConfig+SkillTreeData not supported for menu now. Ask developers to add this type.
2022-12-16 00:52:18.262 +01:00 [WRN]  not supported for menu now. Ask developers to add this type.
2022-12-16 00:52:18.262 +01:00 [WRN]  not supported for menu now. Ask developers to add this type.
2022-12-16 00:52:18.262 +01:00 [WRN]  not supported for menu now. Ask developers to add this type.
2022-12-16 00:52:18.262 +01:00 [WRN]  not supported for menu now. Ask developers to add this type.
2022-12-16 00:52:18.262 +01:00 [WRN]  not supported for menu now. Ask developers to add this type.
2022-12-16 00:52:18.262 +01:00 [WRN]  not supported for menu now. Ask developers to add this type.
2022-12-16 00:52:18.262 +01:00 [WRN] <0  0> not supported for menu now. Ask developers to add this type.
2022-12-16 00:52:18.263 +01:00 [WRN] PickIt.PickItSettings+FRSMOverrides not supported for menu now. Ask developers to add this type.
2022-12-16 00:52:18.425 +01:00 [WRN] System.Int32[,] not supported for menu now. Ask developers to add this type.
2022-12-16 00:52:19.205 +01:00 [INF] PerfTimer =-> Plugin loader (1370,3715 ms) Thread #[1]
2022-12-16 00:52:19.295 +01:00 [INF] Pattern: Game State -> : Time: 9,4171 ms. Offset:[1164963] Started searching offset with:0
2022-12-16 00:52:19.295 +01:00 [INF] Pattern: Area change -> : Time: 17,7301 ms. Offset:[9276779] Started searching offset with:6881280
2022-12-16 00:52:19.295 +01:00 [INF] Pattern: BlackBarSize -> : Time: 26,1384 ms. Offset:[3058741] Started searching offset with:0
2022-12-16 00:52:19.295 +01:00 [INF] Pattern: File Root -> : Time: 27,1061 ms. Offset:[23210249] Started searching offset with:19726336
2022-12-16 00:52:19.295 +01:00 [INF] Pattern: DiagnosticInfoType -> : Time: 89,4587 ms. Offset:[13203055] Started searching offset with:600000
2022-12-16 00:52:19.295 +01:00 [INF] AdvancedTooltip loaded in 20,5824 ms.
2022-12-16 00:52:19.295 +01:00 [INF] AdvancedUberLabLayout loaded in 7,7136 ms.
2022-12-16 00:52:19.295 +01:00 [INF] AutoOpen loaded in 7,9296 ms.
2022-12-16 00:52:19.295 +01:00 [INF] AutoQuit loaded in 15,3228 ms.
2022-12-16 00:52:19.295 +01:00 [INF] TreeRoutine.Routine.BuildYourOwnRoutine loaded in 15,8181 ms.
2022-12-16 00:52:19.295 +01:00 [INF] TreeRoutine.Routine.BasicFlaskRoutine loaded in 15,8181 ms.
2022-12-16 00:52:19.295 +01:00 [INF] BuffUtil loaded in 23,0454 ms.
2022-12-16 00:52:19.295 +01:00 [INF] DelveWalls loaded in 4,6086 ms.
2022-12-16 00:52:19.295 +01:00 [INF] DevTree loaded in 5,522 ms.
2022-12-16 00:52:19.295 +01:00 [INF] DPSMeter loaded in 5,6079 ms.
2022-12-16 00:52:19.295 +01:00 [INF] EliteBar loaded in 13,5718 ms.
2022-12-16 00:52:19.296 +01:00 [INF] FullRareSetManager loaded in 11,8385 ms.
2022-12-16 00:52:19.296 +01:00 [INF] HealthBars loaded in 42,5698 ms.
2022-12-16 00:52:19.296 +01:00 [INF] HeistIcons.Main loaded in 7,255 ms.
2022-12-16 00:52:19.296 +01:00 [INF] HighlightedItems loaded in 14,3609 ms.
2022-12-16 00:52:19.296 +01:00 [INF] IconsBuilder loaded in 15,0228 ms.
2022-12-16 00:52:19.296 +01:00 [INF] KillCounter loaded in 6,1108 ms.
2022-12-16 00:52:19.296 +01:00 [INF] MapsExchange loaded in 14,9089 ms.
2022-12-16 00:52:19.296 +01:00 [INF] MineDetonator loaded in 4,0966 ms.
2022-12-16 00:52:19.296 +01:00 [INF] MinimapIcons loaded in 70,6126 ms.
2022-12-16 00:52:19.296 +01:00 [INF] MiscInformation loaded in 32,6116 ms.
2022-12-16 00:52:19.296 +01:00 [INF] PassiveSkillTreePlanter loaded in 14,307 ms.
2022-12-16 00:52:19.296 +01:00 [INF] Pickit loaded in 38,2012 ms.
2022-12-16 00:52:19.296 +01:00 [INF] Willplug loaded in 8,5163 ms.
2022-12-16 00:52:19.398 +01:00 [INF] PreloadAlert loaded in 94,3827 ms.
2022-12-16 00:52:19.415 +01:00 [INF] Radar loaded in 44,5487 ms.
2022-12-16 00:52:19.442 +01:00 [INF] Skill_DPS.Core loaded in 5,6859 ms.
2022-12-16 00:52:19.442 +01:00 [INF] Stashie loaded in 9,1455 ms.
2022-12-16 00:52:19.442 +01:00 [INF] XPBar loaded in 3,5642 ms.
2022-12-16 00:52:19.442 +01:00 [INF] MiscInformation -> Initialise time: 1,3535 ms.
2022-12-16 00:52:19.442 +01:00 [INF] PreloadAlert -> Initialise time: 0,3959 ms.
2022-12-16 00:52:19.442 +01:00 [INF] HealthBars -> Initialise time: 1,1812 ms.
2022-12-16 00:52:19.442 +01:00 [INF] MinimapIcons -> Initialise time: 0,012 ms.
2022-12-16 00:52:19.442 +01:00 [INF] HighlightedItems -> Initialise time: 3,4994 ms.
2022-12-16 00:52:19.442 +01:00 [INF] IconsBuilder -> Initialise time: 1,6685 ms.
2022-12-16 00:52:19.442 +01:00 [INF] Radar -> Initialise time: 0,002 ms.
2022-12-16 00:52:19.472 +01:00 [INF] BasicFlaskRoutine -> Initialise time: 21,2529 ms.
2022-12-16 00:52:19.472 +01:00 [INF] Willplug -> Initialise time: 6,3114 ms.
2022-12-16 00:52:19.488 +01:00 [INF] PerfTimer =-> Preload stats and mods (1681,2905 ms) Thread #[21]
2022-12-16 00:52:19.841 +01:00 [INF] Pattern: Terrain Rotation Selector -> : Time: 235,9437 ms. Offset:[19835677] Started searching offset with:0
2022-12-16 00:52:20.040 +01:00 [INF] Pattern: Terrain Rotator Helper -> : Time: 103,7534 ms. Offset:[9767686] Started searching offset with:0
2022-12-16 00:52:22.805 +01:00 [INF] GetAllFiles loaded in 48ms
2022-12-16 00:52:24.213 +01:00 [INF] Resize from: {X=0,Y=0,Width=1920,Height=1032} to {X=0,Y=0,Width=1920,Height=1080}
2022-12-16 00:52:26.215 +01:00 [INF] HUD loaded in 2339,7423 ms.
2022-12-16 00:52:28.225 +01:00 [INF] PassiveSkillTree: Can't decode url from file: <TEST>
2022-12-16 00:52:28.465 +01:00 [ERR] BaseTreeRoutinePlugin: Cannot find C:\William\GIT\poe_api_tehcheat\PoEHelper\Plugins\Compiled\poe-plugin-willplug/config/flaskinfo.json file. This plugin will exit.
2022-12-16 00:52:28.469 +01:00 [ERR] BaseTreeRoutinePlugin: Cannot find C:\William\GIT\poe_api_tehcheat\PoEHelper\Plugins\Compiled\poe-plugin-willplug/config/debuffPanel.json file. This plugin will exit.
2022-12-16 00:52:28.469 +01:00 [ERR] BaseTreeRoutinePlugin: Cannot find C:\William\GIT\poe_api_tehcheat\PoEHelper\Plugins\Compiled\poe-plugin-willplug/config/FlaskBuffDetails.json file. This plugin will exit.
2022-12-16 08:02:44.578 +01:00 [INF] WTF ExileCore.Shared.Runner
2022-12-16 08:02:44.578 +01:00 [INF] WTF ExileCore.Core
2022-12-16 08:02:47.129 +01:00 [INF] Game not found
2022-12-16 08:02:49.139 +01:00 [INF] Game not found
2022-12-16 08:02:51.149 +01:00 [INF] Game not found
2022-12-16 08:02:53.159 +01:00 [INF] Game not found
2022-12-16 08:02:55.179 +01:00 [INF] Game not found
2022-12-16 08:02:57.189 +01:00 [INF] Game not found
2022-12-16 08:02:59.204 +01:00 [INF] Game not found
2022-12-16 08:03:01.212 +01:00 [INF] Game not found
2022-12-16 08:03:03.222 +01:00 [INF] Game not found
2022-12-16 08:03:05.241 +01:00 [INF] Game not found
2022-12-16 08:03:07.256 +01:00 [INF] Game not found
2022-12-16 08:03:09.269 +01:00 [INF] Game not found
2022-12-16 08:03:11.277 +01:00 [INF] Game not found
2022-12-16 08:03:13.281 +01:00 [INF] Game not found
2022-12-16 08:03:15.296 +01:00 [INF] Game not found
2022-12-16 08:03:17.303 +01:00 [INF] Game not found
2022-12-16 08:03:19.316 +01:00 [INF] Game not found
2022-12-16 08:03:21.332 +01:00 [INF] Game not found
2022-12-16 08:03:23.346 +01:00 [INF] Game not found
2022-12-16 08:03:25.356 +01:00 [INF] Game not found
2022-12-16 08:03:27.368 +01:00 [INF] Game not found
2022-12-16 08:03:29.379 +01:00 [INF] Game not found
2022-12-16 08:03:31.398 +01:00 [INF] Game not found
2022-12-16 08:03:33.414 +01:00 [INF] Game not found
2022-12-16 08:03:35.418 +01:00 [INF] Game not found
2022-12-16 08:03:37.438 +01:00 [INF] Game not found
2022-12-16 08:03:39.447 +01:00 [INF] Game not found
2022-12-16 08:03:41.457 +01:00 [INF] Game not found
2022-12-16 08:03:43.468 +01:00 [INF] Game not found
2022-12-16 08:03:45.468 +01:00 [INF] Game not found
2022-12-16 08:03:47.478 +01:00 [INF] Game not found
2022-12-16 08:03:49.497 +01:00 [INF] Game not found
2022-12-16 08:03:51.498 +01:00 [INF] Game not found
2022-12-16 08:03:53.511 +01:00 [INF] Game not found
2022-12-16 08:03:55.530 +01:00 [INF] Game not found
2022-12-16 08:03:57.537 +01:00 [INF] Game not found
2022-12-16 08:03:59.548 +01:00 [INF] Game not found
2022-12-16 08:04:01.559 +01:00 [INF] Game not found
2022-12-16 08:04:03.572 +01:00 [INF] Game not found
2022-12-16 08:04:05.580 +01:00 [INF] Game not found
2022-12-16 08:04:07.588 +01:00 [INF] Game not found
2022-12-16 08:04:09.596 +01:00 [INF] Game not found
2022-12-16 08:04:11.603 +01:00 [INF] Game not found
2022-12-16 08:04:13.618 +01:00 [INF] Game not found
2022-12-16 08:04:15.625 +01:00 [INF] Game not found
2022-12-16 08:04:17.637 +01:00 [INF] Game not found
2022-12-16 08:04:19.653 +01:00 [INF] Game not found
2022-12-16 08:04:21.663 +01:00 [INF] Game not found
2022-12-16 08:04:23.667 +01:00 [INF] Game not found
2022-12-16 08:04:25.687 +01:00 [INF] Game not found
2022-12-16 08:04:27.690 +01:00 [INF] Game not found
2022-12-16 08:04:29.706 +01:00 [INF] Game not found
2022-12-16 08:04:31.713 +01:00 [INF] Game not found
2022-12-16 08:04:33.723 +01:00 [INF] Game not found
2022-12-16 08:04:35.735 +01:00 [INF] Game not found
2022-12-16 08:04:37.742 +01:00 [INF] Game not found
2022-12-16 08:04:39.758 +01:00 [INF] Game not found
2022-12-16 08:04:41.770 +01:00 [INF] Game not found
2022-12-16 08:04:43.793 +01:00 [INF] Game not found
2022-12-16 08:04:45.800 +01:00 [INF] Game not found
2022-12-16 08:04:47.806 +01:00 [INF] Game not found
2022-12-16 08:04:49.826 +01:00 [INF] Game not found
2022-12-16 08:04:51.840 +01:00 [INF] Game not found
2022-12-16 08:04:53.849 +01:00 [INF] Game not found
2022-12-16 08:04:55.863 +01:00 [INF] Game not found
2022-12-16 08:04:57.867 +01:00 [INF] Game not found
2022-12-16 08:04:59.888 +01:00 [INF] Game not found
2022-12-16 08:05:01.893 +01:00 [INF] Game not found
2022-12-16 08:05:03.907 +01:00 [INF] Game not found
2022-12-16 08:05:05.922 +01:00 [INF] Game not found
2022-12-16 08:05:07.929 +01:00 [INF] Game not found
2022-12-16 08:05:09.938 +01:00 [INF] Game not found
2022-12-16 08:05:11.955 +01:00 [INF] Game not found
2022-12-16 08:05:13.973 +01:00 [INF] Game not found
2022-12-16 08:05:15.980 +01:00 [INF] Game not found
2022-12-16 08:05:17.999 +01:00 [INF] Game not found
2022-12-16 08:05:20.006 +01:00 [INF] Game not found
2022-12-16 08:05:22.022 +01:00 [INF] Game not found
2022-12-16 08:05:24.029 +01:00 [INF] Game not found
2022-12-16 08:05:26.038 +01:00 [INF] Game not found
2022-12-16 08:05:28.045 +01:00 [INF] Game not found
2022-12-16 08:05:30.063 +01:00 [INF] Game not found
2022-12-16 08:05:32.077 +01:00 [INF] Game not found
2022-12-16 08:05:34.080 +01:00 [INF] Game not found
2022-12-16 08:05:36.098 +01:00 [INF] Game not found
2022-12-16 08:05:38.113 +01:00 [INF] Game not found
2022-12-16 08:05:40.129 +01:00 [INF] Game not found
2022-12-16 08:05:42.137 +01:00 [INF] Game not found
2022-12-16 08:05:44.152 +01:00 [INF] Game not found
2022-12-16 08:05:46.163 +01:00 [INF] Game not found
2022-12-16 08:05:48.177 +01:00 [INF] Game not found
2022-12-16 08:05:50.180 +01:00 [INF] Game not found
2022-12-16 08:05:52.192 +01:00 [INF] Game not found
2022-12-16 08:05:54.203 +01:00 [INF] Game not found
2022-12-16 08:05:56.213 +01:00 [INF] Game not found
2022-12-16 08:05:58.227 +01:00 [INF] Game not found
2022-12-16 08:06:00.237 +01:00 [INF] Game not found
2022-12-16 08:06:02.243 +01:00 [INF] Game not found
2022-12-16 08:06:04.256 +01:00 [INF] Game not found
2022-12-16 08:06:06.270 +01:00 [INF] Game not found
2022-12-16 08:06:08.283 +01:00 [INF] Game not found
2022-12-16 08:06:10.292 +01:00 [INF] Game not found
2022-12-16 08:06:12.297 +01:00 [INF] Game not found
2022-12-16 08:06:14.309 +01:00 [INF] Game not found
2022-12-16 08:06:16.311 +01:00 [INF] Game not found
2022-12-16 08:06:18.327 +01:00 [INF] Game not found
2022-12-16 08:06:20.332 +01:00 [INF] Game not found
2022-12-16 08:06:22.342 +01:00 [INF] Game not found
2022-12-16 08:06:24.352 +01:00 [INF] Game not found
2022-12-16 08:06:26.365 +01:00 [INF] Game not found
2022-12-16 08:06:28.378 +01:00 [INF] Game not found
2022-12-16 08:06:30.388 +01:00 [INF] Game not found
2022-12-16 08:06:32.397 +01:00 [INF] Game not found
2022-12-16 08:06:34.409 +01:00 [INF] Game not found
2022-12-16 08:06:36.421 +01:00 [INF] Game not found
2022-12-16 08:06:38.428 +01:00 [INF] Game not found
2022-12-16 08:06:40.443 +01:00 [INF] Game not found
2022-12-16 08:06:41.183 +01:00 [INF] =============== Close hud at 16.12.2022 08:06:41 ===============
2022-12-16 14:13:50.287 +01:00 [INF] =============== Start hud at 16.12.2022 14:13:50 ===============
2022-12-16 14:13:50.409 +01:00 [INF] PerfTimer =-> Create new offsets (83,7116 ms) Thread #[1]
2022-12-16 14:13:51.496 +01:00 [INF] PerfTimer =-> Load manual fonts (0,0667 ms) Thread #[1]
2022-12-16 14:13:51.496 +01:00 [INF] PerfTimer =-> DX11 Load (0,8271 ms) Thread #[1]
2022-12-16 14:13:52.295 +01:00 [INF] PerfTimer =-> Load files from memory (68,2849 ms) Thread #[1]
2022-12-16 14:13:52.636 +01:00 [WRN] TreeRoutine.Routine.BuildYourOwnRoutine.Flask.FlaskSetting[] not supported for menu now. Ask developers to add this type.
2022-12-16 14:13:52.639 +01:00 [WRN] <0  0> not supported for menu now. Ask developers to add this type.
2022-12-16 14:13:52.639 +01:00 [WRN] <0  0> not supported for menu now. Ask developers to add this type.
2022-12-16 14:13:52.663 +01:00 [WRN] TreeRoutine.Routine.BasicFlaskRoutine.Flask.FlaskSetting[] not supported for menu now. Ask developers to add this type.
2022-12-16 14:13:53.039 +01:00 [WRN] 0 not supported for menu now. Ask developers to add this type.
2022-12-16 14:13:53.228 +01:00 [WRN] System.Int32[,] not supported for menu now. Ask developers to add this type.
2022-12-16 14:13:53.313 +01:00 [WRN] 16 not supported for menu now. Ask developers to add this type.
2022-12-16 14:13:53.435 +01:00 [WRN] ExileCore.Shared.Nodes.RangeNode`1[System.Byte] not supported for menu now. Ask developers to add this type.
2022-12-16 14:13:53.435 +01:00 [WRN] ExileCore.Shared.Nodes.RangeNode`1[System.Byte] not supported for menu now. Ask developers to add this type.
2022-12-16 14:13:53.436 +01:00 [WRN] ExileCore.Shared.Nodes.RangeNode`1[System.Byte] not supported for menu now. Ask developers to add this type.
2022-12-16 14:13:53.707 +01:00 [WRN]  not supported for menu now. Ask developers to add this type.
2022-12-16 14:13:53.707 +01:00 [WRN]  not supported for menu now. Ask developers to add this type.
2022-12-16 14:13:53.707 +01:00 [WRN]  not supported for menu now. Ask developers to add this type.
2022-12-16 14:13:53.707 +01:00 [WRN] PassiveSkillTreePlanter.TreeConfig+SkillTreeData not supported for menu now. Ask developers to add this type.
2022-12-16 14:13:53.707 +01:00 [WRN] PassiveSkillTreePlanter.TreeConfig+SkillTreeData not supported for menu now. Ask developers to add this type.
2022-12-16 14:13:53.855 +01:00 [WRN]  not supported for menu now. Ask developers to add this type.
2022-12-16 14:13:53.855 +01:00 [WRN]  not supported for menu now. Ask developers to add this type.
2022-12-16 14:13:53.855 +01:00 [WRN]  not supported for menu now. Ask developers to add this type.
2022-12-16 14:13:53.855 +01:00 [WRN]  not supported for menu now. Ask developers to add this type.
2022-12-16 14:13:53.855 +01:00 [WRN]  not supported for menu now. Ask developers to add this type.
2022-12-16 14:13:53.855 +01:00 [WRN]  not supported for menu now. Ask developers to add this type.
2022-12-16 14:13:53.855 +01:00 [WRN] <0  0> not supported for menu now. Ask developers to add this type.
2022-12-16 14:13:53.855 +01:00 [WRN] PickIt.PickItSettings+FRSMOverrides not supported for menu now. Ask developers to add this type.
2022-12-16 14:13:54.279 +01:00 [INF] PerfTimer =-> Preload stats and mods (1983,091 ms) Thread #[24]
2022-12-16 14:13:54.287 +01:00 [WRN] System.Int32[,] not supported for menu now. Ask developers to add this type.
2022-12-16 14:13:54.991 +01:00 [INF] PerfTimer =-> Plugin loader (2659,2816 ms) Thread #[1]
2022-12-16 14:13:55.151 +01:00 [INF] Pattern: Game State -> : Time: 10,2947 ms. Offset:[1164963] Started searching offset with:0
2022-12-16 14:13:55.151 +01:00 [INF] Pattern: Area change -> : Time: 18,1353 ms. Offset:[9276779] Started searching offset with:6881280
2022-12-16 14:13:55.151 +01:00 [INF] Pattern: BlackBarSize -> : Time: 27,1631 ms. Offset:[3058741] Started searching offset with:0
2022-12-16 14:13:55.151 +01:00 [INF] Pattern: File Root -> : Time: 28,7446 ms. Offset:[23210249] Started searching offset with:19726336
2022-12-16 14:13:55.151 +01:00 [INF] Pattern: DiagnosticInfoType -> : Time: 89,7825 ms. Offset:[13203055] Started searching offset with:600000
2022-12-16 14:13:55.151 +01:00 [INF] AdvancedTooltip loaded in 85,255 ms.
2022-12-16 14:13:55.151 +01:00 [INF] AdvancedUberLabLayout loaded in 50,5066 ms.
2022-12-16 14:13:55.151 +01:00 [INF] AutoOpen loaded in 43,1446 ms.
2022-12-16 14:13:55.151 +01:00 [INF] AutoQuit loaded in 39,664 ms.
2022-12-16 14:13:55.151 +01:00 [INF] TreeRoutine.Routine.BuildYourOwnRoutine loaded in 75,0459 ms.
2022-12-16 14:13:55.151 +01:00 [INF] TreeRoutine.Routine.BasicFlaskRoutine loaded in 75,0459 ms.
2022-12-16 14:13:55.151 +01:00 [INF] BuffUtil loaded in 74,0135 ms.
2022-12-16 14:13:55.151 +01:00 [INF] DelveWalls loaded in 37,507 ms.
2022-12-16 14:13:55.151 +01:00 [INF] DevTree loaded in 88,0032 ms.
2022-12-16 14:13:55.151 +01:00 [INF] DPSMeter loaded in 40,2797 ms.
2022-12-16 14:13:55.151 +01:00 [INF] EliteBar loaded in 50,5483 ms.
2022-12-16 14:13:55.151 +01:00 [INF] FullRareSetManager loaded in 85,6656 ms.
2022-12-16 14:13:55.151 +01:00 [INF] HealthBars loaded in 78,8607 ms.
2022-12-16 14:13:55.151 +01:00 [INF] HeistIcons.Main loaded in 50,6461 ms.
2022-12-16 14:13:55.151 +01:00 [INF] HighlightedItems loaded in 59,0384 ms.
2022-12-16 14:13:55.151 +01:00 [INF] IconsBuilder loaded in 95,7403 ms.
2022-12-16 14:13:55.151 +01:00 [INF] KillCounter loaded in 42,1266 ms.
2022-12-16 14:13:55.151 +01:00 [INF] MapsExchange loaded in 70,069 ms.
2022-12-16 14:13:55.151 +01:00 [INF] MineDetonator loaded in 34,888 ms.
2022-12-16 14:13:55.151 +01:00 [INF] MinimapIcons loaded in 128,5612 ms.
2022-12-16 14:13:55.151 +01:00 [INF] MiscInformation loaded in 47,2171 ms.
2022-12-16 14:13:55.151 +01:00 [INF] PassiveSkillTreePlanter loaded in 61,9418 ms.
2022-12-16 14:13:55.151 +01:00 [INF] Pickit loaded in 146,6554 ms.
2022-12-16 14:13:55.151 +01:00 [INF] Willplug loaded in 65,3089 ms.
2022-12-16 14:13:55.151 +01:00 [INF] PreloadAlert loaded in 141,9846 ms.
2022-12-16 14:13:55.151 +01:00 [INF] Radar loaded in 81,3996 ms.
2022-12-16 14:13:55.229 +01:00 [INF] Skill_DPS.Core loaded in 41,2479 ms.
2022-12-16 14:13:55.295 +01:00 [INF] Stashie loaded in 101,9955 ms.
2022-12-16 14:13:55.326 +01:00 [INF] XPBar loaded in 29,9817 ms.
2022-12-16 14:13:55.326 +01:00 [INF] MiscInformation -> Initialise time: 1,8839 ms.
2022-12-16 14:13:55.326 +01:00 [INF] PreloadAlert -> Initialise time: 0,7578 ms.
2022-12-16 14:13:55.335 +01:00 [INF] HealthBars -> Initialise time: 5,4663 ms.
2022-12-16 14:13:55.335 +01:00 [INF] MinimapIcons -> Initialise time: 0,0105 ms.
2022-12-16 14:13:55.335 +01:00 [INF] HighlightedItems -> Initialise time: 3,7201 ms.
2022-12-16 14:13:55.354 +01:00 [INF] IconsBuilder -> Initialise time: 15,3877 ms.
2022-12-16 14:13:55.354 +01:00 [INF] Radar -> Initialise time: 0,003 ms.
2022-12-16 14:13:55.400 +01:00 [INF] BasicFlaskRoutine -> Initialise time: 49,2067 ms.
2022-12-16 14:13:55.409 +01:00 [INF] Willplug -> Initialise time: 7,8074 ms.
2022-12-16 14:13:55.696 +01:00 [INF] Pattern: Terrain Rotation Selector -> : Time: 223,2287 ms. Offset:[19835677] Started searching offset with:0
2022-12-16 14:13:55.853 +01:00 [INF] Pattern: Terrain Rotator Helper -> : Time: 114,6093 ms. Offset:[9767686] Started searching offset with:0
2022-12-16 14:13:57.296 +01:00 [INF] GetAllFiles loaded in 65ms
2022-12-16 14:14:00.004 +01:00 [INF] Resize from: {X=0,Y=0,Width=1920,Height=1032} to {X=0,Y=0,Width=1920,Height=1080}
2022-12-16 14:14:01.999 +01:00 [INF] HUD loaded in 4983,6349 ms.
2022-12-16 14:14:03.710 +01:00 [INF] PassiveSkillTree: Can't decode url from file: <TEST>
2022-12-16 14:14:04.404 +01:00 [ERR] BaseTreeRoutinePlugin: Cannot find C:\William\GIT\poe_api_tehcheat\PoEHelper\Plugins\Compiled\poe-plugin-willplug/config/flaskinfo.json file. This plugin will exit.
2022-12-16 14:14:04.409 +01:00 [ERR] BaseTreeRoutinePlugin: Cannot find C:\William\GIT\poe_api_tehcheat\PoEHelper\Plugins\Compiled\poe-plugin-willplug/config/debuffPanel.json file. This plugin will exit.
2022-12-16 14:14:04.409 +01:00 [ERR] BaseTreeRoutinePlugin: Cannot find C:\William\GIT\poe_api_tehcheat\PoEHelper\Plugins\Compiled\poe-plugin-willplug/config/FlaskBuffDetails.json file. This plugin will exit.
2022-12-16 14:17:41.985 +01:00 [INF] =============== Close hud at 16.12.2022 14:17:41 ===============
2022-12-16 14:17:46.058 +01:00 [INF] =============== Start hud at 16.12.2022 14:17:46 ===============
2022-12-16 14:17:46.092 +01:00 [INF] PerfTimer =-> Create new offsets (3,1982 ms) Thread #[1]
2022-12-16 14:17:46.405 +01:00 [INF] PerfTimer =-> Load manual fonts (0,0754 ms) Thread #[1]
2022-12-16 14:17:46.405 +01:00 [INF] PerfTimer =-> DX11 Load (0,8397 ms) Thread #[1]
2022-12-16 14:17:46.946 +01:00 [INF] PerfTimer =-> Load files from memory (52,3562 ms) Thread #[1]
2022-12-16 14:17:47.050 +01:00 [WRN] TreeRoutine.Routine.BuildYourOwnRoutine.Flask.FlaskSetting[] not supported for menu now. Ask developers to add this type.
2022-12-16 14:17:47.053 +01:00 [WRN] <0  0> not supported for menu now. Ask developers to add this type.
2022-12-16 14:17:47.053 +01:00 [WRN] <0  0> not supported for menu now. Ask developers to add this type.
2022-12-16 14:17:47.073 +01:00 [WRN] TreeRoutine.Routine.BasicFlaskRoutine.Flask.FlaskSetting[] not supported for menu now. Ask developers to add this type.
2022-12-16 14:17:47.151 +01:00 [WRN] 0 not supported for menu now. Ask developers to add this type.
2022-12-16 14:17:47.204 +01:00 [WRN] System.Int32[,] not supported for menu now. Ask developers to add this type.
2022-12-16 14:17:47.214 +01:00 [WRN] 16 not supported for menu now. Ask developers to add this type.
2022-12-16 14:17:47.240 +01:00 [WRN] ExileCore.Shared.Nodes.RangeNode`1[System.Byte] not supported for menu now. Ask developers to add this type.
2022-12-16 14:17:47.241 +01:00 [WRN] ExileCore.Shared.Nodes.RangeNode`1[System.Byte] not supported for menu now. Ask developers to add this type.
2022-12-16 14:17:47.241 +01:00 [WRN] ExileCore.Shared.Nodes.RangeNode`1[System.Byte] not supported for menu now. Ask developers to add this type.
2022-12-16 14:17:47.333 +01:00 [WRN]  not supported for menu now. Ask developers to add this type.
2022-12-16 14:17:47.333 +01:00 [WRN]  not supported for menu now. Ask developers to add this type.
2022-12-16 14:17:47.333 +01:00 [WRN]  not supported for menu now. Ask developers to add this type.
2022-12-16 14:17:47.333 +01:00 [WRN] PassiveSkillTreePlanter.TreeConfig+SkillTreeData not supported for menu now. Ask developers to add this type.
2022-12-16 14:17:47.333 +01:00 [WRN] PassiveSkillTreePlanter.TreeConfig+SkillTreeData not supported for menu now. Ask developers to add this type.
2022-12-16 14:17:47.375 +01:00 [WRN]  not supported for menu now. Ask developers to add this type.
2022-12-16 14:17:47.375 +01:00 [WRN]  not supported for menu now. Ask developers to add this type.
2022-12-16 14:17:47.375 +01:00 [WRN]  not supported for menu now. Ask developers to add this type.
2022-12-16 14:17:47.375 +01:00 [WRN]  not supported for menu now. Ask developers to add this type.
2022-12-16 14:17:47.375 +01:00 [WRN]  not supported for menu now. Ask developers to add this type.
2022-12-16 14:17:47.375 +01:00 [WRN]  not supported for menu now. Ask developers to add this type.
2022-12-16 14:17:47.376 +01:00 [WRN] <0  0> not supported for menu now. Ask developers to add this type.
2022-12-16 14:17:47.376 +01:00 [WRN] PickIt.PickItSettings+FRSMOverrides not supported for menu now. Ask developers to add this type.
2022-12-16 14:17:47.496 +01:00 [WRN] System.Int32[,] not supported for menu now. Ask developers to add this type.
2022-12-16 14:17:48.555 +01:00 [INF] PerfTimer =-> Plugin loader (1573,3458 ms) Thread #[1]
2022-12-16 14:17:48.672 +01:00 [INF] Pattern: Game State -> : Time: 9,7436 ms. Offset:[1164963] Started searching offset with:0
2022-12-16 14:17:48.673 +01:00 [INF] Pattern: Area change -> : Time: 17,4439 ms. Offset:[9276779] Started searching offset with:6881280
2022-12-16 14:17:48.673 +01:00 [INF] Pattern: BlackBarSize -> : Time: 28,4851 ms. Offset:[3058741] Started searching offset with:0
2022-12-16 14:17:48.673 +01:00 [INF] Pattern: File Root -> : Time: 28,8209 ms. Offset:[23210249] Started searching offset with:19726336
2022-12-16 14:17:48.673 +01:00 [INF] Pattern: DiagnosticInfoType -> : Time: 90,2798 ms. Offset:[13203055] Started searching offset with:600000
2022-12-16 14:17:48.673 +01:00 [INF] AdvancedTooltip loaded in 21,858 ms.
2022-12-16 14:17:48.673 +01:00 [INF] AdvancedUberLabLayout loaded in 8,204 ms.
2022-12-16 14:17:48.673 +01:00 [INF] AutoOpen loaded in 12,3821 ms.
2022-12-16 14:17:48.673 +01:00 [INF] AutoQuit loaded in 4,3735 ms.
2022-12-16 14:17:48.673 +01:00 [INF] TreeRoutine.Routine.BuildYourOwnRoutine loaded in 15,0726 ms.
2022-12-16 14:17:48.673 +01:00 [INF] TreeRoutine.Routine.BasicFlaskRoutine loaded in 15,0726 ms.
2022-12-16 14:17:48.673 +01:00 [INF] BuffUtil loaded in 25,1891 ms.
2022-12-16 14:17:48.673 +01:00 [INF] DelveWalls loaded in 4,9832 ms.
2022-12-16 14:17:48.673 +01:00 [INF] DevTree loaded in 5,3971 ms.
2022-12-16 14:17:48.673 +01:00 [INF] DPSMeter loaded in 5,2709 ms.
2022-12-16 14:17:48.673 +01:00 [INF] EliteBar loaded in 14,2661 ms.
2022-12-16 14:17:48.673 +01:00 [INF] FullRareSetManager loaded in 23,9239 ms.
2022-12-16 14:17:48.673 +01:00 [INF] HealthBars loaded in 30,706 ms.
2022-12-16 14:17:48.673 +01:00 [INF] HeistIcons.Main loaded in 6,6572 ms.
2022-12-16 14:17:48.673 +01:00 [INF] HighlightedItems loaded in 14,6911 ms.
2022-12-16 14:17:48.673 +01:00 [INF] IconsBuilder loaded in 15,8674 ms.
2022-12-16 14:17:48.673 +01:00 [INF] KillCounter loaded in 6,1495 ms.
2022-12-16 14:17:48.673 +01:00 [INF] MapsExchange loaded in 14,9282 ms.
2022-12-16 14:17:48.673 +01:00 [INF] MineDetonator loaded in 4,877 ms.
2022-12-16 14:17:48.673 +01:00 [INF] MinimapIcons loaded in 59,4776 ms.
2022-12-16 14:17:48.673 +01:00 [INF] MiscInformation loaded in 10,9038 ms.
2022-12-16 14:17:48.673 +01:00 [INF] PassiveSkillTreePlanter loaded in 18,3874 ms.
2022-12-16 14:17:48.673 +01:00 [INF] Pickit loaded in 41,2587 ms.
2022-12-16 14:17:48.673 +01:00 [INF] Willplug loaded in 6,473 ms.
2022-12-16 14:17:48.673 +01:00 [INF] PreloadAlert loaded in 71,0368 ms.
2022-12-16 14:17:48.673 +01:00 [INF] Radar loaded in 28,2844 ms.
2022-12-16 14:17:48.673 +01:00 [INF] Skill_DPS.Core loaded in 5,0635 ms.
2022-12-16 14:17:48.673 +01:00 [INF] Stashie loaded in 9,2675 ms.
2022-12-16 14:17:48.673 +01:00 [INF] XPBar loaded in 3,3656 ms.
2022-12-16 14:17:48.673 +01:00 [INF] MiscInformation -> Initialise time: 1,0194 ms.
2022-12-16 14:17:48.673 +01:00 [INF] PreloadAlert -> Initialise time: 0,521 ms.
2022-12-16 14:17:48.673 +01:00 [INF] HealthBars -> Initialise time: 0,9672 ms.
2022-12-16 14:17:48.673 +01:00 [INF] MinimapIcons -> Initialise time: 0,0082 ms.
2022-12-16 14:17:48.673 +01:00 [INF] HighlightedItems -> Initialise time: 3,0595 ms.
2022-12-16 14:17:48.673 +01:00 [INF] IconsBuilder -> Initialise time: 1,4637 ms.
2022-12-16 14:17:48.673 +01:00 [INF] Radar -> Initialise time: 0,0015 ms.
2022-12-16 14:17:48.673 +01:00 [INF] BasicFlaskRoutine -> Initialise time: 28,1653 ms.
2022-12-16 14:17:48.847 +01:00 [INF] PerfTimer =-> Preload stats and mods (1899,6958 ms) Thread #[25]
2022-12-16 14:17:48.915 +01:00 [INF] Pattern: Terrain Rotation Selector -> : Time: 207,726 ms. Offset:[19835677] Started searching offset with:0
2022-12-16 14:17:49.143 +01:00 [INF] Pattern: Terrain Rotator Helper -> : Time: 107,8682 ms. Offset:[9767686] Started searching offset with:0
2022-12-16 14:17:51.954 +01:00 [INF] GetAllFiles loaded in 50ms
2022-12-16 14:17:53.908 +01:00 [INF] Resize from: {X=0,Y=0,Width=1920,Height=1032} to {X=0,Y=0,Width=1920,Height=1080}
2022-12-16 14:17:55.567 +01:00 [INF] HUD loaded in 2564,1055 ms.
2022-12-16 14:17:57.337 +01:00 [INF] PassiveSkillTree: Can't decode url from file: <TEST>
2022-12-16 14:22:59.651 +01:00 [INF] Chest debug -> CType:Strongbox Path: Metadata/Chests/StrongBoxes/Strongbox #		Text: Strongbox #		Render Name: Strongbox
2022-12-16 14:22:59.662 +01:00 [INF] Stat: ChestDelayDropsUntilDaemonsFinish = 1
2022-12-16 14:24:09.943 +01:00 [ERR] Something wrong we parse 96 when expect 37
2022-12-16 14:25:08.916 +01:00 [INF] Chest debug -> CType:Strongbox Path: Metadata/Chests/StrongBoxes/Strongbox #		Text: Strongbox #		Render Name: Strongbox
2022-12-16 14:25:08.920 +01:00 [INF] Stat: ChestDelayDropsUntilDaemonsFinish = 1
2022-12-16 14:25:08.920 +01:00 [INF] Stat: ChestPlayWarningSound = 1
2022-12-16 14:26:08.257 +01:00 [INF] Chest debug -> CType:Strongbox Path: Metadata/Chests/StrongBoxes/Strongbox #		Text: Strongbox #		Render Name: Strongbox
2022-12-16 14:26:08.262 +01:00 [INF] Stat: ChestDelayDropsUntilDaemonsFinish = 1
2022-12-16 14:26:08.262 +01:00 [INF] Stat: ChestPlayWarningSound = 1
2022-12-16 14:26:08.262 +01:00 [INF] Mods: ChestExplodeCorpses
2022-12-16 14:28:02.754 +01:00 [INF] Chest debug -> CType:Strongbox Path: Metadata/Chests/StrongBoxes/Strongbox #		Text: Strongbox #		Render Name: Strongbox
2022-12-16 14:28:02.762 +01:00 [INF] Stat: ChestDelayDropsUntilDaemonsFinish = 1
2022-12-16 14:28:18.399 +01:00 [INF] Chest debug -> CType:Strongbox Path: Metadata/Chests/StrongBoxes/Strongbox #		Text: Strongbox #		Render Name: Strongbox
2022-12-16 14:28:18.403 +01:00 [INF] Stat: ChestDelayDropsUntilDaemonsFinish = 1
2022-12-16 14:28:18.403 +01:00 [INF] Stat: ChestPlayWarningSound = 1
2022-12-16 14:31:59.716 +01:00 [ERR] MinimapIcons, PerfomanceRender -> System.NullReferenceException: Object reference not set to an instance of an object.
   at MinimapIcons.MinimapIcons.Render()
   at ExileCore.Shared.PluginWrapper.PerfomanceRender()
2022-12-16 14:32:03.240 +01:00 [ERR] EntityList -> Address is 0;
2022-12-16 14:33:15.360 +01:00 [INF] Chest debug -> CType:Strongbox Path: Metadata/Chests/StrongBoxes/Strongbox #		Text: Strongbox #		Render Name: Strongbox
2022-12-16 14:33:15.369 +01:00 [INF] Stat: ChestDelayDropsUntilDaemonsFinish = 1
2022-12-16 14:33:15.687 +01:00 [INF] Chest debug -> CType:Strongbox Path: Metadata/Chests/StrongBoxes/Strongbox #		Text: Strongbox #		Render Name: Strongbox
2022-12-16 14:33:15.693 +01:00 [INF] Stat: ChestDelayDropsUntilDaemonsFinish = 1
2022-12-16 14:33:23.769 +01:00 [INF] Chest debug -> CType:Strongbox Path: Metadata/Chests/StrongBoxes/Strongbox #		Text: Strongbox #		Render Name: Strongbox
2022-12-16 14:33:23.775 +01:00 [INF] Stat: ChestDelayDropsUntilDaemonsFinish = 1
2022-12-16 14:33:23.775 +01:00 [INF] Stat: ChestPlayWarningSound = 1
2022-12-16 14:33:23.775 +01:00 [INF] Stat: ChestDisplayIceNova = 1
2022-12-16 14:35:52.507 +01:00 [ERR] MinimapIcons, PerfomanceRender -> System.NullReferenceException: Object reference not set to an instance of an object.
   at MinimapIcons.MinimapIcons.Render()
   at ExileCore.Shared.PluginWrapper.PerfomanceRender()
2022-12-16 14:35:56.518 +01:00 [ERR] EntityList -> Address is 0;
2022-12-16 14:40:35.873 +01:00 [INF] Chest debug -> CType:Strongbox Path: Metadata/Chests/StrongBoxes/Armory #		Text: Armourer's Strongbox #		Render Name: Armourer's Strongbox
2022-12-16 14:40:35.880 +01:00 [INF] Stat: ChestDelayDropsUntilDaemonsFinish = 1
2022-12-16 14:41:05.239 +01:00 [INF] Chest debug -> CType:Strongbox Path: Metadata/Chests/StrongBoxes/Ornate #		Text: Ornate Strongbox #		Render Name: Ornate Strongbox
2022-12-16 14:41:05.245 +01:00 [INF] Stat: ChestDelayDropsUntilDaemonsFinish = 1
2022-12-16 14:41:30.336 +01:00 [ERR] Something wrong we parse 206 when expect 101
2022-12-16 14:43:45.987 +01:00 [INF] Chest debug -> CType:Strongbox Path: Metadata/Chests/StrongBoxes/Strongbox #		Text: Strongbox #		Render Name: Strongbox
2022-12-16 14:43:45.994 +01:00 [INF] Stat: ChestDelayDropsUntilDaemonsFinish = 1
2022-12-16 14:43:46.575 +01:00 [INF] Chest debug -> CType:Strongbox Path: Metadata/Chests/StrongBoxes/Strongbox #		Text: Strongbox #		Render Name: Strongbox
2022-12-16 14:43:46.581 +01:00 [INF] Stat: ChestDelayDropsUntilDaemonsFinish = 1
2022-12-16 14:47:16.712 +01:00 [INF] Chest debug -> CType:Strongbox Path: Metadata/Chests/StrongBoxes/Gemcutter #		Text: Gemcutter's Strongbox #		Render Name: Gemcutter's Strongbox
2022-12-16 14:47:16.720 +01:00 [INF] Stat: ChestDelayDropsUntilDaemonsFinish = 1
2022-12-16 14:47:16.720 +01:00 [INF] Stat: ChestPlayWarningSound = 1
2022-12-16 14:48:34.153 +01:00 [INF] Chest debug -> CType:Strongbox Path: Metadata/Chests/StrongBoxes/Strongbox #		Text: Strongbox #		Render Name: Strongbox
2022-12-16 14:48:34.162 +01:00 [INF] Stat: ChestDelayDropsUntilDaemonsFinish = 1
2022-12-16 14:48:34.162 +01:00 [INF] Stat: ChestPlayWarningSound = 1
2022-12-16 14:48:48.338 +01:00 [INF] Chest debug -> CType:Strongbox Path: Metadata/Chests/StrongBoxes/Arsenal #		Text: Blacksmith's Strongbox #		Render Name: Blacksmith's Strongbox
2022-12-16 14:48:48.344 +01:00 [INF] Stat: ChestDelayDropsUntilDaemonsFinish = 1
2022-12-16 14:51:33.050 +01:00 [INF] Chest debug -> CType:Strongbox Path: Metadata/Chests/StrongBoxes/Gemcutter #		Text: Gemcutter's Strongbox #		Render Name: Gemcutter's Strongbox
2022-12-16 14:51:33.056 +01:00 [INF] Stat: ChestDelayDropsUntilDaemonsFinish = 1
2022-12-16 14:52:36.499 +01:00 [INF] Chest debug -> CType:Strongbox Path: Metadata/Chests/StrongBoxes/Ornate #		Text: Ornate Strongbox #		Render Name: Ornate Strongbox
2022-12-16 14:52:36.506 +01:00 [INF] Stat: ChestDelayDropsUntilDaemonsFinish = 2
2022-12-16 14:52:36.506 +01:00 [INF] Stat: ChestDisplaySummonsSkeletons = 1
2022-12-16 14:52:46.721 +01:00 [INF] Chest debug -> CType:Strongbox Path: Metadata/Chests/StrongBoxes/Strongbox #		Text: Strongbox #		Render Name: Strongbox
2022-12-16 14:52:46.727 +01:00 [INF] Stat: ChestDelayDropsUntilDaemonsFinish = 1
2022-12-16 14:58:19.726 +01:00 [INF] Chest debug -> CType:Strongbox Path: Metadata/Chests/StrongBoxes/Large #		Text: Large Strongbox #		Render Name: Large Strongbox
2022-12-16 14:58:19.732 +01:00 [INF] Stat: ChestDelayDropsUntilDaemonsFinish = 1
2022-12-16 14:58:19.732 +01:00 [INF] Stat: ChestPlayWarningSound = 1
2022-12-16 14:58:24.717 +01:00 [INF] Chest debug -> CType:Strongbox Path: Metadata/Chests/StrongBoxes/Large #		Text: Large Strongbox #		Render Name: Large Strongbox
2022-12-16 14:58:24.725 +01:00 [INF] Stat: ChestDelayDropsUntilDaemonsFinish = 1
2022-12-16 14:58:24.726 +01:00 [INF] Stat: ChestPlayWarningSound = 1
2022-12-16 15:03:37.820 +01:00 [INF] Chest debug -> CType:Strongbox Path: Metadata/Chests/StrongBoxes/Strongbox #		Text: Strongbox #		Render Name: Strongbox
2022-12-16 15:03:37.826 +01:00 [INF] Stat: ChestDelayDropsUntilDaemonsFinish = 2
2022-12-16 15:03:37.826 +01:00 [INF] Stat: ChestPlayWarningSound = 1
2022-12-16 15:03:37.826 +01:00 [INF] Stat: ChestDisplaySummonsSkeletons = 1
2022-12-16 15:04:03.502 +01:00 [INF] Chest debug -> CType:Strongbox Path: Metadata/Chests/StrongBoxes/Gemcutter #		Text: Gemcutter's Strongbox #		Render Name: Gemcutter's Strongbox
2022-12-16 15:04:03.510 +01:00 [INF] Stat: ChestDelayDropsUntilDaemonsFinish = 1
2022-12-16 15:04:03.510 +01:00 [INF] Stat: ChestPlayWarningSound = 1
2022-12-16 15:09:29.011 +01:00 [INF] Chest debug -> CType:Strongbox Path: Metadata/Chests/StrongBoxes/Strongbox #		Text: Strongbox #		Render Name: Strongbox
2022-12-16 15:09:29.017 +01:00 [INF] Stat: ChestDelayDropsUntilDaemonsFinish = 1
2022-12-16 15:09:29.017 +01:00 [INF] Stat: ChestDisplayFreeze = 1
2022-12-16 15:14:25.714 +01:00 [INF] Chest debug -> CType:Strongbox Path: Metadata/Chests/StrongBoxes/Strongbox #		Text: Strongbox #		Render Name: Strongbox
2022-12-16 15:14:25.722 +01:00 [INF] Stat: ChestDelayDropsUntilDaemonsFinish = 1
2022-12-16 15:17:07.098 +01:00 [INF] Chest debug -> CType:Strongbox Path: Metadata/Chests/StrongBoxes/Large #		Text: Large Strongbox #		Render Name: Large Strongbox
2022-12-16 15:17:07.105 +01:00 [INF] Stat: ChestDelayDropsUntilDaemonsFinish = 1
2022-12-16 15:17:43.441 +01:00 [ERR] Something wrong we parse 83 when expect 34
2022-12-16 15:21:31.335 +01:00 [INF] Chest debug -> CType:Strongbox Path: Metadata/Chests/StrongBoxes/Armory #		Text: Armourer's Strongbox #		Render Name: Armourer's Strongbox
2022-12-16 15:21:31.342 +01:00 [INF] Stat: ChestDelayDropsUntilDaemonsFinish = 1
2022-12-16 15:22:53.509 +01:00 [INF] Game not found
2022-12-16 15:22:55.361 +01:00 [INF] =============== Close hud at 16.12.2022 15:22:55 ===============
2022-12-16 23:46:57.007 +01:00 [INF] =============== Start hud at 16.12.2022 23:46:56 ===============
2022-12-16 23:46:57.121 +01:00 [INF] PerfTimer =-> Create new offsets (85,0313 ms) Thread #[1]
2022-12-16 23:46:58.112 +01:00 [INF] PerfTimer =-> Load manual fonts (0,0643 ms) Thread #[1]
2022-12-16 23:46:58.112 +01:00 [INF] PerfTimer =-> DX11 Load (0,7953 ms) Thread #[1]
2022-12-16 23:46:58.906 +01:00 [INF] PerfTimer =-> Load files from memory (43,6514 ms) Thread #[1]
2022-12-16 23:46:59.242 +01:00 [WRN] TreeRoutine.Routine.BuildYourOwnRoutine.Flask.FlaskSetting[] not supported for menu now. Ask developers to add this type.
2022-12-16 23:46:59.245 +01:00 [WRN] <0  0> not supported for menu now. Ask developers to add this type.
2022-12-16 23:46:59.245 +01:00 [WRN] <0  0> not supported for menu now. Ask developers to add this type.
2022-12-16 23:46:59.272 +01:00 [WRN] TreeRoutine.Routine.BasicFlaskRoutine.Flask.FlaskSetting[] not supported for menu now. Ask developers to add this type.
2022-12-16 23:46:59.697 +01:00 [WRN] 0 not supported for menu now. Ask developers to add this type.
2022-12-16 23:46:59.882 +01:00 [WRN] System.Int32[,] not supported for menu now. Ask developers to add this type.
2022-12-16 23:46:59.962 +01:00 [WRN] 16 not supported for menu now. Ask developers to add this type.
2022-12-16 23:47:00.089 +01:00 [WRN] ExileCore.Shared.Nodes.RangeNode`1[System.Byte] not supported for menu now. Ask developers to add this type.
2022-12-16 23:47:00.089 +01:00 [WRN] ExileCore.Shared.Nodes.RangeNode`1[System.Byte] not supported for menu now. Ask developers to add this type.
2022-12-16 23:47:00.090 +01:00 [WRN] ExileCore.Shared.Nodes.RangeNode`1[System.Byte] not supported for menu now. Ask developers to add this type.
2022-12-16 23:47:00.321 +01:00 [WRN]  not supported for menu now. Ask developers to add this type.
2022-12-16 23:47:00.321 +01:00 [WRN]  not supported for menu now. Ask developers to add this type.
2022-12-16 23:47:00.321 +01:00 [WRN]  not supported for menu now. Ask developers to add this type.
2022-12-16 23:47:00.321 +01:00 [WRN] PassiveSkillTreePlanter.TreeConfig+SkillTreeData not supported for menu now. Ask developers to add this type.
2022-12-16 23:47:00.321 +01:00 [WRN] PassiveSkillTreePlanter.TreeConfig+SkillTreeData not supported for menu now. Ask developers to add this type.
2022-12-16 23:47:00.459 +01:00 [WRN]  not supported for menu now. Ask developers to add this type.
2022-12-16 23:47:00.460 +01:00 [WRN]  not supported for menu now. Ask developers to add this type.
2022-12-16 23:47:00.460 +01:00 [WRN]  not supported for menu now. Ask developers to add this type.
2022-12-16 23:47:00.460 +01:00 [WRN]  not supported for menu now. Ask developers to add this type.
2022-12-16 23:47:00.460 +01:00 [WRN]  not supported for menu now. Ask developers to add this type.
2022-12-16 23:47:00.460 +01:00 [WRN]  not supported for menu now. Ask developers to add this type.
2022-12-16 23:47:00.460 +01:00 [WRN] <0  0> not supported for menu now. Ask developers to add this type.
2022-12-16 23:47:00.460 +01:00 [WRN] PickIt.PickItSettings+FRSMOverrides not supported for menu now. Ask developers to add this type.
2022-12-16 23:47:00.670 +01:00 [INF] PerfTimer =-> Preload stats and mods (1764,2617 ms) Thread #[18]
2022-12-16 23:47:00.901 +01:00 [WRN] System.Int32[,] not supported for menu now. Ask developers to add this type.
2022-12-16 23:47:01.021 +01:00 [INF] PerfTimer =-> Plugin loader (2102,5344 ms) Thread #[1]
2022-12-16 23:47:01.216 +01:00 [INF] Pattern: Game State -> : Time: 11,6441 ms. Offset:[1164963] Started searching offset with:0
2022-12-16 23:47:01.216 +01:00 [INF] Pattern: Area change -> : Time: 18,494 ms. Offset:[9276779] Started searching offset with:6881280
2022-12-16 23:47:01.216 +01:00 [INF] Pattern: BlackBarSize -> : Time: 27,3778 ms. Offset:[3058741] Started searching offset with:0
2022-12-16 23:47:01.216 +01:00 [INF] Pattern: File Root -> : Time: 30,2104 ms. Offset:[23210249] Started searching offset with:19726336
2022-12-16 23:47:01.216 +01:00 [INF] Pattern: DiagnosticInfoType -> : Time: 92,7696 ms. Offset:[13203055] Started searching offset with:600000
2022-12-16 23:47:01.216 +01:00 [ERR] EntityList -> Address is 0;
2022-12-16 23:47:01.221 +01:00 [INF] AdvancedTooltip loaded in 81,0404 ms.
2022-12-16 23:47:01.221 +01:00 [INF] AdvancedUberLabLayout loaded in 62,8565 ms.
2022-12-16 23:47:01.221 +01:00 [INF] AutoOpen loaded in 52,878 ms.
2022-12-16 23:47:01.221 +01:00 [INF] AutoQuit loaded in 43,4991 ms.
2022-12-16 23:47:01.221 +01:00 [INF] TreeRoutine.Routine.BuildYourOwnRoutine loaded in 75,8229 ms.
2022-12-16 23:47:01.221 +01:00 [INF] TreeRoutine.Routine.BasicFlaskRoutine loaded in 75,8229 ms.
2022-12-16 23:47:01.221 +01:00 [INF] BuffUtil loaded in 74,4228 ms.
2022-12-16 23:47:01.221 +01:00 [INF] DelveWalls loaded in 48,5637 ms.
2022-12-16 23:47:01.221 +01:00 [INF] DevTree loaded in 93,9642 ms.
2022-12-16 23:47:01.221 +01:00 [INF] DPSMeter loaded in 43,3444 ms.
2022-12-16 23:47:01.221 +01:00 [INF] EliteBar loaded in 71,6504 ms.
2022-12-16 23:47:01.221 +01:00 [INF] FullRareSetManager loaded in 94,1712 ms.
2022-12-16 23:47:01.221 +01:00 [INF] HealthBars loaded in 80,9695 ms.
2022-12-16 23:47:01.221 +01:00 [INF] HeistIcons.Main loaded in 57,3936 ms.
2022-12-16 23:47:01.221 +01:00 [INF] HighlightedItems loaded in 45,7631 ms.
2022-12-16 23:47:01.221 +01:00 [INF] IconsBuilder loaded in 87,3024 ms.
2022-12-16 23:47:01.221 +01:00 [INF] KillCounter loaded in 41,4878 ms.
2022-12-16 23:47:01.221 +01:00 [INF] MapsExchange loaded in 78,5383 ms.
2022-12-16 23:47:01.221 +01:00 [INF] MineDetonator loaded in 39,7807 ms.
2022-12-16 23:47:01.276 +01:00 [INF] MinimapIcons loaded in 104,0395 ms.
2022-12-16 23:47:01.277 +01:00 [INF] MiscInformation loaded in 42,2057 ms.
2022-12-16 23:47:01.404 +01:00 [INF] =============== Close hud at 16.12.2022 23:47:01 ===============
2022-12-16 23:49:34.766 +01:00 [INF] =============== Start hud at 16.12.2022 23:49:34 ===============
2022-12-16 23:49:34.797 +01:00 [INF] PerfTimer =-> Create new offsets (3,705 ms) Thread #[1]
2022-12-16 23:49:35.099 +01:00 [INF] PerfTimer =-> Load manual fonts (0,0609 ms) Thread #[1]
2022-12-16 23:49:35.099 +01:00 [INF] PerfTimer =-> DX11 Load (0,9333 ms) Thread #[1]
2022-12-16 23:49:35.586 +01:00 [INF] PerfTimer =-> Load files from memory (59,3164 ms) Thread #[1]
2022-12-16 23:49:35.701 +01:00 [WRN] TreeRoutine.Routine.BuildYourOwnRoutine.Flask.FlaskSetting[] not supported for menu now. Ask developers to add this type.
2022-12-16 23:49:35.705 +01:00 [WRN] <0  0> not supported for menu now. Ask developers to add this type.
2022-12-16 23:49:35.705 +01:00 [WRN] <0  0> not supported for menu now. Ask developers to add this type.
2022-12-16 23:49:35.723 +01:00 [WRN] TreeRoutine.Routine.BasicFlaskRoutine.Flask.FlaskSetting[] not supported for menu now. Ask developers to add this type.
2022-12-16 23:49:35.822 +01:00 [WRN] 0 not supported for menu now. Ask developers to add this type.
2022-12-16 23:49:35.885 +01:00 [WRN] System.Int32[,] not supported for menu now. Ask developers to add this type.
2022-12-16 23:49:35.898 +01:00 [WRN] 16 not supported for menu now. Ask developers to add this type.
2022-12-16 23:49:35.932 +01:00 [WRN] ExileCore.Shared.Nodes.RangeNode`1[System.Byte] not supported for menu now. Ask developers to add this type.
2022-12-16 23:49:35.933 +01:00 [WRN] ExileCore.Shared.Nodes.RangeNode`1[System.Byte] not supported for menu now. Ask developers to add this type.
2022-12-16 23:49:35.933 +01:00 [WRN] ExileCore.Shared.Nodes.RangeNode`1[System.Byte] not supported for menu now. Ask developers to add this type.
2022-12-16 23:49:36.041 +01:00 [WRN]  not supported for menu now. Ask developers to add this type.
2022-12-16 23:49:36.041 +01:00 [WRN]  not supported for menu now. Ask developers to add this type.
2022-12-16 23:49:36.041 +01:00 [WRN]  not supported for menu now. Ask developers to add this type.
2022-12-16 23:49:36.041 +01:00 [WRN] PassiveSkillTreePlanter.TreeConfig+SkillTreeData not supported for menu now. Ask developers to add this type.
2022-12-16 23:49:36.041 +01:00 [WRN] PassiveSkillTreePlanter.TreeConfig+SkillTreeData not supported for menu now. Ask developers to add this type.
2022-12-16 23:49:36.077 +01:00 [WRN]  not supported for menu now. Ask developers to add this type.
2022-12-16 23:49:36.077 +01:00 [WRN]  not supported for menu now. Ask developers to add this type.
2022-12-16 23:49:36.078 +01:00 [WRN]  not supported for menu now. Ask developers to add this type.
2022-12-16 23:49:36.078 +01:00 [WRN]  not supported for menu now. Ask developers to add this type.
2022-12-16 23:49:36.078 +01:00 [WRN]  not supported for menu now. Ask developers to add this type.
2022-12-16 23:49:36.078 +01:00 [WRN]  not supported for menu now. Ask developers to add this type.
2022-12-16 23:49:36.078 +01:00 [WRN] <0  0> not supported for menu now. Ask developers to add this type.
2022-12-16 23:49:36.078 +01:00 [WRN] PickIt.PickItSettings+FRSMOverrides not supported for menu now. Ask developers to add this type.
2022-12-16 23:49:36.195 +01:00 [WRN] System.Int32[,] not supported for menu now. Ask developers to add this type.
2022-12-16 23:49:37.018 +01:00 [INF] PerfTimer =-> Plugin loader (1399,2938 ms) Thread #[1]
2022-12-16 23:49:37.100 +01:00 [INF] Pattern: Game State -> : Time: 9,9422 ms. Offset:[1164963] Started searching offset with:0
2022-12-16 23:49:37.100 +01:00 [INF] Pattern: Area change -> : Time: 17,8043 ms. Offset:[9276779] Started searching offset with:6881280
2022-12-16 23:49:37.100 +01:00 [INF] Pattern: BlackBarSize -> : Time: 28,5363 ms. Offset:[3058741] Started searching offset with:0
2022-12-16 23:49:37.100 +01:00 [INF] Pattern: File Root -> : Time: 29,153 ms. Offset:[23210249] Started searching offset with:19726336
2022-12-16 23:49:37.101 +01:00 [INF] Pattern: DiagnosticInfoType -> : Time: 98,4356 ms. Offset:[13203055] Started searching offset with:600000
2022-12-16 23:49:37.101 +01:00 [INF] AdvancedTooltip loaded in 23,2137 ms.
2022-12-16 23:49:37.101 +01:00 [INF] AdvancedUberLabLayout loaded in 7,175 ms.
2022-12-16 23:49:37.101 +01:00 [INF] AutoOpen loaded in 5,9039 ms.
2022-12-16 23:49:37.101 +01:00 [INF] AutoQuit loaded in 4,1696 ms.
2022-12-16 23:49:37.101 +01:00 [INF] TreeRoutine.Routine.BuildYourOwnRoutine loaded in 26,223 ms.
2022-12-16 23:49:37.101 +01:00 [INF] TreeRoutine.Routine.BasicFlaskRoutine loaded in 26,223 ms.
2022-12-16 23:49:37.101 +01:00 [INF] BuffUtil loaded in 16,0539 ms.
2022-12-16 23:49:37.101 +01:00 [INF] DelveWalls loaded in 29,522 ms.
2022-12-16 23:49:37.101 +01:00 [INF] DevTree loaded in 7,2136 ms.
2022-12-16 23:49:37.101 +01:00 [INF] DPSMeter loaded in 7,3186 ms.
2022-12-16 23:49:37.101 +01:00 [INF] EliteBar loaded in 23,7162 ms.
2022-12-16 23:49:37.101 +01:00 [INF] FullRareSetManager loaded in 15,8926 ms.
2022-12-16 23:49:37.101 +01:00 [INF] HealthBars loaded in 38,7879 ms.
2022-12-16 23:49:37.101 +01:00 [INF] HeistIcons.Main loaded in 7,4723 ms.
2022-12-16 23:49:37.101 +01:00 [INF] HighlightedItems loaded in 15,8767 ms.
2022-12-16 23:49:37.101 +01:00 [INF] IconsBuilder loaded in 21,1573 ms.
2022-12-16 23:49:37.101 +01:00 [INF] KillCounter loaded in 6,7286 ms.
2022-12-16 23:49:37.101 +01:00 [INF] MapsExchange loaded in 19,6134 ms.
2022-12-16 23:49:37.101 +01:00 [INF] MineDetonator loaded in 13,3963 ms.
2022-12-16 23:49:37.101 +01:00 [INF] MinimapIcons loaded in 64,7856 ms.
2022-12-16 23:49:37.101 +01:00 [INF] MiscInformation loaded in 9,3457 ms.
2022-12-16 23:49:37.101 +01:00 [INF] PassiveSkillTreePlanter loaded in 22,2736 ms.
2022-12-16 23:49:37.101 +01:00 [INF] Pickit loaded in 35,1844 ms.
2022-12-16 23:49:37.101 +01:00 [INF] Willplug loaded in 7,479 ms.
2022-12-16 23:49:37.188 +01:00 [INF] PreloadAlert loaded in 63,7291 ms.
2022-12-16 23:49:37.188 +01:00 [INF] Radar loaded in 31,4073 ms.
2022-12-16 23:49:37.189 +01:00 [INF] Skill_DPS.Core loaded in 4,6489 ms.
2022-12-16 23:49:37.206 +01:00 [INF] Stashie loaded in 9,6346 ms.
2022-12-16 23:49:37.206 +01:00 [INF] XPBar loaded in 3,6823 ms.
2022-12-16 23:49:37.206 +01:00 [INF] MiscInformation -> Initialise time: 1,2025 ms.
2022-12-16 23:49:37.206 +01:00 [INF] PreloadAlert -> Initialise time: 0,608 ms.
2022-12-16 23:49:37.206 +01:00 [INF] HealthBars -> Initialise time: 1,0721 ms.
2022-12-16 23:49:37.206 +01:00 [INF] MinimapIcons -> Initialise time: 0,0097 ms.
2022-12-16 23:49:37.240 +01:00 [INF] HighlightedItems -> Initialise time: 2,6133 ms.
2022-12-16 23:49:37.240 +01:00 [INF] IconsBuilder -> Initialise time: 1,4928 ms.
2022-12-16 23:49:37.240 +01:00 [INF] Radar -> Initialise time: 0,0017 ms.
2022-12-16 23:49:37.258 +01:00 [INF] PerfTimer =-> Preload stats and mods (1671,5624 ms) Thread #[17]
2022-12-16 23:49:37.259 +01:00 [INF] BasicFlaskRoutine -> Initialise time: 48,7249 ms.
2022-12-16 23:49:37.581 +01:00 [INF] Pattern: Terrain Rotation Selector -> : Time: 251,7868 ms. Offset:[19835677] Started searching offset with:0
2022-12-16 23:49:37.742 +01:00 [INF] Pattern: Terrain Rotator Helper -> : Time: 130,3471 ms. Offset:[9767686] Started searching offset with:0
2022-12-16 23:49:40.586 +01:00 [INF] GetAllFiles loaded in 57ms
2022-12-16 23:49:42.035 +01:00 [INF] Resize from: {X=0,Y=0,Width=1920,Height=1032} to {X=0,Y=0,Width=1920,Height=1080}
2022-12-16 23:49:44.027 +01:00 [INF] HUD loaded in 2320,4243 ms.
2022-12-16 23:49:46.047 +01:00 [INF] PassiveSkillTree: Can't decode url from file: <TEST>
2022-12-16 23:49:55.578 +01:00 [INF] Chest debug -> CType:Labyrinth Path: Metadata/Chests/Labyrinth/LabyrinthGenericChestNoFlag #		Text: GenericChestNoFlag #		Render Name: Hidden Coffer
2022-12-16 23:52:27.761 +01:00 [INF] Chest debug -> CType:Labyrinth Path: Metadata/Chests/Labyrinth/LabyrinthGenericChestNoFlag #		Text: GenericChestNoFlag #		Render Name: Hidden Coffer
2022-12-16 23:52:52.023 +01:00 [INF] Chest debug -> CType:Strongbox Path: Metadata/Chests/StrongBoxes/Strongbox #		Text: Strongbox #		Render Name: Strongbox
2022-12-16 23:52:52.028 +01:00 [INF] Stat: ChestDelayDropsUntilDaemonsFinish = 1
2022-12-16 23:52:52.028 +01:00 [INF] Stat: ChestPlayWarningSound = 1
2022-12-16 23:53:38.304 +01:00 [INF] Chest debug -> CType:Strongbox Path: Metadata/Chests/StrongBoxes/Strongbox #		Text: Strongbox #		Render Name: Strongbox
2022-12-16 23:53:38.308 +01:00 [INF] Stat: ChestDelayDropsUntilDaemonsFinish = 1
