2022-12-18 10:39:39.123 +01:00 [WRN] TreeRoutine.Routine.BuildYourOwnRoutine.Flask.FlaskSetting[] not supported for menu now. Ask developers to add this type.
2022-12-18 10:39:39.127 +01:00 [WRN] <0  0> not supported for menu now. Ask developers to add this type.
2022-12-18 10:39:39.127 +01:00 [WRN] <0  0> not supported for menu now. Ask developers to add this type.
2022-12-18 10:39:39.150 +01:00 [WRN] TreeRoutine.Routine.BasicFlaskRoutine.Flask.FlaskSetting[] not supported for menu now. Ask developers to add this type.
2022-12-18 10:39:39.511 +01:00 [WRN] 0 not supported for menu now. Ask developers to add this type.
2022-12-18 10:39:39.700 +01:00 [WRN] System.Int32[,] not supported for menu now. Ask developers to add this type.
2022-12-18 10:39:39.787 +01:00 [WRN] 16 not supported for menu now. Ask developers to add this type.
2022-12-18 10:39:39.912 +01:00 [WRN] ExileCore.Shared.Nodes.RangeNode`1[System.Byte] not supported for menu now. Ask developers to add this type.
2022-12-18 10:39:39.912 +01:00 [WRN] ExileCore.Shared.Nodes.RangeNode`1[System.Byte] not supported for menu now. Ask developers to add this type.
2022-12-18 10:39:39.912 +01:00 [WRN] ExileCore.Shared.Nodes.RangeNode`1[System.Byte] not supported for menu now. Ask developers to add this type.
2022-12-18 10:39:40.153 +01:00 [WRN]  not supported for menu now. Ask developers to add this type.
2022-12-18 10:39:40.153 +01:00 [WRN]  not supported for menu now. Ask developers to add this type.
2022-12-18 10:39:40.153 +01:00 [WRN]  not supported for menu now. Ask developers to add this type.
2022-12-18 10:39:40.153 +01:00 [WRN] PassiveSkillTreePlanter.TreeConfig+SkillTreeData not supported for menu now. Ask developers to add this type.
2022-12-18 10:39:40.153 +01:00 [WRN] PassiveSkillTreePlanter.TreeConfig+SkillTreeData not supported for menu now. Ask developers to add this type.
2022-12-18 10:39:40.284 +01:00 [WRN]  not supported for menu now. Ask developers to add this type.
2022-12-18 10:39:40.284 +01:00 [WRN]  not supported for menu now. Ask developers to add this type.
2022-12-18 10:39:40.284 +01:00 [WRN]  not supported for menu now. Ask developers to add this type.
2022-12-18 10:39:40.284 +01:00 [WRN]  not supported for menu now. Ask developers to add this type.
2022-12-18 10:39:40.284 +01:00 [WRN]  not supported for menu now. Ask developers to add this type.
2022-12-18 10:39:40.284 +01:00 [WRN]  not supported for menu now. Ask developers to add this type.
2022-12-18 10:39:40.284 +01:00 [WRN] <0  0> not supported for menu now. Ask developers to add this type.
2022-12-18 10:39:40.284 +01:00 [WRN] PickIt.PickItSettings+FRSMOverrides not supported for menu now. Ask developers to add this type.
2022-12-18 10:39:40.702 +01:00 [WRN] System.Int32[,] not supported for menu now. Ask developers to add this type.
2022-12-18 10:45:22.246 +01:00 [WRN] TreeRoutine.Routine.BuildYourOwnRoutine.Flask.FlaskSetting[] not supported for menu now. Ask developers to add this type.
2022-12-18 10:45:22.249 +01:00 [WRN] <0  0> not supported for menu now. Ask developers to add this type.
2022-12-18 10:45:22.249 +01:00 [WRN] <0  0> not supported for menu now. Ask developers to add this type.
2022-12-18 10:45:22.267 +01:00 [WRN] TreeRoutine.Routine.BasicFlaskRoutine.Flask.FlaskSetting[] not supported for menu now. Ask developers to add this type.
2022-12-18 10:45:22.350 +01:00 [WRN] 0 not supported for menu now. Ask developers to add this type.
2022-12-18 10:45:22.395 +01:00 [WRN] System.Int32[,] not supported for menu now. Ask developers to add this type.
2022-12-18 10:45:22.405 +01:00 [WRN] 16 not supported for menu now. Ask developers to add this type.
2022-12-18 10:45:22.445 +01:00 [WRN] ExileCore.Shared.Nodes.RangeNode`1[System.Byte] not supported for menu now. Ask developers to add this type.
2022-12-18 10:45:22.445 +01:00 [WRN] ExileCore.Shared.Nodes.RangeNode`1[System.Byte] not supported for menu now. Ask developers to add this type.
2022-12-18 10:45:22.445 +01:00 [WRN] ExileCore.Shared.Nodes.RangeNode`1[System.Byte] not supported for menu now. Ask developers to add this type.
2022-12-18 10:45:22.527 +01:00 [WRN]  not supported for menu now. Ask developers to add this type.
2022-12-18 10:45:22.527 +01:00 [WRN]  not supported for menu now. Ask developers to add this type.
2022-12-18 10:45:22.527 +01:00 [WRN]  not supported for menu now. Ask developers to add this type.
2022-12-18 10:45:22.528 +01:00 [WRN] PassiveSkillTreePlanter.TreeConfig+SkillTreeData not supported for menu now. Ask developers to add this type.
2022-12-18 10:45:22.528 +01:00 [WRN] PassiveSkillTreePlanter.TreeConfig+SkillTreeData not supported for menu now. Ask developers to add this type.
2022-12-18 10:45:22.560 +01:00 [WRN]  not supported for menu now. Ask developers to add this type.
2022-12-18 10:45:22.560 +01:00 [WRN]  not supported for menu now. Ask developers to add this type.
2022-12-18 10:45:22.560 +01:00 [WRN]  not supported for menu now. Ask developers to add this type.
2022-12-18 10:45:22.560 +01:00 [WRN]  not supported for menu now. Ask developers to add this type.
2022-12-18 10:45:22.560 +01:00 [WRN]  not supported for menu now. Ask developers to add this type.
2022-12-18 10:45:22.560 +01:00 [WRN]  not supported for menu now. Ask developers to add this type.
2022-12-18 10:45:22.560 +01:00 [WRN] <0  0> not supported for menu now. Ask developers to add this type.
2022-12-18 10:45:22.560 +01:00 [WRN] PickIt.PickItSettings+FRSMOverrides not supported for menu now. Ask developers to add this type.
2022-12-18 10:45:22.704 +01:00 [WRN] System.Int32[,] not supported for menu now. Ask developers to add this type.
