2022-12-12 21:16:58.199 +01:00 [WRN] TreeRoutine.Routine.BuildYourOwnRoutine.Flask.FlaskSetting[] not supported for menu now. Ask developers to add this type.
2022-12-12 21:16:58.202 +01:00 [WRN] <0  0> not supported for menu now. Ask developers to add this type.
2022-12-12 21:16:58.203 +01:00 [WRN] <0  0> not supported for menu now. Ask developers to add this type.
2022-12-12 21:16:58.215 +01:00 [WRN] TreeRoutine.Routine.BasicFlaskRoutine.Flask.FlaskSetting[] not supported for menu now. Ask developers to add this type.
2022-12-12 21:16:58.544 +01:00 [WRN] 0 not supported for menu now. Ask developers to add this type.
2022-12-12 21:16:58.693 +01:00 [WRN] System.Int32[,] not supported for menu now. Ask developers to add this type.
2022-12-12 21:16:58.765 +01:00 [WRN] 16 not supported for menu now. Ask developers to add this type.
2022-12-12 21:16:58.862 +01:00 [WRN] ExileCore.Shared.Nodes.RangeNode`1[System.Byte] not supported for menu now. Ask developers to add this type.
2022-12-12 21:16:58.862 +01:00 [WRN] ExileCore.Shared.Nodes.RangeNode`1[System.Byte] not supported for menu now. Ask developers to add this type.
2022-12-12 21:16:58.862 +01:00 [WRN] ExileCore.Shared.Nodes.RangeNode`1[System.Byte] not supported for menu now. Ask developers to add this type.
2022-12-12 21:16:59.088 +01:00 [WRN]  not supported for menu now. Ask developers to add this type.
2022-12-12 21:16:59.088 +01:00 [WRN]  not supported for menu now. Ask developers to add this type.
2022-12-12 21:16:59.088 +01:00 [WRN]  not supported for menu now. Ask developers to add this type.
2022-12-12 21:16:59.088 +01:00 [WRN] PassiveSkillTreePlanter.TreeConfig+SkillTreeData not supported for menu now. Ask developers to add this type.
2022-12-12 21:16:59.088 +01:00 [WRN] PassiveSkillTreePlanter.TreeConfig+SkillTreeData not supported for menu now. Ask developers to add this type.
2022-12-12 21:16:59.215 +01:00 [WRN]  not supported for menu now. Ask developers to add this type.
2022-12-12 21:16:59.216 +01:00 [WRN]  not supported for menu now. Ask developers to add this type.
2022-12-12 21:16:59.216 +01:00 [WRN]  not supported for menu now. Ask developers to add this type.
2022-12-12 21:16:59.216 +01:00 [WRN]  not supported for menu now. Ask developers to add this type.
2022-12-12 21:16:59.216 +01:00 [WRN]  not supported for menu now. Ask developers to add this type.
2022-12-12 21:16:59.216 +01:00 [WRN]  not supported for menu now. Ask developers to add this type.
2022-12-12 21:16:59.216 +01:00 [WRN] <0  0> not supported for menu now. Ask developers to add this type.
2022-12-12 21:16:59.216 +01:00 [WRN] PickIt.PickItSettings+FRSMOverrides not supported for menu now. Ask developers to add this type.
2022-12-12 21:16:59.531 +01:00 [WRN] System.Int32[,] not supported for menu now. Ask developers to add this type.
2022-12-12 21:33:20.674 +01:00 [WRN] TreeRoutine.Routine.BuildYourOwnRoutine.Flask.FlaskSetting[] not supported for menu now. Ask developers to add this type.
2022-12-12 21:33:20.677 +01:00 [WRN] <0  0> not supported for menu now. Ask developers to add this type.
2022-12-12 21:33:20.677 +01:00 [WRN] <0  0> not supported for menu now. Ask developers to add this type.
2022-12-12 21:33:20.714 +01:00 [WRN] TreeRoutine.Routine.BasicFlaskRoutine.Flask.FlaskSetting[] not supported for menu now. Ask developers to add this type.
2022-12-12 21:33:20.776 +01:00 [WRN] 0 not supported for menu now. Ask developers to add this type.
2022-12-12 21:33:20.821 +01:00 [WRN] System.Int32[,] not supported for menu now. Ask developers to add this type.
2022-12-12 21:33:20.831 +01:00 [WRN] 16 not supported for menu now. Ask developers to add this type.
2022-12-12 21:33:20.863 +01:00 [WRN] ExileCore.Shared.Nodes.RangeNode`1[System.Byte] not supported for menu now. Ask developers to add this type.
2022-12-12 21:33:20.863 +01:00 [WRN] ExileCore.Shared.Nodes.RangeNode`1[System.Byte] not supported for menu now. Ask developers to add this type.
2022-12-12 21:33:20.863 +01:00 [WRN] ExileCore.Shared.Nodes.RangeNode`1[System.Byte] not supported for menu now. Ask developers to add this type.
2022-12-12 21:33:20.960 +01:00 [WRN]  not supported for menu now. Ask developers to add this type.
2022-12-12 21:33:20.960 +01:00 [WRN]  not supported for menu now. Ask developers to add this type.
2022-12-12 21:33:20.960 +01:00 [WRN]  not supported for menu now. Ask developers to add this type.
2022-12-12 21:33:20.960 +01:00 [WRN] PassiveSkillTreePlanter.TreeConfig+SkillTreeData not supported for menu now. Ask developers to add this type.
2022-12-12 21:33:20.960 +01:00 [WRN] PassiveSkillTreePlanter.TreeConfig+SkillTreeData not supported for menu now. Ask developers to add this type.
2022-12-12 21:33:21.011 +01:00 [WRN]  not supported for menu now. Ask developers to add this type.
2022-12-12 21:33:21.011 +01:00 [WRN]  not supported for menu now. Ask developers to add this type.
2022-12-12 21:33:21.011 +01:00 [WRN]  not supported for menu now. Ask developers to add this type.
2022-12-12 21:33:21.011 +01:00 [WRN]  not supported for menu now. Ask developers to add this type.
2022-12-12 21:33:21.011 +01:00 [WRN]  not supported for menu now. Ask developers to add this type.
2022-12-12 21:33:21.011 +01:00 [WRN]  not supported for menu now. Ask developers to add this type.
2022-12-12 21:33:21.011 +01:00 [WRN] <0  0> not supported for menu now. Ask developers to add this type.
2022-12-12 21:33:21.011 +01:00 [WRN] PickIt.PickItSettings+FRSMOverrides not supported for menu now. Ask developers to add this type.
2022-12-12 21:33:21.106 +01:00 [WRN] System.Int32[,] not supported for menu now. Ask developers to add this type.
2022-12-12 21:35:00.336 +01:00 [WRN] TreeRoutine.Routine.BuildYourOwnRoutine.Flask.FlaskSetting[] not supported for menu now. Ask developers to add this type.
2022-12-12 21:35:00.339 +01:00 [WRN] <0  0> not supported for menu now. Ask developers to add this type.
2022-12-12 21:35:00.339 +01:00 [WRN] <0  0> not supported for menu now. Ask developers to add this type.
2022-12-12 21:35:00.356 +01:00 [WRN] TreeRoutine.Routine.BasicFlaskRoutine.Flask.FlaskSetting[] not supported for menu now. Ask developers to add this type.
2022-12-12 21:35:00.425 +01:00 [WRN] 0 not supported for menu now. Ask developers to add this type.
2022-12-12 21:35:00.465 +01:00 [WRN] System.Int32[,] not supported for menu now. Ask developers to add this type.
2022-12-12 21:35:00.479 +01:00 [WRN] 16 not supported for menu now. Ask developers to add this type.
2022-12-12 21:35:00.505 +01:00 [WRN] ExileCore.Shared.Nodes.RangeNode`1[System.Byte] not supported for menu now. Ask developers to add this type.
2022-12-12 21:35:00.505 +01:00 [WRN] ExileCore.Shared.Nodes.RangeNode`1[System.Byte] not supported for menu now. Ask developers to add this type.
2022-12-12 21:35:00.505 +01:00 [WRN] ExileCore.Shared.Nodes.RangeNode`1[System.Byte] not supported for menu now. Ask developers to add this type.
2022-12-12 21:35:00.596 +01:00 [WRN]  not supported for menu now. Ask developers to add this type.
2022-12-12 21:35:00.596 +01:00 [WRN]  not supported for menu now. Ask developers to add this type.
2022-12-12 21:35:00.596 +01:00 [WRN]  not supported for menu now. Ask developers to add this type.
2022-12-12 21:35:00.596 +01:00 [WRN] PassiveSkillTreePlanter.TreeConfig+SkillTreeData not supported for menu now. Ask developers to add this type.
2022-12-12 21:35:00.596 +01:00 [WRN] PassiveSkillTreePlanter.TreeConfig+SkillTreeData not supported for menu now. Ask developers to add this type.
2022-12-12 21:35:00.629 +01:00 [WRN]  not supported for menu now. Ask developers to add this type.
2022-12-12 21:35:00.629 +01:00 [WRN]  not supported for menu now. Ask developers to add this type.
2022-12-12 21:35:00.629 +01:00 [WRN]  not supported for menu now. Ask developers to add this type.
2022-12-12 21:35:00.629 +01:00 [WRN]  not supported for menu now. Ask developers to add this type.
2022-12-12 21:35:00.629 +01:00 [WRN]  not supported for menu now. Ask developers to add this type.
2022-12-12 21:35:00.629 +01:00 [WRN]  not supported for menu now. Ask developers to add this type.
2022-12-12 21:35:00.629 +01:00 [WRN] <0  0> not supported for menu now. Ask developers to add this type.
2022-12-12 21:35:00.629 +01:00 [WRN] PickIt.PickItSettings+FRSMOverrides not supported for menu now. Ask developers to add this type.
2022-12-12 21:35:00.731 +01:00 [WRN] System.Int32[,] not supported for menu now. Ask developers to add this type.
2022-12-12 21:58:47.806 +01:00 [WRN] TreeRoutine.Routine.BuildYourOwnRoutine.Flask.FlaskSetting[] not supported for menu now. Ask developers to add this type.
2022-12-12 21:58:47.810 +01:00 [WRN] <0  0> not supported for menu now. Ask developers to add this type.
2022-12-12 21:58:47.810 +01:00 [WRN] <0  0> not supported for menu now. Ask developers to add this type.
2022-12-12 21:58:47.833 +01:00 [WRN] TreeRoutine.Routine.BasicFlaskRoutine.Flask.FlaskSetting[] not supported for menu now. Ask developers to add this type.
2022-12-12 21:58:47.921 +01:00 [WRN] 0 not supported for menu now. Ask developers to add this type.
2022-12-12 21:58:47.968 +01:00 [WRN] System.Int32[,] not supported for menu now. Ask developers to add this type.
2022-12-12 21:58:47.992 +01:00 [WRN] 16 not supported for menu now. Ask developers to add this type.
2022-12-12 21:58:48.022 +01:00 [WRN] ExileCore.Shared.Nodes.RangeNode`1[System.Byte] not supported for menu now. Ask developers to add this type.
2022-12-12 21:58:48.022 +01:00 [WRN] ExileCore.Shared.Nodes.RangeNode`1[System.Byte] not supported for menu now. Ask developers to add this type.
2022-12-12 21:58:48.022 +01:00 [WRN] ExileCore.Shared.Nodes.RangeNode`1[System.Byte] not supported for menu now. Ask developers to add this type.
2022-12-12 21:58:48.129 +01:00 [WRN]  not supported for menu now. Ask developers to add this type.
2022-12-12 21:58:48.129 +01:00 [WRN]  not supported for menu now. Ask developers to add this type.
2022-12-12 21:58:48.129 +01:00 [WRN]  not supported for menu now. Ask developers to add this type.
2022-12-12 21:58:48.130 +01:00 [WRN] PassiveSkillTreePlanter.TreeConfig+SkillTreeData not supported for menu now. Ask developers to add this type.
2022-12-12 21:58:48.130 +01:00 [WRN] PassiveSkillTreePlanter.TreeConfig+SkillTreeData not supported for menu now. Ask developers to add this type.
2022-12-12 21:58:48.159 +01:00 [WRN]  not supported for menu now. Ask developers to add this type.
2022-12-12 21:58:48.159 +01:00 [WRN]  not supported for menu now. Ask developers to add this type.
2022-12-12 21:58:48.159 +01:00 [WRN]  not supported for menu now. Ask developers to add this type.
2022-12-12 21:58:48.159 +01:00 [WRN]  not supported for menu now. Ask developers to add this type.
2022-12-12 21:58:48.159 +01:00 [WRN]  not supported for menu now. Ask developers to add this type.
2022-12-12 21:58:48.159 +01:00 [WRN]  not supported for menu now. Ask developers to add this type.
2022-12-12 21:58:48.159 +01:00 [WRN] <0  0> not supported for menu now. Ask developers to add this type.
2022-12-12 21:58:48.159 +01:00 [WRN] PickIt.PickItSettings+FRSMOverrides not supported for menu now. Ask developers to add this type.
2022-12-12 21:58:48.322 +01:00 [WRN] System.Int32[,] not supported for menu now. Ask developers to add this type.
2022-12-12 22:28:59.598 +01:00 [WRN] TreeRoutine.Routine.BuildYourOwnRoutine.Flask.FlaskSetting[] not supported for menu now. Ask developers to add this type.
2022-12-12 22:28:59.601 +01:00 [WRN] <0  0> not supported for menu now. Ask developers to add this type.
2022-12-12 22:28:59.601 +01:00 [WRN] <0  0> not supported for menu now. Ask developers to add this type.
2022-12-12 22:28:59.618 +01:00 [WRN] TreeRoutine.Routine.BasicFlaskRoutine.Flask.FlaskSetting[] not supported for menu now. Ask developers to add this type.
2022-12-12 22:28:59.704 +01:00 [WRN] 0 not supported for menu now. Ask developers to add this type.
2022-12-12 22:28:59.767 +01:00 [WRN] System.Int32[,] not supported for menu now. Ask developers to add this type.
2022-12-12 22:28:59.779 +01:00 [WRN] 16 not supported for menu now. Ask developers to add this type.
2022-12-12 22:28:59.845 +01:00 [WRN] ExileCore.Shared.Nodes.RangeNode`1[System.Byte] not supported for menu now. Ask developers to add this type.
2022-12-12 22:28:59.846 +01:00 [WRN] ExileCore.Shared.Nodes.RangeNode`1[System.Byte] not supported for menu now. Ask developers to add this type.
2022-12-12 22:28:59.846 +01:00 [WRN] ExileCore.Shared.Nodes.RangeNode`1[System.Byte] not supported for menu now. Ask developers to add this type.
2022-12-12 22:28:59.994 +01:00 [WRN]  not supported for menu now. Ask developers to add this type.
2022-12-12 22:28:59.994 +01:00 [WRN]  not supported for menu now. Ask developers to add this type.
2022-12-12 22:28:59.994 +01:00 [WRN]  not supported for menu now. Ask developers to add this type.
2022-12-12 22:28:59.994 +01:00 [WRN] PassiveSkillTreePlanter.TreeConfig+SkillTreeData not supported for menu now. Ask developers to add this type.
2022-12-12 22:28:59.995 +01:00 [WRN] PassiveSkillTreePlanter.TreeConfig+SkillTreeData not supported for menu now. Ask developers to add this type.
2022-12-12 22:29:00.022 +01:00 [WRN]  not supported for menu now. Ask developers to add this type.
2022-12-12 22:29:00.022 +01:00 [WRN]  not supported for menu now. Ask developers to add this type.
2022-12-12 22:29:00.022 +01:00 [WRN]  not supported for menu now. Ask developers to add this type.
2022-12-12 22:29:00.022 +01:00 [WRN]  not supported for menu now. Ask developers to add this type.
2022-12-12 22:29:00.022 +01:00 [WRN]  not supported for menu now. Ask developers to add this type.
2022-12-12 22:29:00.022 +01:00 [WRN]  not supported for menu now. Ask developers to add this type.
2022-12-12 22:29:00.022 +01:00 [WRN] <0  0> not supported for menu now. Ask developers to add this type.
2022-12-12 22:29:00.023 +01:00 [WRN] PickIt.PickItSettings+FRSMOverrides not supported for menu now. Ask developers to add this type.
2022-12-12 22:29:00.189 +01:00 [WRN] System.Int32[,] not supported for menu now. Ask developers to add this type.
2022-12-12 22:45:14.307 +01:00 [WRN] TreeRoutine.Routine.BuildYourOwnRoutine.Flask.FlaskSetting[] not supported for menu now. Ask developers to add this type.
2022-12-12 22:45:14.310 +01:00 [WRN] <0  0> not supported for menu now. Ask developers to add this type.
2022-12-12 22:45:14.310 +01:00 [WRN] <0  0> not supported for menu now. Ask developers to add this type.
2022-12-12 22:45:14.339 +01:00 [WRN] TreeRoutine.Routine.BasicFlaskRoutine.Flask.FlaskSetting[] not supported for menu now. Ask developers to add this type.
2022-12-12 22:45:14.403 +01:00 [WRN] 0 not supported for menu now. Ask developers to add this type.
2022-12-12 22:45:14.443 +01:00 [WRN] System.Int32[,] not supported for menu now. Ask developers to add this type.
2022-12-12 22:45:14.453 +01:00 [WRN] 16 not supported for menu now. Ask developers to add this type.
2022-12-12 22:45:14.506 +01:00 [WRN] ExileCore.Shared.Nodes.RangeNode`1[System.Byte] not supported for menu now. Ask developers to add this type.
2022-12-12 22:45:14.506 +01:00 [WRN] ExileCore.Shared.Nodes.RangeNode`1[System.Byte] not supported for menu now. Ask developers to add this type.
2022-12-12 22:45:14.506 +01:00 [WRN] ExileCore.Shared.Nodes.RangeNode`1[System.Byte] not supported for menu now. Ask developers to add this type.
2022-12-12 22:45:14.597 +01:00 [WRN]  not supported for menu now. Ask developers to add this type.
2022-12-12 22:45:14.597 +01:00 [WRN]  not supported for menu now. Ask developers to add this type.
2022-12-12 22:45:14.597 +01:00 [WRN]  not supported for menu now. Ask developers to add this type.
2022-12-12 22:45:14.597 +01:00 [WRN] PassiveSkillTreePlanter.TreeConfig+SkillTreeData not supported for menu now. Ask developers to add this type.
2022-12-12 22:45:14.597 +01:00 [WRN] PassiveSkillTreePlanter.TreeConfig+SkillTreeData not supported for menu now. Ask developers to add this type.
2022-12-12 22:45:14.641 +01:00 [WRN]  not supported for menu now. Ask developers to add this type.
2022-12-12 22:45:14.641 +01:00 [WRN]  not supported for menu now. Ask developers to add this type.
2022-12-12 22:45:14.641 +01:00 [WRN]  not supported for menu now. Ask developers to add this type.
2022-12-12 22:45:14.641 +01:00 [WRN]  not supported for menu now. Ask developers to add this type.
2022-12-12 22:45:14.641 +01:00 [WRN]  not supported for menu now. Ask developers to add this type.
2022-12-12 22:45:14.641 +01:00 [WRN]  not supported for menu now. Ask developers to add this type.
2022-12-12 22:45:14.641 +01:00 [WRN] <0  0> not supported for menu now. Ask developers to add this type.
2022-12-12 22:45:14.641 +01:00 [WRN] PickIt.PickItSettings+FRSMOverrides not supported for menu now. Ask developers to add this type.
2022-12-12 22:45:14.803 +01:00 [WRN] System.Int32[,] not supported for menu now. Ask developers to add this type.
2022-12-12 23:17:11.923 +01:00 [WRN] TreeRoutine.Routine.BuildYourOwnRoutine.Flask.FlaskSetting[] not supported for menu now. Ask developers to add this type.
2022-12-12 23:17:11.926 +01:00 [WRN] <0  0> not supported for menu now. Ask developers to add this type.
2022-12-12 23:17:11.926 +01:00 [WRN] <0  0> not supported for menu now. Ask developers to add this type.
2022-12-12 23:17:11.943 +01:00 [WRN] TreeRoutine.Routine.BasicFlaskRoutine.Flask.FlaskSetting[] not supported for menu now. Ask developers to add this type.
2022-12-12 23:17:12.014 +01:00 [WRN] 0 not supported for menu now. Ask developers to add this type.
2022-12-12 23:17:12.064 +01:00 [WRN] System.Int32[,] not supported for menu now. Ask developers to add this type.
2022-12-12 23:17:12.073 +01:00 [WRN] 16 not supported for menu now. Ask developers to add this type.
2022-12-12 23:17:12.098 +01:00 [WRN] ExileCore.Shared.Nodes.RangeNode`1[System.Byte] not supported for menu now. Ask developers to add this type.
2022-12-12 23:17:12.098 +01:00 [WRN] ExileCore.Shared.Nodes.RangeNode`1[System.Byte] not supported for menu now. Ask developers to add this type.
2022-12-12 23:17:12.099 +01:00 [WRN] ExileCore.Shared.Nodes.RangeNode`1[System.Byte] not supported for menu now. Ask developers to add this type.
2022-12-12 23:17:12.225 +01:00 [WRN]  not supported for menu now. Ask developers to add this type.
2022-12-12 23:17:12.225 +01:00 [WRN]  not supported for menu now. Ask developers to add this type.
2022-12-12 23:17:12.225 +01:00 [WRN]  not supported for menu now. Ask developers to add this type.
2022-12-12 23:17:12.225 +01:00 [WRN] PassiveSkillTreePlanter.TreeConfig+SkillTreeData not supported for menu now. Ask developers to add this type.
2022-12-12 23:17:12.226 +01:00 [WRN] PassiveSkillTreePlanter.TreeConfig+SkillTreeData not supported for menu now. Ask developers to add this type.
2022-12-12 23:17:12.263 +01:00 [WRN]  not supported for menu now. Ask developers to add this type.
2022-12-12 23:17:12.264 +01:00 [WRN]  not supported for menu now. Ask developers to add this type.
2022-12-12 23:17:12.264 +01:00 [WRN]  not supported for menu now. Ask developers to add this type.
2022-12-12 23:17:12.264 +01:00 [WRN]  not supported for menu now. Ask developers to add this type.
2022-12-12 23:17:12.264 +01:00 [WRN]  not supported for menu now. Ask developers to add this type.
2022-12-12 23:17:12.264 +01:00 [WRN]  not supported for menu now. Ask developers to add this type.
2022-12-12 23:17:12.264 +01:00 [WRN] <0  0> not supported for menu now. Ask developers to add this type.
2022-12-12 23:17:12.264 +01:00 [WRN] PickIt.PickItSettings+FRSMOverrides not supported for menu now. Ask developers to add this type.
2022-12-12 23:17:12.402 +01:00 [WRN] System.Int32[,] not supported for menu now. Ask developers to add this type.
2022-12-12 23:19:47.401 +01:00 [WRN] TreeRoutine.Routine.BuildYourOwnRoutine.Flask.FlaskSetting[] not supported for menu now. Ask developers to add this type.
2022-12-12 23:19:47.410 +01:00 [WRN] <0  0> not supported for menu now. Ask developers to add this type.
2022-12-12 23:19:47.410 +01:00 [WRN] <0  0> not supported for menu now. Ask developers to add this type.
2022-12-12 23:19:47.429 +01:00 [WRN] TreeRoutine.Routine.BasicFlaskRoutine.Flask.FlaskSetting[] not supported for menu now. Ask developers to add this type.
2022-12-12 23:19:47.495 +01:00 [WRN] 0 not supported for menu now. Ask developers to add this type.
2022-12-12 23:19:47.557 +01:00 [WRN] System.Int32[,] not supported for menu now. Ask developers to add this type.
2022-12-12 23:19:47.567 +01:00 [WRN] 16 not supported for menu now. Ask developers to add this type.
2022-12-12 23:19:47.593 +01:00 [WRN] ExileCore.Shared.Nodes.RangeNode`1[System.Byte] not supported for menu now. Ask developers to add this type.
2022-12-12 23:19:47.593 +01:00 [WRN] ExileCore.Shared.Nodes.RangeNode`1[System.Byte] not supported for menu now. Ask developers to add this type.
2022-12-12 23:19:47.594 +01:00 [WRN] ExileCore.Shared.Nodes.RangeNode`1[System.Byte] not supported for menu now. Ask developers to add this type.
2022-12-12 23:19:47.683 +01:00 [WRN]  not supported for menu now. Ask developers to add this type.
2022-12-12 23:19:47.684 +01:00 [WRN]  not supported for menu now. Ask developers to add this type.
2022-12-12 23:19:47.684 +01:00 [WRN]  not supported for menu now. Ask developers to add this type.
2022-12-12 23:19:47.684 +01:00 [WRN] PassiveSkillTreePlanter.TreeConfig+SkillTreeData not supported for menu now. Ask developers to add this type.
2022-12-12 23:19:47.684 +01:00 [WRN] PassiveSkillTreePlanter.TreeConfig+SkillTreeData not supported for menu now. Ask developers to add this type.
2022-12-12 23:19:47.709 +01:00 [WRN]  not supported for menu now. Ask developers to add this type.
2022-12-12 23:19:47.709 +01:00 [WRN]  not supported for menu now. Ask developers to add this type.
2022-12-12 23:19:47.709 +01:00 [WRN]  not supported for menu now. Ask developers to add this type.
2022-12-12 23:19:47.709 +01:00 [WRN]  not supported for menu now. Ask developers to add this type.
2022-12-12 23:19:47.709 +01:00 [WRN]  not supported for menu now. Ask developers to add this type.
2022-12-12 23:19:47.709 +01:00 [WRN]  not supported for menu now. Ask developers to add this type.
2022-12-12 23:19:47.709 +01:00 [WRN] <0  0> not supported for menu now. Ask developers to add this type.
2022-12-12 23:19:47.710 +01:00 [WRN] PickIt.PickItSettings+FRSMOverrides not supported for menu now. Ask developers to add this type.
2022-12-12 23:19:47.877 +01:00 [WRN] System.Int32[,] not supported for menu now. Ask developers to add this type.
