2022-12-24 06:38:16.634 +01:00 [WRN] TreeRoutine.Routine.BuildYourOwnRoutine.Flask.FlaskSetting[] not supported for menu now. Ask developers to add this type.
2022-12-24 06:38:16.638 +01:00 [WRN] <0  0> not supported for menu now. Ask developers to add this type.
2022-12-24 06:38:16.638 +01:00 [WRN] <0  0> not supported for menu now. Ask developers to add this type.
2022-12-24 06:38:16.663 +01:00 [WRN] TreeRoutine.Routine.BasicFlaskRoutine.Flask.FlaskSetting[] not supported for menu now. Ask developers to add this type.
2022-12-24 06:38:17.025 +01:00 [WRN] 0 not supported for menu now. Ask developers to add this type.
2022-12-24 06:38:17.195 +01:00 [WRN] System.Int32[,] not supported for menu now. Ask developers to add this type.
2022-12-24 06:38:17.281 +01:00 [WRN] 16 not supported for menu now. Ask developers to add this type.
2022-12-24 06:38:17.398 +01:00 [WRN] ExileCore.Shared.Nodes.RangeNode`1[System.Byte] not supported for menu now. Ask developers to add this type.
2022-12-24 06:38:17.399 +01:00 [WRN] ExileCore.Shared.Nodes.RangeNode`1[System.Byte] not supported for menu now. Ask developers to add this type.
2022-12-24 06:38:17.399 +01:00 [WRN] ExileCore.Shared.Nodes.RangeNode`1[System.Byte] not supported for menu now. Ask developers to add this type.
2022-12-24 06:38:17.658 +01:00 [WRN]  not supported for menu now. Ask developers to add this type.
2022-12-24 06:38:17.658 +01:00 [WRN]  not supported for menu now. Ask developers to add this type.
2022-12-24 06:38:17.658 +01:00 [WRN]  not supported for menu now. Ask developers to add this type.
2022-12-24 06:38:17.658 +01:00 [WRN] PassiveSkillTreePlanter.TreeConfig+SkillTreeData not supported for menu now. Ask developers to add this type.
2022-12-24 06:38:17.658 +01:00 [WRN] PassiveSkillTreePlanter.TreeConfig+SkillTreeData not supported for menu now. Ask developers to add this type.
2022-12-24 06:38:17.800 +01:00 [WRN]  not supported for menu now. Ask developers to add this type.
2022-12-24 06:38:17.800 +01:00 [WRN]  not supported for menu now. Ask developers to add this type.
2022-12-24 06:38:17.800 +01:00 [WRN]  not supported for menu now. Ask developers to add this type.
2022-12-24 06:38:17.800 +01:00 [WRN]  not supported for menu now. Ask developers to add this type.
2022-12-24 06:38:17.800 +01:00 [WRN]  not supported for menu now. Ask developers to add this type.
2022-12-24 06:38:17.800 +01:00 [WRN]  not supported for menu now. Ask developers to add this type.
2022-12-24 06:38:17.800 +01:00 [WRN] <0  0> not supported for menu now. Ask developers to add this type.
2022-12-24 06:38:17.801 +01:00 [WRN] PickIt.PickItSettings+FRSMOverrides not supported for menu now. Ask developers to add this type.
2022-12-24 06:38:18.256 +01:00 [WRN] System.Int32[,] not supported for menu now. Ask developers to add this type.
2022-12-24 08:09:58.283 +01:00 [WRN] TreeRoutine.Routine.BuildYourOwnRoutine.Flask.FlaskSetting[] not supported for menu now. Ask developers to add this type.
2022-12-24 08:09:58.288 +01:00 [WRN] <0  0> not supported for menu now. Ask developers to add this type.
2022-12-24 08:09:58.288 +01:00 [WRN] <0  0> not supported for menu now. Ask developers to add this type.
2022-12-24 08:09:58.314 +01:00 [WRN] TreeRoutine.Routine.BasicFlaskRoutine.Flask.FlaskSetting[] not supported for menu now. Ask developers to add this type.
2022-12-24 08:09:58.407 +01:00 [WRN] 0 not supported for menu now. Ask developers to add this type.
2022-12-24 08:09:58.469 +01:00 [WRN] System.Int32[,] not supported for menu now. Ask developers to add this type.
2022-12-24 08:09:58.479 +01:00 [WRN] 16 not supported for menu now. Ask developers to add this type.
2022-12-24 08:09:58.510 +01:00 [WRN] ExileCore.Shared.Nodes.RangeNode`1[System.Byte] not supported for menu now. Ask developers to add this type.
2022-12-24 08:09:58.510 +01:00 [WRN] ExileCore.Shared.Nodes.RangeNode`1[System.Byte] not supported for menu now. Ask developers to add this type.
2022-12-24 08:09:58.510 +01:00 [WRN] ExileCore.Shared.Nodes.RangeNode`1[System.Byte] not supported for menu now. Ask developers to add this type.
2022-12-24 08:09:58.618 +01:00 [WRN]  not supported for menu now. Ask developers to add this type.
2022-12-24 08:09:58.618 +01:00 [WRN]  not supported for menu now. Ask developers to add this type.
2022-12-24 08:09:58.618 +01:00 [WRN]  not supported for menu now. Ask developers to add this type.
2022-12-24 08:09:58.618 +01:00 [WRN] PassiveSkillTreePlanter.TreeConfig+SkillTreeData not supported for menu now. Ask developers to add this type.
2022-12-24 08:09:58.618 +01:00 [WRN] PassiveSkillTreePlanter.TreeConfig+SkillTreeData not supported for menu now. Ask developers to add this type.
2022-12-24 08:09:58.645 +01:00 [WRN]  not supported for menu now. Ask developers to add this type.
2022-12-24 08:09:58.645 +01:00 [WRN]  not supported for menu now. Ask developers to add this type.
2022-12-24 08:09:58.645 +01:00 [WRN]  not supported for menu now. Ask developers to add this type.
2022-12-24 08:09:58.645 +01:00 [WRN]  not supported for menu now. Ask developers to add this type.
2022-12-24 08:09:58.645 +01:00 [WRN]  not supported for menu now. Ask developers to add this type.
2022-12-24 08:09:58.645 +01:00 [WRN]  not supported for menu now. Ask developers to add this type.
2022-12-24 08:09:58.645 +01:00 [WRN] <0  0> not supported for menu now. Ask developers to add this type.
2022-12-24 08:09:58.645 +01:00 [WRN] PickIt.PickItSettings+FRSMOverrides not supported for menu now. Ask developers to add this type.
2022-12-24 08:09:58.761 +01:00 [WRN] System.Int32[,] not supported for menu now. Ask developers to add this type.
2022-12-24 08:22:39.148 +01:00 [WRN] TreeRoutine.Routine.BuildYourOwnRoutine.Flask.FlaskSetting[] not supported for menu now. Ask developers to add this type.
2022-12-24 08:22:39.151 +01:00 [WRN] <0  0> not supported for menu now. Ask developers to add this type.
2022-12-24 08:22:39.151 +01:00 [WRN] <0  0> not supported for menu now. Ask developers to add this type.
2022-12-24 08:22:39.169 +01:00 [WRN] TreeRoutine.Routine.BasicFlaskRoutine.Flask.FlaskSetting[] not supported for menu now. Ask developers to add this type.
2022-12-24 08:22:39.264 +01:00 [WRN] 0 not supported for menu now. Ask developers to add this type.
2022-12-24 08:22:39.314 +01:00 [WRN] System.Int32[,] not supported for menu now. Ask developers to add this type.
2022-12-24 08:22:39.323 +01:00 [WRN] 16 not supported for menu now. Ask developers to add this type.
2022-12-24 08:22:39.348 +01:00 [WRN] ExileCore.Shared.Nodes.RangeNode`1[System.Byte] not supported for menu now. Ask developers to add this type.
2022-12-24 08:22:39.348 +01:00 [WRN] ExileCore.Shared.Nodes.RangeNode`1[System.Byte] not supported for menu now. Ask developers to add this type.
2022-12-24 08:22:39.348 +01:00 [WRN] ExileCore.Shared.Nodes.RangeNode`1[System.Byte] not supported for menu now. Ask developers to add this type.
2022-12-24 08:22:39.431 +01:00 [WRN]  not supported for menu now. Ask developers to add this type.
2022-12-24 08:22:39.432 +01:00 [WRN]  not supported for menu now. Ask developers to add this type.
2022-12-24 08:22:39.432 +01:00 [WRN]  not supported for menu now. Ask developers to add this type.
2022-12-24 08:22:39.432 +01:00 [WRN] PassiveSkillTreePlanter.TreeConfig+SkillTreeData not supported for menu now. Ask developers to add this type.
2022-12-24 08:22:39.432 +01:00 [WRN] PassiveSkillTreePlanter.TreeConfig+SkillTreeData not supported for menu now. Ask developers to add this type.
2022-12-24 08:22:39.457 +01:00 [WRN]  not supported for menu now. Ask developers to add this type.
2022-12-24 08:22:39.457 +01:00 [WRN]  not supported for menu now. Ask developers to add this type.
2022-12-24 08:22:39.457 +01:00 [WRN]  not supported for menu now. Ask developers to add this type.
2022-12-24 08:22:39.457 +01:00 [WRN]  not supported for menu now. Ask developers to add this type.
2022-12-24 08:22:39.457 +01:00 [WRN]  not supported for menu now. Ask developers to add this type.
2022-12-24 08:22:39.457 +01:00 [WRN]  not supported for menu now. Ask developers to add this type.
2022-12-24 08:22:39.457 +01:00 [WRN] <0  0> not supported for menu now. Ask developers to add this type.
2022-12-24 08:22:39.458 +01:00 [WRN] PickIt.PickItSettings+FRSMOverrides not supported for menu now. Ask developers to add this type.
2022-12-24 08:22:39.616 +01:00 [WRN] System.Int32[,] not supported for menu now. Ask developers to add this type.
2022-12-24 08:54:45.600 +01:00 [WRN] TreeRoutine.Routine.BuildYourOwnRoutine.Flask.FlaskSetting[] not supported for menu now. Ask developers to add this type.
2022-12-24 08:54:45.611 +01:00 [WRN] <0  0> not supported for menu now. Ask developers to add this type.
2022-12-24 08:54:45.612 +01:00 [WRN] <0  0> not supported for menu now. Ask developers to add this type.
2022-12-24 08:54:45.630 +01:00 [WRN] TreeRoutine.Routine.BasicFlaskRoutine.Flask.FlaskSetting[] not supported for menu now. Ask developers to add this type.
2022-12-24 08:54:45.705 +01:00 [WRN] 0 not supported for menu now. Ask developers to add this type.
2022-12-24 08:54:45.747 +01:00 [WRN] System.Int32[,] not supported for menu now. Ask developers to add this type.
2022-12-24 08:54:45.756 +01:00 [WRN] 16 not supported for menu now. Ask developers to add this type.
2022-12-24 08:54:45.792 +01:00 [WRN] ExileCore.Shared.Nodes.RangeNode`1[System.Byte] not supported for menu now. Ask developers to add this type.
2022-12-24 08:54:45.792 +01:00 [WRN] ExileCore.Shared.Nodes.RangeNode`1[System.Byte] not supported for menu now. Ask developers to add this type.
2022-12-24 08:54:45.792 +01:00 [WRN] ExileCore.Shared.Nodes.RangeNode`1[System.Byte] not supported for menu now. Ask developers to add this type.
2022-12-24 08:54:45.886 +01:00 [WRN]  not supported for menu now. Ask developers to add this type.
2022-12-24 08:54:45.886 +01:00 [WRN]  not supported for menu now. Ask developers to add this type.
2022-12-24 08:54:45.886 +01:00 [WRN]  not supported for menu now. Ask developers to add this type.
2022-12-24 08:54:45.886 +01:00 [WRN] PassiveSkillTreePlanter.TreeConfig+SkillTreeData not supported for menu now. Ask developers to add this type.
2022-12-24 08:54:45.886 +01:00 [WRN] PassiveSkillTreePlanter.TreeConfig+SkillTreeData not supported for menu now. Ask developers to add this type.
2022-12-24 08:54:45.925 +01:00 [WRN]  not supported for menu now. Ask developers to add this type.
2022-12-24 08:54:45.925 +01:00 [WRN]  not supported for menu now. Ask developers to add this type.
2022-12-24 08:54:45.925 +01:00 [WRN]  not supported for menu now. Ask developers to add this type.
2022-12-24 08:54:45.925 +01:00 [WRN]  not supported for menu now. Ask developers to add this type.
2022-12-24 08:54:45.925 +01:00 [WRN]  not supported for menu now. Ask developers to add this type.
2022-12-24 08:54:45.925 +01:00 [WRN]  not supported for menu now. Ask developers to add this type.
2022-12-24 08:54:45.926 +01:00 [WRN] <0  0> not supported for menu now. Ask developers to add this type.
2022-12-24 08:54:45.926 +01:00 [WRN] PickIt.PickItSettings+FRSMOverrides not supported for menu now. Ask developers to add this type.
2022-12-24 08:54:46.031 +01:00 [WRN] System.Int32[,] not supported for menu now. Ask developers to add this type.
2022-12-24 19:49:37.072 +01:00 [WRN] TreeRoutine.Routine.BuildYourOwnRoutine.Flask.FlaskSetting[] not supported for menu now. Ask developers to add this type.
2022-12-24 19:49:37.077 +01:00 [WRN] <0  0> not supported for menu now. Ask developers to add this type.
2022-12-24 19:49:37.077 +01:00 [WRN] <0  0> not supported for menu now. Ask developers to add this type.
2022-12-24 19:49:37.117 +01:00 [WRN] TreeRoutine.Routine.BasicFlaskRoutine.Flask.FlaskSetting[] not supported for menu now. Ask developers to add this type.
2022-12-24 19:49:37.451 +01:00 [WRN] 0 not supported for menu now. Ask developers to add this type.
2022-12-24 19:49:37.622 +01:00 [WRN] System.Int32[,] not supported for menu now. Ask developers to add this type.
2022-12-24 19:49:37.695 +01:00 [WRN] 16 not supported for menu now. Ask developers to add this type.
2022-12-24 19:49:37.797 +01:00 [WRN] ExileCore.Shared.Nodes.RangeNode`1[System.Byte] not supported for menu now. Ask developers to add this type.
2022-12-24 19:49:37.797 +01:00 [WRN] ExileCore.Shared.Nodes.RangeNode`1[System.Byte] not supported for menu now. Ask developers to add this type.
2022-12-24 19:49:37.798 +01:00 [WRN] ExileCore.Shared.Nodes.RangeNode`1[System.Byte] not supported for menu now. Ask developers to add this type.
2022-12-24 19:49:38.030 +01:00 [WRN]  not supported for menu now. Ask developers to add this type.
2022-12-24 19:49:38.030 +01:00 [WRN]  not supported for menu now. Ask developers to add this type.
2022-12-24 19:49:38.030 +01:00 [WRN]  not supported for menu now. Ask developers to add this type.
2022-12-24 19:49:38.030 +01:00 [WRN] PassiveSkillTreePlanter.TreeConfig+SkillTreeData not supported for menu now. Ask developers to add this type.
2022-12-24 19:49:38.030 +01:00 [WRN] PassiveSkillTreePlanter.TreeConfig+SkillTreeData not supported for menu now. Ask developers to add this type.
2022-12-24 19:49:38.168 +01:00 [WRN]  not supported for menu now. Ask developers to add this type.
2022-12-24 19:49:38.168 +01:00 [WRN]  not supported for menu now. Ask developers to add this type.
2022-12-24 19:49:38.168 +01:00 [WRN]  not supported for menu now. Ask developers to add this type.
2022-12-24 19:49:38.168 +01:00 [WRN]  not supported for menu now. Ask developers to add this type.
2022-12-24 19:49:38.168 +01:00 [WRN]  not supported for menu now. Ask developers to add this type.
2022-12-24 19:49:38.169 +01:00 [WRN]  not supported for menu now. Ask developers to add this type.
2022-12-24 19:49:38.169 +01:00 [WRN] <0  0> not supported for menu now. Ask developers to add this type.
2022-12-24 19:49:38.169 +01:00 [WRN] PickIt.PickItSettings+FRSMOverrides not supported for menu now. Ask developers to add this type.
2022-12-24 19:49:38.599 +01:00 [WRN] System.Int32[,] not supported for menu now. Ask developers to add this type.
2022-12-24 20:57:50.422 +01:00 [WRN] TreeRoutine.Routine.BuildYourOwnRoutine.Flask.FlaskSetting[] not supported for menu now. Ask developers to add this type.
2022-12-24 20:57:50.425 +01:00 [WRN] <0  0> not supported for menu now. Ask developers to add this type.
2022-12-24 20:57:50.425 +01:00 [WRN] <0  0> not supported for menu now. Ask developers to add this type.
2022-12-24 20:57:50.454 +01:00 [WRN] TreeRoutine.Routine.BasicFlaskRoutine.Flask.FlaskSetting[] not supported for menu now. Ask developers to add this type.
2022-12-24 20:57:50.523 +01:00 [WRN] 0 not supported for menu now. Ask developers to add this type.
2022-12-24 20:57:50.583 +01:00 [WRN] System.Int32[,] not supported for menu now. Ask developers to add this type.
2022-12-24 20:57:50.624 +01:00 [WRN] 16 not supported for menu now. Ask developers to add this type.
2022-12-24 20:57:50.659 +01:00 [WRN] ExileCore.Shared.Nodes.RangeNode`1[System.Byte] not supported for menu now. Ask developers to add this type.
2022-12-24 20:57:50.659 +01:00 [WRN] ExileCore.Shared.Nodes.RangeNode`1[System.Byte] not supported for menu now. Ask developers to add this type.
2022-12-24 20:57:50.659 +01:00 [WRN] ExileCore.Shared.Nodes.RangeNode`1[System.Byte] not supported for menu now. Ask developers to add this type.
2022-12-24 20:57:50.761 +01:00 [WRN]  not supported for menu now. Ask developers to add this type.
2022-12-24 20:57:50.761 +01:00 [WRN]  not supported for menu now. Ask developers to add this type.
2022-12-24 20:57:50.761 +01:00 [WRN]  not supported for menu now. Ask developers to add this type.
2022-12-24 20:57:50.761 +01:00 [WRN] PassiveSkillTreePlanter.TreeConfig+SkillTreeData not supported for menu now. Ask developers to add this type.
2022-12-24 20:57:50.762 +01:00 [WRN] PassiveSkillTreePlanter.TreeConfig+SkillTreeData not supported for menu now. Ask developers to add this type.
2022-12-24 20:57:50.795 +01:00 [WRN]  not supported for menu now. Ask developers to add this type.
2022-12-24 20:57:50.795 +01:00 [WRN]  not supported for menu now. Ask developers to add this type.
2022-12-24 20:57:50.795 +01:00 [WRN]  not supported for menu now. Ask developers to add this type.
2022-12-24 20:57:50.795 +01:00 [WRN]  not supported for menu now. Ask developers to add this type.
2022-12-24 20:57:50.795 +01:00 [WRN]  not supported for menu now. Ask developers to add this type.
2022-12-24 20:57:50.795 +01:00 [WRN]  not supported for menu now. Ask developers to add this type.
2022-12-24 20:57:50.795 +01:00 [WRN] <0  0> not supported for menu now. Ask developers to add this type.
2022-12-24 20:57:50.795 +01:00 [WRN] PickIt.PickItSettings+FRSMOverrides not supported for menu now. Ask developers to add this type.
2022-12-24 20:57:50.918 +01:00 [WRN] System.Int32[,] not supported for menu now. Ask developers to add this type.
2022-12-24 21:12:33.602 +01:00 [WRN] TreeRoutine.Routine.BuildYourOwnRoutine.Flask.FlaskSetting[] not supported for menu now. Ask developers to add this type.
2022-12-24 21:12:33.605 +01:00 [WRN] <0  0> not supported for menu now. Ask developers to add this type.
2022-12-24 21:12:33.605 +01:00 [WRN] <0  0> not supported for menu now. Ask developers to add this type.
2022-12-24 21:12:33.629 +01:00 [WRN] TreeRoutine.Routine.BasicFlaskRoutine.Flask.FlaskSetting[] not supported for menu now. Ask developers to add this type.
2022-12-24 21:12:33.713 +01:00 [WRN] 0 not supported for menu now. Ask developers to add this type.
2022-12-24 21:12:33.771 +01:00 [WRN] System.Int32[,] not supported for menu now. Ask developers to add this type.
2022-12-24 21:12:33.785 +01:00 [WRN] 16 not supported for menu now. Ask developers to add this type.
2022-12-24 21:12:33.816 +01:00 [WRN] ExileCore.Shared.Nodes.RangeNode`1[System.Byte] not supported for menu now. Ask developers to add this type.
2022-12-24 21:12:33.816 +01:00 [WRN] ExileCore.Shared.Nodes.RangeNode`1[System.Byte] not supported for menu now. Ask developers to add this type.
2022-12-24 21:12:33.816 +01:00 [WRN] ExileCore.Shared.Nodes.RangeNode`1[System.Byte] not supported for menu now. Ask developers to add this type.
2022-12-24 21:12:33.945 +01:00 [WRN]  not supported for menu now. Ask developers to add this type.
2022-12-24 21:12:33.945 +01:00 [WRN]  not supported for menu now. Ask developers to add this type.
2022-12-24 21:12:33.945 +01:00 [WRN]  not supported for menu now. Ask developers to add this type.
2022-12-24 21:12:33.946 +01:00 [WRN] PassiveSkillTreePlanter.TreeConfig+SkillTreeData not supported for menu now. Ask developers to add this type.
2022-12-24 21:12:33.946 +01:00 [WRN] PassiveSkillTreePlanter.TreeConfig+SkillTreeData not supported for menu now. Ask developers to add this type.
2022-12-24 21:12:33.998 +01:00 [WRN]  not supported for menu now. Ask developers to add this type.
2022-12-24 21:12:33.998 +01:00 [WRN]  not supported for menu now. Ask developers to add this type.
2022-12-24 21:12:33.998 +01:00 [WRN]  not supported for menu now. Ask developers to add this type.
2022-12-24 21:12:33.998 +01:00 [WRN]  not supported for menu now. Ask developers to add this type.
2022-12-24 21:12:33.998 +01:00 [WRN]  not supported for menu now. Ask developers to add this type.
2022-12-24 21:12:33.998 +01:00 [WRN]  not supported for menu now. Ask developers to add this type.
2022-12-24 21:12:33.998 +01:00 [WRN] <0  0> not supported for menu now. Ask developers to add this type.
2022-12-24 21:12:33.998 +01:00 [WRN] PickIt.PickItSettings+FRSMOverrides not supported for menu now. Ask developers to add this type.
2022-12-24 21:12:34.097 +01:00 [WRN] System.Int32[,] not supported for menu now. Ask developers to add this type.
2022-12-24 21:35:03.087 +01:00 [WRN] TreeRoutine.Routine.BuildYourOwnRoutine.Flask.FlaskSetting[] not supported for menu now. Ask developers to add this type.
2022-12-24 21:35:03.090 +01:00 [WRN] <0  0> not supported for menu now. Ask developers to add this type.
2022-12-24 21:35:03.090 +01:00 [WRN] <0  0> not supported for menu now. Ask developers to add this type.
2022-12-24 21:35:03.116 +01:00 [WRN] TreeRoutine.Routine.BasicFlaskRoutine.Flask.FlaskSetting[] not supported for menu now. Ask developers to add this type.
2022-12-24 21:35:03.185 +01:00 [WRN] 0 not supported for menu now. Ask developers to add this type.
2022-12-24 21:35:03.227 +01:00 [WRN] System.Int32[,] not supported for menu now. Ask developers to add this type.
2022-12-24 21:35:03.236 +01:00 [WRN] 16 not supported for menu now. Ask developers to add this type.
2022-12-24 21:35:03.279 +01:00 [WRN] ExileCore.Shared.Nodes.RangeNode`1[System.Byte] not supported for menu now. Ask developers to add this type.
2022-12-24 21:35:03.279 +01:00 [WRN] ExileCore.Shared.Nodes.RangeNode`1[System.Byte] not supported for menu now. Ask developers to add this type.
2022-12-24 21:35:03.280 +01:00 [WRN] ExileCore.Shared.Nodes.RangeNode`1[System.Byte] not supported for menu now. Ask developers to add this type.
2022-12-24 21:35:03.409 +01:00 [WRN]  not supported for menu now. Ask developers to add this type.
2022-12-24 21:35:03.410 +01:00 [WRN]  not supported for menu now. Ask developers to add this type.
2022-12-24 21:35:03.410 +01:00 [WRN]  not supported for menu now. Ask developers to add this type.
2022-12-24 21:35:03.410 +01:00 [WRN] PassiveSkillTreePlanter.TreeConfig+SkillTreeData not supported for menu now. Ask developers to add this type.
2022-12-24 21:35:03.410 +01:00 [WRN] PassiveSkillTreePlanter.TreeConfig+SkillTreeData not supported for menu now. Ask developers to add this type.
2022-12-24 21:35:03.446 +01:00 [WRN]  not supported for menu now. Ask developers to add this type.
2022-12-24 21:35:03.446 +01:00 [WRN]  not supported for menu now. Ask developers to add this type.
2022-12-24 21:35:03.446 +01:00 [WRN]  not supported for menu now. Ask developers to add this type.
2022-12-24 21:35:03.446 +01:00 [WRN]  not supported for menu now. Ask developers to add this type.
2022-12-24 21:35:03.446 +01:00 [WRN]  not supported for menu now. Ask developers to add this type.
2022-12-24 21:35:03.446 +01:00 [WRN]  not supported for menu now. Ask developers to add this type.
2022-12-24 21:35:03.446 +01:00 [WRN] <0  0> not supported for menu now. Ask developers to add this type.
2022-12-24 21:35:03.446 +01:00 [WRN] PickIt.PickItSettings+FRSMOverrides not supported for menu now. Ask developers to add this type.
2022-12-24 21:35:03.580 +01:00 [WRN] System.Int32[,] not supported for menu now. Ask developers to add this type.
2022-12-24 23:19:24.113 +01:00 [WRN] TreeRoutine.Routine.BuildYourOwnRoutine.Flask.FlaskSetting[] not supported for menu now. Ask developers to add this type.
2022-12-24 23:19:24.116 +01:00 [WRN] <0  0> not supported for menu now. Ask developers to add this type.
2022-12-24 23:19:24.116 +01:00 [WRN] <0  0> not supported for menu now. Ask developers to add this type.
2022-12-24 23:19:24.134 +01:00 [WRN] TreeRoutine.Routine.BasicFlaskRoutine.Flask.FlaskSetting[] not supported for menu now. Ask developers to add this type.
2022-12-24 23:19:24.211 +01:00 [WRN] 0 not supported for menu now. Ask developers to add this type.
2022-12-24 23:19:24.253 +01:00 [WRN] System.Int32[,] not supported for menu now. Ask developers to add this type.
2022-12-24 23:19:24.262 +01:00 [WRN] 16 not supported for menu now. Ask developers to add this type.
2022-12-24 23:19:24.289 +01:00 [WRN] ExileCore.Shared.Nodes.RangeNode`1[System.Byte] not supported for menu now. Ask developers to add this type.
2022-12-24 23:19:24.289 +01:00 [WRN] ExileCore.Shared.Nodes.RangeNode`1[System.Byte] not supported for menu now. Ask developers to add this type.
2022-12-24 23:19:24.289 +01:00 [WRN] ExileCore.Shared.Nodes.RangeNode`1[System.Byte] not supported for menu now. Ask developers to add this type.
2022-12-24 23:19:24.377 +01:00 [WRN]  not supported for menu now. Ask developers to add this type.
2022-12-24 23:19:24.377 +01:00 [WRN]  not supported for menu now. Ask developers to add this type.
2022-12-24 23:19:24.377 +01:00 [WRN]  not supported for menu now. Ask developers to add this type.
2022-12-24 23:19:24.377 +01:00 [WRN] PassiveSkillTreePlanter.TreeConfig+SkillTreeData not supported for menu now. Ask developers to add this type.
2022-12-24 23:19:24.377 +01:00 [WRN] PassiveSkillTreePlanter.TreeConfig+SkillTreeData not supported for menu now. Ask developers to add this type.
2022-12-24 23:19:24.404 +01:00 [WRN]  not supported for menu now. Ask developers to add this type.
2022-12-24 23:19:24.404 +01:00 [WRN]  not supported for menu now. Ask developers to add this type.
2022-12-24 23:19:24.404 +01:00 [WRN]  not supported for menu now. Ask developers to add this type.
2022-12-24 23:19:24.404 +01:00 [WRN]  not supported for menu now. Ask developers to add this type.
2022-12-24 23:19:24.404 +01:00 [WRN]  not supported for menu now. Ask developers to add this type.
2022-12-24 23:19:24.404 +01:00 [WRN]  not supported for menu now. Ask developers to add this type.
2022-12-24 23:19:24.404 +01:00 [WRN] <0  0> not supported for menu now. Ask developers to add this type.
2022-12-24 23:19:24.404 +01:00 [WRN] PickIt.PickItSettings+FRSMOverrides not supported for menu now. Ask developers to add this type.
2022-12-24 23:19:24.500 +01:00 [WRN] System.Int32[,] not supported for menu now. Ask developers to add this type.
