2022-12-26 10:13:02.885 +01:00 [WRN] TreeRoutine.Routine.BuildYourOwnRoutine.Flask.FlaskSetting[] not supported for menu now. Ask developers to add this type.
2022-12-26 10:13:02.889 +01:00 [WRN] <0  0> not supported for menu now. Ask developers to add this type.
2022-12-26 10:13:02.889 +01:00 [WRN] <0  0> not supported for menu now. Ask developers to add this type.
2022-12-26 10:13:02.912 +01:00 [WRN] TreeRoutine.Routine.BasicFlaskRoutine.Flask.FlaskSetting[] not supported for menu now. Ask developers to add this type.
2022-12-26 10:13:03.287 +01:00 [WRN] 0 not supported for menu now. Ask developers to add this type.
2022-12-26 10:13:03.495 +01:00 [WRN] System.Int32[,] not supported for menu now. Ask developers to add this type.
2022-12-26 10:13:03.587 +01:00 [WRN] 16 not supported for menu now. Ask developers to add this type.
2022-12-26 10:13:03.712 +01:00 [WRN] ExileCore.Shared.Nodes.RangeNode`1[System.Byte] not supported for menu now. Ask developers to add this type.
2022-12-26 10:13:03.712 +01:00 [WRN] ExileCore.Shared.Nodes.RangeNode`1[System.Byte] not supported for menu now. Ask developers to add this type.
2022-12-26 10:13:03.712 +01:00 [WRN] ExileCore.Shared.Nodes.RangeNode`1[System.Byte] not supported for menu now. Ask developers to add this type.
2022-12-26 10:13:03.967 +01:00 [WRN]  not supported for menu now. Ask developers to add this type.
2022-12-26 10:13:03.967 +01:00 [WRN]  not supported for menu now. Ask developers to add this type.
2022-12-26 10:13:03.967 +01:00 [WRN]  not supported for menu now. Ask developers to add this type.
2022-12-26 10:13:03.967 +01:00 [WRN] PassiveSkillTreePlanter.TreeConfig+SkillTreeData not supported for menu now. Ask developers to add this type.
2022-12-26 10:13:03.967 +01:00 [WRN] PassiveSkillTreePlanter.TreeConfig+SkillTreeData not supported for menu now. Ask developers to add this type.
2022-12-26 10:13:04.101 +01:00 [WRN]  not supported for menu now. Ask developers to add this type.
2022-12-26 10:13:04.101 +01:00 [WRN]  not supported for menu now. Ask developers to add this type.
2022-12-26 10:13:04.101 +01:00 [WRN]  not supported for menu now. Ask developers to add this type.
2022-12-26 10:13:04.101 +01:00 [WRN]  not supported for menu now. Ask developers to add this type.
2022-12-26 10:13:04.101 +01:00 [WRN]  not supported for menu now. Ask developers to add this type.
2022-12-26 10:13:04.102 +01:00 [WRN]  not supported for menu now. Ask developers to add this type.
2022-12-26 10:13:04.102 +01:00 [WRN] <0  0> not supported for menu now. Ask developers to add this type.
2022-12-26 10:13:04.102 +01:00 [WRN] PickIt.PickItSettings+FRSMOverrides not supported for menu now. Ask developers to add this type.
2022-12-26 10:13:04.499 +01:00 [WRN] System.Int32[,] not supported for menu now. Ask developers to add this type.
2022-12-26 11:34:53.224 +01:00 [WRN] TreeRoutine.Routine.BuildYourOwnRoutine.Flask.FlaskSetting[] not supported for menu now. Ask developers to add this type.
2022-12-26 11:34:53.228 +01:00 [WRN] <0  0> not supported for menu now. Ask developers to add this type.
2022-12-26 11:34:53.228 +01:00 [WRN] <0  0> not supported for menu now. Ask developers to add this type.
2022-12-26 11:34:53.258 +01:00 [WRN] TreeRoutine.Routine.BasicFlaskRoutine.Flask.FlaskSetting[] not supported for menu now. Ask developers to add this type.
2022-12-26 11:34:53.593 +01:00 [WRN] 0 not supported for menu now. Ask developers to add this type.
2022-12-26 11:34:53.782 +01:00 [WRN] System.Int32[,] not supported for menu now. Ask developers to add this type.
2022-12-26 11:34:53.873 +01:00 [WRN] 16 not supported for menu now. Ask developers to add this type.
2022-12-26 11:34:53.986 +01:00 [WRN] ExileCore.Shared.Nodes.RangeNode`1[System.Byte] not supported for menu now. Ask developers to add this type.
2022-12-26 11:34:53.986 +01:00 [WRN] ExileCore.Shared.Nodes.RangeNode`1[System.Byte] not supported for menu now. Ask developers to add this type.
2022-12-26 11:34:53.986 +01:00 [WRN] ExileCore.Shared.Nodes.RangeNode`1[System.Byte] not supported for menu now. Ask developers to add this type.
2022-12-26 11:34:54.248 +01:00 [WRN]  not supported for menu now. Ask developers to add this type.
2022-12-26 11:34:54.248 +01:00 [WRN]  not supported for menu now. Ask developers to add this type.
2022-12-26 11:34:54.248 +01:00 [WRN]  not supported for menu now. Ask developers to add this type.
2022-12-26 11:34:54.249 +01:00 [WRN] PassiveSkillTreePlanter.TreeConfig+SkillTreeData not supported for menu now. Ask developers to add this type.
2022-12-26 11:34:54.249 +01:00 [WRN] PassiveSkillTreePlanter.TreeConfig+SkillTreeData not supported for menu now. Ask developers to add this type.
2022-12-26 11:34:54.381 +01:00 [WRN]  not supported for menu now. Ask developers to add this type.
2022-12-26 11:34:54.381 +01:00 [WRN]  not supported for menu now. Ask developers to add this type.
2022-12-26 11:34:54.381 +01:00 [WRN]  not supported for menu now. Ask developers to add this type.
2022-12-26 11:34:54.381 +01:00 [WRN]  not supported for menu now. Ask developers to add this type.
2022-12-26 11:34:54.381 +01:00 [WRN]  not supported for menu now. Ask developers to add this type.
2022-12-26 11:34:54.381 +01:00 [WRN]  not supported for menu now. Ask developers to add this type.
2022-12-26 11:34:54.381 +01:00 [WRN] <0  0> not supported for menu now. Ask developers to add this type.
2022-12-26 11:34:54.381 +01:00 [WRN] PickIt.PickItSettings+FRSMOverrides not supported for menu now. Ask developers to add this type.
2022-12-26 11:34:54.762 +01:00 [WRN] System.Int32[,] not supported for menu now. Ask developers to add this type.
2022-12-26 13:00:20.322 +01:00 [WRN] TreeRoutine.Routine.BuildYourOwnRoutine.Flask.FlaskSetting[] not supported for menu now. Ask developers to add this type.
2022-12-26 13:00:20.325 +01:00 [WRN] <0  0> not supported for menu now. Ask developers to add this type.
2022-12-26 13:00:20.326 +01:00 [WRN] <0  0> not supported for menu now. Ask developers to add this type.
2022-12-26 13:00:20.344 +01:00 [WRN] TreeRoutine.Routine.BasicFlaskRoutine.Flask.FlaskSetting[] not supported for menu now. Ask developers to add this type.
2022-12-26 13:00:20.418 +01:00 [WRN] 0 not supported for menu now. Ask developers to add this type.
2022-12-26 13:00:20.482 +01:00 [WRN] System.Int32[,] not supported for menu now. Ask developers to add this type.
2022-12-26 13:00:20.491 +01:00 [WRN] 16 not supported for menu now. Ask developers to add this type.
2022-12-26 13:00:20.526 +01:00 [WRN] ExileCore.Shared.Nodes.RangeNode`1[System.Byte] not supported for menu now. Ask developers to add this type.
2022-12-26 13:00:20.526 +01:00 [WRN] ExileCore.Shared.Nodes.RangeNode`1[System.Byte] not supported for menu now. Ask developers to add this type.
2022-12-26 13:00:20.526 +01:00 [WRN] ExileCore.Shared.Nodes.RangeNode`1[System.Byte] not supported for menu now. Ask developers to add this type.
2022-12-26 13:00:20.640 +01:00 [WRN]  not supported for menu now. Ask developers to add this type.
2022-12-26 13:00:20.640 +01:00 [WRN]  not supported for menu now. Ask developers to add this type.
2022-12-26 13:00:20.640 +01:00 [WRN]  not supported for menu now. Ask developers to add this type.
2022-12-26 13:00:20.640 +01:00 [WRN] PassiveSkillTreePlanter.TreeConfig+SkillTreeData not supported for menu now. Ask developers to add this type.
2022-12-26 13:00:20.640 +01:00 [WRN] PassiveSkillTreePlanter.TreeConfig+SkillTreeData not supported for menu now. Ask developers to add this type.
2022-12-26 13:00:20.677 +01:00 [WRN]  not supported for menu now. Ask developers to add this type.
2022-12-26 13:00:20.678 +01:00 [WRN]  not supported for menu now. Ask developers to add this type.
2022-12-26 13:00:20.678 +01:00 [WRN]  not supported for menu now. Ask developers to add this type.
2022-12-26 13:00:20.678 +01:00 [WRN]  not supported for menu now. Ask developers to add this type.
2022-12-26 13:00:20.678 +01:00 [WRN]  not supported for menu now. Ask developers to add this type.
2022-12-26 13:00:20.678 +01:00 [WRN]  not supported for menu now. Ask developers to add this type.
2022-12-26 13:00:20.678 +01:00 [WRN] <0  0> not supported for menu now. Ask developers to add this type.
2022-12-26 13:00:20.678 +01:00 [WRN] PickIt.PickItSettings+FRSMOverrides not supported for menu now. Ask developers to add this type.
2022-12-26 13:00:20.778 +01:00 [WRN] System.Int32[,] not supported for menu now. Ask developers to add this type.
2022-12-26 16:55:57.972 +01:00 [WRN] TreeRoutine.Routine.BuildYourOwnRoutine.Flask.FlaskSetting[] not supported for menu now. Ask developers to add this type.
2022-12-26 16:55:57.976 +01:00 [WRN] <0  0> not supported for menu now. Ask developers to add this type.
2022-12-26 16:55:57.976 +01:00 [WRN] <0  0> not supported for menu now. Ask developers to add this type.
2022-12-26 16:55:57.995 +01:00 [WRN] TreeRoutine.Routine.BasicFlaskRoutine.Flask.FlaskSetting[] not supported for menu now. Ask developers to add this type.
2022-12-26 16:55:58.081 +01:00 [WRN] 0 not supported for menu now. Ask developers to add this type.
2022-12-26 16:55:58.122 +01:00 [WRN] System.Int32[,] not supported for menu now. Ask developers to add this type.
2022-12-26 16:55:58.134 +01:00 [WRN] 16 not supported for menu now. Ask developers to add this type.
2022-12-26 16:55:58.161 +01:00 [WRN] ExileCore.Shared.Nodes.RangeNode`1[System.Byte] not supported for menu now. Ask developers to add this type.
2022-12-26 16:55:58.161 +01:00 [WRN] ExileCore.Shared.Nodes.RangeNode`1[System.Byte] not supported for menu now. Ask developers to add this type.
2022-12-26 16:55:58.162 +01:00 [WRN] ExileCore.Shared.Nodes.RangeNode`1[System.Byte] not supported for menu now. Ask developers to add this type.
2022-12-26 16:55:58.247 +01:00 [WRN]  not supported for menu now. Ask developers to add this type.
2022-12-26 16:55:58.248 +01:00 [WRN]  not supported for menu now. Ask developers to add this type.
2022-12-26 16:55:58.248 +01:00 [WRN]  not supported for menu now. Ask developers to add this type.
2022-12-26 16:55:58.248 +01:00 [WRN] PassiveSkillTreePlanter.TreeConfig+SkillTreeData not supported for menu now. Ask developers to add this type.
2022-12-26 16:55:58.248 +01:00 [WRN] PassiveSkillTreePlanter.TreeConfig+SkillTreeData not supported for menu now. Ask developers to add this type.
2022-12-26 16:55:58.287 +01:00 [WRN]  not supported for menu now. Ask developers to add this type.
2022-12-26 16:55:58.287 +01:00 [WRN]  not supported for menu now. Ask developers to add this type.
2022-12-26 16:55:58.287 +01:00 [WRN]  not supported for menu now. Ask developers to add this type.
2022-12-26 16:55:58.287 +01:00 [WRN]  not supported for menu now. Ask developers to add this type.
2022-12-26 16:55:58.287 +01:00 [WRN]  not supported for menu now. Ask developers to add this type.
2022-12-26 16:55:58.287 +01:00 [WRN]  not supported for menu now. Ask developers to add this type.
2022-12-26 16:55:58.287 +01:00 [WRN] <0  0> not supported for menu now. Ask developers to add this type.
2022-12-26 16:55:58.287 +01:00 [WRN] PickIt.PickItSettings+FRSMOverrides not supported for menu now. Ask developers to add this type.
2022-12-26 16:55:58.389 +01:00 [WRN] System.Int32[,] not supported for menu now. Ask developers to add this type.
2022-12-26 16:58:07.224 +01:00 [WRN] TreeRoutine.Routine.BuildYourOwnRoutine.Flask.FlaskSetting[] not supported for menu now. Ask developers to add this type.
2022-12-26 16:58:07.227 +01:00 [WRN] <0  0> not supported for menu now. Ask developers to add this type.
2022-12-26 16:58:07.227 +01:00 [WRN] <0  0> not supported for menu now. Ask developers to add this type.
2022-12-26 16:58:07.245 +01:00 [WRN] TreeRoutine.Routine.BasicFlaskRoutine.Flask.FlaskSetting[] not supported for menu now. Ask developers to add this type.
2022-12-26 16:58:07.327 +01:00 [WRN] 0 not supported for menu now. Ask developers to add this type.
2022-12-26 16:58:07.372 +01:00 [WRN] System.Int32[,] not supported for menu now. Ask developers to add this type.
2022-12-26 16:58:07.382 +01:00 [WRN] 16 not supported for menu now. Ask developers to add this type.
2022-12-26 16:58:07.420 +01:00 [WRN] ExileCore.Shared.Nodes.RangeNode`1[System.Byte] not supported for menu now. Ask developers to add this type.
2022-12-26 16:58:07.420 +01:00 [WRN] ExileCore.Shared.Nodes.RangeNode`1[System.Byte] not supported for menu now. Ask developers to add this type.
2022-12-26 16:58:07.420 +01:00 [WRN] ExileCore.Shared.Nodes.RangeNode`1[System.Byte] not supported for menu now. Ask developers to add this type.
2022-12-26 16:58:07.536 +01:00 [WRN]  not supported for menu now. Ask developers to add this type.
2022-12-26 16:58:07.536 +01:00 [WRN]  not supported for menu now. Ask developers to add this type.
2022-12-26 16:58:07.536 +01:00 [WRN]  not supported for menu now. Ask developers to add this type.
2022-12-26 16:58:07.536 +01:00 [WRN] PassiveSkillTreePlanter.TreeConfig+SkillTreeData not supported for menu now. Ask developers to add this type.
2022-12-26 16:58:07.536 +01:00 [WRN] PassiveSkillTreePlanter.TreeConfig+SkillTreeData not supported for menu now. Ask developers to add this type.
2022-12-26 16:58:07.570 +01:00 [WRN]  not supported for menu now. Ask developers to add this type.
2022-12-26 16:58:07.570 +01:00 [WRN]  not supported for menu now. Ask developers to add this type.
2022-12-26 16:58:07.571 +01:00 [WRN]  not supported for menu now. Ask developers to add this type.
2022-12-26 16:58:07.571 +01:00 [WRN]  not supported for menu now. Ask developers to add this type.
2022-12-26 16:58:07.571 +01:00 [WRN]  not supported for menu now. Ask developers to add this type.
2022-12-26 16:58:07.571 +01:00 [WRN]  not supported for menu now. Ask developers to add this type.
2022-12-26 16:58:07.571 +01:00 [WRN] <0  0> not supported for menu now. Ask developers to add this type.
2022-12-26 16:58:07.571 +01:00 [WRN] PickIt.PickItSettings+FRSMOverrides not supported for menu now. Ask developers to add this type.
2022-12-26 16:58:07.669 +01:00 [WRN] System.Int32[,] not supported for menu now. Ask developers to add this type.
2022-12-26 17:43:17.230 +01:00 [WRN] TreeRoutine.Routine.BuildYourOwnRoutine.Flask.FlaskSetting[] not supported for menu now. Ask developers to add this type.
2022-12-26 17:43:17.233 +01:00 [WRN] <0  0> not supported for menu now. Ask developers to add this type.
2022-12-26 17:43:17.233 +01:00 [WRN] <0  0> not supported for menu now. Ask developers to add this type.
2022-12-26 17:43:17.254 +01:00 [WRN] TreeRoutine.Routine.BasicFlaskRoutine.Flask.FlaskSetting[] not supported for menu now. Ask developers to add this type.
2022-12-26 17:43:17.605 +01:00 [WRN] 0 not supported for menu now. Ask developers to add this type.
2022-12-26 17:43:17.782 +01:00 [WRN] System.Int32[,] not supported for menu now. Ask developers to add this type.
2022-12-26 17:43:17.865 +01:00 [WRN] 16 not supported for menu now. Ask developers to add this type.
2022-12-26 17:43:17.960 +01:00 [WRN] ExileCore.Shared.Nodes.RangeNode`1[System.Byte] not supported for menu now. Ask developers to add this type.
2022-12-26 17:43:17.960 +01:00 [WRN] ExileCore.Shared.Nodes.RangeNode`1[System.Byte] not supported for menu now. Ask developers to add this type.
2022-12-26 17:43:17.960 +01:00 [WRN] ExileCore.Shared.Nodes.RangeNode`1[System.Byte] not supported for menu now. Ask developers to add this type.
2022-12-26 17:43:18.185 +01:00 [WRN]  not supported for menu now. Ask developers to add this type.
2022-12-26 17:43:18.185 +01:00 [WRN]  not supported for menu now. Ask developers to add this type.
2022-12-26 17:43:18.185 +01:00 [WRN]  not supported for menu now. Ask developers to add this type.
2022-12-26 17:43:18.185 +01:00 [WRN] PassiveSkillTreePlanter.TreeConfig+SkillTreeData not supported for menu now. Ask developers to add this type.
2022-12-26 17:43:18.185 +01:00 [WRN] PassiveSkillTreePlanter.TreeConfig+SkillTreeData not supported for menu now. Ask developers to add this type.
2022-12-26 17:43:18.313 +01:00 [WRN]  not supported for menu now. Ask developers to add this type.
2022-12-26 17:43:18.313 +01:00 [WRN]  not supported for menu now. Ask developers to add this type.
2022-12-26 17:43:18.313 +01:00 [WRN]  not supported for menu now. Ask developers to add this type.
2022-12-26 17:43:18.313 +01:00 [WRN]  not supported for menu now. Ask developers to add this type.
2022-12-26 17:43:18.313 +01:00 [WRN]  not supported for menu now. Ask developers to add this type.
2022-12-26 17:43:18.313 +01:00 [WRN]  not supported for menu now. Ask developers to add this type.
2022-12-26 17:43:18.313 +01:00 [WRN] <0  0> not supported for menu now. Ask developers to add this type.
2022-12-26 17:43:18.313 +01:00 [WRN] PickIt.PickItSettings+FRSMOverrides not supported for menu now. Ask developers to add this type.
2022-12-26 17:43:18.682 +01:00 [WRN] System.Int32[,] not supported for menu now. Ask developers to add this type.
2022-12-26 18:15:28.172 +01:00 [WRN] TreeRoutine.Routine.BuildYourOwnRoutine.Flask.FlaskSetting[] not supported for menu now. Ask developers to add this type.
2022-12-26 18:15:28.176 +01:00 [WRN] <0  0> not supported for menu now. Ask developers to add this type.
2022-12-26 18:15:28.176 +01:00 [WRN] <0  0> not supported for menu now. Ask developers to add this type.
2022-12-26 18:15:28.193 +01:00 [WRN] TreeRoutine.Routine.BasicFlaskRoutine.Flask.FlaskSetting[] not supported for menu now. Ask developers to add this type.
2022-12-26 18:15:28.286 +01:00 [WRN] 0 not supported for menu now. Ask developers to add this type.
2022-12-26 18:15:28.342 +01:00 [WRN] System.Int32[,] not supported for menu now. Ask developers to add this type.
2022-12-26 18:15:28.363 +01:00 [WRN] 16 not supported for menu now. Ask developers to add this type.
2022-12-26 18:15:28.398 +01:00 [WRN] ExileCore.Shared.Nodes.RangeNode`1[System.Byte] not supported for menu now. Ask developers to add this type.
2022-12-26 18:15:28.398 +01:00 [WRN] ExileCore.Shared.Nodes.RangeNode`1[System.Byte] not supported for menu now. Ask developers to add this type.
2022-12-26 18:15:28.398 +01:00 [WRN] ExileCore.Shared.Nodes.RangeNode`1[System.Byte] not supported for menu now. Ask developers to add this type.
2022-12-26 18:15:28.535 +01:00 [WRN]  not supported for menu now. Ask developers to add this type.
2022-12-26 18:15:28.535 +01:00 [WRN]  not supported for menu now. Ask developers to add this type.
2022-12-26 18:15:28.535 +01:00 [WRN]  not supported for menu now. Ask developers to add this type.
2022-12-26 18:15:28.535 +01:00 [WRN] PassiveSkillTreePlanter.TreeConfig+SkillTreeData not supported for menu now. Ask developers to add this type.
2022-12-26 18:15:28.535 +01:00 [WRN] PassiveSkillTreePlanter.TreeConfig+SkillTreeData not supported for menu now. Ask developers to add this type.
2022-12-26 18:15:28.560 +01:00 [WRN]  not supported for menu now. Ask developers to add this type.
2022-12-26 18:15:28.560 +01:00 [WRN]  not supported for menu now. Ask developers to add this type.
2022-12-26 18:15:28.560 +01:00 [WRN]  not supported for menu now. Ask developers to add this type.
2022-12-26 18:15:28.560 +01:00 [WRN]  not supported for menu now. Ask developers to add this type.
2022-12-26 18:15:28.560 +01:00 [WRN]  not supported for menu now. Ask developers to add this type.
2022-12-26 18:15:28.567 +01:00 [WRN]  not supported for menu now. Ask developers to add this type.
2022-12-26 18:15:28.567 +01:00 [WRN] <0  0> not supported for menu now. Ask developers to add this type.
2022-12-26 18:15:28.567 +01:00 [WRN] PickIt.PickItSettings+FRSMOverrides not supported for menu now. Ask developers to add this type.
2022-12-26 18:15:28.659 +01:00 [WRN] System.Int32[,] not supported for menu now. Ask developers to add this type.
2022-12-26 18:56:19.113 +01:00 [WRN] TreeRoutine.Routine.BuildYourOwnRoutine.Flask.FlaskSetting[] not supported for menu now. Ask developers to add this type.
2022-12-26 18:56:19.117 +01:00 [WRN] <0  0> not supported for menu now. Ask developers to add this type.
2022-12-26 18:56:19.117 +01:00 [WRN] <0  0> not supported for menu now. Ask developers to add this type.
2022-12-26 18:56:19.136 +01:00 [WRN] TreeRoutine.Routine.BasicFlaskRoutine.Flask.FlaskSetting[] not supported for menu now. Ask developers to add this type.
2022-12-26 18:56:19.215 +01:00 [WRN] 0 not supported for menu now. Ask developers to add this type.
2022-12-26 18:56:19.261 +01:00 [WRN] System.Int32[,] not supported for menu now. Ask developers to add this type.
2022-12-26 18:56:19.271 +01:00 [WRN] 16 not supported for menu now. Ask developers to add this type.
2022-12-26 18:56:19.307 +01:00 [WRN] ExileCore.Shared.Nodes.RangeNode`1[System.Byte] not supported for menu now. Ask developers to add this type.
2022-12-26 18:56:19.308 +01:00 [WRN] ExileCore.Shared.Nodes.RangeNode`1[System.Byte] not supported for menu now. Ask developers to add this type.
2022-12-26 18:56:19.308 +01:00 [WRN] ExileCore.Shared.Nodes.RangeNode`1[System.Byte] not supported for menu now. Ask developers to add this type.
2022-12-26 18:56:19.392 +01:00 [WRN]  not supported for menu now. Ask developers to add this type.
2022-12-26 18:56:19.392 +01:00 [WRN]  not supported for menu now. Ask developers to add this type.
2022-12-26 18:56:19.392 +01:00 [WRN]  not supported for menu now. Ask developers to add this type.
2022-12-26 18:56:19.392 +01:00 [WRN] PassiveSkillTreePlanter.TreeConfig+SkillTreeData not supported for menu now. Ask developers to add this type.
2022-12-26 18:56:19.392 +01:00 [WRN] PassiveSkillTreePlanter.TreeConfig+SkillTreeData not supported for menu now. Ask developers to add this type.
2022-12-26 18:56:19.445 +01:00 [WRN]  not supported for menu now. Ask developers to add this type.
2022-12-26 18:56:19.445 +01:00 [WRN]  not supported for menu now. Ask developers to add this type.
2022-12-26 18:56:19.445 +01:00 [WRN]  not supported for menu now. Ask developers to add this type.
2022-12-26 18:56:19.445 +01:00 [WRN]  not supported for menu now. Ask developers to add this type.
2022-12-26 18:56:19.445 +01:00 [WRN]  not supported for menu now. Ask developers to add this type.
2022-12-26 18:56:19.445 +01:00 [WRN]  not supported for menu now. Ask developers to add this type.
2022-12-26 18:56:19.445 +01:00 [WRN] <0  0> not supported for menu now. Ask developers to add this type.
2022-12-26 18:56:19.445 +01:00 [WRN] PickIt.PickItSettings+FRSMOverrides not supported for menu now. Ask developers to add this type.
2022-12-26 18:56:19.593 +01:00 [WRN] System.Int32[,] not supported for menu now. Ask developers to add this type.
2022-12-26 18:56:30.786 +01:00 [WRN] TreeRoutine.Routine.BuildYourOwnRoutine.Flask.FlaskSetting[] not supported for menu now. Ask developers to add this type.
2022-12-26 18:56:30.790 +01:00 [WRN] <0  0> not supported for menu now. Ask developers to add this type.
2022-12-26 18:56:30.791 +01:00 [WRN] <0  0> not supported for menu now. Ask developers to add this type.
2022-12-26 18:56:30.809 +01:00 [WRN] TreeRoutine.Routine.BasicFlaskRoutine.Flask.FlaskSetting[] not supported for menu now. Ask developers to add this type.
2022-12-26 18:56:30.895 +01:00 [WRN] 0 not supported for menu now. Ask developers to add this type.
2022-12-26 18:56:30.948 +01:00 [WRN] System.Int32[,] not supported for menu now. Ask developers to add this type.
2022-12-26 18:56:30.958 +01:00 [WRN] 16 not supported for menu now. Ask developers to add this type.
2022-12-26 18:56:30.985 +01:00 [WRN] ExileCore.Shared.Nodes.RangeNode`1[System.Byte] not supported for menu now. Ask developers to add this type.
2022-12-26 18:56:30.985 +01:00 [WRN] ExileCore.Shared.Nodes.RangeNode`1[System.Byte] not supported for menu now. Ask developers to add this type.
2022-12-26 18:56:30.986 +01:00 [WRN] ExileCore.Shared.Nodes.RangeNode`1[System.Byte] not supported for menu now. Ask developers to add this type.
2022-12-26 18:56:31.073 +01:00 [WRN]  not supported for menu now. Ask developers to add this type.
2022-12-26 18:56:31.073 +01:00 [WRN]  not supported for menu now. Ask developers to add this type.
2022-12-26 18:56:31.073 +01:00 [WRN]  not supported for menu now. Ask developers to add this type.
2022-12-26 18:56:31.073 +01:00 [WRN] PassiveSkillTreePlanter.TreeConfig+SkillTreeData not supported for menu now. Ask developers to add this type.
2022-12-26 18:56:31.073 +01:00 [WRN] PassiveSkillTreePlanter.TreeConfig+SkillTreeData not supported for menu now. Ask developers to add this type.
2022-12-26 18:56:31.102 +01:00 [WRN]  not supported for menu now. Ask developers to add this type.
2022-12-26 18:56:31.102 +01:00 [WRN]  not supported for menu now. Ask developers to add this type.
2022-12-26 18:56:31.102 +01:00 [WRN]  not supported for menu now. Ask developers to add this type.
2022-12-26 18:56:31.102 +01:00 [WRN]  not supported for menu now. Ask developers to add this type.
2022-12-26 18:56:31.102 +01:00 [WRN]  not supported for menu now. Ask developers to add this type.
2022-12-26 18:56:31.102 +01:00 [WRN]  not supported for menu now. Ask developers to add this type.
2022-12-26 18:56:31.103 +01:00 [WRN] <0  0> not supported for menu now. Ask developers to add this type.
2022-12-26 18:56:31.103 +01:00 [WRN] PickIt.PickItSettings+FRSMOverrides not supported for menu now. Ask developers to add this type.
2022-12-26 18:56:31.214 +01:00 [WRN] System.Int32[,] not supported for menu now. Ask developers to add this type.
2022-12-26 19:30:21.210 +01:00 [WRN] TreeRoutine.Routine.BuildYourOwnRoutine.Flask.FlaskSetting[] not supported for menu now. Ask developers to add this type.
2022-12-26 19:30:21.214 +01:00 [WRN] <0  0> not supported for menu now. Ask developers to add this type.
2022-12-26 19:30:21.214 +01:00 [WRN] <0  0> not supported for menu now. Ask developers to add this type.
2022-12-26 19:30:21.244 +01:00 [WRN] TreeRoutine.Routine.BasicFlaskRoutine.Flask.FlaskSetting[] not supported for menu now. Ask developers to add this type.
2022-12-26 19:30:21.320 +01:00 [WRN] 0 not supported for menu now. Ask developers to add this type.
2022-12-26 19:30:21.362 +01:00 [WRN] System.Int32[,] not supported for menu now. Ask developers to add this type.
2022-12-26 19:30:21.377 +01:00 [WRN] 16 not supported for menu now. Ask developers to add this type.
2022-12-26 19:30:21.410 +01:00 [WRN] ExileCore.Shared.Nodes.RangeNode`1[System.Byte] not supported for menu now. Ask developers to add this type.
2022-12-26 19:30:21.410 +01:00 [WRN] ExileCore.Shared.Nodes.RangeNode`1[System.Byte] not supported for menu now. Ask developers to add this type.
2022-12-26 19:30:21.410 +01:00 [WRN] ExileCore.Shared.Nodes.RangeNode`1[System.Byte] not supported for menu now. Ask developers to add this type.
2022-12-26 19:30:21.520 +01:00 [WRN]  not supported for menu now. Ask developers to add this type.
2022-12-26 19:30:21.520 +01:00 [WRN]  not supported for menu now. Ask developers to add this type.
2022-12-26 19:30:21.520 +01:00 [WRN]  not supported for menu now. Ask developers to add this type.
2022-12-26 19:30:21.520 +01:00 [WRN] PassiveSkillTreePlanter.TreeConfig+SkillTreeData not supported for menu now. Ask developers to add this type.
2022-12-26 19:30:21.520 +01:00 [WRN] PassiveSkillTreePlanter.TreeConfig+SkillTreeData not supported for menu now. Ask developers to add this type.
2022-12-26 19:30:21.548 +01:00 [WRN]  not supported for menu now. Ask developers to add this type.
2022-12-26 19:30:21.549 +01:00 [WRN]  not supported for menu now. Ask developers to add this type.
2022-12-26 19:30:21.549 +01:00 [WRN]  not supported for menu now. Ask developers to add this type.
2022-12-26 19:30:21.549 +01:00 [WRN]  not supported for menu now. Ask developers to add this type.
2022-12-26 19:30:21.549 +01:00 [WRN]  not supported for menu now. Ask developers to add this type.
2022-12-26 19:30:21.549 +01:00 [WRN]  not supported for menu now. Ask developers to add this type.
2022-12-26 19:30:21.549 +01:00 [WRN] <0  0> not supported for menu now. Ask developers to add this type.
2022-12-26 19:30:21.549 +01:00 [WRN] PickIt.PickItSettings+FRSMOverrides not supported for menu now. Ask developers to add this type.
2022-12-26 19:30:21.654 +01:00 [WRN] System.Int32[,] not supported for menu now. Ask developers to add this type.
2022-12-26 21:35:28.931 +01:00 [WRN] TreeRoutine.Routine.BuildYourOwnRoutine.Flask.FlaskSetting[] not supported for menu now. Ask developers to add this type.
2022-12-26 21:35:28.934 +01:00 [WRN] <0  0> not supported for menu now. Ask developers to add this type.
2022-12-26 21:35:28.935 +01:00 [WRN] <0  0> not supported for menu now. Ask developers to add this type.
2022-12-26 21:35:28.954 +01:00 [WRN] TreeRoutine.Routine.BasicFlaskRoutine.Flask.FlaskSetting[] not supported for menu now. Ask developers to add this type.
2022-12-26 21:35:29.044 +01:00 [WRN] 0 not supported for menu now. Ask developers to add this type.
2022-12-26 21:35:29.086 +01:00 [WRN] System.Int32[,] not supported for menu now. Ask developers to add this type.
2022-12-26 21:35:29.096 +01:00 [WRN] 16 not supported for menu now. Ask developers to add this type.
2022-12-26 21:35:29.125 +01:00 [WRN] ExileCore.Shared.Nodes.RangeNode`1[System.Byte] not supported for menu now. Ask developers to add this type.
2022-12-26 21:35:29.125 +01:00 [WRN] ExileCore.Shared.Nodes.RangeNode`1[System.Byte] not supported for menu now. Ask developers to add this type.
2022-12-26 21:35:29.125 +01:00 [WRN] ExileCore.Shared.Nodes.RangeNode`1[System.Byte] not supported for menu now. Ask developers to add this type.
2022-12-26 21:35:29.235 +01:00 [WRN]  not supported for menu now. Ask developers to add this type.
2022-12-26 21:35:29.235 +01:00 [WRN]  not supported for menu now. Ask developers to add this type.
2022-12-26 21:35:29.235 +01:00 [WRN]  not supported for menu now. Ask developers to add this type.
2022-12-26 21:35:29.235 +01:00 [WRN] PassiveSkillTreePlanter.TreeConfig+SkillTreeData not supported for menu now. Ask developers to add this type.
2022-12-26 21:35:29.235 +01:00 [WRN] PassiveSkillTreePlanter.TreeConfig+SkillTreeData not supported for menu now. Ask developers to add this type.
2022-12-26 21:35:29.268 +01:00 [WRN]  not supported for menu now. Ask developers to add this type.
2022-12-26 21:35:29.268 +01:00 [WRN]  not supported for menu now. Ask developers to add this type.
2022-12-26 21:35:29.268 +01:00 [WRN]  not supported for menu now. Ask developers to add this type.
2022-12-26 21:35:29.268 +01:00 [WRN]  not supported for menu now. Ask developers to add this type.
2022-12-26 21:35:29.269 +01:00 [WRN]  not supported for menu now. Ask developers to add this type.
2022-12-26 21:35:29.269 +01:00 [WRN]  not supported for menu now. Ask developers to add this type.
2022-12-26 21:35:29.269 +01:00 [WRN] <0  0> not supported for menu now. Ask developers to add this type.
2022-12-26 21:35:29.269 +01:00 [WRN] PickIt.PickItSettings+FRSMOverrides not supported for menu now. Ask developers to add this type.
2022-12-26 21:35:29.369 +01:00 [WRN] System.Int32[,] not supported for menu now. Ask developers to add this type.
2022-12-26 21:46:41.096 +01:00 [WRN] TreeRoutine.Routine.BuildYourOwnRoutine.Flask.FlaskSetting[] not supported for menu now. Ask developers to add this type.
2022-12-26 21:46:41.099 +01:00 [WRN] <0  0> not supported for menu now. Ask developers to add this type.
2022-12-26 21:46:41.099 +01:00 [WRN] <0  0> not supported for menu now. Ask developers to add this type.
2022-12-26 21:46:41.116 +01:00 [WRN] TreeRoutine.Routine.BasicFlaskRoutine.Flask.FlaskSetting[] not supported for menu now. Ask developers to add this type.
2022-12-26 21:46:41.195 +01:00 [WRN] 0 not supported for menu now. Ask developers to add this type.
2022-12-26 21:46:41.240 +01:00 [WRN] System.Int32[,] not supported for menu now. Ask developers to add this type.
2022-12-26 21:46:41.256 +01:00 [WRN] 16 not supported for menu now. Ask developers to add this type.
2022-12-26 21:46:41.289 +01:00 [WRN] ExileCore.Shared.Nodes.RangeNode`1[System.Byte] not supported for menu now. Ask developers to add this type.
2022-12-26 21:46:41.290 +01:00 [WRN] ExileCore.Shared.Nodes.RangeNode`1[System.Byte] not supported for menu now. Ask developers to add this type.
2022-12-26 21:46:41.290 +01:00 [WRN] ExileCore.Shared.Nodes.RangeNode`1[System.Byte] not supported for menu now. Ask developers to add this type.
2022-12-26 21:46:41.400 +01:00 [WRN]  not supported for menu now. Ask developers to add this type.
2022-12-26 21:46:41.400 +01:00 [WRN]  not supported for menu now. Ask developers to add this type.
2022-12-26 21:46:41.401 +01:00 [WRN]  not supported for menu now. Ask developers to add this type.
2022-12-26 21:46:41.401 +01:00 [WRN] PassiveSkillTreePlanter.TreeConfig+SkillTreeData not supported for menu now. Ask developers to add this type.
2022-12-26 21:46:41.401 +01:00 [WRN] PassiveSkillTreePlanter.TreeConfig+SkillTreeData not supported for menu now. Ask developers to add this type.
2022-12-26 21:46:41.456 +01:00 [WRN]  not supported for menu now. Ask developers to add this type.
2022-12-26 21:46:41.456 +01:00 [WRN]  not supported for menu now. Ask developers to add this type.
2022-12-26 21:46:41.456 +01:00 [WRN]  not supported for menu now. Ask developers to add this type.
2022-12-26 21:46:41.457 +01:00 [WRN]  not supported for menu now. Ask developers to add this type.
2022-12-26 21:46:41.457 +01:00 [WRN]  not supported for menu now. Ask developers to add this type.
2022-12-26 21:46:41.457 +01:00 [WRN]  not supported for menu now. Ask developers to add this type.
2022-12-26 21:46:41.457 +01:00 [WRN] <0  0> not supported for menu now. Ask developers to add this type.
2022-12-26 21:46:41.457 +01:00 [WRN] PickIt.PickItSettings+FRSMOverrides not supported for menu now. Ask developers to add this type.
2022-12-26 21:46:41.581 +01:00 [WRN] System.Int32[,] not supported for menu now. Ask developers to add this type.
