2022-12-14 17:41:35.913 +01:00 [WRN] TreeRoutine.Routine.BuildYourOwnRoutine.Flask.FlaskSetting[] not supported for menu now. Ask developers to add this type.
2022-12-14 17:41:35.918 +01:00 [WRN] <0  0> not supported for menu now. Ask developers to add this type.
2022-12-14 17:41:35.918 +01:00 [WRN] <0  0> not supported for menu now. Ask developers to add this type.
2022-12-14 17:41:35.941 +01:00 [WRN] TreeRoutine.Routine.BasicFlaskRoutine.Flask.FlaskSetting[] not supported for menu now. Ask developers to add this type.
2022-12-14 17:41:36.362 +01:00 [WRN] 0 not supported for menu now. Ask developers to add this type.
2022-12-14 17:41:36.554 +01:00 [WRN] System.Int32[,] not supported for menu now. Ask developers to add this type.
2022-12-14 17:41:36.637 +01:00 [WRN] 16 not supported for menu now. Ask developers to add this type.
2022-12-14 17:41:36.760 +01:00 [WRN] ExileCore.Shared.Nodes.RangeNode`1[System.Byte] not supported for menu now. Ask developers to add this type.
2022-12-14 17:41:36.760 +01:00 [WRN] ExileCore.Shared.Nodes.RangeNode`1[System.Byte] not supported for menu now. Ask developers to add this type.
2022-12-14 17:41:36.760 +01:00 [WRN] ExileCore.Shared.Nodes.RangeNode`1[System.Byte] not supported for menu now. Ask developers to add this type.
2022-12-14 17:41:37.018 +01:00 [WRN]  not supported for menu now. Ask developers to add this type.
2022-12-14 17:41:37.018 +01:00 [WRN]  not supported for menu now. Ask developers to add this type.
2022-12-14 17:41:37.018 +01:00 [WRN]  not supported for menu now. Ask developers to add this type.
2022-12-14 17:41:37.018 +01:00 [WRN] PassiveSkillTreePlanter.TreeConfig+SkillTreeData not supported for menu now. Ask developers to add this type.
2022-12-14 17:41:37.019 +01:00 [WRN] PassiveSkillTreePlanter.TreeConfig+SkillTreeData not supported for menu now. Ask developers to add this type.
2022-12-14 17:41:37.169 +01:00 [WRN]  not supported for menu now. Ask developers to add this type.
2022-12-14 17:41:37.169 +01:00 [WRN]  not supported for menu now. Ask developers to add this type.
2022-12-14 17:41:37.169 +01:00 [WRN]  not supported for menu now. Ask developers to add this type.
2022-12-14 17:41:37.169 +01:00 [WRN]  not supported for menu now. Ask developers to add this type.
2022-12-14 17:41:37.169 +01:00 [WRN]  not supported for menu now. Ask developers to add this type.
2022-12-14 17:41:37.169 +01:00 [WRN]  not supported for menu now. Ask developers to add this type.
2022-12-14 17:41:37.169 +01:00 [WRN] <0  0> not supported for menu now. Ask developers to add this type.
2022-12-14 17:41:37.169 +01:00 [WRN] PickIt.PickItSettings+FRSMOverrides not supported for menu now. Ask developers to add this type.
2022-12-14 17:41:37.644 +01:00 [WRN] System.Int32[,] not supported for menu now. Ask developers to add this type.
2022-12-14 20:17:47.699 +01:00 [WRN] TreeRoutine.Routine.BuildYourOwnRoutine.Flask.FlaskSetting[] not supported for menu now. Ask developers to add this type.
2022-12-14 20:17:47.702 +01:00 [WRN] <0  0> not supported for menu now. Ask developers to add this type.
2022-12-14 20:17:47.702 +01:00 [WRN] <0  0> not supported for menu now. Ask developers to add this type.
2022-12-14 20:17:47.719 +01:00 [WRN] TreeRoutine.Routine.BasicFlaskRoutine.Flask.FlaskSetting[] not supported for menu now. Ask developers to add this type.
2022-12-14 20:17:47.801 +01:00 [WRN] 0 not supported for menu now. Ask developers to add this type.
2022-12-14 20:17:47.841 +01:00 [WRN] System.Int32[,] not supported for menu now. Ask developers to add this type.
2022-12-14 20:17:47.850 +01:00 [WRN] 16 not supported for menu now. Ask developers to add this type.
2022-12-14 20:17:47.876 +01:00 [WRN] ExileCore.Shared.Nodes.RangeNode`1[System.Byte] not supported for menu now. Ask developers to add this type.
2022-12-14 20:17:47.893 +01:00 [WRN] ExileCore.Shared.Nodes.RangeNode`1[System.Byte] not supported for menu now. Ask developers to add this type.
2022-12-14 20:17:47.894 +01:00 [WRN] ExileCore.Shared.Nodes.RangeNode`1[System.Byte] not supported for menu now. Ask developers to add this type.
2022-12-14 20:17:47.974 +01:00 [WRN]  not supported for menu now. Ask developers to add this type.
2022-12-14 20:17:47.974 +01:00 [WRN]  not supported for menu now. Ask developers to add this type.
2022-12-14 20:17:47.974 +01:00 [WRN]  not supported for menu now. Ask developers to add this type.
2022-12-14 20:17:47.975 +01:00 [WRN] PassiveSkillTreePlanter.TreeConfig+SkillTreeData not supported for menu now. Ask developers to add this type.
2022-12-14 20:17:47.975 +01:00 [WRN] PassiveSkillTreePlanter.TreeConfig+SkillTreeData not supported for menu now. Ask developers to add this type.
2022-12-14 20:17:48.000 +01:00 [WRN]  not supported for menu now. Ask developers to add this type.
2022-12-14 20:17:48.001 +01:00 [WRN]  not supported for menu now. Ask developers to add this type.
2022-12-14 20:17:48.001 +01:00 [WRN]  not supported for menu now. Ask developers to add this type.
2022-12-14 20:17:48.001 +01:00 [WRN]  not supported for menu now. Ask developers to add this type.
2022-12-14 20:17:48.001 +01:00 [WRN]  not supported for menu now. Ask developers to add this type.
2022-12-14 20:17:48.001 +01:00 [WRN]  not supported for menu now. Ask developers to add this type.
2022-12-14 20:17:48.001 +01:00 [WRN] <0  0> not supported for menu now. Ask developers to add this type.
2022-12-14 20:17:48.001 +01:00 [WRN] PickIt.PickItSettings+FRSMOverrides not supported for menu now. Ask developers to add this type.
2022-12-14 20:17:48.100 +01:00 [WRN] System.Int32[,] not supported for menu now. Ask developers to add this type.
2022-12-14 21:46:24.831 +01:00 [WRN] TreeRoutine.Routine.BuildYourOwnRoutine.Flask.FlaskSetting[] not supported for menu now. Ask developers to add this type.
2022-12-14 21:46:24.835 +01:00 [WRN] <0  0> not supported for menu now. Ask developers to add this type.
2022-12-14 21:46:24.835 +01:00 [WRN] <0  0> not supported for menu now. Ask developers to add this type.
2022-12-14 21:46:24.852 +01:00 [WRN] TreeRoutine.Routine.BasicFlaskRoutine.Flask.FlaskSetting[] not supported for menu now. Ask developers to add this type.
2022-12-14 21:46:24.936 +01:00 [WRN] 0 not supported for menu now. Ask developers to add this type.
2022-12-14 21:46:24.982 +01:00 [WRN] System.Int32[,] not supported for menu now. Ask developers to add this type.
2022-12-14 21:46:25.000 +01:00 [WRN] 16 not supported for menu now. Ask developers to add this type.
2022-12-14 21:46:25.027 +01:00 [WRN] ExileCore.Shared.Nodes.RangeNode`1[System.Byte] not supported for menu now. Ask developers to add this type.
2022-12-14 21:46:25.027 +01:00 [WRN] ExileCore.Shared.Nodes.RangeNode`1[System.Byte] not supported for menu now. Ask developers to add this type.
2022-12-14 21:46:25.028 +01:00 [WRN] ExileCore.Shared.Nodes.RangeNode`1[System.Byte] not supported for menu now. Ask developers to add this type.
2022-12-14 21:46:25.139 +01:00 [WRN]  not supported for menu now. Ask developers to add this type.
2022-12-14 21:46:25.139 +01:00 [WRN]  not supported for menu now. Ask developers to add this type.
2022-12-14 21:46:25.139 +01:00 [WRN]  not supported for menu now. Ask developers to add this type.
2022-12-14 21:46:25.139 +01:00 [WRN] PassiveSkillTreePlanter.TreeConfig+SkillTreeData not supported for menu now. Ask developers to add this type.
2022-12-14 21:46:25.140 +01:00 [WRN] PassiveSkillTreePlanter.TreeConfig+SkillTreeData not supported for menu now. Ask developers to add this type.
2022-12-14 21:46:25.166 +01:00 [WRN]  not supported for menu now. Ask developers to add this type.
2022-12-14 21:46:25.166 +01:00 [WRN]  not supported for menu now. Ask developers to add this type.
2022-12-14 21:46:25.166 +01:00 [WRN]  not supported for menu now. Ask developers to add this type.
2022-12-14 21:46:25.166 +01:00 [WRN]  not supported for menu now. Ask developers to add this type.
2022-12-14 21:46:25.166 +01:00 [WRN]  not supported for menu now. Ask developers to add this type.
2022-12-14 21:46:25.166 +01:00 [WRN]  not supported for menu now. Ask developers to add this type.
2022-12-14 21:46:25.166 +01:00 [WRN] <0  0> not supported for menu now. Ask developers to add this type.
2022-12-14 21:46:25.167 +01:00 [WRN] PickIt.PickItSettings+FRSMOverrides not supported for menu now. Ask developers to add this type.
2022-12-14 21:46:25.270 +01:00 [WRN] System.Int32[,] not supported for menu now. Ask developers to add this type.
