2023-01-08 12:35:06.984 +01:00 [WRN] TreeRoutine.Routine.BuildYourOwnRoutine.Flask.FlaskSetting[] not supported for menu now. Ask developers to add this type.
2023-01-08 12:35:06.988 +01:00 [WRN] <0  0> not supported for menu now. Ask developers to add this type.
2023-01-08 12:35:06.988 +01:00 [WRN] <0  0> not supported for menu now. Ask developers to add this type.
2023-01-08 12:35:07.015 +01:00 [WRN] TreeRoutine.Routine.BasicFlaskRoutine.Flask.FlaskSetting[] not supported for menu now. Ask developers to add this type.
2023-01-08 12:35:07.144 +01:00 [WRN] 0 not supported for menu now. Ask developers to add this type.
2023-01-08 12:35:07.190 +01:00 [WRN] System.Int32[,] not supported for menu now. Ask developers to add this type.
2023-01-08 12:35:07.201 +01:00 [WRN] 16 not supported for menu now. Ask developers to add this type.
2023-01-08 12:35:07.236 +01:00 [WRN] ExileCore.Shared.Nodes.RangeNode`1[System.Byte] not supported for menu now. Ask developers to add this type.
2023-01-08 12:35:07.236 +01:00 [WRN] ExileCore.Shared.Nodes.RangeNode`1[System.Byte] not supported for menu now. Ask developers to add this type.
2023-01-08 12:35:07.236 +01:00 [WRN] ExileCore.Shared.Nodes.RangeNode`1[System.Byte] not supported for menu now. Ask developers to add this type.
2023-01-08 12:35:07.319 +01:00 [WRN]  not supported for menu now. Ask developers to add this type.
2023-01-08 12:35:07.319 +01:00 [WRN]  not supported for menu now. Ask developers to add this type.
2023-01-08 12:35:07.319 +01:00 [WRN]  not supported for menu now. Ask developers to add this type.
2023-01-08 12:35:07.319 +01:00 [WRN] PassiveSkillTreePlanter.TreeConfig+SkillTreeData not supported for menu now. Ask developers to add this type.
2023-01-08 12:35:07.319 +01:00 [WRN] PassiveSkillTreePlanter.TreeConfig+SkillTreeData not supported for menu now. Ask developers to add this type.
2023-01-08 12:35:07.423 +01:00 [WRN]  not supported for menu now. Ask developers to add this type.
2023-01-08 12:35:07.423 +01:00 [WRN]  not supported for menu now. Ask developers to add this type.
2023-01-08 12:35:07.423 +01:00 [WRN]  not supported for menu now. Ask developers to add this type.
2023-01-08 12:35:07.423 +01:00 [WRN]  not supported for menu now. Ask developers to add this type.
2023-01-08 12:35:07.423 +01:00 [WRN]  not supported for menu now. Ask developers to add this type.
2023-01-08 12:35:07.423 +01:00 [WRN]  not supported for menu now. Ask developers to add this type.
2023-01-08 12:35:07.424 +01:00 [WRN] <0  0> not supported for menu now. Ask developers to add this type.
2023-01-08 12:35:07.424 +01:00 [WRN] PickIt.PickItSettings+FRSMOverrides not supported for menu now. Ask developers to add this type.
2023-01-08 12:35:07.582 +01:00 [WRN] System.Int32[,] not supported for menu now. Ask developers to add this type.
2023-01-08 12:37:18.787 +01:00 [WRN] TreeRoutine.Routine.BuildYourOwnRoutine.Flask.FlaskSetting[] not supported for menu now. Ask developers to add this type.
2023-01-08 12:37:18.791 +01:00 [WRN] <0  0> not supported for menu now. Ask developers to add this type.
2023-01-08 12:37:18.791 +01:00 [WRN] <0  0> not supported for menu now. Ask developers to add this type.
2023-01-08 12:37:18.820 +01:00 [WRN] TreeRoutine.Routine.BasicFlaskRoutine.Flask.FlaskSetting[] not supported for menu now. Ask developers to add this type.
2023-01-08 12:37:18.905 +01:00 [WRN] 0 not supported for menu now. Ask developers to add this type.
2023-01-08 12:37:18.957 +01:00 [WRN] System.Int32[,] not supported for menu now. Ask developers to add this type.
2023-01-08 12:37:18.967 +01:00 [WRN] 16 not supported for menu now. Ask developers to add this type.
2023-01-08 12:37:19.000 +01:00 [WRN] ExileCore.Shared.Nodes.RangeNode`1[System.Byte] not supported for menu now. Ask developers to add this type.
2023-01-08 12:37:19.000 +01:00 [WRN] ExileCore.Shared.Nodes.RangeNode`1[System.Byte] not supported for menu now. Ask developers to add this type.
2023-01-08 12:37:19.001 +01:00 [WRN] ExileCore.Shared.Nodes.RangeNode`1[System.Byte] not supported for menu now. Ask developers to add this type.
2023-01-08 12:37:19.094 +01:00 [WRN]  not supported for menu now. Ask developers to add this type.
2023-01-08 12:37:19.094 +01:00 [WRN]  not supported for menu now. Ask developers to add this type.
2023-01-08 12:37:19.094 +01:00 [WRN]  not supported for menu now. Ask developers to add this type.
2023-01-08 12:37:19.094 +01:00 [WRN] PassiveSkillTreePlanter.TreeConfig+SkillTreeData not supported for menu now. Ask developers to add this type.
2023-01-08 12:37:19.094 +01:00 [WRN] PassiveSkillTreePlanter.TreeConfig+SkillTreeData not supported for menu now. Ask developers to add this type.
2023-01-08 12:37:19.124 +01:00 [WRN]  not supported for menu now. Ask developers to add this type.
2023-01-08 12:37:19.124 +01:00 [WRN]  not supported for menu now. Ask developers to add this type.
2023-01-08 12:37:19.124 +01:00 [WRN]  not supported for menu now. Ask developers to add this type.
2023-01-08 12:37:19.124 +01:00 [WRN]  not supported for menu now. Ask developers to add this type.
2023-01-08 12:37:19.124 +01:00 [WRN]  not supported for menu now. Ask developers to add this type.
2023-01-08 12:37:19.124 +01:00 [WRN]  not supported for menu now. Ask developers to add this type.
2023-01-08 12:37:19.124 +01:00 [WRN] <0  0> not supported for menu now. Ask developers to add this type.
2023-01-08 12:37:19.124 +01:00 [WRN] PickIt.PickItSettings+FRSMOverrides not supported for menu now. Ask developers to add this type.
2023-01-08 12:37:19.256 +01:00 [WRN] System.Int32[,] not supported for menu now. Ask developers to add this type.
2023-01-08 14:14:19.851 +01:00 [WRN] TreeRoutine.Routine.BuildYourOwnRoutine.Flask.FlaskSetting[] not supported for menu now. Ask developers to add this type.
2023-01-08 14:14:19.854 +01:00 [WRN] <0  0> not supported for menu now. Ask developers to add this type.
2023-01-08 14:14:19.854 +01:00 [WRN] <0  0> not supported for menu now. Ask developers to add this type.
2023-01-08 14:14:19.872 +01:00 [WRN] TreeRoutine.Routine.BasicFlaskRoutine.Flask.FlaskSetting[] not supported for menu now. Ask developers to add this type.
2023-01-08 14:14:19.952 +01:00 [WRN] 0 not supported for menu now. Ask developers to add this type.
2023-01-08 14:14:19.998 +01:00 [WRN] System.Int32[,] not supported for menu now. Ask developers to add this type.
2023-01-08 14:14:20.008 +01:00 [WRN] 16 not supported for menu now. Ask developers to add this type.
2023-01-08 14:14:20.043 +01:00 [WRN] ExileCore.Shared.Nodes.RangeNode`1[System.Byte] not supported for menu now. Ask developers to add this type.
2023-01-08 14:14:20.044 +01:00 [WRN] ExileCore.Shared.Nodes.RangeNode`1[System.Byte] not supported for menu now. Ask developers to add this type.
2023-01-08 14:14:20.044 +01:00 [WRN] ExileCore.Shared.Nodes.RangeNode`1[System.Byte] not supported for menu now. Ask developers to add this type.
2023-01-08 14:14:20.125 +01:00 [WRN]  not supported for menu now. Ask developers to add this type.
2023-01-08 14:14:20.125 +01:00 [WRN]  not supported for menu now. Ask developers to add this type.
2023-01-08 14:14:20.125 +01:00 [WRN]  not supported for menu now. Ask developers to add this type.
2023-01-08 14:14:20.125 +01:00 [WRN] PassiveSkillTreePlanter.TreeConfig+SkillTreeData not supported for menu now. Ask developers to add this type.
2023-01-08 14:14:20.125 +01:00 [WRN] PassiveSkillTreePlanter.TreeConfig+SkillTreeData not supported for menu now. Ask developers to add this type.
2023-01-08 14:14:20.151 +01:00 [WRN]  not supported for menu now. Ask developers to add this type.
2023-01-08 14:14:20.161 +01:00 [WRN]  not supported for menu now. Ask developers to add this type.
2023-01-08 14:14:20.161 +01:00 [WRN]  not supported for menu now. Ask developers to add this type.
2023-01-08 14:14:20.161 +01:00 [WRN]  not supported for menu now. Ask developers to add this type.
2023-01-08 14:14:20.161 +01:00 [WRN]  not supported for menu now. Ask developers to add this type.
2023-01-08 14:14:20.161 +01:00 [WRN]  not supported for menu now. Ask developers to add this type.
2023-01-08 14:14:20.161 +01:00 [WRN] <0  0> not supported for menu now. Ask developers to add this type.
2023-01-08 14:14:20.161 +01:00 [WRN] PickIt.PickItSettings+FRSMOverrides not supported for menu now. Ask developers to add this type.
2023-01-08 14:14:20.252 +01:00 [WRN] System.Int32[,] not supported for menu now. Ask developers to add this type.
