2022-12-27 09:37:23.376 +01:00 [WRN] TreeRoutine.Routine.BuildYourOwnRoutine.Flask.FlaskSetting[] not supported for menu now. Ask developers to add this type.
2022-12-27 09:37:23.380 +01:00 [WRN] <0  0> not supported for menu now. Ask developers to add this type.
2022-12-27 09:37:23.380 +01:00 [WRN] <0  0> not supported for menu now. Ask developers to add this type.
2022-12-27 09:37:23.404 +01:00 [WRN] TreeRoutine.Routine.BasicFlaskRoutine.Flask.FlaskSetting[] not supported for menu now. Ask developers to add this type.
2022-12-27 09:37:23.752 +01:00 [WRN] 0 not supported for menu now. Ask developers to add this type.
2022-12-27 09:37:23.942 +01:00 [WRN] System.Int32[,] not supported for menu now. Ask developers to add this type.
2022-12-27 09:37:24.026 +01:00 [WRN] 16 not supported for menu now. Ask developers to add this type.
2022-12-27 09:37:24.131 +01:00 [WRN] ExileCore.Shared.Nodes.RangeNode`1[System.Byte] not supported for menu now. Ask developers to add this type.
2022-12-27 09:37:24.131 +01:00 [WRN] ExileCore.Shared.Nodes.RangeNode`1[System.Byte] not supported for menu now. Ask developers to add this type.
2022-12-27 09:37:24.132 +01:00 [WRN] ExileCore.Shared.Nodes.RangeNode`1[System.Byte] not supported for menu now. Ask developers to add this type.
2022-12-27 09:37:24.388 +01:00 [WRN]  not supported for menu now. Ask developers to add this type.
2022-12-27 09:37:24.388 +01:00 [WRN]  not supported for menu now. Ask developers to add this type.
2022-12-27 09:37:24.388 +01:00 [WRN]  not supported for menu now. Ask developers to add this type.
2022-12-27 09:37:24.388 +01:00 [WRN] PassiveSkillTreePlanter.TreeConfig+SkillTreeData not supported for menu now. Ask developers to add this type.
2022-12-27 09:37:24.388 +01:00 [WRN] PassiveSkillTreePlanter.TreeConfig+SkillTreeData not supported for menu now. Ask developers to add this type.
2022-12-27 09:37:24.531 +01:00 [WRN]  not supported for menu now. Ask developers to add this type.
2022-12-27 09:37:24.531 +01:00 [WRN]  not supported for menu now. Ask developers to add this type.
2022-12-27 09:37:24.531 +01:00 [WRN]  not supported for menu now. Ask developers to add this type.
2022-12-27 09:37:24.531 +01:00 [WRN]  not supported for menu now. Ask developers to add this type.
2022-12-27 09:37:24.531 +01:00 [WRN]  not supported for menu now. Ask developers to add this type.
2022-12-27 09:37:24.531 +01:00 [WRN]  not supported for menu now. Ask developers to add this type.
2022-12-27 09:37:24.531 +01:00 [WRN] <0  0> not supported for menu now. Ask developers to add this type.
2022-12-27 09:37:24.532 +01:00 [WRN] PickIt.PickItSettings+FRSMOverrides not supported for menu now. Ask developers to add this type.
2022-12-27 09:37:24.980 +01:00 [WRN] System.Int32[,] not supported for menu now. Ask developers to add this type.
2022-12-27 10:30:48.349 +01:00 [WRN] TreeRoutine.Routine.BuildYourOwnRoutine.Flask.FlaskSetting[] not supported for menu now. Ask developers to add this type.
2022-12-27 10:30:48.353 +01:00 [WRN] <0  0> not supported for menu now. Ask developers to add this type.
2022-12-27 10:30:48.353 +01:00 [WRN] <0  0> not supported for menu now. Ask developers to add this type.
2022-12-27 10:30:48.376 +01:00 [WRN] TreeRoutine.Routine.BasicFlaskRoutine.Flask.FlaskSetting[] not supported for menu now. Ask developers to add this type.
2022-12-27 10:30:48.705 +01:00 [WRN] 0 not supported for menu now. Ask developers to add this type.
2022-12-27 10:30:48.874 +01:00 [WRN] System.Int32[,] not supported for menu now. Ask developers to add this type.
2022-12-27 10:30:48.946 +01:00 [WRN] 16 not supported for menu now. Ask developers to add this type.
2022-12-27 10:30:49.054 +01:00 [WRN] ExileCore.Shared.Nodes.RangeNode`1[System.Byte] not supported for menu now. Ask developers to add this type.
2022-12-27 10:30:49.054 +01:00 [WRN] ExileCore.Shared.Nodes.RangeNode`1[System.Byte] not supported for menu now. Ask developers to add this type.
2022-12-27 10:30:49.055 +01:00 [WRN] ExileCore.Shared.Nodes.RangeNode`1[System.Byte] not supported for menu now. Ask developers to add this type.
2022-12-27 10:30:49.256 +01:00 [WRN]  not supported for menu now. Ask developers to add this type.
2022-12-27 10:30:49.256 +01:00 [WRN]  not supported for menu now. Ask developers to add this type.
2022-12-27 10:30:49.256 +01:00 [WRN]  not supported for menu now. Ask developers to add this type.
2022-12-27 10:30:49.256 +01:00 [WRN] PassiveSkillTreePlanter.TreeConfig+SkillTreeData not supported for menu now. Ask developers to add this type.
2022-12-27 10:30:49.256 +01:00 [WRN] PassiveSkillTreePlanter.TreeConfig+SkillTreeData not supported for menu now. Ask developers to add this type.
2022-12-27 10:30:49.377 +01:00 [WRN]  not supported for menu now. Ask developers to add this type.
2022-12-27 10:30:49.377 +01:00 [WRN]  not supported for menu now. Ask developers to add this type.
2022-12-27 10:30:49.377 +01:00 [WRN]  not supported for menu now. Ask developers to add this type.
2022-12-27 10:30:49.377 +01:00 [WRN]  not supported for menu now. Ask developers to add this type.
2022-12-27 10:30:49.377 +01:00 [WRN]  not supported for menu now. Ask developers to add this type.
2022-12-27 10:30:49.377 +01:00 [WRN]  not supported for menu now. Ask developers to add this type.
2022-12-27 10:30:49.377 +01:00 [WRN] <0  0> not supported for menu now. Ask developers to add this type.
2022-12-27 10:30:49.377 +01:00 [WRN] PickIt.PickItSettings+FRSMOverrides not supported for menu now. Ask developers to add this type.
2022-12-27 10:30:49.760 +01:00 [WRN] System.Int32[,] not supported for menu now. Ask developers to add this type.
2022-12-27 12:29:05.449 +01:00 [WRN] TreeRoutine.Routine.BuildYourOwnRoutine.Flask.FlaskSetting[] not supported for menu now. Ask developers to add this type.
2022-12-27 12:29:05.453 +01:00 [WRN] <0  0> not supported for menu now. Ask developers to add this type.
2022-12-27 12:29:05.453 +01:00 [WRN] <0  0> not supported for menu now. Ask developers to add this type.
2022-12-27 12:29:05.478 +01:00 [WRN] TreeRoutine.Routine.BasicFlaskRoutine.Flask.FlaskSetting[] not supported for menu now. Ask developers to add this type.
2022-12-27 12:29:05.542 +01:00 [WRN] 0 not supported for menu now. Ask developers to add this type.
2022-12-27 12:29:05.588 +01:00 [WRN] System.Int32[,] not supported for menu now. Ask developers to add this type.
2022-12-27 12:29:05.599 +01:00 [WRN] 16 not supported for menu now. Ask developers to add this type.
2022-12-27 12:29:05.638 +01:00 [WRN] ExileCore.Shared.Nodes.RangeNode`1[System.Byte] not supported for menu now. Ask developers to add this type.
2022-12-27 12:29:05.638 +01:00 [WRN] ExileCore.Shared.Nodes.RangeNode`1[System.Byte] not supported for menu now. Ask developers to add this type.
2022-12-27 12:29:05.638 +01:00 [WRN] ExileCore.Shared.Nodes.RangeNode`1[System.Byte] not supported for menu now. Ask developers to add this type.
2022-12-27 12:29:05.730 +01:00 [WRN]  not supported for menu now. Ask developers to add this type.
2022-12-27 12:29:05.730 +01:00 [WRN]  not supported for menu now. Ask developers to add this type.
2022-12-27 12:29:05.730 +01:00 [WRN]  not supported for menu now. Ask developers to add this type.
2022-12-27 12:29:05.730 +01:00 [WRN] PassiveSkillTreePlanter.TreeConfig+SkillTreeData not supported for menu now. Ask developers to add this type.
2022-12-27 12:29:05.730 +01:00 [WRN] PassiveSkillTreePlanter.TreeConfig+SkillTreeData not supported for menu now. Ask developers to add this type.
2022-12-27 12:29:05.762 +01:00 [WRN]  not supported for menu now. Ask developers to add this type.
2022-12-27 12:29:05.763 +01:00 [WRN]  not supported for menu now. Ask developers to add this type.
2022-12-27 12:29:05.763 +01:00 [WRN]  not supported for menu now. Ask developers to add this type.
2022-12-27 12:29:05.763 +01:00 [WRN]  not supported for menu now. Ask developers to add this type.
2022-12-27 12:29:05.763 +01:00 [WRN]  not supported for menu now. Ask developers to add this type.
2022-12-27 12:29:05.763 +01:00 [WRN]  not supported for menu now. Ask developers to add this type.
2022-12-27 12:29:05.763 +01:00 [WRN] <0  0> not supported for menu now. Ask developers to add this type.
2022-12-27 12:29:05.763 +01:00 [WRN] PickIt.PickItSettings+FRSMOverrides not supported for menu now. Ask developers to add this type.
2022-12-27 12:29:05.926 +01:00 [WRN] System.Int32[,] not supported for menu now. Ask developers to add this type.
2022-12-27 12:37:15.129 +01:00 [WRN] TreeRoutine.Routine.BuildYourOwnRoutine.Flask.FlaskSetting[] not supported for menu now. Ask developers to add this type.
2022-12-27 12:37:15.132 +01:00 [WRN] <0  0> not supported for menu now. Ask developers to add this type.
2022-12-27 12:37:15.132 +01:00 [WRN] <0  0> not supported for menu now. Ask developers to add this type.
2022-12-27 12:37:15.176 +01:00 [WRN] TreeRoutine.Routine.BasicFlaskRoutine.Flask.FlaskSetting[] not supported for menu now. Ask developers to add this type.
2022-12-27 12:37:15.247 +01:00 [WRN] 0 not supported for menu now. Ask developers to add this type.
2022-12-27 12:37:15.295 +01:00 [WRN] System.Int32[,] not supported for menu now. Ask developers to add this type.
2022-12-27 12:37:15.305 +01:00 [WRN] 16 not supported for menu now. Ask developers to add this type.
2022-12-27 12:37:15.338 +01:00 [WRN] ExileCore.Shared.Nodes.RangeNode`1[System.Byte] not supported for menu now. Ask developers to add this type.
2022-12-27 12:37:15.338 +01:00 [WRN] ExileCore.Shared.Nodes.RangeNode`1[System.Byte] not supported for menu now. Ask developers to add this type.
2022-12-27 12:37:15.338 +01:00 [WRN] ExileCore.Shared.Nodes.RangeNode`1[System.Byte] not supported for menu now. Ask developers to add this type.
2022-12-27 12:37:15.440 +01:00 [WRN]  not supported for menu now. Ask developers to add this type.
2022-12-27 12:37:15.441 +01:00 [WRN]  not supported for menu now. Ask developers to add this type.
2022-12-27 12:37:15.441 +01:00 [WRN]  not supported for menu now. Ask developers to add this type.
2022-12-27 12:37:15.441 +01:00 [WRN] PassiveSkillTreePlanter.TreeConfig+SkillTreeData not supported for menu now. Ask developers to add this type.
2022-12-27 12:37:15.441 +01:00 [WRN] PassiveSkillTreePlanter.TreeConfig+SkillTreeData not supported for menu now. Ask developers to add this type.
2022-12-27 12:37:15.473 +01:00 [WRN]  not supported for menu now. Ask developers to add this type.
2022-12-27 12:37:15.473 +01:00 [WRN]  not supported for menu now. Ask developers to add this type.
2022-12-27 12:37:15.473 +01:00 [WRN]  not supported for menu now. Ask developers to add this type.
2022-12-27 12:37:15.474 +01:00 [WRN]  not supported for menu now. Ask developers to add this type.
2022-12-27 12:37:15.474 +01:00 [WRN]  not supported for menu now. Ask developers to add this type.
2022-12-27 12:37:15.474 +01:00 [WRN]  not supported for menu now. Ask developers to add this type.
2022-12-27 12:37:15.474 +01:00 [WRN] <0  0> not supported for menu now. Ask developers to add this type.
2022-12-27 12:37:15.474 +01:00 [WRN] PickIt.PickItSettings+FRSMOverrides not supported for menu now. Ask developers to add this type.
2022-12-27 12:37:15.623 +01:00 [WRN] System.Int32[,] not supported for menu now. Ask developers to add this type.
2022-12-27 14:10:06.019 +01:00 [WRN] TreeRoutine.Routine.BuildYourOwnRoutine.Flask.FlaskSetting[] not supported for menu now. Ask developers to add this type.
2022-12-27 14:10:06.023 +01:00 [WRN] <0  0> not supported for menu now. Ask developers to add this type.
2022-12-27 14:10:06.023 +01:00 [WRN] <0  0> not supported for menu now. Ask developers to add this type.
2022-12-27 14:10:06.040 +01:00 [WRN] TreeRoutine.Routine.BasicFlaskRoutine.Flask.FlaskSetting[] not supported for menu now. Ask developers to add this type.
2022-12-27 14:10:06.111 +01:00 [WRN] 0 not supported for menu now. Ask developers to add this type.
2022-12-27 14:10:06.157 +01:00 [WRN] System.Int32[,] not supported for menu now. Ask developers to add this type.
2022-12-27 14:10:06.166 +01:00 [WRN] 16 not supported for menu now. Ask developers to add this type.
2022-12-27 14:10:06.201 +01:00 [WRN] ExileCore.Shared.Nodes.RangeNode`1[System.Byte] not supported for menu now. Ask developers to add this type.
2022-12-27 14:10:06.201 +01:00 [WRN] ExileCore.Shared.Nodes.RangeNode`1[System.Byte] not supported for menu now. Ask developers to add this type.
2022-12-27 14:10:06.201 +01:00 [WRN] ExileCore.Shared.Nodes.RangeNode`1[System.Byte] not supported for menu now. Ask developers to add this type.
2022-12-27 14:10:06.325 +01:00 [WRN]  not supported for menu now. Ask developers to add this type.
2022-12-27 14:10:06.325 +01:00 [WRN]  not supported for menu now. Ask developers to add this type.
2022-12-27 14:10:06.325 +01:00 [WRN]  not supported for menu now. Ask developers to add this type.
2022-12-27 14:10:06.325 +01:00 [WRN] PassiveSkillTreePlanter.TreeConfig+SkillTreeData not supported for menu now. Ask developers to add this type.
2022-12-27 14:10:06.325 +01:00 [WRN] PassiveSkillTreePlanter.TreeConfig+SkillTreeData not supported for menu now. Ask developers to add this type.
2022-12-27 14:10:06.350 +01:00 [WRN]  not supported for menu now. Ask developers to add this type.
2022-12-27 14:10:06.350 +01:00 [WRN]  not supported for menu now. Ask developers to add this type.
2022-12-27 14:10:06.350 +01:00 [WRN]  not supported for menu now. Ask developers to add this type.
2022-12-27 14:10:06.350 +01:00 [WRN]  not supported for menu now. Ask developers to add this type.
2022-12-27 14:10:06.350 +01:00 [WRN]  not supported for menu now. Ask developers to add this type.
2022-12-27 14:10:06.350 +01:00 [WRN]  not supported for menu now. Ask developers to add this type.
2022-12-27 14:10:06.350 +01:00 [WRN] <0  0> not supported for menu now. Ask developers to add this type.
2022-12-27 14:10:06.350 +01:00 [WRN] PickIt.PickItSettings+FRSMOverrides not supported for menu now. Ask developers to add this type.
2022-12-27 14:10:06.449 +01:00 [WRN] System.Int32[,] not supported for menu now. Ask developers to add this type.
2022-12-27 20:41:45.794 +01:00 [WRN] TreeRoutine.Routine.BuildYourOwnRoutine.Flask.FlaskSetting[] not supported for menu now. Ask developers to add this type.
2022-12-27 20:41:45.798 +01:00 [WRN] <0  0> not supported for menu now. Ask developers to add this type.
2022-12-27 20:41:45.798 +01:00 [WRN] <0  0> not supported for menu now. Ask developers to add this type.
2022-12-27 20:41:45.845 +01:00 [WRN] TreeRoutine.Routine.BasicFlaskRoutine.Flask.FlaskSetting[] not supported for menu now. Ask developers to add this type.
2022-12-27 20:41:45.919 +01:00 [WRN] 0 not supported for menu now. Ask developers to add this type.
2022-12-27 20:41:45.966 +01:00 [WRN] System.Int32[,] not supported for menu now. Ask developers to add this type.
2022-12-27 20:41:45.977 +01:00 [WRN] 16 not supported for menu now. Ask developers to add this type.
2022-12-27 20:41:46.033 +01:00 [WRN] ExileCore.Shared.Nodes.RangeNode`1[System.Byte] not supported for menu now. Ask developers to add this type.
2022-12-27 20:41:46.033 +01:00 [WRN] ExileCore.Shared.Nodes.RangeNode`1[System.Byte] not supported for menu now. Ask developers to add this type.
2022-12-27 20:41:46.033 +01:00 [WRN] ExileCore.Shared.Nodes.RangeNode`1[System.Byte] not supported for menu now. Ask developers to add this type.
2022-12-27 20:41:46.156 +01:00 [WRN]  not supported for menu now. Ask developers to add this type.
2022-12-27 20:41:46.156 +01:00 [WRN]  not supported for menu now. Ask developers to add this type.
2022-12-27 20:41:46.156 +01:00 [WRN]  not supported for menu now. Ask developers to add this type.
2022-12-27 20:41:46.156 +01:00 [WRN] PassiveSkillTreePlanter.TreeConfig+SkillTreeData not supported for menu now. Ask developers to add this type.
2022-12-27 20:41:46.156 +01:00 [WRN] PassiveSkillTreePlanter.TreeConfig+SkillTreeData not supported for menu now. Ask developers to add this type.
2022-12-27 20:41:46.188 +01:00 [WRN]  not supported for menu now. Ask developers to add this type.
2022-12-27 20:41:46.188 +01:00 [WRN]  not supported for menu now. Ask developers to add this type.
2022-12-27 20:41:46.188 +01:00 [WRN]  not supported for menu now. Ask developers to add this type.
2022-12-27 20:41:46.188 +01:00 [WRN]  not supported for menu now. Ask developers to add this type.
2022-12-27 20:41:46.188 +01:00 [WRN]  not supported for menu now. Ask developers to add this type.
2022-12-27 20:41:46.188 +01:00 [WRN]  not supported for menu now. Ask developers to add this type.
2022-12-27 20:41:46.188 +01:00 [WRN] <0  0> not supported for menu now. Ask developers to add this type.
2022-12-27 20:41:46.188 +01:00 [WRN] PickIt.PickItSettings+FRSMOverrides not supported for menu now. Ask developers to add this type.
2022-12-27 20:41:46.304 +01:00 [WRN] System.Int32[,] not supported for menu now. Ask developers to add this type.
2022-12-27 22:07:19.362 +01:00 [WRN] TreeRoutine.Routine.BuildYourOwnRoutine.Flask.FlaskSetting[] not supported for menu now. Ask developers to add this type.
2022-12-27 22:07:19.366 +01:00 [WRN] <0  0> not supported for menu now. Ask developers to add this type.
2022-12-27 22:07:19.367 +01:00 [WRN] <0  0> not supported for menu now. Ask developers to add this type.
2022-12-27 22:07:19.389 +01:00 [WRN] TreeRoutine.Routine.BasicFlaskRoutine.Flask.FlaskSetting[] not supported for menu now. Ask developers to add this type.
2022-12-27 22:07:19.468 +01:00 [WRN] 0 not supported for menu now. Ask developers to add this type.
2022-12-27 22:07:19.523 +01:00 [WRN] System.Int32[,] not supported for menu now. Ask developers to add this type.
2022-12-27 22:07:19.539 +01:00 [WRN] 16 not supported for menu now. Ask developers to add this type.
2022-12-27 22:07:19.572 +01:00 [WRN] ExileCore.Shared.Nodes.RangeNode`1[System.Byte] not supported for menu now. Ask developers to add this type.
2022-12-27 22:07:19.573 +01:00 [WRN] ExileCore.Shared.Nodes.RangeNode`1[System.Byte] not supported for menu now. Ask developers to add this type.
2022-12-27 22:07:19.573 +01:00 [WRN] ExileCore.Shared.Nodes.RangeNode`1[System.Byte] not supported for menu now. Ask developers to add this type.
2022-12-27 22:07:19.669 +01:00 [WRN]  not supported for menu now. Ask developers to add this type.
2022-12-27 22:07:19.669 +01:00 [WRN]  not supported for menu now. Ask developers to add this type.
2022-12-27 22:07:19.669 +01:00 [WRN]  not supported for menu now. Ask developers to add this type.
2022-12-27 22:07:19.669 +01:00 [WRN] PassiveSkillTreePlanter.TreeConfig+SkillTreeData not supported for menu now. Ask developers to add this type.
2022-12-27 22:07:19.669 +01:00 [WRN] PassiveSkillTreePlanter.TreeConfig+SkillTreeData not supported for menu now. Ask developers to add this type.
2022-12-27 22:07:19.696 +01:00 [WRN]  not supported for menu now. Ask developers to add this type.
2022-12-27 22:07:19.697 +01:00 [WRN]  not supported for menu now. Ask developers to add this type.
2022-12-27 22:07:19.697 +01:00 [WRN]  not supported for menu now. Ask developers to add this type.
2022-12-27 22:07:19.697 +01:00 [WRN]  not supported for menu now. Ask developers to add this type.
2022-12-27 22:07:19.697 +01:00 [WRN]  not supported for menu now. Ask developers to add this type.
2022-12-27 22:07:19.697 +01:00 [WRN]  not supported for menu now. Ask developers to add this type.
2022-12-27 22:07:19.697 +01:00 [WRN] <0  0> not supported for menu now. Ask developers to add this type.
2022-12-27 22:07:19.697 +01:00 [WRN] PickIt.PickItSettings+FRSMOverrides not supported for menu now. Ask developers to add this type.
2022-12-27 22:07:19.845 +01:00 [WRN] System.Int32[,] not supported for menu now. Ask developers to add this type.
