2022-12-28 10:50:00.632 +01:00 [WRN] TreeRoutine.Routine.BuildYourOwnRoutine.Flask.FlaskSetting[] not supported for menu now. Ask developers to add this type.
2022-12-28 10:50:00.637 +01:00 [WRN] <0  0> not supported for menu now. Ask developers to add this type.
2022-12-28 10:50:00.637 +01:00 [WRN] <0  0> not supported for menu now. Ask developers to add this type.
2022-12-28 10:50:00.660 +01:00 [WRN] TreeRoutine.Routine.BasicFlaskRoutine.Flask.FlaskSetting[] not supported for menu now. Ask developers to add this type.
2022-12-28 10:50:01.023 +01:00 [WRN] 0 not supported for menu now. Ask developers to add this type.
2022-12-28 10:50:01.204 +01:00 [WRN] System.Int32[,] not supported for menu now. Ask developers to add this type.
2022-12-28 10:50:01.289 +01:00 [WRN] 16 not supported for menu now. Ask developers to add this type.
2022-12-28 10:50:01.411 +01:00 [WRN] ExileCore.Shared.Nodes.RangeNode`1[System.Byte] not supported for menu now. Ask developers to add this type.
2022-12-28 10:50:01.411 +01:00 [WRN] ExileCore.Shared.Nodes.RangeNode`1[System.Byte] not supported for menu now. Ask developers to add this type.
2022-12-28 10:50:01.411 +01:00 [WRN] ExileCore.Shared.Nodes.RangeNode`1[System.Byte] not supported for menu now. Ask developers to add this type.
2022-12-28 10:50:01.673 +01:00 [WRN]  not supported for menu now. Ask developers to add this type.
2022-12-28 10:50:01.673 +01:00 [WRN]  not supported for menu now. Ask developers to add this type.
2022-12-28 10:50:01.673 +01:00 [WRN]  not supported for menu now. Ask developers to add this type.
2022-12-28 10:50:01.673 +01:00 [WRN] PassiveSkillTreePlanter.TreeConfig+SkillTreeData not supported for menu now. Ask developers to add this type.
2022-12-28 10:50:01.673 +01:00 [WRN] PassiveSkillTreePlanter.TreeConfig+SkillTreeData not supported for menu now. Ask developers to add this type.
2022-12-28 10:50:01.809 +01:00 [WRN]  not supported for menu now. Ask developers to add this type.
2022-12-28 10:50:01.809 +01:00 [WRN]  not supported for menu now. Ask developers to add this type.
2022-12-28 10:50:01.809 +01:00 [WRN]  not supported for menu now. Ask developers to add this type.
2022-12-28 10:50:01.809 +01:00 [WRN]  not supported for menu now. Ask developers to add this type.
2022-12-28 10:50:01.809 +01:00 [WRN]  not supported for menu now. Ask developers to add this type.
2022-12-28 10:50:01.809 +01:00 [WRN]  not supported for menu now. Ask developers to add this type.
2022-12-28 10:50:01.809 +01:00 [WRN] <0  0> not supported for menu now. Ask developers to add this type.
2022-12-28 10:50:01.809 +01:00 [WRN] PickIt.PickItSettings+FRSMOverrides not supported for menu now. Ask developers to add this type.
2022-12-28 10:50:02.243 +01:00 [WRN] System.Int32[,] not supported for menu now. Ask developers to add this type.
2022-12-28 10:57:30.390 +01:00 [WRN] TreeRoutine.Routine.BuildYourOwnRoutine.Flask.FlaskSetting[] not supported for menu now. Ask developers to add this type.
2022-12-28 10:57:30.395 +01:00 [WRN] <0  0> not supported for menu now. Ask developers to add this type.
2022-12-28 10:57:30.395 +01:00 [WRN] <0  0> not supported for menu now. Ask developers to add this type.
2022-12-28 10:57:30.439 +01:00 [WRN] TreeRoutine.Routine.BasicFlaskRoutine.Flask.FlaskSetting[] not supported for menu now. Ask developers to add this type.
2022-12-28 10:57:30.519 +01:00 [WRN] 0 not supported for menu now. Ask developers to add this type.
2022-12-28 10:57:30.571 +01:00 [WRN] System.Int32[,] not supported for menu now. Ask developers to add this type.
2022-12-28 10:57:30.583 +01:00 [WRN] 16 not supported for menu now. Ask developers to add this type.
2022-12-28 10:57:30.618 +01:00 [WRN] ExileCore.Shared.Nodes.RangeNode`1[System.Byte] not supported for menu now. Ask developers to add this type.
2022-12-28 10:57:30.619 +01:00 [WRN] ExileCore.Shared.Nodes.RangeNode`1[System.Byte] not supported for menu now. Ask developers to add this type.
2022-12-28 10:57:30.619 +01:00 [WRN] ExileCore.Shared.Nodes.RangeNode`1[System.Byte] not supported for menu now. Ask developers to add this type.
2022-12-28 10:57:30.726 +01:00 [WRN]  not supported for menu now. Ask developers to add this type.
2022-12-28 10:57:30.726 +01:00 [WRN]  not supported for menu now. Ask developers to add this type.
2022-12-28 10:57:30.726 +01:00 [WRN]  not supported for menu now. Ask developers to add this type.
2022-12-28 10:57:30.726 +01:00 [WRN] PassiveSkillTreePlanter.TreeConfig+SkillTreeData not supported for menu now. Ask developers to add this type.
2022-12-28 10:57:30.726 +01:00 [WRN] PassiveSkillTreePlanter.TreeConfig+SkillTreeData not supported for menu now. Ask developers to add this type.
2022-12-28 10:57:30.764 +01:00 [WRN]  not supported for menu now. Ask developers to add this type.
2022-12-28 10:57:30.764 +01:00 [WRN]  not supported for menu now. Ask developers to add this type.
2022-12-28 10:57:30.764 +01:00 [WRN]  not supported for menu now. Ask developers to add this type.
2022-12-28 10:57:30.764 +01:00 [WRN]  not supported for menu now. Ask developers to add this type.
2022-12-28 10:57:30.764 +01:00 [WRN]  not supported for menu now. Ask developers to add this type.
2022-12-28 10:57:30.764 +01:00 [WRN]  not supported for menu now. Ask developers to add this type.
2022-12-28 10:57:30.764 +01:00 [WRN] <0  0> not supported for menu now. Ask developers to add this type.
2022-12-28 10:57:30.765 +01:00 [WRN] PickIt.PickItSettings+FRSMOverrides not supported for menu now. Ask developers to add this type.
2022-12-28 10:57:30.884 +01:00 [WRN] System.Int32[,] not supported for menu now. Ask developers to add this type.
