2022-12-17 11:14:24.446 +01:00 [WRN] TreeRoutine.Routine.BuildYourOwnRoutine.Flask.FlaskSetting[] not supported for menu now. Ask developers to add this type.
2022-12-17 11:14:24.449 +01:00 [WRN] <0  0> not supported for menu now. Ask developers to add this type.
2022-12-17 11:14:24.449 +01:00 [WRN] <0  0> not supported for menu now. Ask developers to add this type.
2022-12-17 11:14:24.472 +01:00 [WRN] TreeRoutine.Routine.BasicFlaskRoutine.Flask.FlaskSetting[] not supported for menu now. Ask developers to add this type.
2022-12-17 11:14:24.824 +01:00 [WRN] 0 not supported for menu now. Ask developers to add this type.
2022-12-17 11:14:25.005 +01:00 [WRN] System.Int32[,] not supported for menu now. Ask developers to add this type.
2022-12-17 11:14:25.113 +01:00 [WRN] 16 not supported for menu now. Ask developers to add this type.
2022-12-17 11:14:25.239 +01:00 [WRN] ExileCore.Shared.Nodes.RangeNode`1[System.Byte] not supported for menu now. Ask developers to add this type.
2022-12-17 11:14:25.239 +01:00 [WRN] ExileCore.Shared.Nodes.RangeNode`1[System.Byte] not supported for menu now. Ask developers to add this type.
2022-12-17 11:14:25.240 +01:00 [WRN] ExileCore.Shared.Nodes.RangeNode`1[System.Byte] not supported for menu now. Ask developers to add this type.
2022-12-17 11:14:25.494 +01:00 [WRN]  not supported for menu now. Ask developers to add this type.
2022-12-17 11:14:25.494 +01:00 [WRN]  not supported for menu now. Ask developers to add this type.
2022-12-17 11:14:25.495 +01:00 [WRN]  not supported for menu now. Ask developers to add this type.
2022-12-17 11:14:25.495 +01:00 [WRN] PassiveSkillTreePlanter.TreeConfig+SkillTreeData not supported for menu now. Ask developers to add this type.
2022-12-17 11:14:25.495 +01:00 [WRN] PassiveSkillTreePlanter.TreeConfig+SkillTreeData not supported for menu now. Ask developers to add this type.
2022-12-17 11:14:25.684 +01:00 [WRN]  not supported for menu now. Ask developers to add this type.
2022-12-17 11:14:25.684 +01:00 [WRN]  not supported for menu now. Ask developers to add this type.
2022-12-17 11:14:25.684 +01:00 [WRN]  not supported for menu now. Ask developers to add this type.
2022-12-17 11:14:25.684 +01:00 [WRN]  not supported for menu now. Ask developers to add this type.
2022-12-17 11:14:25.684 +01:00 [WRN]  not supported for menu now. Ask developers to add this type.
2022-12-17 11:14:25.684 +01:00 [WRN]  not supported for menu now. Ask developers to add this type.
2022-12-17 11:14:25.684 +01:00 [WRN] <0  0> not supported for menu now. Ask developers to add this type.
2022-12-17 11:14:25.684 +01:00 [WRN] PickIt.PickItSettings+FRSMOverrides not supported for menu now. Ask developers to add this type.
2022-12-17 11:14:26.119 +01:00 [WRN] System.Int32[,] not supported for menu now. Ask developers to add this type.
2022-12-17 13:20:41.869 +01:00 [WRN] TreeRoutine.Routine.BuildYourOwnRoutine.Flask.FlaskSetting[] not supported for menu now. Ask developers to add this type.
2022-12-17 13:20:41.881 +01:00 [WRN] <0  0> not supported for menu now. Ask developers to add this type.
2022-12-17 13:20:41.881 +01:00 [WRN] <0  0> not supported for menu now. Ask developers to add this type.
2022-12-17 13:20:41.917 +01:00 [WRN] TreeRoutine.Routine.BasicFlaskRoutine.Flask.FlaskSetting[] not supported for menu now. Ask developers to add this type.
2022-12-17 13:20:42.229 +01:00 [WRN] 0 not supported for menu now. Ask developers to add this type.
2022-12-17 13:20:42.396 +01:00 [WRN] System.Int32[,] not supported for menu now. Ask developers to add this type.
2022-12-17 13:20:42.489 +01:00 [WRN] 16 not supported for menu now. Ask developers to add this type.
2022-12-17 13:20:42.586 +01:00 [WRN] ExileCore.Shared.Nodes.RangeNode`1[System.Byte] not supported for menu now. Ask developers to add this type.
2022-12-17 13:20:42.586 +01:00 [WRN] ExileCore.Shared.Nodes.RangeNode`1[System.Byte] not supported for menu now. Ask developers to add this type.
2022-12-17 13:20:42.586 +01:00 [WRN] ExileCore.Shared.Nodes.RangeNode`1[System.Byte] not supported for menu now. Ask developers to add this type.
2022-12-17 13:20:42.800 +01:00 [WRN]  not supported for menu now. Ask developers to add this type.
2022-12-17 13:20:42.800 +01:00 [WRN]  not supported for menu now. Ask developers to add this type.
2022-12-17 13:20:42.800 +01:00 [WRN]  not supported for menu now. Ask developers to add this type.
2022-12-17 13:20:42.800 +01:00 [WRN] PassiveSkillTreePlanter.TreeConfig+SkillTreeData not supported for menu now. Ask developers to add this type.
2022-12-17 13:20:42.801 +01:00 [WRN] PassiveSkillTreePlanter.TreeConfig+SkillTreeData not supported for menu now. Ask developers to add this type.
2022-12-17 13:20:42.939 +01:00 [WRN]  not supported for menu now. Ask developers to add this type.
2022-12-17 13:20:42.939 +01:00 [WRN]  not supported for menu now. Ask developers to add this type.
2022-12-17 13:20:42.939 +01:00 [WRN]  not supported for menu now. Ask developers to add this type.
2022-12-17 13:20:42.939 +01:00 [WRN]  not supported for menu now. Ask developers to add this type.
2022-12-17 13:20:42.939 +01:00 [WRN]  not supported for menu now. Ask developers to add this type.
2022-12-17 13:20:42.939 +01:00 [WRN]  not supported for menu now. Ask developers to add this type.
2022-12-17 13:20:42.939 +01:00 [WRN] <0  0> not supported for menu now. Ask developers to add this type.
2022-12-17 13:20:42.940 +01:00 [WRN] PickIt.PickItSettings+FRSMOverrides not supported for menu now. Ask developers to add this type.
2022-12-17 13:20:43.345 +01:00 [WRN] System.Int32[,] not supported for menu now. Ask developers to add this type.
2022-12-17 15:33:00.277 +01:00 [WRN] TreeRoutine.Routine.BuildYourOwnRoutine.Flask.FlaskSetting[] not supported for menu now. Ask developers to add this type.
2022-12-17 15:33:00.281 +01:00 [WRN] <0  0> not supported for menu now. Ask developers to add this type.
2022-12-17 15:33:00.282 +01:00 [WRN] <0  0> not supported for menu now. Ask developers to add this type.
2022-12-17 15:33:00.302 +01:00 [WRN] TreeRoutine.Routine.BasicFlaskRoutine.Flask.FlaskSetting[] not supported for menu now. Ask developers to add this type.
2022-12-17 15:33:00.372 +01:00 [WRN] 0 not supported for menu now. Ask developers to add this type.
2022-12-17 15:33:00.418 +01:00 [WRN] System.Int32[,] not supported for menu now. Ask developers to add this type.
2022-12-17 15:33:00.427 +01:00 [WRN] 16 not supported for menu now. Ask developers to add this type.
2022-12-17 15:33:00.471 +01:00 [WRN] ExileCore.Shared.Nodes.RangeNode`1[System.Byte] not supported for menu now. Ask developers to add this type.
2022-12-17 15:33:00.472 +01:00 [WRN] ExileCore.Shared.Nodes.RangeNode`1[System.Byte] not supported for menu now. Ask developers to add this type.
2022-12-17 15:33:00.472 +01:00 [WRN] ExileCore.Shared.Nodes.RangeNode`1[System.Byte] not supported for menu now. Ask developers to add this type.
2022-12-17 15:33:00.570 +01:00 [WRN]  not supported for menu now. Ask developers to add this type.
2022-12-17 15:33:00.571 +01:00 [WRN]  not supported for menu now. Ask developers to add this type.
2022-12-17 15:33:00.571 +01:00 [WRN]  not supported for menu now. Ask developers to add this type.
2022-12-17 15:33:00.571 +01:00 [WRN] PassiveSkillTreePlanter.TreeConfig+SkillTreeData not supported for menu now. Ask developers to add this type.
2022-12-17 15:33:00.571 +01:00 [WRN] PassiveSkillTreePlanter.TreeConfig+SkillTreeData not supported for menu now. Ask developers to add this type.
2022-12-17 15:33:00.610 +01:00 [WRN]  not supported for menu now. Ask developers to add this type.
2022-12-17 15:33:00.610 +01:00 [WRN]  not supported for menu now. Ask developers to add this type.
2022-12-17 15:33:00.610 +01:00 [WRN]  not supported for menu now. Ask developers to add this type.
2022-12-17 15:33:00.610 +01:00 [WRN]  not supported for menu now. Ask developers to add this type.
2022-12-17 15:33:00.610 +01:00 [WRN]  not supported for menu now. Ask developers to add this type.
2022-12-17 15:33:00.610 +01:00 [WRN]  not supported for menu now. Ask developers to add this type.
2022-12-17 15:33:00.610 +01:00 [WRN] <0  0> not supported for menu now. Ask developers to add this type.
2022-12-17 15:33:00.610 +01:00 [WRN] PickIt.PickItSettings+FRSMOverrides not supported for menu now. Ask developers to add this type.
2022-12-17 15:33:00.728 +01:00 [WRN] System.Int32[,] not supported for menu now. Ask developers to add this type.
2022-12-17 17:13:00.963 +01:00 [WRN] TreeRoutine.Routine.BuildYourOwnRoutine.Flask.FlaskSetting[] not supported for menu now. Ask developers to add this type.
2022-12-17 17:13:00.966 +01:00 [WRN] <0  0> not supported for menu now. Ask developers to add this type.
2022-12-17 17:13:00.966 +01:00 [WRN] <0  0> not supported for menu now. Ask developers to add this type.
2022-12-17 17:13:00.984 +01:00 [WRN] TreeRoutine.Routine.BasicFlaskRoutine.Flask.FlaskSetting[] not supported for menu now. Ask developers to add this type.
2022-12-17 17:13:01.063 +01:00 [WRN] 0 not supported for menu now. Ask developers to add this type.
2022-12-17 17:13:01.109 +01:00 [WRN] System.Int32[,] not supported for menu now. Ask developers to add this type.
2022-12-17 17:13:01.120 +01:00 [WRN] 16 not supported for menu now. Ask developers to add this type.
2022-12-17 17:13:01.148 +01:00 [WRN] ExileCore.Shared.Nodes.RangeNode`1[System.Byte] not supported for menu now. Ask developers to add this type.
2022-12-17 17:13:01.148 +01:00 [WRN] ExileCore.Shared.Nodes.RangeNode`1[System.Byte] not supported for menu now. Ask developers to add this type.
2022-12-17 17:13:01.148 +01:00 [WRN] ExileCore.Shared.Nodes.RangeNode`1[System.Byte] not supported for menu now. Ask developers to add this type.
2022-12-17 17:13:01.238 +01:00 [WRN]  not supported for menu now. Ask developers to add this type.
2022-12-17 17:13:01.238 +01:00 [WRN]  not supported for menu now. Ask developers to add this type.
2022-12-17 17:13:01.238 +01:00 [WRN]  not supported for menu now. Ask developers to add this type.
2022-12-17 17:13:01.238 +01:00 [WRN] PassiveSkillTreePlanter.TreeConfig+SkillTreeData not supported for menu now. Ask developers to add this type.
2022-12-17 17:13:01.238 +01:00 [WRN] PassiveSkillTreePlanter.TreeConfig+SkillTreeData not supported for menu now. Ask developers to add this type.
2022-12-17 17:13:01.278 +01:00 [WRN]  not supported for menu now. Ask developers to add this type.
2022-12-17 17:13:01.278 +01:00 [WRN]  not supported for menu now. Ask developers to add this type.
2022-12-17 17:13:01.278 +01:00 [WRN]  not supported for menu now. Ask developers to add this type.
2022-12-17 17:13:01.278 +01:00 [WRN]  not supported for menu now. Ask developers to add this type.
2022-12-17 17:13:01.278 +01:00 [WRN]  not supported for menu now. Ask developers to add this type.
2022-12-17 17:13:01.278 +01:00 [WRN]  not supported for menu now. Ask developers to add this type.
2022-12-17 17:13:01.278 +01:00 [WRN] <0  0> not supported for menu now. Ask developers to add this type.
2022-12-17 17:13:01.279 +01:00 [WRN] PickIt.PickItSettings+FRSMOverrides not supported for menu now. Ask developers to add this type.
2022-12-17 17:13:01.391 +01:00 [WRN] System.Int32[,] not supported for menu now. Ask developers to add this type.
2022-12-17 18:18:27.653 +01:00 [WRN] TreeRoutine.Routine.BuildYourOwnRoutine.Flask.FlaskSetting[] not supported for menu now. Ask developers to add this type.
2022-12-17 18:18:27.672 +01:00 [WRN] <0  0> not supported for menu now. Ask developers to add this type.
2022-12-17 18:18:27.673 +01:00 [WRN] <0  0> not supported for menu now. Ask developers to add this type.
2022-12-17 18:18:27.691 +01:00 [WRN] TreeRoutine.Routine.BasicFlaskRoutine.Flask.FlaskSetting[] not supported for menu now. Ask developers to add this type.
2022-12-17 18:18:27.771 +01:00 [WRN] 0 not supported for menu now. Ask developers to add this type.
2022-12-17 18:18:27.813 +01:00 [WRN] System.Int32[,] not supported for menu now. Ask developers to add this type.
2022-12-17 18:18:27.822 +01:00 [WRN] 16 not supported for menu now. Ask developers to add this type.
2022-12-17 18:18:27.858 +01:00 [WRN] ExileCore.Shared.Nodes.RangeNode`1[System.Byte] not supported for menu now. Ask developers to add this type.
2022-12-17 18:18:27.859 +01:00 [WRN] ExileCore.Shared.Nodes.RangeNode`1[System.Byte] not supported for menu now. Ask developers to add this type.
2022-12-17 18:18:27.859 +01:00 [WRN] ExileCore.Shared.Nodes.RangeNode`1[System.Byte] not supported for menu now. Ask developers to add this type.
2022-12-17 18:18:27.966 +01:00 [WRN]  not supported for menu now. Ask developers to add this type.
2022-12-17 18:18:27.966 +01:00 [WRN]  not supported for menu now. Ask developers to add this type.
2022-12-17 18:18:27.966 +01:00 [WRN]  not supported for menu now. Ask developers to add this type.
2022-12-17 18:18:27.966 +01:00 [WRN] PassiveSkillTreePlanter.TreeConfig+SkillTreeData not supported for menu now. Ask developers to add this type.
2022-12-17 18:18:27.966 +01:00 [WRN] PassiveSkillTreePlanter.TreeConfig+SkillTreeData not supported for menu now. Ask developers to add this type.
2022-12-17 18:18:28.004 +01:00 [WRN]  not supported for menu now. Ask developers to add this type.
2022-12-17 18:18:28.004 +01:00 [WRN]  not supported for menu now. Ask developers to add this type.
2022-12-17 18:18:28.004 +01:00 [WRN]  not supported for menu now. Ask developers to add this type.
2022-12-17 18:18:28.004 +01:00 [WRN]  not supported for menu now. Ask developers to add this type.
2022-12-17 18:18:28.004 +01:00 [WRN]  not supported for menu now. Ask developers to add this type.
2022-12-17 18:18:28.004 +01:00 [WRN]  not supported for menu now. Ask developers to add this type.
2022-12-17 18:18:28.004 +01:00 [WRN] <0  0> not supported for menu now. Ask developers to add this type.
2022-12-17 18:18:28.005 +01:00 [WRN] PickIt.PickItSettings+FRSMOverrides not supported for menu now. Ask developers to add this type.
2022-12-17 18:18:28.134 +01:00 [WRN] System.Int32[,] not supported for menu now. Ask developers to add this type.
2022-12-17 19:46:08.142 +01:00 [WRN] TreeRoutine.Routine.BuildYourOwnRoutine.Flask.FlaskSetting[] not supported for menu now. Ask developers to add this type.
2022-12-17 19:46:08.147 +01:00 [WRN] <0  0> not supported for menu now. Ask developers to add this type.
2022-12-17 19:46:08.147 +01:00 [WRN] <0  0> not supported for menu now. Ask developers to add this type.
2022-12-17 19:46:08.164 +01:00 [WRN] TreeRoutine.Routine.BasicFlaskRoutine.Flask.FlaskSetting[] not supported for menu now. Ask developers to add this type.
2022-12-17 19:46:08.234 +01:00 [WRN] 0 not supported for menu now. Ask developers to add this type.
2022-12-17 19:46:08.276 +01:00 [WRN] System.Int32[,] not supported for menu now. Ask developers to add this type.
2022-12-17 19:46:08.290 +01:00 [WRN] 16 not supported for menu now. Ask developers to add this type.
2022-12-17 19:46:08.318 +01:00 [WRN] ExileCore.Shared.Nodes.RangeNode`1[System.Byte] not supported for menu now. Ask developers to add this type.
2022-12-17 19:46:08.318 +01:00 [WRN] ExileCore.Shared.Nodes.RangeNode`1[System.Byte] not supported for menu now. Ask developers to add this type.
2022-12-17 19:46:08.318 +01:00 [WRN] ExileCore.Shared.Nodes.RangeNode`1[System.Byte] not supported for menu now. Ask developers to add this type.
2022-12-17 19:46:08.401 +01:00 [WRN]  not supported for menu now. Ask developers to add this type.
2022-12-17 19:46:08.401 +01:00 [WRN]  not supported for menu now. Ask developers to add this type.
2022-12-17 19:46:08.401 +01:00 [WRN]  not supported for menu now. Ask developers to add this type.
2022-12-17 19:46:08.401 +01:00 [WRN] PassiveSkillTreePlanter.TreeConfig+SkillTreeData not supported for menu now. Ask developers to add this type.
2022-12-17 19:46:08.401 +01:00 [WRN] PassiveSkillTreePlanter.TreeConfig+SkillTreeData not supported for menu now. Ask developers to add this type.
2022-12-17 19:46:08.438 +01:00 [WRN]  not supported for menu now. Ask developers to add this type.
2022-12-17 19:46:08.438 +01:00 [WRN]  not supported for menu now. Ask developers to add this type.
2022-12-17 19:46:08.438 +01:00 [WRN]  not supported for menu now. Ask developers to add this type.
2022-12-17 19:46:08.438 +01:00 [WRN]  not supported for menu now. Ask developers to add this type.
2022-12-17 19:46:08.438 +01:00 [WRN]  not supported for menu now. Ask developers to add this type.
2022-12-17 19:46:08.438 +01:00 [WRN]  not supported for menu now. Ask developers to add this type.
2022-12-17 19:46:08.438 +01:00 [WRN] <0  0> not supported for menu now. Ask developers to add this type.
2022-12-17 19:46:08.438 +01:00 [WRN] PickIt.PickItSettings+FRSMOverrides not supported for menu now. Ask developers to add this type.
2022-12-17 19:46:08.587 +01:00 [WRN] System.Int32[,] not supported for menu now. Ask developers to add this type.
2022-12-17 22:56:46.586 +01:00 [WRN] TreeRoutine.Routine.BuildYourOwnRoutine.Flask.FlaskSetting[] not supported for menu now. Ask developers to add this type.
2022-12-17 22:56:46.589 +01:00 [WRN] <0  0> not supported for menu now. Ask developers to add this type.
2022-12-17 22:56:46.589 +01:00 [WRN] <0  0> not supported for menu now. Ask developers to add this type.
2022-12-17 22:56:46.612 +01:00 [WRN] TreeRoutine.Routine.BasicFlaskRoutine.Flask.FlaskSetting[] not supported for menu now. Ask developers to add this type.
2022-12-17 22:56:46.962 +01:00 [WRN] 0 not supported for menu now. Ask developers to add this type.
2022-12-17 22:56:47.137 +01:00 [WRN] System.Int32[,] not supported for menu now. Ask developers to add this type.
2022-12-17 22:56:47.226 +01:00 [WRN] 16 not supported for menu now. Ask developers to add this type.
2022-12-17 22:56:47.323 +01:00 [WRN] ExileCore.Shared.Nodes.RangeNode`1[System.Byte] not supported for menu now. Ask developers to add this type.
2022-12-17 22:56:47.323 +01:00 [WRN] ExileCore.Shared.Nodes.RangeNode`1[System.Byte] not supported for menu now. Ask developers to add this type.
2022-12-17 22:56:47.323 +01:00 [WRN] ExileCore.Shared.Nodes.RangeNode`1[System.Byte] not supported for menu now. Ask developers to add this type.
2022-12-17 22:56:47.552 +01:00 [WRN]  not supported for menu now. Ask developers to add this type.
2022-12-17 22:56:47.553 +01:00 [WRN]  not supported for menu now. Ask developers to add this type.
2022-12-17 22:56:47.553 +01:00 [WRN]  not supported for menu now. Ask developers to add this type.
2022-12-17 22:56:47.553 +01:00 [WRN] PassiveSkillTreePlanter.TreeConfig+SkillTreeData not supported for menu now. Ask developers to add this type.
2022-12-17 22:56:47.553 +01:00 [WRN] PassiveSkillTreePlanter.TreeConfig+SkillTreeData not supported for menu now. Ask developers to add this type.
2022-12-17 22:56:47.677 +01:00 [WRN]  not supported for menu now. Ask developers to add this type.
2022-12-17 22:56:47.678 +01:00 [WRN]  not supported for menu now. Ask developers to add this type.
2022-12-17 22:56:47.678 +01:00 [WRN]  not supported for menu now. Ask developers to add this type.
2022-12-17 22:56:47.678 +01:00 [WRN]  not supported for menu now. Ask developers to add this type.
2022-12-17 22:56:47.678 +01:00 [WRN]  not supported for menu now. Ask developers to add this type.
2022-12-17 22:56:47.678 +01:00 [WRN]  not supported for menu now. Ask developers to add this type.
2022-12-17 22:56:47.678 +01:00 [WRN] <0  0> not supported for menu now. Ask developers to add this type.
2022-12-17 22:56:47.678 +01:00 [WRN] PickIt.PickItSettings+FRSMOverrides not supported for menu now. Ask developers to add this type.
2022-12-17 22:56:48.079 +01:00 [WRN] System.Int32[,] not supported for menu now. Ask developers to add this type.
