2022-12-23 12:21:53.036 +01:00 [WRN] TreeRoutine.Routine.BuildYourOwnRoutine.Flask.FlaskSetting[] not supported for menu now. Ask developers to add this type.
2022-12-23 12:21:53.049 +01:00 [WRN] <0  0> not supported for menu now. Ask developers to add this type.
2022-12-23 12:21:53.049 +01:00 [WRN] <0  0> not supported for menu now. Ask developers to add this type.
2022-12-23 12:21:53.078 +01:00 [WRN] TreeRoutine.Routine.BasicFlaskRoutine.Flask.FlaskSetting[] not supported for menu now. Ask developers to add this type.
2022-12-23 12:21:53.471 +01:00 [WRN] 0 not supported for menu now. Ask developers to add this type.
2022-12-23 12:21:53.682 +01:00 [WRN] System.Int32[,] not supported for menu now. Ask developers to add this type.
2022-12-23 12:21:53.777 +01:00 [WRN] 16 not supported for menu now. Ask developers to add this type.
2022-12-23 12:21:53.906 +01:00 [WRN] ExileCore.Shared.Nodes.RangeNode`1[System.Byte] not supported for menu now. Ask developers to add this type.
2022-12-23 12:21:53.906 +01:00 [WRN] ExileCore.Shared.Nodes.RangeNode`1[System.Byte] not supported for menu now. Ask developers to add this type.
2022-12-23 12:21:53.907 +01:00 [WRN] ExileCore.Shared.Nodes.RangeNode`1[System.Byte] not supported for menu now. Ask developers to add this type.
2022-12-23 12:21:54.164 +01:00 [WRN]  not supported for menu now. Ask developers to add this type.
2022-12-23 12:21:54.164 +01:00 [WRN]  not supported for menu now. Ask developers to add this type.
2022-12-23 12:21:54.165 +01:00 [WRN]  not supported for menu now. Ask developers to add this type.
2022-12-23 12:21:54.165 +01:00 [WRN] PassiveSkillTreePlanter.TreeConfig+SkillTreeData not supported for menu now. Ask developers to add this type.
2022-12-23 12:21:54.165 +01:00 [WRN] PassiveSkillTreePlanter.TreeConfig+SkillTreeData not supported for menu now. Ask developers to add this type.
2022-12-23 12:21:54.309 +01:00 [WRN]  not supported for menu now. Ask developers to add this type.
2022-12-23 12:21:54.309 +01:00 [WRN]  not supported for menu now. Ask developers to add this type.
2022-12-23 12:21:54.309 +01:00 [WRN]  not supported for menu now. Ask developers to add this type.
2022-12-23 12:21:54.309 +01:00 [WRN]  not supported for menu now. Ask developers to add this type.
2022-12-23 12:21:54.309 +01:00 [WRN]  not supported for menu now. Ask developers to add this type.
2022-12-23 12:21:54.309 +01:00 [WRN]  not supported for menu now. Ask developers to add this type.
2022-12-23 12:21:54.309 +01:00 [WRN] <0  0> not supported for menu now. Ask developers to add this type.
2022-12-23 12:21:54.309 +01:00 [WRN] PickIt.PickItSettings+FRSMOverrides not supported for menu now. Ask developers to add this type.
2022-12-23 12:21:54.745 +01:00 [WRN] System.Int32[,] not supported for menu now. Ask developers to add this type.
2022-12-23 19:21:55.126 +01:00 [WRN] TreeRoutine.Routine.BuildYourOwnRoutine.Flask.FlaskSetting[] not supported for menu now. Ask developers to add this type.
2022-12-23 19:21:55.131 +01:00 [WRN] <0  0> not supported for menu now. Ask developers to add this type.
2022-12-23 19:21:55.131 +01:00 [WRN] <0  0> not supported for menu now. Ask developers to add this type.
2022-12-23 19:21:55.164 +01:00 [WRN] TreeRoutine.Routine.BasicFlaskRoutine.Flask.FlaskSetting[] not supported for menu now. Ask developers to add this type.
2022-12-23 19:21:55.260 +01:00 [WRN] 0 not supported for menu now. Ask developers to add this type.
2022-12-23 19:21:55.316 +01:00 [WRN] System.Int32[,] not supported for menu now. Ask developers to add this type.
2022-12-23 19:21:55.332 +01:00 [WRN] 16 not supported for menu now. Ask developers to add this type.
2022-12-23 19:21:55.378 +01:00 [WRN] ExileCore.Shared.Nodes.RangeNode`1[System.Byte] not supported for menu now. Ask developers to add this type.
2022-12-23 19:21:55.379 +01:00 [WRN] ExileCore.Shared.Nodes.RangeNode`1[System.Byte] not supported for menu now. Ask developers to add this type.
2022-12-23 19:21:55.379 +01:00 [WRN] ExileCore.Shared.Nodes.RangeNode`1[System.Byte] not supported for menu now. Ask developers to add this type.
2022-12-23 19:21:55.535 +01:00 [WRN]  not supported for menu now. Ask developers to add this type.
2022-12-23 19:21:55.535 +01:00 [WRN]  not supported for menu now. Ask developers to add this type.
2022-12-23 19:21:55.535 +01:00 [WRN]  not supported for menu now. Ask developers to add this type.
2022-12-23 19:21:55.536 +01:00 [WRN] PassiveSkillTreePlanter.TreeConfig+SkillTreeData not supported for menu now. Ask developers to add this type.
2022-12-23 19:21:55.536 +01:00 [WRN] PassiveSkillTreePlanter.TreeConfig+SkillTreeData not supported for menu now. Ask developers to add this type.
2022-12-23 19:21:55.579 +01:00 [WRN]  not supported for menu now. Ask developers to add this type.
2022-12-23 19:21:55.579 +01:00 [WRN]  not supported for menu now. Ask developers to add this type.
2022-12-23 19:21:55.580 +01:00 [WRN]  not supported for menu now. Ask developers to add this type.
2022-12-23 19:21:55.580 +01:00 [WRN]  not supported for menu now. Ask developers to add this type.
2022-12-23 19:21:55.580 +01:00 [WRN]  not supported for menu now. Ask developers to add this type.
2022-12-23 19:21:55.580 +01:00 [WRN]  not supported for menu now. Ask developers to add this type.
2022-12-23 19:21:55.580 +01:00 [WRN] <0  0> not supported for menu now. Ask developers to add this type.
2022-12-23 19:21:55.580 +01:00 [WRN] PickIt.PickItSettings+FRSMOverrides not supported for menu now. Ask developers to add this type.
2022-12-23 19:21:55.700 +01:00 [WRN] System.Int32[,] not supported for menu now. Ask developers to add this type.
2022-12-23 19:24:23.304 +01:00 [WRN] TreeRoutine.Routine.BuildYourOwnRoutine.Flask.FlaskSetting[] not supported for menu now. Ask developers to add this type.
2022-12-23 19:24:23.307 +01:00 [WRN] <0  0> not supported for menu now. Ask developers to add this type.
2022-12-23 19:24:23.307 +01:00 [WRN] <0  0> not supported for menu now. Ask developers to add this type.
2022-12-23 19:24:23.325 +01:00 [WRN] TreeRoutine.Routine.BasicFlaskRoutine.Flask.FlaskSetting[] not supported for menu now. Ask developers to add this type.
2022-12-23 19:24:23.402 +01:00 [WRN] 0 not supported for menu now. Ask developers to add this type.
2022-12-23 19:24:23.442 +01:00 [WRN] System.Int32[,] not supported for menu now. Ask developers to add this type.
2022-12-23 19:24:23.451 +01:00 [WRN] 16 not supported for menu now. Ask developers to add this type.
2022-12-23 19:24:23.485 +01:00 [WRN] ExileCore.Shared.Nodes.RangeNode`1[System.Byte] not supported for menu now. Ask developers to add this type.
2022-12-23 19:24:23.485 +01:00 [WRN] ExileCore.Shared.Nodes.RangeNode`1[System.Byte] not supported for menu now. Ask developers to add this type.
2022-12-23 19:24:23.485 +01:00 [WRN] ExileCore.Shared.Nodes.RangeNode`1[System.Byte] not supported for menu now. Ask developers to add this type.
2022-12-23 19:24:23.573 +01:00 [WRN]  not supported for menu now. Ask developers to add this type.
2022-12-23 19:24:23.573 +01:00 [WRN]  not supported for menu now. Ask developers to add this type.
2022-12-23 19:24:23.573 +01:00 [WRN]  not supported for menu now. Ask developers to add this type.
2022-12-23 19:24:23.573 +01:00 [WRN] PassiveSkillTreePlanter.TreeConfig+SkillTreeData not supported for menu now. Ask developers to add this type.
2022-12-23 19:24:23.574 +01:00 [WRN] PassiveSkillTreePlanter.TreeConfig+SkillTreeData not supported for menu now. Ask developers to add this type.
2022-12-23 19:24:23.603 +01:00 [WRN]  not supported for menu now. Ask developers to add this type.
2022-12-23 19:24:23.603 +01:00 [WRN]  not supported for menu now. Ask developers to add this type.
2022-12-23 19:24:23.603 +01:00 [WRN]  not supported for menu now. Ask developers to add this type.
2022-12-23 19:24:23.603 +01:00 [WRN]  not supported for menu now. Ask developers to add this type.
2022-12-23 19:24:23.603 +01:00 [WRN]  not supported for menu now. Ask developers to add this type.
2022-12-23 19:24:23.603 +01:00 [WRN]  not supported for menu now. Ask developers to add this type.
2022-12-23 19:24:23.603 +01:00 [WRN] <0  0> not supported for menu now. Ask developers to add this type.
2022-12-23 19:24:23.603 +01:00 [WRN] PickIt.PickItSettings+FRSMOverrides not supported for menu now. Ask developers to add this type.
2022-12-23 19:24:23.717 +01:00 [WRN] System.Int32[,] not supported for menu now. Ask developers to add this type.
2022-12-23 20:48:42.659 +01:00 [WRN] TreeRoutine.Routine.BuildYourOwnRoutine.Flask.FlaskSetting[] not supported for menu now. Ask developers to add this type.
2022-12-23 20:48:42.662 +01:00 [WRN] <0  0> not supported for menu now. Ask developers to add this type.
2022-12-23 20:48:42.662 +01:00 [WRN] <0  0> not supported for menu now. Ask developers to add this type.
2022-12-23 20:48:42.680 +01:00 [WRN] TreeRoutine.Routine.BasicFlaskRoutine.Flask.FlaskSetting[] not supported for menu now. Ask developers to add this type.
2022-12-23 20:48:42.757 +01:00 [WRN] 0 not supported for menu now. Ask developers to add this type.
2022-12-23 20:48:42.805 +01:00 [WRN] System.Int32[,] not supported for menu now. Ask developers to add this type.
2022-12-23 20:48:42.820 +01:00 [WRN] 16 not supported for menu now. Ask developers to add this type.
2022-12-23 20:48:42.852 +01:00 [WRN] ExileCore.Shared.Nodes.RangeNode`1[System.Byte] not supported for menu now. Ask developers to add this type.
2022-12-23 20:48:42.852 +01:00 [WRN] ExileCore.Shared.Nodes.RangeNode`1[System.Byte] not supported for menu now. Ask developers to add this type.
2022-12-23 20:48:42.852 +01:00 [WRN] ExileCore.Shared.Nodes.RangeNode`1[System.Byte] not supported for menu now. Ask developers to add this type.
2022-12-23 20:48:42.937 +01:00 [WRN]  not supported for menu now. Ask developers to add this type.
2022-12-23 20:48:42.937 +01:00 [WRN]  not supported for menu now. Ask developers to add this type.
2022-12-23 20:48:42.937 +01:00 [WRN]  not supported for menu now. Ask developers to add this type.
2022-12-23 20:48:42.937 +01:00 [WRN] PassiveSkillTreePlanter.TreeConfig+SkillTreeData not supported for menu now. Ask developers to add this type.
2022-12-23 20:48:42.937 +01:00 [WRN] PassiveSkillTreePlanter.TreeConfig+SkillTreeData not supported for menu now. Ask developers to add this type.
2022-12-23 20:48:42.973 +01:00 [WRN]  not supported for menu now. Ask developers to add this type.
2022-12-23 20:48:42.974 +01:00 [WRN]  not supported for menu now. Ask developers to add this type.
2022-12-23 20:48:42.974 +01:00 [WRN]  not supported for menu now. Ask developers to add this type.
2022-12-23 20:48:42.974 +01:00 [WRN]  not supported for menu now. Ask developers to add this type.
2022-12-23 20:48:42.974 +01:00 [WRN]  not supported for menu now. Ask developers to add this type.
2022-12-23 20:48:42.974 +01:00 [WRN]  not supported for menu now. Ask developers to add this type.
2022-12-23 20:48:42.974 +01:00 [WRN] <0  0> not supported for menu now. Ask developers to add this type.
2022-12-23 20:48:42.974 +01:00 [WRN] PickIt.PickItSettings+FRSMOverrides not supported for menu now. Ask developers to add this type.
2022-12-23 20:48:43.073 +01:00 [WRN] System.Int32[,] not supported for menu now. Ask developers to add this type.
2022-12-23 21:48:02.924 +01:00 [WRN] TreeRoutine.Routine.BuildYourOwnRoutine.Flask.FlaskSetting[] not supported for menu now. Ask developers to add this type.
2022-12-23 21:48:02.928 +01:00 [WRN] <0  0> not supported for menu now. Ask developers to add this type.
2022-12-23 21:48:02.928 +01:00 [WRN] <0  0> not supported for menu now. Ask developers to add this type.
2022-12-23 21:48:02.948 +01:00 [WRN] TreeRoutine.Routine.BasicFlaskRoutine.Flask.FlaskSetting[] not supported for menu now. Ask developers to add this type.
2022-12-23 21:48:03.030 +01:00 [WRN] 0 not supported for menu now. Ask developers to add this type.
2022-12-23 21:48:03.073 +01:00 [WRN] System.Int32[,] not supported for menu now. Ask developers to add this type.
2022-12-23 21:48:03.088 +01:00 [WRN] 16 not supported for menu now. Ask developers to add this type.
2022-12-23 21:48:03.115 +01:00 [WRN] ExileCore.Shared.Nodes.RangeNode`1[System.Byte] not supported for menu now. Ask developers to add this type.
2022-12-23 21:48:03.115 +01:00 [WRN] ExileCore.Shared.Nodes.RangeNode`1[System.Byte] not supported for menu now. Ask developers to add this type.
2022-12-23 21:48:03.115 +01:00 [WRN] ExileCore.Shared.Nodes.RangeNode`1[System.Byte] not supported for menu now. Ask developers to add this type.
2022-12-23 21:48:03.228 +01:00 [WRN]  not supported for menu now. Ask developers to add this type.
2022-12-23 21:48:03.228 +01:00 [WRN]  not supported for menu now. Ask developers to add this type.
2022-12-23 21:48:03.228 +01:00 [WRN]  not supported for menu now. Ask developers to add this type.
2022-12-23 21:48:03.228 +01:00 [WRN] PassiveSkillTreePlanter.TreeConfig+SkillTreeData not supported for menu now. Ask developers to add this type.
2022-12-23 21:48:03.228 +01:00 [WRN] PassiveSkillTreePlanter.TreeConfig+SkillTreeData not supported for menu now. Ask developers to add this type.
2022-12-23 21:48:03.254 +01:00 [WRN]  not supported for menu now. Ask developers to add this type.
2022-12-23 21:48:03.254 +01:00 [WRN]  not supported for menu now. Ask developers to add this type.
2022-12-23 21:48:03.254 +01:00 [WRN]  not supported for menu now. Ask developers to add this type.
2022-12-23 21:48:03.254 +01:00 [WRN]  not supported for menu now. Ask developers to add this type.
2022-12-23 21:48:03.254 +01:00 [WRN]  not supported for menu now. Ask developers to add this type.
2022-12-23 21:48:03.254 +01:00 [WRN]  not supported for menu now. Ask developers to add this type.
2022-12-23 21:48:03.254 +01:00 [WRN] <0  0> not supported for menu now. Ask developers to add this type.
2022-12-23 21:48:03.254 +01:00 [WRN] PickIt.PickItSettings+FRSMOverrides not supported for menu now. Ask developers to add this type.
2022-12-23 21:48:03.351 +01:00 [WRN] System.Int32[,] not supported for menu now. Ask developers to add this type.
2022-12-23 22:22:46.740 +01:00 [WRN] TreeRoutine.Routine.BuildYourOwnRoutine.Flask.FlaskSetting[] not supported for menu now. Ask developers to add this type.
2022-12-23 22:22:46.743 +01:00 [WRN] <0  0> not supported for menu now. Ask developers to add this type.
2022-12-23 22:22:46.743 +01:00 [WRN] <0  0> not supported for menu now. Ask developers to add this type.
2022-12-23 22:22:46.766 +01:00 [WRN] TreeRoutine.Routine.BasicFlaskRoutine.Flask.FlaskSetting[] not supported for menu now. Ask developers to add this type.
2022-12-23 22:22:46.851 +01:00 [WRN] 0 not supported for menu now. Ask developers to add this type.
2022-12-23 22:22:46.904 +01:00 [WRN] System.Int32[,] not supported for menu now. Ask developers to add this type.
2022-12-23 22:22:46.915 +01:00 [WRN] 16 not supported for menu now. Ask developers to add this type.
2022-12-23 22:22:46.956 +01:00 [WRN] ExileCore.Shared.Nodes.RangeNode`1[System.Byte] not supported for menu now. Ask developers to add this type.
2022-12-23 22:22:46.956 +01:00 [WRN] ExileCore.Shared.Nodes.RangeNode`1[System.Byte] not supported for menu now. Ask developers to add this type.
2022-12-23 22:22:46.956 +01:00 [WRN] ExileCore.Shared.Nodes.RangeNode`1[System.Byte] not supported for menu now. Ask developers to add this type.
2022-12-23 22:22:47.065 +01:00 [WRN]  not supported for menu now. Ask developers to add this type.
2022-12-23 22:22:47.065 +01:00 [WRN]  not supported for menu now. Ask developers to add this type.
2022-12-23 22:22:47.065 +01:00 [WRN]  not supported for menu now. Ask developers to add this type.
2022-12-23 22:22:47.066 +01:00 [WRN] PassiveSkillTreePlanter.TreeConfig+SkillTreeData not supported for menu now. Ask developers to add this type.
2022-12-23 22:22:47.066 +01:00 [WRN] PassiveSkillTreePlanter.TreeConfig+SkillTreeData not supported for menu now. Ask developers to add this type.
2022-12-23 22:22:47.099 +01:00 [WRN]  not supported for menu now. Ask developers to add this type.
2022-12-23 22:22:47.099 +01:00 [WRN]  not supported for menu now. Ask developers to add this type.
2022-12-23 22:22:47.099 +01:00 [WRN]  not supported for menu now. Ask developers to add this type.
2022-12-23 22:22:47.099 +01:00 [WRN]  not supported for menu now. Ask developers to add this type.
2022-12-23 22:22:47.099 +01:00 [WRN]  not supported for menu now. Ask developers to add this type.
2022-12-23 22:22:47.099 +01:00 [WRN]  not supported for menu now. Ask developers to add this type.
2022-12-23 22:22:47.099 +01:00 [WRN] <0  0> not supported for menu now. Ask developers to add this type.
2022-12-23 22:22:47.099 +01:00 [WRN] PickIt.PickItSettings+FRSMOverrides not supported for menu now. Ask developers to add this type.
2022-12-23 22:22:47.247 +01:00 [WRN] System.Int32[,] not supported for menu now. Ask developers to add this type.
2022-12-23 22:22:59.583 +01:00 [WRN] TreeRoutine.Routine.BuildYourOwnRoutine.Flask.FlaskSetting[] not supported for menu now. Ask developers to add this type.
2022-12-23 22:22:59.586 +01:00 [WRN] <0  0> not supported for menu now. Ask developers to add this type.
2022-12-23 22:22:59.586 +01:00 [WRN] <0  0> not supported for menu now. Ask developers to add this type.
2022-12-23 22:22:59.609 +01:00 [WRN] TreeRoutine.Routine.BasicFlaskRoutine.Flask.FlaskSetting[] not supported for menu now. Ask developers to add this type.
2022-12-23 22:22:59.692 +01:00 [WRN] 0 not supported for menu now. Ask developers to add this type.
2022-12-23 22:22:59.740 +01:00 [WRN] System.Int32[,] not supported for menu now. Ask developers to add this type.
2022-12-23 22:22:59.751 +01:00 [WRN] 16 not supported for menu now. Ask developers to add this type.
2022-12-23 22:22:59.782 +01:00 [WRN] ExileCore.Shared.Nodes.RangeNode`1[System.Byte] not supported for menu now. Ask developers to add this type.
2022-12-23 22:22:59.783 +01:00 [WRN] ExileCore.Shared.Nodes.RangeNode`1[System.Byte] not supported for menu now. Ask developers to add this type.
2022-12-23 22:22:59.783 +01:00 [WRN] ExileCore.Shared.Nodes.RangeNode`1[System.Byte] not supported for menu now. Ask developers to add this type.
2022-12-23 22:22:59.889 +01:00 [WRN]  not supported for menu now. Ask developers to add this type.
2022-12-23 22:22:59.890 +01:00 [WRN]  not supported for menu now. Ask developers to add this type.
2022-12-23 22:22:59.890 +01:00 [WRN]  not supported for menu now. Ask developers to add this type.
2022-12-23 22:22:59.890 +01:00 [WRN] PassiveSkillTreePlanter.TreeConfig+SkillTreeData not supported for menu now. Ask developers to add this type.
2022-12-23 22:22:59.890 +01:00 [WRN] PassiveSkillTreePlanter.TreeConfig+SkillTreeData not supported for menu now. Ask developers to add this type.
2022-12-23 22:22:59.924 +01:00 [WRN]  not supported for menu now. Ask developers to add this type.
2022-12-23 22:22:59.924 +01:00 [WRN]  not supported for menu now. Ask developers to add this type.
2022-12-23 22:22:59.924 +01:00 [WRN]  not supported for menu now. Ask developers to add this type.
2022-12-23 22:22:59.924 +01:00 [WRN]  not supported for menu now. Ask developers to add this type.
2022-12-23 22:22:59.924 +01:00 [WRN]  not supported for menu now. Ask developers to add this type.
2022-12-23 22:22:59.924 +01:00 [WRN]  not supported for menu now. Ask developers to add this type.
2022-12-23 22:22:59.924 +01:00 [WRN] <0  0> not supported for menu now. Ask developers to add this type.
2022-12-23 22:22:59.924 +01:00 [WRN] PickIt.PickItSettings+FRSMOverrides not supported for menu now. Ask developers to add this type.
2022-12-23 22:23:00.025 +01:00 [WRN] System.Int32[,] not supported for menu now. Ask developers to add this type.
