2023-04-06 11:19:38.482 +02:00 [WRN] TreeRoutine.Routine.BuildYourOwnRoutine.Flask.FlaskSetting[] not supported for menu now. Ask developers to add this type.
2023-04-06 11:19:38.486 +02:00 [WRN] <0  0> not supported for menu now. Ask developers to add this type.
2023-04-06 11:19:38.486 +02:00 [WRN] <0  0> not supported for menu now. Ask developers to add this type.
2023-04-06 11:19:38.510 +02:00 [WRN] TreeRoutine.Routine.BasicFlaskRoutine.Flask.FlaskSetting[] not supported for menu now. Ask developers to add this type.
2023-04-06 11:19:39.004 +02:00 [WRN] 0 not supported for menu now. Ask developers to add this type.
2023-04-06 11:19:39.229 +02:00 [WRN] System.Int32[,] not supported for menu now. Ask developers to add this type.
2023-04-06 11:19:39.332 +02:00 [WRN] 16 not supported for menu now. Ask developers to add this type.
2023-04-06 11:19:39.461 +02:00 [WRN] ExileCore.Shared.Nodes.RangeNode`1[System.Byte] not supported for menu now. Ask developers to add this type.
2023-04-06 11:19:39.461 +02:00 [WRN] ExileCore.Shared.Nodes.RangeNode`1[System.Byte] not supported for menu now. Ask developers to add this type.
2023-04-06 11:19:39.461 +02:00 [WRN] ExileCore.Shared.Nodes.RangeNode`1[System.Byte] not supported for menu now. Ask developers to add this type.
2023-04-06 11:19:39.727 +02:00 [WRN]  not supported for menu now. Ask developers to add this type.
2023-04-06 11:19:39.727 +02:00 [WRN]  not supported for menu now. Ask developers to add this type.
2023-04-06 11:19:39.727 +02:00 [WRN]  not supported for menu now. Ask developers to add this type.
2023-04-06 11:19:39.727 +02:00 [WRN] PassiveSkillTreePlanter.TreeConfig+SkillTreeData not supported for menu now. Ask developers to add this type.
2023-04-06 11:19:39.727 +02:00 [WRN] PassiveSkillTreePlanter.TreeConfig+SkillTreeData not supported for menu now. Ask developers to add this type.
2023-04-06 11:19:39.897 +02:00 [WRN]  not supported for menu now. Ask developers to add this type.
2023-04-06 11:19:39.897 +02:00 [WRN]  not supported for menu now. Ask developers to add this type.
2023-04-06 11:19:39.897 +02:00 [WRN]  not supported for menu now. Ask developers to add this type.
2023-04-06 11:19:39.897 +02:00 [WRN]  not supported for menu now. Ask developers to add this type.
2023-04-06 11:19:39.898 +02:00 [WRN]  not supported for menu now. Ask developers to add this type.
2023-04-06 11:19:39.898 +02:00 [WRN]  not supported for menu now. Ask developers to add this type.
2023-04-06 11:19:39.898 +02:00 [WRN] <0  0> not supported for menu now. Ask developers to add this type.
2023-04-06 11:19:39.898 +02:00 [WRN] PickIt.PickItSettings+FRSMOverrides not supported for menu now. Ask developers to add this type.
2023-04-06 11:19:40.335 +02:00 [WRN] System.Int32[,] not supported for menu now. Ask developers to add this type.
2023-04-06 20:26:03.972 +02:00 [WRN] TreeRoutine.Routine.BuildYourOwnRoutine.Flask.FlaskSetting[] not supported for menu now. Ask developers to add this type.
2023-04-06 20:26:03.976 +02:00 [WRN] <0  0> not supported for menu now. Ask developers to add this type.
2023-04-06 20:26:03.976 +02:00 [WRN] <0  0> not supported for menu now. Ask developers to add this type.
2023-04-06 20:26:04.000 +02:00 [WRN] TreeRoutine.Routine.BasicFlaskRoutine.Flask.FlaskSetting[] not supported for menu now. Ask developers to add this type.
2023-04-06 20:26:04.374 +02:00 [WRN] 0 not supported for menu now. Ask developers to add this type.
2023-04-06 20:26:04.554 +02:00 [WRN] System.Int32[,] not supported for menu now. Ask developers to add this type.
2023-04-06 20:26:04.648 +02:00 [WRN] 16 not supported for menu now. Ask developers to add this type.
2023-04-06 20:26:04.762 +02:00 [WRN] ExileCore.Shared.Nodes.RangeNode`1[System.Byte] not supported for menu now. Ask developers to add this type.
2023-04-06 20:26:04.763 +02:00 [WRN] ExileCore.Shared.Nodes.RangeNode`1[System.Byte] not supported for menu now. Ask developers to add this type.
2023-04-06 20:26:04.763 +02:00 [WRN] ExileCore.Shared.Nodes.RangeNode`1[System.Byte] not supported for menu now. Ask developers to add this type.
2023-04-06 20:26:05.036 +02:00 [WRN]  not supported for menu now. Ask developers to add this type.
2023-04-06 20:26:05.036 +02:00 [WRN]  not supported for menu now. Ask developers to add this type.
2023-04-06 20:26:05.037 +02:00 [WRN]  not supported for menu now. Ask developers to add this type.
2023-04-06 20:26:05.037 +02:00 [WRN] PassiveSkillTreePlanter.TreeConfig+SkillTreeData not supported for menu now. Ask developers to add this type.
2023-04-06 20:26:05.037 +02:00 [WRN] PassiveSkillTreePlanter.TreeConfig+SkillTreeData not supported for menu now. Ask developers to add this type.
2023-04-06 20:26:05.182 +02:00 [WRN]  not supported for menu now. Ask developers to add this type.
2023-04-06 20:26:05.182 +02:00 [WRN]  not supported for menu now. Ask developers to add this type.
2023-04-06 20:26:05.182 +02:00 [WRN]  not supported for menu now. Ask developers to add this type.
2023-04-06 20:26:05.182 +02:00 [WRN]  not supported for menu now. Ask developers to add this type.
2023-04-06 20:26:05.182 +02:00 [WRN]  not supported for menu now. Ask developers to add this type.
2023-04-06 20:26:05.182 +02:00 [WRN]  not supported for menu now. Ask developers to add this type.
2023-04-06 20:26:05.183 +02:00 [WRN] <0  0> not supported for menu now. Ask developers to add this type.
2023-04-06 20:26:05.183 +02:00 [WRN] PickIt.PickItSettings+FRSMOverrides not supported for menu now. Ask developers to add this type.
2023-04-06 20:26:05.624 +02:00 [WRN] System.Int32[,] not supported for menu now. Ask developers to add this type.
