2022-12-20 11:36:38.160 +01:00 [WRN] TreeRoutine.Routine.BuildYourOwnRoutine.Flask.FlaskSetting[] not supported for menu now. Ask developers to add this type.
2022-12-20 11:36:38.164 +01:00 [WRN] <0  0> not supported for menu now. Ask developers to add this type.
2022-12-20 11:36:38.164 +01:00 [WRN] <0  0> not supported for menu now. Ask developers to add this type.
2022-12-20 11:36:38.189 +01:00 [WRN] TreeRoutine.Routine.BasicFlaskRoutine.Flask.FlaskSetting[] not supported for menu now. Ask developers to add this type.
2022-12-20 11:36:38.572 +01:00 [WRN] 0 not supported for menu now. Ask developers to add this type.
2022-12-20 11:36:38.735 +01:00 [WRN] System.Int32[,] not supported for menu now. Ask developers to add this type.
2022-12-20 11:36:38.820 +01:00 [WRN] 16 not supported for menu now. Ask developers to add this type.
2022-12-20 11:36:38.934 +01:00 [WRN] ExileCore.Shared.Nodes.RangeNode`1[System.Byte] not supported for menu now. Ask developers to add this type.
2022-12-20 11:36:38.934 +01:00 [WRN] ExileCore.Shared.Nodes.RangeNode`1[System.Byte] not supported for menu now. Ask developers to add this type.
2022-12-20 11:36:38.935 +01:00 [WRN] ExileCore.Shared.Nodes.RangeNode`1[System.Byte] not supported for menu now. Ask developers to add this type.
2022-12-20 11:36:39.196 +01:00 [WRN]  not supported for menu now. Ask developers to add this type.
2022-12-20 11:36:39.197 +01:00 [WRN]  not supported for menu now. Ask developers to add this type.
2022-12-20 11:36:39.197 +01:00 [WRN]  not supported for menu now. Ask developers to add this type.
2022-12-20 11:36:39.197 +01:00 [WRN] PassiveSkillTreePlanter.TreeConfig+SkillTreeData not supported for menu now. Ask developers to add this type.
2022-12-20 11:36:39.197 +01:00 [WRN] PassiveSkillTreePlanter.TreeConfig+SkillTreeData not supported for menu now. Ask developers to add this type.
2022-12-20 11:36:39.340 +01:00 [WRN]  not supported for menu now. Ask developers to add this type.
2022-12-20 11:36:39.341 +01:00 [WRN]  not supported for menu now. Ask developers to add this type.
2022-12-20 11:36:39.341 +01:00 [WRN]  not supported for menu now. Ask developers to add this type.
2022-12-20 11:36:39.341 +01:00 [WRN]  not supported for menu now. Ask developers to add this type.
2022-12-20 11:36:39.341 +01:00 [WRN]  not supported for menu now. Ask developers to add this type.
2022-12-20 11:36:39.341 +01:00 [WRN]  not supported for menu now. Ask developers to add this type.
2022-12-20 11:36:39.341 +01:00 [WRN] <0  0> not supported for menu now. Ask developers to add this type.
2022-12-20 11:36:39.341 +01:00 [WRN] PickIt.PickItSettings+FRSMOverrides not supported for menu now. Ask developers to add this type.
2022-12-20 11:36:39.756 +01:00 [WRN] System.Int32[,] not supported for menu now. Ask developers to add this type.
2022-12-20 19:30:04.172 +01:00 [WRN] TreeRoutine.Routine.BuildYourOwnRoutine.Flask.FlaskSetting[] not supported for menu now. Ask developers to add this type.
2022-12-20 19:30:04.176 +01:00 [WRN] <0  0> not supported for menu now. Ask developers to add this type.
2022-12-20 19:30:04.176 +01:00 [WRN] <0  0> not supported for menu now. Ask developers to add this type.
2022-12-20 19:30:04.194 +01:00 [WRN] TreeRoutine.Routine.BasicFlaskRoutine.Flask.FlaskSetting[] not supported for menu now. Ask developers to add this type.
2022-12-20 19:30:04.265 +01:00 [WRN] 0 not supported for menu now. Ask developers to add this type.
2022-12-20 19:30:04.310 +01:00 [WRN] System.Int32[,] not supported for menu now. Ask developers to add this type.
2022-12-20 19:30:04.319 +01:00 [WRN] 16 not supported for menu now. Ask developers to add this type.
2022-12-20 19:30:04.356 +01:00 [WRN] ExileCore.Shared.Nodes.RangeNode`1[System.Byte] not supported for menu now. Ask developers to add this type.
2022-12-20 19:30:04.356 +01:00 [WRN] ExileCore.Shared.Nodes.RangeNode`1[System.Byte] not supported for menu now. Ask developers to add this type.
2022-12-20 19:30:04.357 +01:00 [WRN] ExileCore.Shared.Nodes.RangeNode`1[System.Byte] not supported for menu now. Ask developers to add this type.
2022-12-20 19:30:04.448 +01:00 [WRN]  not supported for menu now. Ask developers to add this type.
2022-12-20 19:30:04.448 +01:00 [WRN]  not supported for menu now. Ask developers to add this type.
2022-12-20 19:30:04.449 +01:00 [WRN]  not supported for menu now. Ask developers to add this type.
2022-12-20 19:30:04.449 +01:00 [WRN] PassiveSkillTreePlanter.TreeConfig+SkillTreeData not supported for menu now. Ask developers to add this type.
2022-12-20 19:30:04.449 +01:00 [WRN] PassiveSkillTreePlanter.TreeConfig+SkillTreeData not supported for menu now. Ask developers to add this type.
2022-12-20 19:30:04.501 +01:00 [WRN]  not supported for menu now. Ask developers to add this type.
2022-12-20 19:30:04.501 +01:00 [WRN]  not supported for menu now. Ask developers to add this type.
2022-12-20 19:30:04.501 +01:00 [WRN]  not supported for menu now. Ask developers to add this type.
2022-12-20 19:30:04.501 +01:00 [WRN]  not supported for menu now. Ask developers to add this type.
2022-12-20 19:30:04.501 +01:00 [WRN]  not supported for menu now. Ask developers to add this type.
2022-12-20 19:30:04.501 +01:00 [WRN]  not supported for menu now. Ask developers to add this type.
2022-12-20 19:30:04.501 +01:00 [WRN] <0  0> not supported for menu now. Ask developers to add this type.
2022-12-20 19:30:04.502 +01:00 [WRN] PickIt.PickItSettings+FRSMOverrides not supported for menu now. Ask developers to add this type.
2022-12-20 19:30:04.596 +01:00 [WRN] System.Int32[,] not supported for menu now. Ask developers to add this type.
