2022-12-25 07:28:12.733 +01:00 [WRN] TreeRoutine.Routine.BuildYourOwnRoutine.Flask.FlaskSetting[] not supported for menu now. Ask developers to add this type.
2022-12-25 07:28:12.737 +01:00 [WRN] <0  0> not supported for menu now. Ask developers to add this type.
2022-12-25 07:28:12.737 +01:00 [WRN] <0  0> not supported for menu now. Ask developers to add this type.
2022-12-25 07:28:12.762 +01:00 [WRN] TreeRoutine.Routine.BasicFlaskRoutine.Flask.FlaskSetting[] not supported for menu now. Ask developers to add this type.
2022-12-25 07:28:12.831 +01:00 [WRN] 0 not supported for menu now. Ask developers to add this type.
2022-12-25 07:28:12.877 +01:00 [WRN] System.Int32[,] not supported for menu now. Ask developers to add this type.
2022-12-25 07:28:12.892 +01:00 [WRN] 16 not supported for menu now. Ask developers to add this type.
2022-12-25 07:28:12.920 +01:00 [WRN] ExileCore.Shared.Nodes.RangeNode`1[System.Byte] not supported for menu now. Ask developers to add this type.
2022-12-25 07:28:12.921 +01:00 [WRN] ExileCore.Shared.Nodes.RangeNode`1[System.Byte] not supported for menu now. Ask developers to add this type.
2022-12-25 07:28:12.921 +01:00 [WRN] ExileCore.Shared.Nodes.RangeNode`1[System.Byte] not supported for menu now. Ask developers to add this type.
2022-12-25 07:28:13.001 +01:00 [WRN]  not supported for menu now. Ask developers to add this type.
2022-12-25 07:28:13.001 +01:00 [WRN]  not supported for menu now. Ask developers to add this type.
2022-12-25 07:28:13.001 +01:00 [WRN]  not supported for menu now. Ask developers to add this type.
2022-12-25 07:28:13.002 +01:00 [WRN] PassiveSkillTreePlanter.TreeConfig+SkillTreeData not supported for menu now. Ask developers to add this type.
2022-12-25 07:28:13.011 +01:00 [WRN] PassiveSkillTreePlanter.TreeConfig+SkillTreeData not supported for menu now. Ask developers to add this type.
2022-12-25 07:28:13.038 +01:00 [WRN]  not supported for menu now. Ask developers to add this type.
2022-12-25 07:28:13.038 +01:00 [WRN]  not supported for menu now. Ask developers to add this type.
2022-12-25 07:28:13.038 +01:00 [WRN]  not supported for menu now. Ask developers to add this type.
2022-12-25 07:28:13.038 +01:00 [WRN]  not supported for menu now. Ask developers to add this type.
2022-12-25 07:28:13.038 +01:00 [WRN]  not supported for menu now. Ask developers to add this type.
2022-12-25 07:28:13.038 +01:00 [WRN]  not supported for menu now. Ask developers to add this type.
2022-12-25 07:28:13.038 +01:00 [WRN] <0  0> not supported for menu now. Ask developers to add this type.
2022-12-25 07:28:13.038 +01:00 [WRN] PickIt.PickItSettings+FRSMOverrides not supported for menu now. Ask developers to add this type.
2022-12-25 07:28:13.196 +01:00 [WRN] System.Int32[,] not supported for menu now. Ask developers to add this type.
2022-12-25 07:33:51.235 +01:00 [WRN] TreeRoutine.Routine.BuildYourOwnRoutine.Flask.FlaskSetting[] not supported for menu now. Ask developers to add this type.
2022-12-25 07:33:51.245 +01:00 [WRN] <0  0> not supported for menu now. Ask developers to add this type.
2022-12-25 07:33:51.245 +01:00 [WRN] <0  0> not supported for menu now. Ask developers to add this type.
2022-12-25 07:33:51.263 +01:00 [WRN] TreeRoutine.Routine.BasicFlaskRoutine.Flask.FlaskSetting[] not supported for menu now. Ask developers to add this type.
2022-12-25 07:33:51.332 +01:00 [WRN] 0 not supported for menu now. Ask developers to add this type.
2022-12-25 07:33:51.373 +01:00 [WRN] System.Int32[,] not supported for menu now. Ask developers to add this type.
2022-12-25 07:33:51.401 +01:00 [WRN] 16 not supported for menu now. Ask developers to add this type.
2022-12-25 07:33:51.429 +01:00 [WRN] ExileCore.Shared.Nodes.RangeNode`1[System.Byte] not supported for menu now. Ask developers to add this type.
2022-12-25 07:33:51.429 +01:00 [WRN] ExileCore.Shared.Nodes.RangeNode`1[System.Byte] not supported for menu now. Ask developers to add this type.
2022-12-25 07:33:51.429 +01:00 [WRN] ExileCore.Shared.Nodes.RangeNode`1[System.Byte] not supported for menu now. Ask developers to add this type.
2022-12-25 07:33:51.508 +01:00 [WRN]  not supported for menu now. Ask developers to add this type.
2022-12-25 07:33:51.508 +01:00 [WRN]  not supported for menu now. Ask developers to add this type.
2022-12-25 07:33:51.508 +01:00 [WRN]  not supported for menu now. Ask developers to add this type.
2022-12-25 07:33:51.508 +01:00 [WRN] PassiveSkillTreePlanter.TreeConfig+SkillTreeData not supported for menu now. Ask developers to add this type.
2022-12-25 07:33:51.508 +01:00 [WRN] PassiveSkillTreePlanter.TreeConfig+SkillTreeData not supported for menu now. Ask developers to add this type.
2022-12-25 07:33:51.544 +01:00 [WRN]  not supported for menu now. Ask developers to add this type.
2022-12-25 07:33:51.544 +01:00 [WRN]  not supported for menu now. Ask developers to add this type.
2022-12-25 07:33:51.544 +01:00 [WRN]  not supported for menu now. Ask developers to add this type.
2022-12-25 07:33:51.544 +01:00 [WRN]  not supported for menu now. Ask developers to add this type.
2022-12-25 07:33:51.545 +01:00 [WRN]  not supported for menu now. Ask developers to add this type.
2022-12-25 07:33:51.545 +01:00 [WRN]  not supported for menu now. Ask developers to add this type.
2022-12-25 07:33:51.545 +01:00 [WRN] <0  0> not supported for menu now. Ask developers to add this type.
2022-12-25 07:33:51.545 +01:00 [WRN] PickIt.PickItSettings+FRSMOverrides not supported for menu now. Ask developers to add this type.
2022-12-25 07:33:51.644 +01:00 [WRN] System.Int32[,] not supported for menu now. Ask developers to add this type.
2022-12-25 07:37:39.756 +01:00 [WRN] TreeRoutine.Routine.BuildYourOwnRoutine.Flask.FlaskSetting[] not supported for menu now. Ask developers to add this type.
2022-12-25 07:37:39.759 +01:00 [WRN] <0  0> not supported for menu now. Ask developers to add this type.
2022-12-25 07:37:39.759 +01:00 [WRN] <0  0> not supported for menu now. Ask developers to add this type.
2022-12-25 07:37:39.777 +01:00 [WRN] TreeRoutine.Routine.BasicFlaskRoutine.Flask.FlaskSetting[] not supported for menu now. Ask developers to add this type.
2022-12-25 07:37:39.856 +01:00 [WRN] 0 not supported for menu now. Ask developers to add this type.
2022-12-25 07:37:39.898 +01:00 [WRN] System.Int32[,] not supported for menu now. Ask developers to add this type.
2022-12-25 07:37:39.914 +01:00 [WRN] 16 not supported for menu now. Ask developers to add this type.
2022-12-25 07:37:39.944 +01:00 [WRN] ExileCore.Shared.Nodes.RangeNode`1[System.Byte] not supported for menu now. Ask developers to add this type.
2022-12-25 07:37:39.945 +01:00 [WRN] ExileCore.Shared.Nodes.RangeNode`1[System.Byte] not supported for menu now. Ask developers to add this type.
2022-12-25 07:37:39.945 +01:00 [WRN] ExileCore.Shared.Nodes.RangeNode`1[System.Byte] not supported for menu now. Ask developers to add this type.
2022-12-25 07:37:40.053 +01:00 [WRN]  not supported for menu now. Ask developers to add this type.
2022-12-25 07:37:40.053 +01:00 [WRN]  not supported for menu now. Ask developers to add this type.
2022-12-25 07:37:40.053 +01:00 [WRN]  not supported for menu now. Ask developers to add this type.
2022-12-25 07:37:40.053 +01:00 [WRN] PassiveSkillTreePlanter.TreeConfig+SkillTreeData not supported for menu now. Ask developers to add this type.
2022-12-25 07:37:40.053 +01:00 [WRN] PassiveSkillTreePlanter.TreeConfig+SkillTreeData not supported for menu now. Ask developers to add this type.
2022-12-25 07:37:40.081 +01:00 [WRN]  not supported for menu now. Ask developers to add this type.
2022-12-25 07:37:40.081 +01:00 [WRN]  not supported for menu now. Ask developers to add this type.
2022-12-25 07:37:40.081 +01:00 [WRN]  not supported for menu now. Ask developers to add this type.
2022-12-25 07:37:40.081 +01:00 [WRN]  not supported for menu now. Ask developers to add this type.
2022-12-25 07:37:40.081 +01:00 [WRN]  not supported for menu now. Ask developers to add this type.
2022-12-25 07:37:40.081 +01:00 [WRN]  not supported for menu now. Ask developers to add this type.
2022-12-25 07:37:40.081 +01:00 [WRN] <0  0> not supported for menu now. Ask developers to add this type.
2022-12-25 07:37:40.081 +01:00 [WRN] PickIt.PickItSettings+FRSMOverrides not supported for menu now. Ask developers to add this type.
2022-12-25 07:37:40.262 +01:00 [WRN] System.Int32[,] not supported for menu now. Ask developers to add this type.
2022-12-25 08:42:49.971 +01:00 [WRN] TreeRoutine.Routine.BuildYourOwnRoutine.Flask.FlaskSetting[] not supported for menu now. Ask developers to add this type.
2022-12-25 08:42:49.975 +01:00 [WRN] <0  0> not supported for menu now. Ask developers to add this type.
2022-12-25 08:42:49.975 +01:00 [WRN] <0  0> not supported for menu now. Ask developers to add this type.
2022-12-25 08:42:50.001 +01:00 [WRN] TreeRoutine.Routine.BasicFlaskRoutine.Flask.FlaskSetting[] not supported for menu now. Ask developers to add this type.
2022-12-25 08:42:50.317 +01:00 [WRN] 0 not supported for menu now. Ask developers to add this type.
2022-12-25 08:42:50.493 +01:00 [WRN] System.Int32[,] not supported for menu now. Ask developers to add this type.
2022-12-25 08:42:50.570 +01:00 [WRN] 16 not supported for menu now. Ask developers to add this type.
2022-12-25 08:42:50.674 +01:00 [WRN] ExileCore.Shared.Nodes.RangeNode`1[System.Byte] not supported for menu now. Ask developers to add this type.
2022-12-25 08:42:50.674 +01:00 [WRN] ExileCore.Shared.Nodes.RangeNode`1[System.Byte] not supported for menu now. Ask developers to add this type.
2022-12-25 08:42:50.675 +01:00 [WRN] ExileCore.Shared.Nodes.RangeNode`1[System.Byte] not supported for menu now. Ask developers to add this type.
2022-12-25 08:42:50.908 +01:00 [WRN]  not supported for menu now. Ask developers to add this type.
2022-12-25 08:42:50.908 +01:00 [WRN]  not supported for menu now. Ask developers to add this type.
2022-12-25 08:42:50.908 +01:00 [WRN]  not supported for menu now. Ask developers to add this type.
2022-12-25 08:42:50.908 +01:00 [WRN] PassiveSkillTreePlanter.TreeConfig+SkillTreeData not supported for menu now. Ask developers to add this type.
2022-12-25 08:42:50.908 +01:00 [WRN] PassiveSkillTreePlanter.TreeConfig+SkillTreeData not supported for menu now. Ask developers to add this type.
2022-12-25 08:42:51.065 +01:00 [WRN]  not supported for menu now. Ask developers to add this type.
2022-12-25 08:42:51.066 +01:00 [WRN]  not supported for menu now. Ask developers to add this type.
2022-12-25 08:42:51.066 +01:00 [WRN]  not supported for menu now. Ask developers to add this type.
2022-12-25 08:42:51.066 +01:00 [WRN]  not supported for menu now. Ask developers to add this type.
2022-12-25 08:42:51.066 +01:00 [WRN]  not supported for menu now. Ask developers to add this type.
2022-12-25 08:42:51.066 +01:00 [WRN]  not supported for menu now. Ask developers to add this type.
2022-12-25 08:42:51.066 +01:00 [WRN] <0  0> not supported for menu now. Ask developers to add this type.
2022-12-25 08:42:51.066 +01:00 [WRN] PickIt.PickItSettings+FRSMOverrides not supported for menu now. Ask developers to add this type.
2022-12-25 08:42:51.466 +01:00 [WRN] System.Int32[,] not supported for menu now. Ask developers to add this type.
2022-12-25 09:48:23.929 +01:00 [WRN] TreeRoutine.Routine.BuildYourOwnRoutine.Flask.FlaskSetting[] not supported for menu now. Ask developers to add this type.
2022-12-25 09:48:23.932 +01:00 [WRN] <0  0> not supported for menu now. Ask developers to add this type.
2022-12-25 09:48:23.932 +01:00 [WRN] <0  0> not supported for menu now. Ask developers to add this type.
2022-12-25 09:48:23.953 +01:00 [WRN] TreeRoutine.Routine.BasicFlaskRoutine.Flask.FlaskSetting[] not supported for menu now. Ask developers to add this type.
2022-12-25 09:48:24.040 +01:00 [WRN] 0 not supported for menu now. Ask developers to add this type.
2022-12-25 09:48:24.092 +01:00 [WRN] System.Int32[,] not supported for menu now. Ask developers to add this type.
2022-12-25 09:48:24.102 +01:00 [WRN] 16 not supported for menu now. Ask developers to add this type.
2022-12-25 09:48:24.135 +01:00 [WRN] ExileCore.Shared.Nodes.RangeNode`1[System.Byte] not supported for menu now. Ask developers to add this type.
2022-12-25 09:48:24.135 +01:00 [WRN] ExileCore.Shared.Nodes.RangeNode`1[System.Byte] not supported for menu now. Ask developers to add this type.
2022-12-25 09:48:24.135 +01:00 [WRN] ExileCore.Shared.Nodes.RangeNode`1[System.Byte] not supported for menu now. Ask developers to add this type.
2022-12-25 09:48:24.222 +01:00 [WRN]  not supported for menu now. Ask developers to add this type.
2022-12-25 09:48:24.223 +01:00 [WRN]  not supported for menu now. Ask developers to add this type.
2022-12-25 09:48:24.223 +01:00 [WRN]  not supported for menu now. Ask developers to add this type.
2022-12-25 09:48:24.223 +01:00 [WRN] PassiveSkillTreePlanter.TreeConfig+SkillTreeData not supported for menu now. Ask developers to add this type.
2022-12-25 09:48:24.223 +01:00 [WRN] PassiveSkillTreePlanter.TreeConfig+SkillTreeData not supported for menu now. Ask developers to add this type.
2022-12-25 09:48:24.257 +01:00 [WRN]  not supported for menu now. Ask developers to add this type.
2022-12-25 09:48:24.257 +01:00 [WRN]  not supported for menu now. Ask developers to add this type.
2022-12-25 09:48:24.257 +01:00 [WRN]  not supported for menu now. Ask developers to add this type.
2022-12-25 09:48:24.257 +01:00 [WRN]  not supported for menu now. Ask developers to add this type.
2022-12-25 09:48:24.257 +01:00 [WRN]  not supported for menu now. Ask developers to add this type.
2022-12-25 09:48:24.257 +01:00 [WRN]  not supported for menu now. Ask developers to add this type.
2022-12-25 09:48:24.257 +01:00 [WRN] <0  0> not supported for menu now. Ask developers to add this type.
2022-12-25 09:48:24.257 +01:00 [WRN] PickIt.PickItSettings+FRSMOverrides not supported for menu now. Ask developers to add this type.
2022-12-25 09:48:24.357 +01:00 [WRN] System.Int32[,] not supported for menu now. Ask developers to add this type.
2022-12-25 10:01:06.261 +01:00 [WRN] TreeRoutine.Routine.BuildYourOwnRoutine.Flask.FlaskSetting[] not supported for menu now. Ask developers to add this type.
2022-12-25 10:01:06.265 +01:00 [WRN] <0  0> not supported for menu now. Ask developers to add this type.
2022-12-25 10:01:06.265 +01:00 [WRN] <0  0> not supported for menu now. Ask developers to add this type.
2022-12-25 10:01:06.286 +01:00 [WRN] TreeRoutine.Routine.BasicFlaskRoutine.Flask.FlaskSetting[] not supported for menu now. Ask developers to add this type.
2022-12-25 10:01:06.363 +01:00 [WRN] 0 not supported for menu now. Ask developers to add this type.
2022-12-25 10:01:06.407 +01:00 [WRN] System.Int32[,] not supported for menu now. Ask developers to add this type.
2022-12-25 10:01:06.417 +01:00 [WRN] 16 not supported for menu now. Ask developers to add this type.
2022-12-25 10:01:06.445 +01:00 [WRN] ExileCore.Shared.Nodes.RangeNode`1[System.Byte] not supported for menu now. Ask developers to add this type.
2022-12-25 10:01:06.445 +01:00 [WRN] ExileCore.Shared.Nodes.RangeNode`1[System.Byte] not supported for menu now. Ask developers to add this type.
2022-12-25 10:01:06.445 +01:00 [WRN] ExileCore.Shared.Nodes.RangeNode`1[System.Byte] not supported for menu now. Ask developers to add this type.
2022-12-25 10:01:06.552 +01:00 [WRN]  not supported for menu now. Ask developers to add this type.
2022-12-25 10:01:06.552 +01:00 [WRN]  not supported for menu now. Ask developers to add this type.
2022-12-25 10:01:06.552 +01:00 [WRN]  not supported for menu now. Ask developers to add this type.
2022-12-25 10:01:06.552 +01:00 [WRN] PassiveSkillTreePlanter.TreeConfig+SkillTreeData not supported for menu now. Ask developers to add this type.
2022-12-25 10:01:06.552 +01:00 [WRN] PassiveSkillTreePlanter.TreeConfig+SkillTreeData not supported for menu now. Ask developers to add this type.
2022-12-25 10:01:06.580 +01:00 [WRN]  not supported for menu now. Ask developers to add this type.
2022-12-25 10:01:06.580 +01:00 [WRN]  not supported for menu now. Ask developers to add this type.
2022-12-25 10:01:06.580 +01:00 [WRN]  not supported for menu now. Ask developers to add this type.
2022-12-25 10:01:06.580 +01:00 [WRN]  not supported for menu now. Ask developers to add this type.
2022-12-25 10:01:06.580 +01:00 [WRN]  not supported for menu now. Ask developers to add this type.
2022-12-25 10:01:06.580 +01:00 [WRN]  not supported for menu now. Ask developers to add this type.
2022-12-25 10:01:06.580 +01:00 [WRN] <0  0> not supported for menu now. Ask developers to add this type.
2022-12-25 10:01:06.581 +01:00 [WRN] PickIt.PickItSettings+FRSMOverrides not supported for menu now. Ask developers to add this type.
2022-12-25 10:01:06.716 +01:00 [WRN] System.Int32[,] not supported for menu now. Ask developers to add this type.
2022-12-25 10:17:07.483 +01:00 [WRN] TreeRoutine.Routine.BuildYourOwnRoutine.Flask.FlaskSetting[] not supported for menu now. Ask developers to add this type.
2022-12-25 10:17:07.487 +01:00 [WRN] <0  0> not supported for menu now. Ask developers to add this type.
2022-12-25 10:17:07.487 +01:00 [WRN] <0  0> not supported for menu now. Ask developers to add this type.
2022-12-25 10:17:07.510 +01:00 [WRN] TreeRoutine.Routine.BasicFlaskRoutine.Flask.FlaskSetting[] not supported for menu now. Ask developers to add this type.
2022-12-25 10:17:07.618 +01:00 [WRN] 0 not supported for menu now. Ask developers to add this type.
2022-12-25 10:17:07.672 +01:00 [WRN] System.Int32[,] not supported for menu now. Ask developers to add this type.
2022-12-25 10:17:07.682 +01:00 [WRN] 16 not supported for menu now. Ask developers to add this type.
2022-12-25 10:17:07.711 +01:00 [WRN] ExileCore.Shared.Nodes.RangeNode`1[System.Byte] not supported for menu now. Ask developers to add this type.
2022-12-25 10:17:07.711 +01:00 [WRN] ExileCore.Shared.Nodes.RangeNode`1[System.Byte] not supported for menu now. Ask developers to add this type.
2022-12-25 10:17:07.711 +01:00 [WRN] ExileCore.Shared.Nodes.RangeNode`1[System.Byte] not supported for menu now. Ask developers to add this type.
2022-12-25 10:17:07.811 +01:00 [WRN]  not supported for menu now. Ask developers to add this type.
2022-12-25 10:17:07.812 +01:00 [WRN]  not supported for menu now. Ask developers to add this type.
2022-12-25 10:17:07.812 +01:00 [WRN]  not supported for menu now. Ask developers to add this type.
2022-12-25 10:17:07.812 +01:00 [WRN] PassiveSkillTreePlanter.TreeConfig+SkillTreeData not supported for menu now. Ask developers to add this type.
2022-12-25 10:17:07.812 +01:00 [WRN] PassiveSkillTreePlanter.TreeConfig+SkillTreeData not supported for menu now. Ask developers to add this type.
2022-12-25 10:17:07.841 +01:00 [WRN]  not supported for menu now. Ask developers to add this type.
2022-12-25 10:17:07.841 +01:00 [WRN]  not supported for menu now. Ask developers to add this type.
2022-12-25 10:17:07.841 +01:00 [WRN]  not supported for menu now. Ask developers to add this type.
2022-12-25 10:17:07.841 +01:00 [WRN]  not supported for menu now. Ask developers to add this type.
2022-12-25 10:17:07.841 +01:00 [WRN]  not supported for menu now. Ask developers to add this type.
2022-12-25 10:17:07.841 +01:00 [WRN]  not supported for menu now. Ask developers to add this type.
2022-12-25 10:17:07.841 +01:00 [WRN] <0  0> not supported for menu now. Ask developers to add this type.
2022-12-25 10:17:07.842 +01:00 [WRN] PickIt.PickItSettings+FRSMOverrides not supported for menu now. Ask developers to add this type.
2022-12-25 10:17:07.940 +01:00 [WRN] System.Int32[,] not supported for menu now. Ask developers to add this type.
2022-12-25 16:29:56.459 +01:00 [WRN] TreeRoutine.Routine.BuildYourOwnRoutine.Flask.FlaskSetting[] not supported for menu now. Ask developers to add this type.
2022-12-25 16:29:56.463 +01:00 [WRN] <0  0> not supported for menu now. Ask developers to add this type.
2022-12-25 16:29:56.463 +01:00 [WRN] <0  0> not supported for menu now. Ask developers to add this type.
2022-12-25 16:29:56.486 +01:00 [WRN] TreeRoutine.Routine.BasicFlaskRoutine.Flask.FlaskSetting[] not supported for menu now. Ask developers to add this type.
2022-12-25 16:29:56.849 +01:00 [WRN] 0 not supported for menu now. Ask developers to add this type.
2022-12-25 16:29:57.029 +01:00 [WRN] System.Int32[,] not supported for menu now. Ask developers to add this type.
2022-12-25 16:29:57.107 +01:00 [WRN] 16 not supported for menu now. Ask developers to add this type.
2022-12-25 16:29:57.222 +01:00 [WRN] ExileCore.Shared.Nodes.RangeNode`1[System.Byte] not supported for menu now. Ask developers to add this type.
2022-12-25 16:29:57.222 +01:00 [WRN] ExileCore.Shared.Nodes.RangeNode`1[System.Byte] not supported for menu now. Ask developers to add this type.
2022-12-25 16:29:57.222 +01:00 [WRN] ExileCore.Shared.Nodes.RangeNode`1[System.Byte] not supported for menu now. Ask developers to add this type.
2022-12-25 16:29:57.460 +01:00 [WRN]  not supported for menu now. Ask developers to add this type.
2022-12-25 16:29:57.460 +01:00 [WRN]  not supported for menu now. Ask developers to add this type.
2022-12-25 16:29:57.460 +01:00 [WRN]  not supported for menu now. Ask developers to add this type.
2022-12-25 16:29:57.460 +01:00 [WRN] PassiveSkillTreePlanter.TreeConfig+SkillTreeData not supported for menu now. Ask developers to add this type.
2022-12-25 16:29:57.460 +01:00 [WRN] PassiveSkillTreePlanter.TreeConfig+SkillTreeData not supported for menu now. Ask developers to add this type.
2022-12-25 16:29:57.614 +01:00 [WRN]  not supported for menu now. Ask developers to add this type.
2022-12-25 16:29:57.614 +01:00 [WRN]  not supported for menu now. Ask developers to add this type.
2022-12-25 16:29:57.614 +01:00 [WRN]  not supported for menu now. Ask developers to add this type.
2022-12-25 16:29:57.614 +01:00 [WRN]  not supported for menu now. Ask developers to add this type.
2022-12-25 16:29:57.614 +01:00 [WRN]  not supported for menu now. Ask developers to add this type.
2022-12-25 16:29:57.614 +01:00 [WRN]  not supported for menu now. Ask developers to add this type.
2022-12-25 16:29:57.614 +01:00 [WRN] <0  0> not supported for menu now. Ask developers to add this type.
2022-12-25 16:29:57.614 +01:00 [WRN] PickIt.PickItSettings+FRSMOverrides not supported for menu now. Ask developers to add this type.
2022-12-25 16:29:58.032 +01:00 [WRN] System.Int32[,] not supported for menu now. Ask developers to add this type.
2022-12-25 16:34:51.853 +01:00 [WRN] TreeRoutine.Routine.BuildYourOwnRoutine.Flask.FlaskSetting[] not supported for menu now. Ask developers to add this type.
2022-12-25 16:34:51.866 +01:00 [WRN] <0  0> not supported for menu now. Ask developers to add this type.
2022-12-25 16:34:51.866 +01:00 [WRN] <0  0> not supported for menu now. Ask developers to add this type.
2022-12-25 16:34:51.883 +01:00 [WRN] TreeRoutine.Routine.BasicFlaskRoutine.Flask.FlaskSetting[] not supported for menu now. Ask developers to add this type.
2022-12-25 16:34:51.955 +01:00 [WRN] 0 not supported for menu now. Ask developers to add this type.
2022-12-25 16:34:52.000 +01:00 [WRN] System.Int32[,] not supported for menu now. Ask developers to add this type.
2022-12-25 16:34:52.014 +01:00 [WRN] 16 not supported for menu now. Ask developers to add this type.
2022-12-25 16:34:52.044 +01:00 [WRN] ExileCore.Shared.Nodes.RangeNode`1[System.Byte] not supported for menu now. Ask developers to add this type.
2022-12-25 16:34:52.044 +01:00 [WRN] ExileCore.Shared.Nodes.RangeNode`1[System.Byte] not supported for menu now. Ask developers to add this type.
2022-12-25 16:34:52.044 +01:00 [WRN] ExileCore.Shared.Nodes.RangeNode`1[System.Byte] not supported for menu now. Ask developers to add this type.
2022-12-25 16:34:52.156 +01:00 [WRN]  not supported for menu now. Ask developers to add this type.
2022-12-25 16:34:52.156 +01:00 [WRN]  not supported for menu now. Ask developers to add this type.
2022-12-25 16:34:52.156 +01:00 [WRN]  not supported for menu now. Ask developers to add this type.
2022-12-25 16:34:52.156 +01:00 [WRN] PassiveSkillTreePlanter.TreeConfig+SkillTreeData not supported for menu now. Ask developers to add this type.
2022-12-25 16:34:52.156 +01:00 [WRN] PassiveSkillTreePlanter.TreeConfig+SkillTreeData not supported for menu now. Ask developers to add this type.
2022-12-25 16:34:52.187 +01:00 [WRN]  not supported for menu now. Ask developers to add this type.
2022-12-25 16:34:52.187 +01:00 [WRN]  not supported for menu now. Ask developers to add this type.
2022-12-25 16:34:52.187 +01:00 [WRN]  not supported for menu now. Ask developers to add this type.
2022-12-25 16:34:52.187 +01:00 [WRN]  not supported for menu now. Ask developers to add this type.
2022-12-25 16:34:52.187 +01:00 [WRN]  not supported for menu now. Ask developers to add this type.
2022-12-25 16:34:52.187 +01:00 [WRN]  not supported for menu now. Ask developers to add this type.
2022-12-25 16:34:52.187 +01:00 [WRN] <0  0> not supported for menu now. Ask developers to add this type.
2022-12-25 16:34:52.187 +01:00 [WRN] PickIt.PickItSettings+FRSMOverrides not supported for menu now. Ask developers to add this type.
2022-12-25 16:34:52.355 +01:00 [WRN] System.Int32[,] not supported for menu now. Ask developers to add this type.
2022-12-25 16:35:41.992 +01:00 [WRN] TreeRoutine.Routine.BuildYourOwnRoutine.Flask.FlaskSetting[] not supported for menu now. Ask developers to add this type.
2022-12-25 16:35:41.995 +01:00 [WRN] <0  0> not supported for menu now. Ask developers to add this type.
2022-12-25 16:35:41.995 +01:00 [WRN] <0  0> not supported for menu now. Ask developers to add this type.
2022-12-25 16:35:42.012 +01:00 [WRN] TreeRoutine.Routine.BasicFlaskRoutine.Flask.FlaskSetting[] not supported for menu now. Ask developers to add this type.
2022-12-25 16:35:42.086 +01:00 [WRN] 0 not supported for menu now. Ask developers to add this type.
2022-12-25 16:35:42.132 +01:00 [WRN] System.Int32[,] not supported for menu now. Ask developers to add this type.
2022-12-25 16:35:42.146 +01:00 [WRN] 16 not supported for menu now. Ask developers to add this type.
2022-12-25 16:35:42.177 +01:00 [WRN] ExileCore.Shared.Nodes.RangeNode`1[System.Byte] not supported for menu now. Ask developers to add this type.
2022-12-25 16:35:42.177 +01:00 [WRN] ExileCore.Shared.Nodes.RangeNode`1[System.Byte] not supported for menu now. Ask developers to add this type.
2022-12-25 16:35:42.177 +01:00 [WRN] ExileCore.Shared.Nodes.RangeNode`1[System.Byte] not supported for menu now. Ask developers to add this type.
2022-12-25 16:35:42.282 +01:00 [WRN]  not supported for menu now. Ask developers to add this type.
2022-12-25 16:35:42.283 +01:00 [WRN]  not supported for menu now. Ask developers to add this type.
2022-12-25 16:35:42.283 +01:00 [WRN]  not supported for menu now. Ask developers to add this type.
2022-12-25 16:35:42.283 +01:00 [WRN] PassiveSkillTreePlanter.TreeConfig+SkillTreeData not supported for menu now. Ask developers to add this type.
2022-12-25 16:35:42.283 +01:00 [WRN] PassiveSkillTreePlanter.TreeConfig+SkillTreeData not supported for menu now. Ask developers to add this type.
2022-12-25 16:35:42.310 +01:00 [WRN]  not supported for menu now. Ask developers to add this type.
2022-12-25 16:35:42.310 +01:00 [WRN]  not supported for menu now. Ask developers to add this type.
2022-12-25 16:35:42.310 +01:00 [WRN]  not supported for menu now. Ask developers to add this type.
2022-12-25 16:35:42.310 +01:00 [WRN]  not supported for menu now. Ask developers to add this type.
2022-12-25 16:35:42.310 +01:00 [WRN]  not supported for menu now. Ask developers to add this type.
2022-12-25 16:35:42.310 +01:00 [WRN]  not supported for menu now. Ask developers to add this type.
2022-12-25 16:35:42.311 +01:00 [WRN] <0  0> not supported for menu now. Ask developers to add this type.
2022-12-25 16:35:42.311 +01:00 [WRN] PickIt.PickItSettings+FRSMOverrides not supported for menu now. Ask developers to add this type.
2022-12-25 16:35:42.425 +01:00 [WRN] System.Int32[,] not supported for menu now. Ask developers to add this type.
2022-12-25 16:38:33.017 +01:00 [WRN] TreeRoutine.Routine.BuildYourOwnRoutine.Flask.FlaskSetting[] not supported for menu now. Ask developers to add this type.
2022-12-25 16:38:33.020 +01:00 [WRN] <0  0> not supported for menu now. Ask developers to add this type.
2022-12-25 16:38:33.020 +01:00 [WRN] <0  0> not supported for menu now. Ask developers to add this type.
2022-12-25 16:38:33.038 +01:00 [WRN] TreeRoutine.Routine.BasicFlaskRoutine.Flask.FlaskSetting[] not supported for menu now. Ask developers to add this type.
2022-12-25 16:38:33.114 +01:00 [WRN] 0 not supported for menu now. Ask developers to add this type.
2022-12-25 16:38:33.159 +01:00 [WRN] System.Int32[,] not supported for menu now. Ask developers to add this type.
2022-12-25 16:38:33.174 +01:00 [WRN] 16 not supported for menu now. Ask developers to add this type.
2022-12-25 16:38:33.200 +01:00 [WRN] ExileCore.Shared.Nodes.RangeNode`1[System.Byte] not supported for menu now. Ask developers to add this type.
2022-12-25 16:38:33.200 +01:00 [WRN] ExileCore.Shared.Nodes.RangeNode`1[System.Byte] not supported for menu now. Ask developers to add this type.
2022-12-25 16:38:33.201 +01:00 [WRN] ExileCore.Shared.Nodes.RangeNode`1[System.Byte] not supported for menu now. Ask developers to add this type.
2022-12-25 16:38:33.302 +01:00 [WRN]  not supported for menu now. Ask developers to add this type.
2022-12-25 16:38:33.303 +01:00 [WRN]  not supported for menu now. Ask developers to add this type.
2022-12-25 16:38:33.303 +01:00 [WRN]  not supported for menu now. Ask developers to add this type.
2022-12-25 16:38:33.310 +01:00 [WRN] PassiveSkillTreePlanter.TreeConfig+SkillTreeData not supported for menu now. Ask developers to add this type.
2022-12-25 16:38:33.310 +01:00 [WRN] PassiveSkillTreePlanter.TreeConfig+SkillTreeData not supported for menu now. Ask developers to add this type.
2022-12-25 16:38:33.336 +01:00 [WRN]  not supported for menu now. Ask developers to add this type.
2022-12-25 16:38:33.336 +01:00 [WRN]  not supported for menu now. Ask developers to add this type.
2022-12-25 16:38:33.336 +01:00 [WRN]  not supported for menu now. Ask developers to add this type.
2022-12-25 16:38:33.336 +01:00 [WRN]  not supported for menu now. Ask developers to add this type.
2022-12-25 16:38:33.336 +01:00 [WRN]  not supported for menu now. Ask developers to add this type.
2022-12-25 16:38:33.336 +01:00 [WRN]  not supported for menu now. Ask developers to add this type.
2022-12-25 16:38:33.336 +01:00 [WRN] <0  0> not supported for menu now. Ask developers to add this type.
2022-12-25 16:38:33.337 +01:00 [WRN] PickIt.PickItSettings+FRSMOverrides not supported for menu now. Ask developers to add this type.
2022-12-25 16:38:33.483 +01:00 [WRN] System.Int32[,] not supported for menu now. Ask developers to add this type.
2022-12-25 16:39:16.577 +01:00 [WRN] TreeRoutine.Routine.BuildYourOwnRoutine.Flask.FlaskSetting[] not supported for menu now. Ask developers to add this type.
2022-12-25 16:39:16.580 +01:00 [WRN] <0  0> not supported for menu now. Ask developers to add this type.
2022-12-25 16:39:16.580 +01:00 [WRN] <0  0> not supported for menu now. Ask developers to add this type.
2022-12-25 16:39:16.598 +01:00 [WRN] TreeRoutine.Routine.BasicFlaskRoutine.Flask.FlaskSetting[] not supported for menu now. Ask developers to add this type.
2022-12-25 16:39:16.672 +01:00 [WRN] 0 not supported for menu now. Ask developers to add this type.
2022-12-25 16:39:16.717 +01:00 [WRN] System.Int32[,] not supported for menu now. Ask developers to add this type.
2022-12-25 16:39:16.731 +01:00 [WRN] 16 not supported for menu now. Ask developers to add this type.
2022-12-25 16:39:16.757 +01:00 [WRN] ExileCore.Shared.Nodes.RangeNode`1[System.Byte] not supported for menu now. Ask developers to add this type.
2022-12-25 16:39:16.758 +01:00 [WRN] ExileCore.Shared.Nodes.RangeNode`1[System.Byte] not supported for menu now. Ask developers to add this type.
2022-12-25 16:39:16.758 +01:00 [WRN] ExileCore.Shared.Nodes.RangeNode`1[System.Byte] not supported for menu now. Ask developers to add this type.
2022-12-25 16:39:16.861 +01:00 [WRN]  not supported for menu now. Ask developers to add this type.
2022-12-25 16:39:16.861 +01:00 [WRN]  not supported for menu now. Ask developers to add this type.
2022-12-25 16:39:16.861 +01:00 [WRN]  not supported for menu now. Ask developers to add this type.
2022-12-25 16:39:16.862 +01:00 [WRN] PassiveSkillTreePlanter.TreeConfig+SkillTreeData not supported for menu now. Ask developers to add this type.
2022-12-25 16:39:16.862 +01:00 [WRN] PassiveSkillTreePlanter.TreeConfig+SkillTreeData not supported for menu now. Ask developers to add this type.
2022-12-25 16:39:16.887 +01:00 [WRN]  not supported for menu now. Ask developers to add this type.
2022-12-25 16:39:16.887 +01:00 [WRN]  not supported for menu now. Ask developers to add this type.
2022-12-25 16:39:16.887 +01:00 [WRN]  not supported for menu now. Ask developers to add this type.
2022-12-25 16:39:16.888 +01:00 [WRN]  not supported for menu now. Ask developers to add this type.
2022-12-25 16:39:16.888 +01:00 [WRN]  not supported for menu now. Ask developers to add this type.
2022-12-25 16:39:16.888 +01:00 [WRN]  not supported for menu now. Ask developers to add this type.
2022-12-25 16:39:16.888 +01:00 [WRN] <0  0> not supported for menu now. Ask developers to add this type.
2022-12-25 16:39:16.888 +01:00 [WRN] PickIt.PickItSettings+FRSMOverrides not supported for menu now. Ask developers to add this type.
2022-12-25 16:39:16.990 +01:00 [WRN] System.Int32[,] not supported for menu now. Ask developers to add this type.
2022-12-25 17:16:13.743 +01:00 [WRN] TreeRoutine.Routine.BuildYourOwnRoutine.Flask.FlaskSetting[] not supported for menu now. Ask developers to add this type.
2022-12-25 17:16:13.744 +01:00 [WRN] <0  0> not supported for menu now. Ask developers to add this type.
2022-12-25 17:16:13.744 +01:00 [WRN] <0  0> not supported for menu now. Ask developers to add this type.
2022-12-25 17:16:13.784 +01:00 [WRN] TreeRoutine.Routine.BasicFlaskRoutine.Flask.FlaskSetting[] not supported for menu now. Ask developers to add this type.
2022-12-25 17:16:13.906 +01:00 [WRN] 0 not supported for menu now. Ask developers to add this type.
2022-12-25 17:16:13.959 +01:00 [WRN] System.Int32[,] not supported for menu now. Ask developers to add this type.
2022-12-25 17:16:13.974 +01:00 [WRN] 16 not supported for menu now. Ask developers to add this type.
2022-12-25 17:16:14.012 +01:00 [WRN] ExileCore.Shared.Nodes.RangeNode`1[System.Byte] not supported for menu now. Ask developers to add this type.
2022-12-25 17:16:14.012 +01:00 [WRN] ExileCore.Shared.Nodes.RangeNode`1[System.Byte] not supported for menu now. Ask developers to add this type.
2022-12-25 17:16:14.012 +01:00 [WRN] ExileCore.Shared.Nodes.RangeNode`1[System.Byte] not supported for menu now. Ask developers to add this type.
2022-12-25 17:16:14.058 +01:00 [WRN]  not supported for menu now. Ask developers to add this type.
2022-12-25 17:16:14.058 +01:00 [WRN]  not supported for menu now. Ask developers to add this type.
2022-12-25 17:16:14.058 +01:00 [WRN]  not supported for menu now. Ask developers to add this type.
2022-12-25 17:16:14.059 +01:00 [WRN] PassiveSkillTreePlanter.TreeConfig+SkillTreeData not supported for menu now. Ask developers to add this type.
2022-12-25 17:16:14.059 +01:00 [WRN] PassiveSkillTreePlanter.TreeConfig+SkillTreeData not supported for menu now. Ask developers to add this type.
2022-12-25 17:16:14.118 +01:00 [WRN]  not supported for menu now. Ask developers to add this type.
2022-12-25 17:16:14.118 +01:00 [WRN]  not supported for menu now. Ask developers to add this type.
2022-12-25 17:16:14.118 +01:00 [WRN]  not supported for menu now. Ask developers to add this type.
2022-12-25 17:16:14.118 +01:00 [WRN]  not supported for menu now. Ask developers to add this type.
2022-12-25 17:16:14.119 +01:00 [WRN]  not supported for menu now. Ask developers to add this type.
2022-12-25 17:16:14.119 +01:00 [WRN]  not supported for menu now. Ask developers to add this type.
2022-12-25 17:16:14.119 +01:00 [WRN] <0  0> not supported for menu now. Ask developers to add this type.
2022-12-25 17:16:14.119 +01:00 [WRN] PickIt.PickItSettings+FRSMOverrides not supported for menu now. Ask developers to add this type.
2022-12-25 17:16:14.282 +01:00 [WRN] System.Int32[,] not supported for menu now. Ask developers to add this type.
2022-12-25 22:44:47.376 +01:00 [WRN] TreeRoutine.Routine.BuildYourOwnRoutine.Flask.FlaskSetting[] not supported for menu now. Ask developers to add this type.
2022-12-25 22:44:47.380 +01:00 [WRN] <0  0> not supported for menu now. Ask developers to add this type.
2022-12-25 22:44:47.380 +01:00 [WRN] <0  0> not supported for menu now. Ask developers to add this type.
2022-12-25 22:44:47.407 +01:00 [WRN] TreeRoutine.Routine.BasicFlaskRoutine.Flask.FlaskSetting[] not supported for menu now. Ask developers to add this type.
2022-12-25 22:44:47.781 +01:00 [WRN] 0 not supported for menu now. Ask developers to add this type.
2022-12-25 22:44:47.967 +01:00 [WRN] System.Int32[,] not supported for menu now. Ask developers to add this type.
2022-12-25 22:44:48.056 +01:00 [WRN] 16 not supported for menu now. Ask developers to add this type.
2022-12-25 22:44:48.181 +01:00 [WRN] ExileCore.Shared.Nodes.RangeNode`1[System.Byte] not supported for menu now. Ask developers to add this type.
2022-12-25 22:44:48.182 +01:00 [WRN] ExileCore.Shared.Nodes.RangeNode`1[System.Byte] not supported for menu now. Ask developers to add this type.
2022-12-25 22:44:48.182 +01:00 [WRN] ExileCore.Shared.Nodes.RangeNode`1[System.Byte] not supported for menu now. Ask developers to add this type.
2022-12-25 22:44:48.430 +01:00 [WRN]  not supported for menu now. Ask developers to add this type.
2022-12-25 22:44:48.431 +01:00 [WRN]  not supported for menu now. Ask developers to add this type.
2022-12-25 22:44:48.431 +01:00 [WRN]  not supported for menu now. Ask developers to add this type.
2022-12-25 22:44:48.431 +01:00 [WRN] PassiveSkillTreePlanter.TreeConfig+SkillTreeData not supported for menu now. Ask developers to add this type.
2022-12-25 22:44:48.431 +01:00 [WRN] PassiveSkillTreePlanter.TreeConfig+SkillTreeData not supported for menu now. Ask developers to add this type.
2022-12-25 22:44:48.576 +01:00 [WRN]  not supported for menu now. Ask developers to add this type.
2022-12-25 22:44:48.576 +01:00 [WRN]  not supported for menu now. Ask developers to add this type.
2022-12-25 22:44:48.576 +01:00 [WRN]  not supported for menu now. Ask developers to add this type.
2022-12-25 22:44:48.576 +01:00 [WRN]  not supported for menu now. Ask developers to add this type.
2022-12-25 22:44:48.576 +01:00 [WRN]  not supported for menu now. Ask developers to add this type.
2022-12-25 22:44:48.576 +01:00 [WRN]  not supported for menu now. Ask developers to add this type.
2022-12-25 22:44:48.576 +01:00 [WRN] <0  0> not supported for menu now. Ask developers to add this type.
2022-12-25 22:44:48.576 +01:00 [WRN] PickIt.PickItSettings+FRSMOverrides not supported for menu now. Ask developers to add this type.
2022-12-25 22:44:49.005 +01:00 [WRN] System.Int32[,] not supported for menu now. Ask developers to add this type.
2022-12-25 22:47:36.777 +01:00 [WRN] TreeRoutine.Routine.BuildYourOwnRoutine.Flask.FlaskSetting[] not supported for menu now. Ask developers to add this type.
2022-12-25 22:47:36.780 +01:00 [WRN] <0  0> not supported for menu now. Ask developers to add this type.
2022-12-25 22:47:36.781 +01:00 [WRN] <0  0> not supported for menu now. Ask developers to add this type.
2022-12-25 22:47:36.803 +01:00 [WRN] TreeRoutine.Routine.BasicFlaskRoutine.Flask.FlaskSetting[] not supported for menu now. Ask developers to add this type.
2022-12-25 22:47:36.884 +01:00 [WRN] 0 not supported for menu now. Ask developers to add this type.
2022-12-25 22:47:36.928 +01:00 [WRN] System.Int32[,] not supported for menu now. Ask developers to add this type.
2022-12-25 22:47:36.937 +01:00 [WRN] 16 not supported for menu now. Ask developers to add this type.
2022-12-25 22:47:36.966 +01:00 [WRN] ExileCore.Shared.Nodes.RangeNode`1[System.Byte] not supported for menu now. Ask developers to add this type.
2022-12-25 22:47:36.966 +01:00 [WRN] ExileCore.Shared.Nodes.RangeNode`1[System.Byte] not supported for menu now. Ask developers to add this type.
2022-12-25 22:47:36.966 +01:00 [WRN] ExileCore.Shared.Nodes.RangeNode`1[System.Byte] not supported for menu now. Ask developers to add this type.
2022-12-25 22:47:37.069 +01:00 [WRN]  not supported for menu now. Ask developers to add this type.
2022-12-25 22:47:37.069 +01:00 [WRN]  not supported for menu now. Ask developers to add this type.
2022-12-25 22:47:37.069 +01:00 [WRN]  not supported for menu now. Ask developers to add this type.
2022-12-25 22:47:37.069 +01:00 [WRN] PassiveSkillTreePlanter.TreeConfig+SkillTreeData not supported for menu now. Ask developers to add this type.
2022-12-25 22:47:37.069 +01:00 [WRN] PassiveSkillTreePlanter.TreeConfig+SkillTreeData not supported for menu now. Ask developers to add this type.
2022-12-25 22:47:37.096 +01:00 [WRN]  not supported for menu now. Ask developers to add this type.
2022-12-25 22:47:37.096 +01:00 [WRN]  not supported for menu now. Ask developers to add this type.
2022-12-25 22:47:37.096 +01:00 [WRN]  not supported for menu now. Ask developers to add this type.
2022-12-25 22:47:37.096 +01:00 [WRN]  not supported for menu now. Ask developers to add this type.
2022-12-25 22:47:37.096 +01:00 [WRN]  not supported for menu now. Ask developers to add this type.
2022-12-25 22:47:37.096 +01:00 [WRN]  not supported for menu now. Ask developers to add this type.
2022-12-25 22:47:37.096 +01:00 [WRN] <0  0> not supported for menu now. Ask developers to add this type.
2022-12-25 22:47:37.096 +01:00 [WRN] PickIt.PickItSettings+FRSMOverrides not supported for menu now. Ask developers to add this type.
2022-12-25 22:47:37.210 +01:00 [WRN] System.Int32[,] not supported for menu now. Ask developers to add this type.
