2022-12-16 00:52:17.914 +01:00 [WRN] TreeRoutine.Routine.BuildYourOwnRoutine.Flask.FlaskSetting[] not supported for menu now. Ask developers to add this type.
2022-12-16 00:52:17.917 +01:00 [WRN] <0  0> not supported for menu now. Ask developers to add this type.
2022-12-16 00:52:17.917 +01:00 [WRN] <0  0> not supported for menu now. Ask developers to add this type.
2022-12-16 00:52:17.938 +01:00 [WRN] TreeRoutine.Routine.BasicFlaskRoutine.Flask.FlaskSetting[] not supported for menu now. Ask developers to add this type.
2022-12-16 00:52:18.001 +01:00 [WRN] 0 not supported for menu now. Ask developers to add this type.
2022-12-16 00:52:18.066 +01:00 [WRN] System.Int32[,] not supported for menu now. Ask developers to add this type.
2022-12-16 00:52:18.075 +01:00 [WRN] 16 not supported for menu now. Ask developers to add this type.
2022-12-16 00:52:18.102 +01:00 [WRN] ExileCore.Shared.Nodes.RangeNode`1[System.Byte] not supported for menu now. Ask developers to add this type.
2022-12-16 00:52:18.102 +01:00 [WRN] ExileCore.Shared.Nodes.RangeNode`1[System.Byte] not supported for menu now. Ask developers to add this type.
2022-12-16 00:52:18.103 +01:00 [WRN] ExileCore.Shared.Nodes.RangeNode`1[System.Byte] not supported for menu now. Ask developers to add this type.
2022-12-16 00:52:18.222 +01:00 [WRN]  not supported for menu now. Ask developers to add this type.
2022-12-16 00:52:18.222 +01:00 [WRN]  not supported for menu now. Ask developers to add this type.
2022-12-16 00:52:18.222 +01:00 [WRN]  not supported for menu now. Ask developers to add this type.
2022-12-16 00:52:18.223 +01:00 [WRN] PassiveSkillTreePlanter.TreeConfig+SkillTreeData not supported for menu now. Ask developers to add this type.
2022-12-16 00:52:18.223 +01:00 [WRN] PassiveSkillTreePlanter.TreeConfig+SkillTreeData not supported for menu now. Ask developers to add this type.
2022-12-16 00:52:18.262 +01:00 [WRN]  not supported for menu now. Ask developers to add this type.
2022-12-16 00:52:18.262 +01:00 [WRN]  not supported for menu now. Ask developers to add this type.
2022-12-16 00:52:18.262 +01:00 [WRN]  not supported for menu now. Ask developers to add this type.
2022-12-16 00:52:18.262 +01:00 [WRN]  not supported for menu now. Ask developers to add this type.
2022-12-16 00:52:18.262 +01:00 [WRN]  not supported for menu now. Ask developers to add this type.
2022-12-16 00:52:18.262 +01:00 [WRN]  not supported for menu now. Ask developers to add this type.
2022-12-16 00:52:18.262 +01:00 [WRN] <0  0> not supported for menu now. Ask developers to add this type.
2022-12-16 00:52:18.263 +01:00 [WRN] PickIt.PickItSettings+FRSMOverrides not supported for menu now. Ask developers to add this type.
2022-12-16 00:52:18.425 +01:00 [WRN] System.Int32[,] not supported for menu now. Ask developers to add this type.
2022-12-16 14:13:52.636 +01:00 [WRN] TreeRoutine.Routine.BuildYourOwnRoutine.Flask.FlaskSetting[] not supported for menu now. Ask developers to add this type.
2022-12-16 14:13:52.639 +01:00 [WRN] <0  0> not supported for menu now. Ask developers to add this type.
2022-12-16 14:13:52.639 +01:00 [WRN] <0  0> not supported for menu now. Ask developers to add this type.
2022-12-16 14:13:52.663 +01:00 [WRN] TreeRoutine.Routine.BasicFlaskRoutine.Flask.FlaskSetting[] not supported for menu now. Ask developers to add this type.
2022-12-16 14:13:53.039 +01:00 [WRN] 0 not supported for menu now. Ask developers to add this type.
2022-12-16 14:13:53.228 +01:00 [WRN] System.Int32[,] not supported for menu now. Ask developers to add this type.
2022-12-16 14:13:53.313 +01:00 [WRN] 16 not supported for menu now. Ask developers to add this type.
2022-12-16 14:13:53.435 +01:00 [WRN] ExileCore.Shared.Nodes.RangeNode`1[System.Byte] not supported for menu now. Ask developers to add this type.
2022-12-16 14:13:53.435 +01:00 [WRN] ExileCore.Shared.Nodes.RangeNode`1[System.Byte] not supported for menu now. Ask developers to add this type.
2022-12-16 14:13:53.436 +01:00 [WRN] ExileCore.Shared.Nodes.RangeNode`1[System.Byte] not supported for menu now. Ask developers to add this type.
2022-12-16 14:13:53.707 +01:00 [WRN]  not supported for menu now. Ask developers to add this type.
2022-12-16 14:13:53.707 +01:00 [WRN]  not supported for menu now. Ask developers to add this type.
2022-12-16 14:13:53.707 +01:00 [WRN]  not supported for menu now. Ask developers to add this type.
2022-12-16 14:13:53.707 +01:00 [WRN] PassiveSkillTreePlanter.TreeConfig+SkillTreeData not supported for menu now. Ask developers to add this type.
2022-12-16 14:13:53.707 +01:00 [WRN] PassiveSkillTreePlanter.TreeConfig+SkillTreeData not supported for menu now. Ask developers to add this type.
2022-12-16 14:13:53.855 +01:00 [WRN]  not supported for menu now. Ask developers to add this type.
2022-12-16 14:13:53.855 +01:00 [WRN]  not supported for menu now. Ask developers to add this type.
2022-12-16 14:13:53.855 +01:00 [WRN]  not supported for menu now. Ask developers to add this type.
2022-12-16 14:13:53.855 +01:00 [WRN]  not supported for menu now. Ask developers to add this type.
2022-12-16 14:13:53.855 +01:00 [WRN]  not supported for menu now. Ask developers to add this type.
2022-12-16 14:13:53.855 +01:00 [WRN]  not supported for menu now. Ask developers to add this type.
2022-12-16 14:13:53.855 +01:00 [WRN] <0  0> not supported for menu now. Ask developers to add this type.
2022-12-16 14:13:53.855 +01:00 [WRN] PickIt.PickItSettings+FRSMOverrides not supported for menu now. Ask developers to add this type.
2022-12-16 14:13:54.287 +01:00 [WRN] System.Int32[,] not supported for menu now. Ask developers to add this type.
2022-12-16 14:17:47.050 +01:00 [WRN] TreeRoutine.Routine.BuildYourOwnRoutine.Flask.FlaskSetting[] not supported for menu now. Ask developers to add this type.
2022-12-16 14:17:47.053 +01:00 [WRN] <0  0> not supported for menu now. Ask developers to add this type.
2022-12-16 14:17:47.053 +01:00 [WRN] <0  0> not supported for menu now. Ask developers to add this type.
2022-12-16 14:17:47.073 +01:00 [WRN] TreeRoutine.Routine.BasicFlaskRoutine.Flask.FlaskSetting[] not supported for menu now. Ask developers to add this type.
2022-12-16 14:17:47.151 +01:00 [WRN] 0 not supported for menu now. Ask developers to add this type.
2022-12-16 14:17:47.204 +01:00 [WRN] System.Int32[,] not supported for menu now. Ask developers to add this type.
2022-12-16 14:17:47.214 +01:00 [WRN] 16 not supported for menu now. Ask developers to add this type.
2022-12-16 14:17:47.240 +01:00 [WRN] ExileCore.Shared.Nodes.RangeNode`1[System.Byte] not supported for menu now. Ask developers to add this type.
2022-12-16 14:17:47.241 +01:00 [WRN] ExileCore.Shared.Nodes.RangeNode`1[System.Byte] not supported for menu now. Ask developers to add this type.
2022-12-16 14:17:47.241 +01:00 [WRN] ExileCore.Shared.Nodes.RangeNode`1[System.Byte] not supported for menu now. Ask developers to add this type.
2022-12-16 14:17:47.333 +01:00 [WRN]  not supported for menu now. Ask developers to add this type.
2022-12-16 14:17:47.333 +01:00 [WRN]  not supported for menu now. Ask developers to add this type.
2022-12-16 14:17:47.333 +01:00 [WRN]  not supported for menu now. Ask developers to add this type.
2022-12-16 14:17:47.333 +01:00 [WRN] PassiveSkillTreePlanter.TreeConfig+SkillTreeData not supported for menu now. Ask developers to add this type.
2022-12-16 14:17:47.333 +01:00 [WRN] PassiveSkillTreePlanter.TreeConfig+SkillTreeData not supported for menu now. Ask developers to add this type.
2022-12-16 14:17:47.375 +01:00 [WRN]  not supported for menu now. Ask developers to add this type.
2022-12-16 14:17:47.375 +01:00 [WRN]  not supported for menu now. Ask developers to add this type.
2022-12-16 14:17:47.375 +01:00 [WRN]  not supported for menu now. Ask developers to add this type.
2022-12-16 14:17:47.375 +01:00 [WRN]  not supported for menu now. Ask developers to add this type.
2022-12-16 14:17:47.375 +01:00 [WRN]  not supported for menu now. Ask developers to add this type.
2022-12-16 14:17:47.375 +01:00 [WRN]  not supported for menu now. Ask developers to add this type.
2022-12-16 14:17:47.376 +01:00 [WRN] <0  0> not supported for menu now. Ask developers to add this type.
2022-12-16 14:17:47.376 +01:00 [WRN] PickIt.PickItSettings+FRSMOverrides not supported for menu now. Ask developers to add this type.
2022-12-16 14:17:47.496 +01:00 [WRN] System.Int32[,] not supported for menu now. Ask developers to add this type.
2022-12-16 23:46:59.242 +01:00 [WRN] TreeRoutine.Routine.BuildYourOwnRoutine.Flask.FlaskSetting[] not supported for menu now. Ask developers to add this type.
2022-12-16 23:46:59.245 +01:00 [WRN] <0  0> not supported for menu now. Ask developers to add this type.
2022-12-16 23:46:59.245 +01:00 [WRN] <0  0> not supported for menu now. Ask developers to add this type.
2022-12-16 23:46:59.272 +01:00 [WRN] TreeRoutine.Routine.BasicFlaskRoutine.Flask.FlaskSetting[] not supported for menu now. Ask developers to add this type.
2022-12-16 23:46:59.697 +01:00 [WRN] 0 not supported for menu now. Ask developers to add this type.
2022-12-16 23:46:59.882 +01:00 [WRN] System.Int32[,] not supported for menu now. Ask developers to add this type.
2022-12-16 23:46:59.962 +01:00 [WRN] 16 not supported for menu now. Ask developers to add this type.
2022-12-16 23:47:00.089 +01:00 [WRN] ExileCore.Shared.Nodes.RangeNode`1[System.Byte] not supported for menu now. Ask developers to add this type.
2022-12-16 23:47:00.089 +01:00 [WRN] ExileCore.Shared.Nodes.RangeNode`1[System.Byte] not supported for menu now. Ask developers to add this type.
2022-12-16 23:47:00.090 +01:00 [WRN] ExileCore.Shared.Nodes.RangeNode`1[System.Byte] not supported for menu now. Ask developers to add this type.
2022-12-16 23:47:00.321 +01:00 [WRN]  not supported for menu now. Ask developers to add this type.
2022-12-16 23:47:00.321 +01:00 [WRN]  not supported for menu now. Ask developers to add this type.
2022-12-16 23:47:00.321 +01:00 [WRN]  not supported for menu now. Ask developers to add this type.
2022-12-16 23:47:00.321 +01:00 [WRN] PassiveSkillTreePlanter.TreeConfig+SkillTreeData not supported for menu now. Ask developers to add this type.
2022-12-16 23:47:00.321 +01:00 [WRN] PassiveSkillTreePlanter.TreeConfig+SkillTreeData not supported for menu now. Ask developers to add this type.
2022-12-16 23:47:00.459 +01:00 [WRN]  not supported for menu now. Ask developers to add this type.
2022-12-16 23:47:00.460 +01:00 [WRN]  not supported for menu now. Ask developers to add this type.
2022-12-16 23:47:00.460 +01:00 [WRN]  not supported for menu now. Ask developers to add this type.
2022-12-16 23:47:00.460 +01:00 [WRN]  not supported for menu now. Ask developers to add this type.
2022-12-16 23:47:00.460 +01:00 [WRN]  not supported for menu now. Ask developers to add this type.
2022-12-16 23:47:00.460 +01:00 [WRN]  not supported for menu now. Ask developers to add this type.
2022-12-16 23:47:00.460 +01:00 [WRN] <0  0> not supported for menu now. Ask developers to add this type.
2022-12-16 23:47:00.460 +01:00 [WRN] PickIt.PickItSettings+FRSMOverrides not supported for menu now. Ask developers to add this type.
2022-12-16 23:47:00.901 +01:00 [WRN] System.Int32[,] not supported for menu now. Ask developers to add this type.
2022-12-16 23:49:35.701 +01:00 [WRN] TreeRoutine.Routine.BuildYourOwnRoutine.Flask.FlaskSetting[] not supported for menu now. Ask developers to add this type.
2022-12-16 23:49:35.705 +01:00 [WRN] <0  0> not supported for menu now. Ask developers to add this type.
2022-12-16 23:49:35.705 +01:00 [WRN] <0  0> not supported for menu now. Ask developers to add this type.
2022-12-16 23:49:35.723 +01:00 [WRN] TreeRoutine.Routine.BasicFlaskRoutine.Flask.FlaskSetting[] not supported for menu now. Ask developers to add this type.
2022-12-16 23:49:35.822 +01:00 [WRN] 0 not supported for menu now. Ask developers to add this type.
2022-12-16 23:49:35.885 +01:00 [WRN] System.Int32[,] not supported for menu now. Ask developers to add this type.
2022-12-16 23:49:35.898 +01:00 [WRN] 16 not supported for menu now. Ask developers to add this type.
2022-12-16 23:49:35.932 +01:00 [WRN] ExileCore.Shared.Nodes.RangeNode`1[System.Byte] not supported for menu now. Ask developers to add this type.
2022-12-16 23:49:35.933 +01:00 [WRN] ExileCore.Shared.Nodes.RangeNode`1[System.Byte] not supported for menu now. Ask developers to add this type.
2022-12-16 23:49:35.933 +01:00 [WRN] ExileCore.Shared.Nodes.RangeNode`1[System.Byte] not supported for menu now. Ask developers to add this type.
2022-12-16 23:49:36.041 +01:00 [WRN]  not supported for menu now. Ask developers to add this type.
2022-12-16 23:49:36.041 +01:00 [WRN]  not supported for menu now. Ask developers to add this type.
2022-12-16 23:49:36.041 +01:00 [WRN]  not supported for menu now. Ask developers to add this type.
2022-12-16 23:49:36.041 +01:00 [WRN] PassiveSkillTreePlanter.TreeConfig+SkillTreeData not supported for menu now. Ask developers to add this type.
2022-12-16 23:49:36.041 +01:00 [WRN] PassiveSkillTreePlanter.TreeConfig+SkillTreeData not supported for menu now. Ask developers to add this type.
2022-12-16 23:49:36.077 +01:00 [WRN]  not supported for menu now. Ask developers to add this type.
2022-12-16 23:49:36.077 +01:00 [WRN]  not supported for menu now. Ask developers to add this type.
2022-12-16 23:49:36.078 +01:00 [WRN]  not supported for menu now. Ask developers to add this type.
2022-12-16 23:49:36.078 +01:00 [WRN]  not supported for menu now. Ask developers to add this type.
2022-12-16 23:49:36.078 +01:00 [WRN]  not supported for menu now. Ask developers to add this type.
2022-12-16 23:49:36.078 +01:00 [WRN]  not supported for menu now. Ask developers to add this type.
2022-12-16 23:49:36.078 +01:00 [WRN] <0  0> not supported for menu now. Ask developers to add this type.
2022-12-16 23:49:36.078 +01:00 [WRN] PickIt.PickItSettings+FRSMOverrides not supported for menu now. Ask developers to add this type.
2022-12-16 23:49:36.195 +01:00 [WRN] System.Int32[,] not supported for menu now. Ask developers to add this type.
