2022-12-13 00:11:32.225 +01:00 [WRN] TreeRoutine.Routine.BuildYourOwnRoutine.Flask.FlaskSetting[] not supported for menu now. Ask developers to add this type.
2022-12-13 00:11:32.243 +01:00 [WRN] <0  0> not supported for menu now. Ask developers to add this type.
2022-12-13 00:11:32.243 +01:00 [WRN] <0  0> not supported for menu now. Ask developers to add this type.
2022-12-13 00:11:32.288 +01:00 [WRN] TreeRoutine.Routine.BasicFlaskRoutine.Flask.FlaskSetting[] not supported for menu now. Ask developers to add this type.
2022-12-13 00:11:32.366 +01:00 [WRN] 0 not supported for menu now. Ask developers to add this type.
2022-12-13 00:11:32.416 +01:00 [WRN] System.Int32[,] not supported for menu now. Ask developers to add this type.
2022-12-13 00:11:32.426 +01:00 [WRN] 16 not supported for menu now. Ask developers to add this type.
2022-12-13 00:11:32.483 +01:00 [WRN] ExileCore.Shared.Nodes.RangeNode`1[System.Byte] not supported for menu now. Ask developers to add this type.
2022-12-13 00:11:32.483 +01:00 [WRN] ExileCore.Shared.Nodes.RangeNode`1[System.Byte] not supported for menu now. Ask developers to add this type.
2022-12-13 00:11:32.483 +01:00 [WRN] ExileCore.Shared.Nodes.RangeNode`1[System.Byte] not supported for menu now. Ask developers to add this type.
2022-12-13 00:11:32.567 +01:00 [WRN]  not supported for menu now. Ask developers to add this type.
2022-12-13 00:11:32.567 +01:00 [WRN]  not supported for menu now. Ask developers to add this type.
2022-12-13 00:11:32.567 +01:00 [WRN]  not supported for menu now. Ask developers to add this type.
2022-12-13 00:11:32.567 +01:00 [WRN] PassiveSkillTreePlanter.TreeConfig+SkillTreeData not supported for menu now. Ask developers to add this type.
2022-12-13 00:11:32.567 +01:00 [WRN] PassiveSkillTreePlanter.TreeConfig+SkillTreeData not supported for menu now. Ask developers to add this type.
2022-12-13 00:11:32.600 +01:00 [WRN]  not supported for menu now. Ask developers to add this type.
2022-12-13 00:11:32.600 +01:00 [WRN]  not supported for menu now. Ask developers to add this type.
2022-12-13 00:11:32.600 +01:00 [WRN]  not supported for menu now. Ask developers to add this type.
2022-12-13 00:11:32.600 +01:00 [WRN]  not supported for menu now. Ask developers to add this type.
2022-12-13 00:11:32.600 +01:00 [WRN]  not supported for menu now. Ask developers to add this type.
2022-12-13 00:11:32.600 +01:00 [WRN]  not supported for menu now. Ask developers to add this type.
2022-12-13 00:11:32.600 +01:00 [WRN] <0  0> not supported for menu now. Ask developers to add this type.
2022-12-13 00:11:32.600 +01:00 [WRN] PickIt.PickItSettings+FRSMOverrides not supported for menu now. Ask developers to add this type.
2022-12-13 00:11:32.705 +01:00 [WRN] System.Int32[,] not supported for menu now. Ask developers to add this type.
2022-12-13 09:10:37.390 +01:00 [WRN] TreeRoutine.Routine.BuildYourOwnRoutine.Flask.FlaskSetting[] not supported for menu now. Ask developers to add this type.
2022-12-13 09:10:37.400 +01:00 [WRN] <0  0> not supported for menu now. Ask developers to add this type.
2022-12-13 09:10:37.400 +01:00 [WRN] <0  0> not supported for menu now. Ask developers to add this type.
2022-12-13 09:10:37.422 +01:00 [WRN] TreeRoutine.Routine.BasicFlaskRoutine.Flask.FlaskSetting[] not supported for menu now. Ask developers to add this type.
2022-12-13 09:10:37.771 +01:00 [WRN] 0 not supported for menu now. Ask developers to add this type.
2022-12-13 09:10:37.955 +01:00 [WRN] System.Int32[,] not supported for menu now. Ask developers to add this type.
2022-12-13 09:10:38.039 +01:00 [WRN] 16 not supported for menu now. Ask developers to add this type.
2022-12-13 09:10:38.158 +01:00 [WRN] ExileCore.Shared.Nodes.RangeNode`1[System.Byte] not supported for menu now. Ask developers to add this type.
2022-12-13 09:10:38.158 +01:00 [WRN] ExileCore.Shared.Nodes.RangeNode`1[System.Byte] not supported for menu now. Ask developers to add this type.
2022-12-13 09:10:38.158 +01:00 [WRN] ExileCore.Shared.Nodes.RangeNode`1[System.Byte] not supported for menu now. Ask developers to add this type.
2022-12-13 09:10:38.388 +01:00 [WRN]  not supported for menu now. Ask developers to add this type.
2022-12-13 09:10:38.388 +01:00 [WRN]  not supported for menu now. Ask developers to add this type.
2022-12-13 09:10:38.388 +01:00 [WRN]  not supported for menu now. Ask developers to add this type.
2022-12-13 09:10:38.388 +01:00 [WRN] PassiveSkillTreePlanter.TreeConfig+SkillTreeData not supported for menu now. Ask developers to add this type.
2022-12-13 09:10:38.388 +01:00 [WRN] PassiveSkillTreePlanter.TreeConfig+SkillTreeData not supported for menu now. Ask developers to add this type.
2022-12-13 09:10:38.540 +01:00 [WRN]  not supported for menu now. Ask developers to add this type.
2022-12-13 09:10:38.540 +01:00 [WRN]  not supported for menu now. Ask developers to add this type.
2022-12-13 09:10:38.540 +01:00 [WRN]  not supported for menu now. Ask developers to add this type.
2022-12-13 09:10:38.540 +01:00 [WRN]  not supported for menu now. Ask developers to add this type.
2022-12-13 09:10:38.540 +01:00 [WRN]  not supported for menu now. Ask developers to add this type.
2022-12-13 09:10:38.541 +01:00 [WRN]  not supported for menu now. Ask developers to add this type.
2022-12-13 09:10:38.541 +01:00 [WRN] <0  0> not supported for menu now. Ask developers to add this type.
2022-12-13 09:10:38.541 +01:00 [WRN] PickIt.PickItSettings+FRSMOverrides not supported for menu now. Ask developers to add this type.
2022-12-13 09:10:38.998 +01:00 [WRN] System.Int32[,] not supported for menu now. Ask developers to add this type.
2022-12-13 10:22:41.934 +01:00 [WRN] TreeRoutine.Routine.BuildYourOwnRoutine.Flask.FlaskSetting[] not supported for menu now. Ask developers to add this type.
2022-12-13 10:22:41.937 +01:00 [WRN] <0  0> not supported for menu now. Ask developers to add this type.
2022-12-13 10:22:41.937 +01:00 [WRN] <0  0> not supported for menu now. Ask developers to add this type.
2022-12-13 10:22:41.966 +01:00 [WRN] TreeRoutine.Routine.BasicFlaskRoutine.Flask.FlaskSetting[] not supported for menu now. Ask developers to add this type.
2022-12-13 10:22:42.038 +01:00 [WRN] 0 not supported for menu now. Ask developers to add this type.
2022-12-13 10:22:42.081 +01:00 [WRN] System.Int32[,] not supported for menu now. Ask developers to add this type.
2022-12-13 10:22:42.092 +01:00 [WRN] 16 not supported for menu now. Ask developers to add this type.
2022-12-13 10:22:42.135 +01:00 [WRN] ExileCore.Shared.Nodes.RangeNode`1[System.Byte] not supported for menu now. Ask developers to add this type.
2022-12-13 10:22:42.135 +01:00 [WRN] ExileCore.Shared.Nodes.RangeNode`1[System.Byte] not supported for menu now. Ask developers to add this type.
2022-12-13 10:22:42.135 +01:00 [WRN] ExileCore.Shared.Nodes.RangeNode`1[System.Byte] not supported for menu now. Ask developers to add this type.
2022-12-13 10:22:42.291 +01:00 [WRN]  not supported for menu now. Ask developers to add this type.
2022-12-13 10:22:42.291 +01:00 [WRN]  not supported for menu now. Ask developers to add this type.
2022-12-13 10:22:42.291 +01:00 [WRN]  not supported for menu now. Ask developers to add this type.
2022-12-13 10:22:42.291 +01:00 [WRN] PassiveSkillTreePlanter.TreeConfig+SkillTreeData not supported for menu now. Ask developers to add this type.
2022-12-13 10:22:42.291 +01:00 [WRN] PassiveSkillTreePlanter.TreeConfig+SkillTreeData not supported for menu now. Ask developers to add this type.
2022-12-13 10:22:42.323 +01:00 [WRN]  not supported for menu now. Ask developers to add this type.
2022-12-13 10:22:42.323 +01:00 [WRN]  not supported for menu now. Ask developers to add this type.
2022-12-13 10:22:42.323 +01:00 [WRN]  not supported for menu now. Ask developers to add this type.
2022-12-13 10:22:42.323 +01:00 [WRN]  not supported for menu now. Ask developers to add this type.
2022-12-13 10:22:42.323 +01:00 [WRN]  not supported for menu now. Ask developers to add this type.
2022-12-13 10:22:42.323 +01:00 [WRN]  not supported for menu now. Ask developers to add this type.
2022-12-13 10:22:42.323 +01:00 [WRN] <0  0> not supported for menu now. Ask developers to add this type.
2022-12-13 10:22:42.323 +01:00 [WRN] PickIt.PickItSettings+FRSMOverrides not supported for menu now. Ask developers to add this type.
2022-12-13 10:22:42.430 +01:00 [WRN] System.Int32[,] not supported for menu now. Ask developers to add this type.
2022-12-13 11:39:03.772 +01:00 [WRN] TreeRoutine.Routine.BuildYourOwnRoutine.Flask.FlaskSetting[] not supported for menu now. Ask developers to add this type.
2022-12-13 11:39:03.775 +01:00 [WRN] <0  0> not supported for menu now. Ask developers to add this type.
2022-12-13 11:39:03.775 +01:00 [WRN] <0  0> not supported for menu now. Ask developers to add this type.
2022-12-13 11:39:03.791 +01:00 [WRN] TreeRoutine.Routine.BasicFlaskRoutine.Flask.FlaskSetting[] not supported for menu now. Ask developers to add this type.
2022-12-13 11:39:03.868 +01:00 [WRN] 0 not supported for menu now. Ask developers to add this type.
2022-12-13 11:39:03.911 +01:00 [WRN] System.Int32[,] not supported for menu now. Ask developers to add this type.
2022-12-13 11:39:03.920 +01:00 [WRN] 16 not supported for menu now. Ask developers to add this type.
2022-12-13 11:39:03.948 +01:00 [WRN] ExileCore.Shared.Nodes.RangeNode`1[System.Byte] not supported for menu now. Ask developers to add this type.
2022-12-13 11:39:03.949 +01:00 [WRN] ExileCore.Shared.Nodes.RangeNode`1[System.Byte] not supported for menu now. Ask developers to add this type.
2022-12-13 11:39:03.949 +01:00 [WRN] ExileCore.Shared.Nodes.RangeNode`1[System.Byte] not supported for menu now. Ask developers to add this type.
2022-12-13 11:39:04.035 +01:00 [WRN]  not supported for menu now. Ask developers to add this type.
2022-12-13 11:39:04.035 +01:00 [WRN]  not supported for menu now. Ask developers to add this type.
2022-12-13 11:39:04.035 +01:00 [WRN]  not supported for menu now. Ask developers to add this type.
2022-12-13 11:39:04.035 +01:00 [WRN] PassiveSkillTreePlanter.TreeConfig+SkillTreeData not supported for menu now. Ask developers to add this type.
2022-12-13 11:39:04.035 +01:00 [WRN] PassiveSkillTreePlanter.TreeConfig+SkillTreeData not supported for menu now. Ask developers to add this type.
2022-12-13 11:39:04.063 +01:00 [WRN]  not supported for menu now. Ask developers to add this type.
2022-12-13 11:39:04.063 +01:00 [WRN]  not supported for menu now. Ask developers to add this type.
2022-12-13 11:39:04.063 +01:00 [WRN]  not supported for menu now. Ask developers to add this type.
2022-12-13 11:39:04.063 +01:00 [WRN]  not supported for menu now. Ask developers to add this type.
2022-12-13 11:39:04.063 +01:00 [WRN]  not supported for menu now. Ask developers to add this type.
2022-12-13 11:39:04.063 +01:00 [WRN]  not supported for menu now. Ask developers to add this type.
2022-12-13 11:39:04.063 +01:00 [WRN] <0  0> not supported for menu now. Ask developers to add this type.
2022-12-13 11:39:04.064 +01:00 [WRN] PickIt.PickItSettings+FRSMOverrides not supported for menu now. Ask developers to add this type.
2022-12-13 11:39:04.179 +01:00 [WRN] System.Int32[,] not supported for menu now. Ask developers to add this type.
2022-12-13 12:23:02.062 +01:00 [WRN] TreeRoutine.Routine.BuildYourOwnRoutine.Flask.FlaskSetting[] not supported for menu now. Ask developers to add this type.
2022-12-13 12:23:02.066 +01:00 [WRN] <0  0> not supported for menu now. Ask developers to add this type.
2022-12-13 12:23:02.066 +01:00 [WRN] <0  0> not supported for menu now. Ask developers to add this type.
2022-12-13 12:23:02.089 +01:00 [WRN] TreeRoutine.Routine.BasicFlaskRoutine.Flask.FlaskSetting[] not supported for menu now. Ask developers to add this type.
2022-12-13 12:23:02.161 +01:00 [WRN] 0 not supported for menu now. Ask developers to add this type.
2022-12-13 12:23:02.228 +01:00 [WRN] System.Int32[,] not supported for menu now. Ask developers to add this type.
2022-12-13 12:23:02.239 +01:00 [WRN] 16 not supported for menu now. Ask developers to add this type.
2022-12-13 12:23:02.267 +01:00 [WRN] ExileCore.Shared.Nodes.RangeNode`1[System.Byte] not supported for menu now. Ask developers to add this type.
2022-12-13 12:23:02.268 +01:00 [WRN] ExileCore.Shared.Nodes.RangeNode`1[System.Byte] not supported for menu now. Ask developers to add this type.
2022-12-13 12:23:02.268 +01:00 [WRN] ExileCore.Shared.Nodes.RangeNode`1[System.Byte] not supported for menu now. Ask developers to add this type.
2022-12-13 12:23:02.380 +01:00 [WRN]  not supported for menu now. Ask developers to add this type.
2022-12-13 12:23:02.380 +01:00 [WRN]  not supported for menu now. Ask developers to add this type.
2022-12-13 12:23:02.380 +01:00 [WRN]  not supported for menu now. Ask developers to add this type.
2022-12-13 12:23:02.380 +01:00 [WRN] PassiveSkillTreePlanter.TreeConfig+SkillTreeData not supported for menu now. Ask developers to add this type.
2022-12-13 12:23:02.380 +01:00 [WRN] PassiveSkillTreePlanter.TreeConfig+SkillTreeData not supported for menu now. Ask developers to add this type.
2022-12-13 12:23:02.406 +01:00 [WRN]  not supported for menu now. Ask developers to add this type.
2022-12-13 12:23:02.406 +01:00 [WRN]  not supported for menu now. Ask developers to add this type.
2022-12-13 12:23:02.406 +01:00 [WRN]  not supported for menu now. Ask developers to add this type.
2022-12-13 12:23:02.406 +01:00 [WRN]  not supported for menu now. Ask developers to add this type.
2022-12-13 12:23:02.406 +01:00 [WRN]  not supported for menu now. Ask developers to add this type.
2022-12-13 12:23:02.406 +01:00 [WRN]  not supported for menu now. Ask developers to add this type.
2022-12-13 12:23:02.406 +01:00 [WRN] <0  0> not supported for menu now. Ask developers to add this type.
2022-12-13 12:23:02.406 +01:00 [WRN] PickIt.PickItSettings+FRSMOverrides not supported for menu now. Ask developers to add this type.
2022-12-13 12:23:02.523 +01:00 [WRN] System.Int32[,] not supported for menu now. Ask developers to add this type.
2022-12-13 14:25:42.052 +01:00 [WRN] TreeRoutine.Routine.BuildYourOwnRoutine.Flask.FlaskSetting[] not supported for menu now. Ask developers to add this type.
2022-12-13 14:25:42.055 +01:00 [WRN] <0  0> not supported for menu now. Ask developers to add this type.
2022-12-13 14:25:42.055 +01:00 [WRN] <0  0> not supported for menu now. Ask developers to add this type.
2022-12-13 14:25:42.095 +01:00 [WRN] TreeRoutine.Routine.BasicFlaskRoutine.Flask.FlaskSetting[] not supported for menu now. Ask developers to add this type.
2022-12-13 14:25:42.416 +01:00 [WRN] 0 not supported for menu now. Ask developers to add this type.
2022-12-13 14:25:42.625 +01:00 [WRN] System.Int32[,] not supported for menu now. Ask developers to add this type.
2022-12-13 14:25:42.706 +01:00 [WRN] 16 not supported for menu now. Ask developers to add this type.
2022-12-13 14:25:42.830 +01:00 [WRN] ExileCore.Shared.Nodes.RangeNode`1[System.Byte] not supported for menu now. Ask developers to add this type.
2022-12-13 14:25:42.831 +01:00 [WRN] ExileCore.Shared.Nodes.RangeNode`1[System.Byte] not supported for menu now. Ask developers to add this type.
2022-12-13 14:25:42.831 +01:00 [WRN] ExileCore.Shared.Nodes.RangeNode`1[System.Byte] not supported for menu now. Ask developers to add this type.
2022-12-13 14:25:43.047 +01:00 [WRN]  not supported for menu now. Ask developers to add this type.
2022-12-13 14:25:43.048 +01:00 [WRN]  not supported for menu now. Ask developers to add this type.
2022-12-13 14:25:43.048 +01:00 [WRN]  not supported for menu now. Ask developers to add this type.
2022-12-13 14:25:43.048 +01:00 [WRN] PassiveSkillTreePlanter.TreeConfig+SkillTreeData not supported for menu now. Ask developers to add this type.
2022-12-13 14:25:43.048 +01:00 [WRN] PassiveSkillTreePlanter.TreeConfig+SkillTreeData not supported for menu now. Ask developers to add this type.
2022-12-13 14:25:43.182 +01:00 [WRN]  not supported for menu now. Ask developers to add this type.
2022-12-13 14:25:43.182 +01:00 [WRN]  not supported for menu now. Ask developers to add this type.
2022-12-13 14:25:43.182 +01:00 [WRN]  not supported for menu now. Ask developers to add this type.
2022-12-13 14:25:43.183 +01:00 [WRN]  not supported for menu now. Ask developers to add this type.
2022-12-13 14:25:43.183 +01:00 [WRN]  not supported for menu now. Ask developers to add this type.
2022-12-13 14:25:43.183 +01:00 [WRN]  not supported for menu now. Ask developers to add this type.
2022-12-13 14:25:43.183 +01:00 [WRN] <0  0> not supported for menu now. Ask developers to add this type.
2022-12-13 14:25:43.183 +01:00 [WRN] PickIt.PickItSettings+FRSMOverrides not supported for menu now. Ask developers to add this type.
2022-12-13 14:25:43.564 +01:00 [WRN] System.Int32[,] not supported for menu now. Ask developers to add this type.
2022-12-13 17:25:49.173 +01:00 [WRN] TreeRoutine.Routine.BuildYourOwnRoutine.Flask.FlaskSetting[] not supported for menu now. Ask developers to add this type.
2022-12-13 17:25:49.184 +01:00 [WRN] <0  0> not supported for menu now. Ask developers to add this type.
2022-12-13 17:25:49.184 +01:00 [WRN] <0  0> not supported for menu now. Ask developers to add this type.
2022-12-13 17:25:49.218 +01:00 [WRN] TreeRoutine.Routine.BasicFlaskRoutine.Flask.FlaskSetting[] not supported for menu now. Ask developers to add this type.
2022-12-13 17:25:49.544 +01:00 [WRN] 0 not supported for menu now. Ask developers to add this type.
2022-12-13 17:25:49.781 +01:00 [WRN] System.Int32[,] not supported for menu now. Ask developers to add this type.
2022-12-13 17:25:49.864 +01:00 [WRN] 16 not supported for menu now. Ask developers to add this type.
2022-12-13 17:25:49.964 +01:00 [WRN] ExileCore.Shared.Nodes.RangeNode`1[System.Byte] not supported for menu now. Ask developers to add this type.
2022-12-13 17:25:49.964 +01:00 [WRN] ExileCore.Shared.Nodes.RangeNode`1[System.Byte] not supported for menu now. Ask developers to add this type.
2022-12-13 17:25:49.964 +01:00 [WRN] ExileCore.Shared.Nodes.RangeNode`1[System.Byte] not supported for menu now. Ask developers to add this type.
2022-12-13 17:25:50.185 +01:00 [WRN]  not supported for menu now. Ask developers to add this type.
2022-12-13 17:25:50.185 +01:00 [WRN]  not supported for menu now. Ask developers to add this type.
2022-12-13 17:25:50.185 +01:00 [WRN]  not supported for menu now. Ask developers to add this type.
2022-12-13 17:25:50.185 +01:00 [WRN] PassiveSkillTreePlanter.TreeConfig+SkillTreeData not supported for menu now. Ask developers to add this type.
2022-12-13 17:25:50.185 +01:00 [WRN] PassiveSkillTreePlanter.TreeConfig+SkillTreeData not supported for menu now. Ask developers to add this type.
2022-12-13 17:25:50.346 +01:00 [WRN]  not supported for menu now. Ask developers to add this type.
2022-12-13 17:25:50.347 +01:00 [WRN]  not supported for menu now. Ask developers to add this type.
2022-12-13 17:25:50.347 +01:00 [WRN]  not supported for menu now. Ask developers to add this type.
2022-12-13 17:25:50.347 +01:00 [WRN]  not supported for menu now. Ask developers to add this type.
2022-12-13 17:25:50.347 +01:00 [WRN]  not supported for menu now. Ask developers to add this type.
2022-12-13 17:25:50.347 +01:00 [WRN]  not supported for menu now. Ask developers to add this type.
2022-12-13 17:25:50.347 +01:00 [WRN] <0  0> not supported for menu now. Ask developers to add this type.
2022-12-13 17:25:50.347 +01:00 [WRN] PickIt.PickItSettings+FRSMOverrides not supported for menu now. Ask developers to add this type.
2022-12-13 17:25:50.813 +01:00 [WRN] System.Int32[,] not supported for menu now. Ask developers to add this type.
2022-12-13 18:44:53.658 +01:00 [WRN] TreeRoutine.Routine.BuildYourOwnRoutine.Flask.FlaskSetting[] not supported for menu now. Ask developers to add this type.
2022-12-13 18:44:53.662 +01:00 [WRN] <0  0> not supported for menu now. Ask developers to add this type.
2022-12-13 18:44:53.662 +01:00 [WRN] <0  0> not supported for menu now. Ask developers to add this type.
2022-12-13 18:44:53.679 +01:00 [WRN] TreeRoutine.Routine.BasicFlaskRoutine.Flask.FlaskSetting[] not supported for menu now. Ask developers to add this type.
2022-12-13 18:44:53.750 +01:00 [WRN] 0 not supported for menu now. Ask developers to add this type.
2022-12-13 18:44:53.795 +01:00 [WRN] System.Int32[,] not supported for menu now. Ask developers to add this type.
2022-12-13 18:44:53.810 +01:00 [WRN] 16 not supported for menu now. Ask developers to add this type.
2022-12-13 18:44:53.836 +01:00 [WRN] ExileCore.Shared.Nodes.RangeNode`1[System.Byte] not supported for menu now. Ask developers to add this type.
2022-12-13 18:44:53.836 +01:00 [WRN] ExileCore.Shared.Nodes.RangeNode`1[System.Byte] not supported for menu now. Ask developers to add this type.
2022-12-13 18:44:53.837 +01:00 [WRN] ExileCore.Shared.Nodes.RangeNode`1[System.Byte] not supported for menu now. Ask developers to add this type.
2022-12-13 18:44:53.936 +01:00 [WRN]  not supported for menu now. Ask developers to add this type.
2022-12-13 18:44:53.936 +01:00 [WRN]  not supported for menu now. Ask developers to add this type.
2022-12-13 18:44:53.936 +01:00 [WRN]  not supported for menu now. Ask developers to add this type.
2022-12-13 18:44:53.936 +01:00 [WRN] PassiveSkillTreePlanter.TreeConfig+SkillTreeData not supported for menu now. Ask developers to add this type.
2022-12-13 18:44:53.936 +01:00 [WRN] PassiveSkillTreePlanter.TreeConfig+SkillTreeData not supported for menu now. Ask developers to add this type.
2022-12-13 18:44:53.961 +01:00 [WRN]  not supported for menu now. Ask developers to add this type.
2022-12-13 18:44:53.961 +01:00 [WRN]  not supported for menu now. Ask developers to add this type.
2022-12-13 18:44:53.961 +01:00 [WRN]  not supported for menu now. Ask developers to add this type.
2022-12-13 18:44:53.961 +01:00 [WRN]  not supported for menu now. Ask developers to add this type.
2022-12-13 18:44:53.961 +01:00 [WRN]  not supported for menu now. Ask developers to add this type.
2022-12-13 18:44:53.961 +01:00 [WRN]  not supported for menu now. Ask developers to add this type.
2022-12-13 18:44:53.961 +01:00 [WRN] <0  0> not supported for menu now. Ask developers to add this type.
2022-12-13 18:44:53.961 +01:00 [WRN] PickIt.PickItSettings+FRSMOverrides not supported for menu now. Ask developers to add this type.
2022-12-13 18:44:54.062 +01:00 [WRN] System.Int32[,] not supported for menu now. Ask developers to add this type.
2022-12-13 20:29:08.276 +01:00 [WRN] TreeRoutine.Routine.BuildYourOwnRoutine.Flask.FlaskSetting[] not supported for menu now. Ask developers to add this type.
2022-12-13 20:29:08.279 +01:00 [WRN] <0  0> not supported for menu now. Ask developers to add this type.
2022-12-13 20:29:08.279 +01:00 [WRN] <0  0> not supported for menu now. Ask developers to add this type.
2022-12-13 20:29:08.303 +01:00 [WRN] TreeRoutine.Routine.BasicFlaskRoutine.Flask.FlaskSetting[] not supported for menu now. Ask developers to add this type.
2022-12-13 20:29:08.371 +01:00 [WRN] 0 not supported for menu now. Ask developers to add this type.
2022-12-13 20:29:08.410 +01:00 [WRN] System.Int32[,] not supported for menu now. Ask developers to add this type.
2022-12-13 20:29:08.419 +01:00 [WRN] 16 not supported for menu now. Ask developers to add this type.
2022-12-13 20:29:08.449 +01:00 [WRN] ExileCore.Shared.Nodes.RangeNode`1[System.Byte] not supported for menu now. Ask developers to add this type.
2022-12-13 20:29:08.449 +01:00 [WRN] ExileCore.Shared.Nodes.RangeNode`1[System.Byte] not supported for menu now. Ask developers to add this type.
2022-12-13 20:29:08.450 +01:00 [WRN] ExileCore.Shared.Nodes.RangeNode`1[System.Byte] not supported for menu now. Ask developers to add this type.
2022-12-13 20:29:08.525 +01:00 [WRN]  not supported for menu now. Ask developers to add this type.
2022-12-13 20:29:08.525 +01:00 [WRN]  not supported for menu now. Ask developers to add this type.
2022-12-13 20:29:08.525 +01:00 [WRN]  not supported for menu now. Ask developers to add this type.
2022-12-13 20:29:08.525 +01:00 [WRN] PassiveSkillTreePlanter.TreeConfig+SkillTreeData not supported for menu now. Ask developers to add this type.
2022-12-13 20:29:08.525 +01:00 [WRN] PassiveSkillTreePlanter.TreeConfig+SkillTreeData not supported for menu now. Ask developers to add this type.
2022-12-13 20:29:08.550 +01:00 [WRN]  not supported for menu now. Ask developers to add this type.
2022-12-13 20:29:08.550 +01:00 [WRN]  not supported for menu now. Ask developers to add this type.
2022-12-13 20:29:08.550 +01:00 [WRN]  not supported for menu now. Ask developers to add this type.
2022-12-13 20:29:08.550 +01:00 [WRN]  not supported for menu now. Ask developers to add this type.
2022-12-13 20:29:08.550 +01:00 [WRN]  not supported for menu now. Ask developers to add this type.
2022-12-13 20:29:08.550 +01:00 [WRN]  not supported for menu now. Ask developers to add this type.
2022-12-13 20:29:08.550 +01:00 [WRN] <0  0> not supported for menu now. Ask developers to add this type.
2022-12-13 20:29:08.551 +01:00 [WRN] PickIt.PickItSettings+FRSMOverrides not supported for menu now. Ask developers to add this type.
2022-12-13 20:29:08.649 +01:00 [WRN] System.Int32[,] not supported for menu now. Ask developers to add this type.
2022-12-13 20:58:34.360 +01:00 [WRN] TreeRoutine.Routine.BuildYourOwnRoutine.Flask.FlaskSetting[] not supported for menu now. Ask developers to add this type.
2022-12-13 20:58:34.364 +01:00 [WRN] <0  0> not supported for menu now. Ask developers to add this type.
2022-12-13 20:58:34.364 +01:00 [WRN] <0  0> not supported for menu now. Ask developers to add this type.
2022-12-13 20:58:34.386 +01:00 [WRN] TreeRoutine.Routine.BasicFlaskRoutine.Flask.FlaskSetting[] not supported for menu now. Ask developers to add this type.
2022-12-13 20:58:34.765 +01:00 [WRN] 0 not supported for menu now. Ask developers to add this type.
2022-12-13 20:58:34.946 +01:00 [WRN] System.Int32[,] not supported for menu now. Ask developers to add this type.
2022-12-13 20:58:35.029 +01:00 [WRN] 16 not supported for menu now. Ask developers to add this type.
2022-12-13 20:58:35.135 +01:00 [WRN] ExileCore.Shared.Nodes.RangeNode`1[System.Byte] not supported for menu now. Ask developers to add this type.
2022-12-13 20:58:35.135 +01:00 [WRN] ExileCore.Shared.Nodes.RangeNode`1[System.Byte] not supported for menu now. Ask developers to add this type.
2022-12-13 20:58:35.135 +01:00 [WRN] ExileCore.Shared.Nodes.RangeNode`1[System.Byte] not supported for menu now. Ask developers to add this type.
2022-12-13 20:58:35.346 +01:00 [WRN]  not supported for menu now. Ask developers to add this type.
2022-12-13 20:58:35.347 +01:00 [WRN]  not supported for menu now. Ask developers to add this type.
2022-12-13 20:58:35.347 +01:00 [WRN]  not supported for menu now. Ask developers to add this type.
2022-12-13 20:58:35.347 +01:00 [WRN] PassiveSkillTreePlanter.TreeConfig+SkillTreeData not supported for menu now. Ask developers to add this type.
2022-12-13 20:58:35.347 +01:00 [WRN] PassiveSkillTreePlanter.TreeConfig+SkillTreeData not supported for menu now. Ask developers to add this type.
2022-12-13 20:58:35.490 +01:00 [WRN]  not supported for menu now. Ask developers to add this type.
2022-12-13 20:58:35.490 +01:00 [WRN]  not supported for menu now. Ask developers to add this type.
2022-12-13 20:58:35.490 +01:00 [WRN]  not supported for menu now. Ask developers to add this type.
2022-12-13 20:58:35.490 +01:00 [WRN]  not supported for menu now. Ask developers to add this type.
2022-12-13 20:58:35.490 +01:00 [WRN]  not supported for menu now. Ask developers to add this type.
2022-12-13 20:58:35.490 +01:00 [WRN]  not supported for menu now. Ask developers to add this type.
2022-12-13 20:58:35.490 +01:00 [WRN] <0  0> not supported for menu now. Ask developers to add this type.
2022-12-13 20:58:35.490 +01:00 [WRN] PickIt.PickItSettings+FRSMOverrides not supported for menu now. Ask developers to add this type.
2022-12-13 20:58:35.883 +01:00 [WRN] System.Int32[,] not supported for menu now. Ask developers to add this type.
2022-12-13 21:19:20.632 +01:00 [WRN] TreeRoutine.Routine.BuildYourOwnRoutine.Flask.FlaskSetting[] not supported for menu now. Ask developers to add this type.
2022-12-13 21:19:20.647 +01:00 [WRN] <0  0> not supported for menu now. Ask developers to add this type.
2022-12-13 21:19:20.647 +01:00 [WRN] <0  0> not supported for menu now. Ask developers to add this type.
2022-12-13 21:19:20.668 +01:00 [WRN] TreeRoutine.Routine.BasicFlaskRoutine.Flask.FlaskSetting[] not supported for menu now. Ask developers to add this type.
2022-12-13 21:19:20.763 +01:00 [WRN] 0 not supported for menu now. Ask developers to add this type.
2022-12-13 21:19:20.810 +01:00 [WRN] System.Int32[,] not supported for menu now. Ask developers to add this type.
2022-12-13 21:19:20.829 +01:00 [WRN] 16 not supported for menu now. Ask developers to add this type.
2022-12-13 21:19:20.860 +01:00 [WRN] ExileCore.Shared.Nodes.RangeNode`1[System.Byte] not supported for menu now. Ask developers to add this type.
2022-12-13 21:19:20.860 +01:00 [WRN] ExileCore.Shared.Nodes.RangeNode`1[System.Byte] not supported for menu now. Ask developers to add this type.
2022-12-13 21:19:20.860 +01:00 [WRN] ExileCore.Shared.Nodes.RangeNode`1[System.Byte] not supported for menu now. Ask developers to add this type.
2022-12-13 21:19:20.965 +01:00 [WRN]  not supported for menu now. Ask developers to add this type.
2022-12-13 21:19:20.965 +01:00 [WRN]  not supported for menu now. Ask developers to add this type.
2022-12-13 21:19:20.965 +01:00 [WRN]  not supported for menu now. Ask developers to add this type.
2022-12-13 21:19:20.965 +01:00 [WRN] PassiveSkillTreePlanter.TreeConfig+SkillTreeData not supported for menu now. Ask developers to add this type.
2022-12-13 21:19:20.965 +01:00 [WRN] PassiveSkillTreePlanter.TreeConfig+SkillTreeData not supported for menu now. Ask developers to add this type.
2022-12-13 21:19:21.006 +01:00 [WRN]  not supported for menu now. Ask developers to add this type.
2022-12-13 21:19:21.007 +01:00 [WRN]  not supported for menu now. Ask developers to add this type.
2022-12-13 21:19:21.007 +01:00 [WRN]  not supported for menu now. Ask developers to add this type.
2022-12-13 21:19:21.007 +01:00 [WRN]  not supported for menu now. Ask developers to add this type.
2022-12-13 21:19:21.007 +01:00 [WRN]  not supported for menu now. Ask developers to add this type.
2022-12-13 21:19:21.007 +01:00 [WRN]  not supported for menu now. Ask developers to add this type.
2022-12-13 21:19:21.007 +01:00 [WRN] <0  0> not supported for menu now. Ask developers to add this type.
2022-12-13 21:19:21.007 +01:00 [WRN] PickIt.PickItSettings+FRSMOverrides not supported for menu now. Ask developers to add this type.
2022-12-13 21:19:21.130 +01:00 [WRN] System.Int32[,] not supported for menu now. Ask developers to add this type.
2022-12-13 21:19:32.612 +01:00 [WRN] TreeRoutine.Routine.BuildYourOwnRoutine.Flask.FlaskSetting[] not supported for menu now. Ask developers to add this type.
2022-12-13 21:19:32.616 +01:00 [WRN] <0  0> not supported for menu now. Ask developers to add this type.
2022-12-13 21:19:32.616 +01:00 [WRN] <0  0> not supported for menu now. Ask developers to add this type.
2022-12-13 21:19:32.636 +01:00 [WRN] TreeRoutine.Routine.BasicFlaskRoutine.Flask.FlaskSetting[] not supported for menu now. Ask developers to add this type.
2022-12-13 21:19:32.714 +01:00 [WRN] 0 not supported for menu now. Ask developers to add this type.
2022-12-13 21:19:32.758 +01:00 [WRN] System.Int32[,] not supported for menu now. Ask developers to add this type.
2022-12-13 21:19:32.775 +01:00 [WRN] 16 not supported for menu now. Ask developers to add this type.
2022-12-13 21:19:32.809 +01:00 [WRN] ExileCore.Shared.Nodes.RangeNode`1[System.Byte] not supported for menu now. Ask developers to add this type.
2022-12-13 21:19:32.809 +01:00 [WRN] ExileCore.Shared.Nodes.RangeNode`1[System.Byte] not supported for menu now. Ask developers to add this type.
2022-12-13 21:19:32.809 +01:00 [WRN] ExileCore.Shared.Nodes.RangeNode`1[System.Byte] not supported for menu now. Ask developers to add this type.
2022-12-13 21:19:32.948 +01:00 [WRN]  not supported for menu now. Ask developers to add this type.
2022-12-13 21:19:32.949 +01:00 [WRN]  not supported for menu now. Ask developers to add this type.
2022-12-13 21:19:32.949 +01:00 [WRN]  not supported for menu now. Ask developers to add this type.
2022-12-13 21:19:32.949 +01:00 [WRN] PassiveSkillTreePlanter.TreeConfig+SkillTreeData not supported for menu now. Ask developers to add this type.
2022-12-13 21:19:32.949 +01:00 [WRN] PassiveSkillTreePlanter.TreeConfig+SkillTreeData not supported for menu now. Ask developers to add this type.
2022-12-13 21:19:32.984 +01:00 [WRN]  not supported for menu now. Ask developers to add this type.
2022-12-13 21:19:32.984 +01:00 [WRN]  not supported for menu now. Ask developers to add this type.
2022-12-13 21:19:32.984 +01:00 [WRN]  not supported for menu now. Ask developers to add this type.
2022-12-13 21:19:32.984 +01:00 [WRN]  not supported for menu now. Ask developers to add this type.
2022-12-13 21:19:32.984 +01:00 [WRN]  not supported for menu now. Ask developers to add this type.
2022-12-13 21:19:32.984 +01:00 [WRN]  not supported for menu now. Ask developers to add this type.
2022-12-13 21:19:32.984 +01:00 [WRN] <0  0> not supported for menu now. Ask developers to add this type.
2022-12-13 21:19:32.984 +01:00 [WRN] PickIt.PickItSettings+FRSMOverrides not supported for menu now. Ask developers to add this type.
2022-12-13 21:19:33.108 +01:00 [WRN] System.Int32[,] not supported for menu now. Ask developers to add this type.
2022-12-13 21:21:41.619 +01:00 [WRN] TreeRoutine.Routine.BuildYourOwnRoutine.Flask.FlaskSetting[] not supported for menu now. Ask developers to add this type.
2022-12-13 21:21:41.622 +01:00 [WRN] <0  0> not supported for menu now. Ask developers to add this type.
2022-12-13 21:21:41.622 +01:00 [WRN] <0  0> not supported for menu now. Ask developers to add this type.
2022-12-13 21:21:41.648 +01:00 [WRN] TreeRoutine.Routine.BasicFlaskRoutine.Flask.FlaskSetting[] not supported for menu now. Ask developers to add this type.
2022-12-13 21:21:41.734 +01:00 [WRN] 0 not supported for menu now. Ask developers to add this type.
2022-12-13 21:21:41.778 +01:00 [WRN] System.Int32[,] not supported for menu now. Ask developers to add this type.
2022-12-13 21:21:41.788 +01:00 [WRN] 16 not supported for menu now. Ask developers to add this type.
2022-12-13 21:21:41.821 +01:00 [WRN] ExileCore.Shared.Nodes.RangeNode`1[System.Byte] not supported for menu now. Ask developers to add this type.
2022-12-13 21:21:41.821 +01:00 [WRN] ExileCore.Shared.Nodes.RangeNode`1[System.Byte] not supported for menu now. Ask developers to add this type.
2022-12-13 21:21:41.821 +01:00 [WRN] ExileCore.Shared.Nodes.RangeNode`1[System.Byte] not supported for menu now. Ask developers to add this type.
2022-12-13 21:21:41.909 +01:00 [WRN]  not supported for menu now. Ask developers to add this type.
2022-12-13 21:21:41.909 +01:00 [WRN]  not supported for menu now. Ask developers to add this type.
2022-12-13 21:21:41.909 +01:00 [WRN]  not supported for menu now. Ask developers to add this type.
2022-12-13 21:21:41.910 +01:00 [WRN] PassiveSkillTreePlanter.TreeConfig+SkillTreeData not supported for menu now. Ask developers to add this type.
2022-12-13 21:21:41.910 +01:00 [WRN] PassiveSkillTreePlanter.TreeConfig+SkillTreeData not supported for menu now. Ask developers to add this type.
2022-12-13 21:21:41.963 +01:00 [WRN]  not supported for menu now. Ask developers to add this type.
2022-12-13 21:21:41.963 +01:00 [WRN]  not supported for menu now. Ask developers to add this type.
2022-12-13 21:21:41.963 +01:00 [WRN]  not supported for menu now. Ask developers to add this type.
2022-12-13 21:21:41.963 +01:00 [WRN]  not supported for menu now. Ask developers to add this type.
2022-12-13 21:21:41.963 +01:00 [WRN]  not supported for menu now. Ask developers to add this type.
2022-12-13 21:21:41.963 +01:00 [WRN]  not supported for menu now. Ask developers to add this type.
2022-12-13 21:21:41.963 +01:00 [WRN] <0  0> not supported for menu now. Ask developers to add this type.
2022-12-13 21:21:41.964 +01:00 [WRN] PickIt.PickItSettings+FRSMOverrides not supported for menu now. Ask developers to add this type.
2022-12-13 21:21:42.068 +01:00 [WRN] System.Int32[,] not supported for menu now. Ask developers to add this type.
2022-12-13 21:31:48.001 +01:00 [WRN] TreeRoutine.Routine.BuildYourOwnRoutine.Flask.FlaskSetting[] not supported for menu now. Ask developers to add this type.
2022-12-13 21:31:48.004 +01:00 [WRN] <0  0> not supported for menu now. Ask developers to add this type.
2022-12-13 21:31:48.004 +01:00 [WRN] <0  0> not supported for menu now. Ask developers to add this type.
2022-12-13 21:31:48.029 +01:00 [WRN] TreeRoutine.Routine.BasicFlaskRoutine.Flask.FlaskSetting[] not supported for menu now. Ask developers to add this type.
2022-12-13 21:31:48.110 +01:00 [WRN] 0 not supported for menu now. Ask developers to add this type.
2022-12-13 21:31:48.156 +01:00 [WRN] System.Int32[,] not supported for menu now. Ask developers to add this type.
2022-12-13 21:31:48.172 +01:00 [WRN] 16 not supported for menu now. Ask developers to add this type.
2022-12-13 21:31:48.202 +01:00 [WRN] ExileCore.Shared.Nodes.RangeNode`1[System.Byte] not supported for menu now. Ask developers to add this type.
2022-12-13 21:31:48.202 +01:00 [WRN] ExileCore.Shared.Nodes.RangeNode`1[System.Byte] not supported for menu now. Ask developers to add this type.
2022-12-13 21:31:48.203 +01:00 [WRN] ExileCore.Shared.Nodes.RangeNode`1[System.Byte] not supported for menu now. Ask developers to add this type.
2022-12-13 21:31:48.303 +01:00 [WRN]  not supported for menu now. Ask developers to add this type.
2022-12-13 21:31:48.303 +01:00 [WRN]  not supported for menu now. Ask developers to add this type.
2022-12-13 21:31:48.303 +01:00 [WRN]  not supported for menu now. Ask developers to add this type.
2022-12-13 21:31:48.303 +01:00 [WRN] PassiveSkillTreePlanter.TreeConfig+SkillTreeData not supported for menu now. Ask developers to add this type.
2022-12-13 21:31:48.303 +01:00 [WRN] PassiveSkillTreePlanter.TreeConfig+SkillTreeData not supported for menu now. Ask developers to add this type.
2022-12-13 21:31:48.367 +01:00 [WRN]  not supported for menu now. Ask developers to add this type.
2022-12-13 21:31:48.367 +01:00 [WRN]  not supported for menu now. Ask developers to add this type.
2022-12-13 21:31:48.367 +01:00 [WRN]  not supported for menu now. Ask developers to add this type.
2022-12-13 21:31:48.367 +01:00 [WRN]  not supported for menu now. Ask developers to add this type.
2022-12-13 21:31:48.367 +01:00 [WRN]  not supported for menu now. Ask developers to add this type.
2022-12-13 21:31:48.367 +01:00 [WRN]  not supported for menu now. Ask developers to add this type.
2022-12-13 21:31:48.367 +01:00 [WRN] <0  0> not supported for menu now. Ask developers to add this type.
2022-12-13 21:31:48.367 +01:00 [WRN] PickIt.PickItSettings+FRSMOverrides not supported for menu now. Ask developers to add this type.
2022-12-13 21:31:48.512 +01:00 [WRN] System.Int32[,] not supported for menu now. Ask developers to add this type.
