2022-12-21 08:08:22.088 +01:00 [WRN] TreeRoutine.Routine.BuildYourOwnRoutine.Flask.FlaskSetting[] not supported for menu now. Ask developers to add this type.
2022-12-21 08:08:22.093 +01:00 [WRN] <0  0> not supported for menu now. Ask developers to add this type.
2022-12-21 08:08:22.093 +01:00 [WRN] <0  0> not supported for menu now. Ask developers to add this type.
2022-12-21 08:08:22.118 +01:00 [WRN] TreeRoutine.Routine.BasicFlaskRoutine.Flask.FlaskSetting[] not supported for menu now. Ask developers to add this type.
2022-12-21 08:08:22.464 +01:00 [WRN] 0 not supported for menu now. Ask developers to add this type.
2022-12-21 08:08:22.668 +01:00 [WRN] System.Int32[,] not supported for menu now. Ask developers to add this type.
2022-12-21 08:08:22.738 +01:00 [WRN] 16 not supported for menu now. Ask developers to add this type.
2022-12-21 08:08:22.847 +01:00 [WRN] ExileCore.Shared.Nodes.RangeNode`1[System.Byte] not supported for menu now. Ask developers to add this type.
2022-12-21 08:08:22.847 +01:00 [WRN] ExileCore.Shared.Nodes.RangeNode`1[System.Byte] not supported for menu now. Ask developers to add this type.
2022-12-21 08:08:22.847 +01:00 [WRN] ExileCore.Shared.Nodes.RangeNode`1[System.Byte] not supported for menu now. Ask developers to add this type.
2022-12-21 08:08:23.093 +01:00 [WRN]  not supported for menu now. Ask developers to add this type.
2022-12-21 08:08:23.093 +01:00 [WRN]  not supported for menu now. Ask developers to add this type.
2022-12-21 08:08:23.093 +01:00 [WRN]  not supported for menu now. Ask developers to add this type.
2022-12-21 08:08:23.093 +01:00 [WRN] PassiveSkillTreePlanter.TreeConfig+SkillTreeData not supported for menu now. Ask developers to add this type.
2022-12-21 08:08:23.093 +01:00 [WRN] PassiveSkillTreePlanter.TreeConfig+SkillTreeData not supported for menu now. Ask developers to add this type.
2022-12-21 08:08:23.245 +01:00 [WRN]  not supported for menu now. Ask developers to add this type.
2022-12-21 08:08:23.245 +01:00 [WRN]  not supported for menu now. Ask developers to add this type.
2022-12-21 08:08:23.245 +01:00 [WRN]  not supported for menu now. Ask developers to add this type.
2022-12-21 08:08:23.245 +01:00 [WRN]  not supported for menu now. Ask developers to add this type.
2022-12-21 08:08:23.245 +01:00 [WRN]  not supported for menu now. Ask developers to add this type.
2022-12-21 08:08:23.245 +01:00 [WRN]  not supported for menu now. Ask developers to add this type.
2022-12-21 08:08:23.245 +01:00 [WRN] <0  0> not supported for menu now. Ask developers to add this type.
2022-12-21 08:08:23.245 +01:00 [WRN] PickIt.PickItSettings+FRSMOverrides not supported for menu now. Ask developers to add this type.
2022-12-21 08:08:23.642 +01:00 [WRN] System.Int32[,] not supported for menu now. Ask developers to add this type.
2022-12-21 15:08:25.293 +01:00 [WRN] TreeRoutine.Routine.BuildYourOwnRoutine.Flask.FlaskSetting[] not supported for menu now. Ask developers to add this type.
2022-12-21 15:08:25.296 +01:00 [WRN] <0  0> not supported for menu now. Ask developers to add this type.
2022-12-21 15:08:25.296 +01:00 [WRN] <0  0> not supported for menu now. Ask developers to add this type.
2022-12-21 15:08:25.320 +01:00 [WRN] TreeRoutine.Routine.BasicFlaskRoutine.Flask.FlaskSetting[] not supported for menu now. Ask developers to add this type.
2022-12-21 15:08:25.667 +01:00 [WRN] 0 not supported for menu now. Ask developers to add this type.
2022-12-21 15:08:25.840 +01:00 [WRN] System.Int32[,] not supported for menu now. Ask developers to add this type.
2022-12-21 15:08:25.920 +01:00 [WRN] 16 not supported for menu now. Ask developers to add this type.
2022-12-21 15:08:26.036 +01:00 [WRN] ExileCore.Shared.Nodes.RangeNode`1[System.Byte] not supported for menu now. Ask developers to add this type.
2022-12-21 15:08:26.037 +01:00 [WRN] ExileCore.Shared.Nodes.RangeNode`1[System.Byte] not supported for menu now. Ask developers to add this type.
2022-12-21 15:08:26.037 +01:00 [WRN] ExileCore.Shared.Nodes.RangeNode`1[System.Byte] not supported for menu now. Ask developers to add this type.
2022-12-21 15:08:26.231 +01:00 [WRN]  not supported for menu now. Ask developers to add this type.
2022-12-21 15:08:26.231 +01:00 [WRN]  not supported for menu now. Ask developers to add this type.
2022-12-21 15:08:26.232 +01:00 [WRN]  not supported for menu now. Ask developers to add this type.
2022-12-21 15:08:26.232 +01:00 [WRN] PassiveSkillTreePlanter.TreeConfig+SkillTreeData not supported for menu now. Ask developers to add this type.
2022-12-21 15:08:26.232 +01:00 [WRN] PassiveSkillTreePlanter.TreeConfig+SkillTreeData not supported for menu now. Ask developers to add this type.
2022-12-21 15:08:26.394 +01:00 [WRN]  not supported for menu now. Ask developers to add this type.
2022-12-21 15:08:26.394 +01:00 [WRN]  not supported for menu now. Ask developers to add this type.
2022-12-21 15:08:26.394 +01:00 [WRN]  not supported for menu now. Ask developers to add this type.
2022-12-21 15:08:26.394 +01:00 [WRN]  not supported for menu now. Ask developers to add this type.
2022-12-21 15:08:26.394 +01:00 [WRN]  not supported for menu now. Ask developers to add this type.
2022-12-21 15:08:26.394 +01:00 [WRN]  not supported for menu now. Ask developers to add this type.
2022-12-21 15:08:26.394 +01:00 [WRN] <0  0> not supported for menu now. Ask developers to add this type.
2022-12-21 15:08:26.395 +01:00 [WRN] PickIt.PickItSettings+FRSMOverrides not supported for menu now. Ask developers to add this type.
2022-12-21 15:08:26.842 +01:00 [WRN] System.Int32[,] not supported for menu now. Ask developers to add this type.
2022-12-21 16:20:23.020 +01:00 [WRN] TreeRoutine.Routine.BuildYourOwnRoutine.Flask.FlaskSetting[] not supported for menu now. Ask developers to add this type.
2022-12-21 16:20:23.023 +01:00 [WRN] <0  0> not supported for menu now. Ask developers to add this type.
2022-12-21 16:20:23.023 +01:00 [WRN] <0  0> not supported for menu now. Ask developers to add this type.
2022-12-21 16:20:23.041 +01:00 [WRN] TreeRoutine.Routine.BasicFlaskRoutine.Flask.FlaskSetting[] not supported for menu now. Ask developers to add this type.
2022-12-21 16:20:23.124 +01:00 [WRN] 0 not supported for menu now. Ask developers to add this type.
2022-12-21 16:20:23.170 +01:00 [WRN] System.Int32[,] not supported for menu now. Ask developers to add this type.
2022-12-21 16:20:23.188 +01:00 [WRN] 16 not supported for menu now. Ask developers to add this type.
2022-12-21 16:20:23.218 +01:00 [WRN] ExileCore.Shared.Nodes.RangeNode`1[System.Byte] not supported for menu now. Ask developers to add this type.
2022-12-21 16:20:23.219 +01:00 [WRN] ExileCore.Shared.Nodes.RangeNode`1[System.Byte] not supported for menu now. Ask developers to add this type.
2022-12-21 16:20:23.219 +01:00 [WRN] ExileCore.Shared.Nodes.RangeNode`1[System.Byte] not supported for menu now. Ask developers to add this type.
2022-12-21 16:20:23.308 +01:00 [WRN]  not supported for menu now. Ask developers to add this type.
2022-12-21 16:20:23.308 +01:00 [WRN]  not supported for menu now. Ask developers to add this type.
2022-12-21 16:20:23.308 +01:00 [WRN]  not supported for menu now. Ask developers to add this type.
2022-12-21 16:20:23.308 +01:00 [WRN] PassiveSkillTreePlanter.TreeConfig+SkillTreeData not supported for menu now. Ask developers to add this type.
2022-12-21 16:20:23.308 +01:00 [WRN] PassiveSkillTreePlanter.TreeConfig+SkillTreeData not supported for menu now. Ask developers to add this type.
2022-12-21 16:20:23.357 +01:00 [WRN]  not supported for menu now. Ask developers to add this type.
2022-12-21 16:20:23.357 +01:00 [WRN]  not supported for menu now. Ask developers to add this type.
2022-12-21 16:20:23.358 +01:00 [WRN]  not supported for menu now. Ask developers to add this type.
2022-12-21 16:20:23.358 +01:00 [WRN]  not supported for menu now. Ask developers to add this type.
2022-12-21 16:20:23.358 +01:00 [WRN]  not supported for menu now. Ask developers to add this type.
2022-12-21 16:20:23.358 +01:00 [WRN]  not supported for menu now. Ask developers to add this type.
2022-12-21 16:20:23.358 +01:00 [WRN] <0  0> not supported for menu now. Ask developers to add this type.
2022-12-21 16:20:23.358 +01:00 [WRN] PickIt.PickItSettings+FRSMOverrides not supported for menu now. Ask developers to add this type.
2022-12-21 16:20:23.470 +01:00 [WRN] System.Int32[,] not supported for menu now. Ask developers to add this type.
2022-12-21 18:09:22.960 +01:00 [WRN] TreeRoutine.Routine.BuildYourOwnRoutine.Flask.FlaskSetting[] not supported for menu now. Ask developers to add this type.
2022-12-21 18:09:22.965 +01:00 [WRN] <0  0> not supported for menu now. Ask developers to add this type.
2022-12-21 18:09:22.965 +01:00 [WRN] <0  0> not supported for menu now. Ask developers to add this type.
2022-12-21 18:09:22.990 +01:00 [WRN] TreeRoutine.Routine.BasicFlaskRoutine.Flask.FlaskSetting[] not supported for menu now. Ask developers to add this type.
2022-12-21 18:09:23.067 +01:00 [WRN] 0 not supported for menu now. Ask developers to add this type.
2022-12-21 18:09:23.109 +01:00 [WRN] System.Int32[,] not supported for menu now. Ask developers to add this type.
2022-12-21 18:09:23.119 +01:00 [WRN] 16 not supported for menu now. Ask developers to add this type.
2022-12-21 18:09:23.146 +01:00 [WRN] ExileCore.Shared.Nodes.RangeNode`1[System.Byte] not supported for menu now. Ask developers to add this type.
2022-12-21 18:09:23.146 +01:00 [WRN] ExileCore.Shared.Nodes.RangeNode`1[System.Byte] not supported for menu now. Ask developers to add this type.
2022-12-21 18:09:23.146 +01:00 [WRN] ExileCore.Shared.Nodes.RangeNode`1[System.Byte] not supported for menu now. Ask developers to add this type.
2022-12-21 18:09:23.234 +01:00 [WRN]  not supported for menu now. Ask developers to add this type.
2022-12-21 18:09:23.234 +01:00 [WRN]  not supported for menu now. Ask developers to add this type.
2022-12-21 18:09:23.234 +01:00 [WRN]  not supported for menu now. Ask developers to add this type.
2022-12-21 18:09:23.234 +01:00 [WRN] PassiveSkillTreePlanter.TreeConfig+SkillTreeData not supported for menu now. Ask developers to add this type.
2022-12-21 18:09:23.234 +01:00 [WRN] PassiveSkillTreePlanter.TreeConfig+SkillTreeData not supported for menu now. Ask developers to add this type.
2022-12-21 18:09:23.259 +01:00 [WRN]  not supported for menu now. Ask developers to add this type.
2022-12-21 18:09:23.259 +01:00 [WRN]  not supported for menu now. Ask developers to add this type.
2022-12-21 18:09:23.259 +01:00 [WRN]  not supported for menu now. Ask developers to add this type.
2022-12-21 18:09:23.259 +01:00 [WRN]  not supported for menu now. Ask developers to add this type.
2022-12-21 18:09:23.259 +01:00 [WRN]  not supported for menu now. Ask developers to add this type.
2022-12-21 18:09:23.259 +01:00 [WRN]  not supported for menu now. Ask developers to add this type.
2022-12-21 18:09:23.259 +01:00 [WRN] <0  0> not supported for menu now. Ask developers to add this type.
2022-12-21 18:09:23.259 +01:00 [WRN] PickIt.PickItSettings+FRSMOverrides not supported for menu now. Ask developers to add this type.
2022-12-21 18:09:23.373 +01:00 [WRN] System.Int32[,] not supported for menu now. Ask developers to add this type.
2022-12-21 19:30:01.762 +01:00 [WRN] TreeRoutine.Routine.BuildYourOwnRoutine.Flask.FlaskSetting[] not supported for menu now. Ask developers to add this type.
2022-12-21 19:30:01.772 +01:00 [WRN] <0  0> not supported for menu now. Ask developers to add this type.
2022-12-21 19:30:01.772 +01:00 [WRN] <0  0> not supported for menu now. Ask developers to add this type.
2022-12-21 19:30:01.789 +01:00 [WRN] TreeRoutine.Routine.BasicFlaskRoutine.Flask.FlaskSetting[] not supported for menu now. Ask developers to add this type.
2022-12-21 19:30:01.868 +01:00 [WRN] 0 not supported for menu now. Ask developers to add this type.
2022-12-21 19:30:01.912 +01:00 [WRN] System.Int32[,] not supported for menu now. Ask developers to add this type.
2022-12-21 19:30:01.927 +01:00 [WRN] 16 not supported for menu now. Ask developers to add this type.
2022-12-21 19:30:01.953 +01:00 [WRN] ExileCore.Shared.Nodes.RangeNode`1[System.Byte] not supported for menu now. Ask developers to add this type.
2022-12-21 19:30:01.954 +01:00 [WRN] ExileCore.Shared.Nodes.RangeNode`1[System.Byte] not supported for menu now. Ask developers to add this type.
2022-12-21 19:30:01.954 +01:00 [WRN] ExileCore.Shared.Nodes.RangeNode`1[System.Byte] not supported for menu now. Ask developers to add this type.
2022-12-21 19:30:02.079 +01:00 [WRN]  not supported for menu now. Ask developers to add this type.
2022-12-21 19:30:02.079 +01:00 [WRN]  not supported for menu now. Ask developers to add this type.
2022-12-21 19:30:02.079 +01:00 [WRN]  not supported for menu now. Ask developers to add this type.
2022-12-21 19:30:02.079 +01:00 [WRN] PassiveSkillTreePlanter.TreeConfig+SkillTreeData not supported for menu now. Ask developers to add this type.
2022-12-21 19:30:02.079 +01:00 [WRN] PassiveSkillTreePlanter.TreeConfig+SkillTreeData not supported for menu now. Ask developers to add this type.
2022-12-21 19:30:02.105 +01:00 [WRN]  not supported for menu now. Ask developers to add this type.
2022-12-21 19:30:02.105 +01:00 [WRN]  not supported for menu now. Ask developers to add this type.
2022-12-21 19:30:02.105 +01:00 [WRN]  not supported for menu now. Ask developers to add this type.
2022-12-21 19:30:02.105 +01:00 [WRN]  not supported for menu now. Ask developers to add this type.
2022-12-21 19:30:02.105 +01:00 [WRN]  not supported for menu now. Ask developers to add this type.
2022-12-21 19:30:02.105 +01:00 [WRN]  not supported for menu now. Ask developers to add this type.
2022-12-21 19:30:02.105 +01:00 [WRN] <0  0> not supported for menu now. Ask developers to add this type.
2022-12-21 19:30:02.105 +01:00 [WRN] PickIt.PickItSettings+FRSMOverrides not supported for menu now. Ask developers to add this type.
2022-12-21 19:30:02.202 +01:00 [WRN] System.Int32[,] not supported for menu now. Ask developers to add this type.
2022-12-21 19:32:08.675 +01:00 [WRN] TreeRoutine.Routine.BuildYourOwnRoutine.Flask.FlaskSetting[] not supported for menu now. Ask developers to add this type.
2022-12-21 19:32:08.678 +01:00 [WRN] <0  0> not supported for menu now. Ask developers to add this type.
2022-12-21 19:32:08.679 +01:00 [WRN] <0  0> not supported for menu now. Ask developers to add this type.
2022-12-21 19:32:08.702 +01:00 [WRN] TreeRoutine.Routine.BasicFlaskRoutine.Flask.FlaskSetting[] not supported for menu now. Ask developers to add this type.
2022-12-21 19:32:08.774 +01:00 [WRN] 0 not supported for menu now. Ask developers to add this type.
2022-12-21 19:32:08.821 +01:00 [WRN] System.Int32[,] not supported for menu now. Ask developers to add this type.
2022-12-21 19:32:08.830 +01:00 [WRN] 16 not supported for menu now. Ask developers to add this type.
2022-12-21 19:32:08.863 +01:00 [WRN] ExileCore.Shared.Nodes.RangeNode`1[System.Byte] not supported for menu now. Ask developers to add this type.
2022-12-21 19:32:08.863 +01:00 [WRN] ExileCore.Shared.Nodes.RangeNode`1[System.Byte] not supported for menu now. Ask developers to add this type.
2022-12-21 19:32:08.864 +01:00 [WRN] ExileCore.Shared.Nodes.RangeNode`1[System.Byte] not supported for menu now. Ask developers to add this type.
2022-12-21 19:32:08.963 +01:00 [WRN]  not supported for menu now. Ask developers to add this type.
2022-12-21 19:32:08.963 +01:00 [WRN]  not supported for menu now. Ask developers to add this type.
2022-12-21 19:32:08.963 +01:00 [WRN]  not supported for menu now. Ask developers to add this type.
2022-12-21 19:32:08.963 +01:00 [WRN] PassiveSkillTreePlanter.TreeConfig+SkillTreeData not supported for menu now. Ask developers to add this type.
2022-12-21 19:32:08.963 +01:00 [WRN] PassiveSkillTreePlanter.TreeConfig+SkillTreeData not supported for menu now. Ask developers to add this type.
2022-12-21 19:32:08.997 +01:00 [WRN]  not supported for menu now. Ask developers to add this type.
2022-12-21 19:32:08.997 +01:00 [WRN]  not supported for menu now. Ask developers to add this type.
2022-12-21 19:32:08.997 +01:00 [WRN]  not supported for menu now. Ask developers to add this type.
2022-12-21 19:32:08.997 +01:00 [WRN]  not supported for menu now. Ask developers to add this type.
2022-12-21 19:32:08.997 +01:00 [WRN]  not supported for menu now. Ask developers to add this type.
2022-12-21 19:32:08.997 +01:00 [WRN]  not supported for menu now. Ask developers to add this type.
2022-12-21 19:32:08.997 +01:00 [WRN] <0  0> not supported for menu now. Ask developers to add this type.
2022-12-21 19:32:08.997 +01:00 [WRN] PickIt.PickItSettings+FRSMOverrides not supported for menu now. Ask developers to add this type.
2022-12-21 19:32:09.149 +01:00 [WRN] System.Int32[,] not supported for menu now. Ask developers to add this type.
2022-12-21 19:38:26.289 +01:00 [WRN] TreeRoutine.Routine.BuildYourOwnRoutine.Flask.FlaskSetting[] not supported for menu now. Ask developers to add this type.
2022-12-21 19:38:26.292 +01:00 [WRN] <0  0> not supported for menu now. Ask developers to add this type.
2022-12-21 19:38:26.292 +01:00 [WRN] <0  0> not supported for menu now. Ask developers to add this type.
2022-12-21 19:38:26.314 +01:00 [WRN] TreeRoutine.Routine.BasicFlaskRoutine.Flask.FlaskSetting[] not supported for menu now. Ask developers to add this type.
2022-12-21 19:38:26.396 +01:00 [WRN] 0 not supported for menu now. Ask developers to add this type.
2022-12-21 19:38:26.438 +01:00 [WRN] System.Int32[,] not supported for menu now. Ask developers to add this type.
2022-12-21 19:38:26.447 +01:00 [WRN] 16 not supported for menu now. Ask developers to add this type.
2022-12-21 19:38:26.484 +01:00 [WRN] ExileCore.Shared.Nodes.RangeNode`1[System.Byte] not supported for menu now. Ask developers to add this type.
2022-12-21 19:38:26.484 +01:00 [WRN] ExileCore.Shared.Nodes.RangeNode`1[System.Byte] not supported for menu now. Ask developers to add this type.
2022-12-21 19:38:26.484 +01:00 [WRN] ExileCore.Shared.Nodes.RangeNode`1[System.Byte] not supported for menu now. Ask developers to add this type.
2022-12-21 19:38:26.586 +01:00 [WRN]  not supported for menu now. Ask developers to add this type.
2022-12-21 19:38:26.586 +01:00 [WRN]  not supported for menu now. Ask developers to add this type.
2022-12-21 19:38:26.586 +01:00 [WRN]  not supported for menu now. Ask developers to add this type.
2022-12-21 19:38:26.586 +01:00 [WRN] PassiveSkillTreePlanter.TreeConfig+SkillTreeData not supported for menu now. Ask developers to add this type.
2022-12-21 19:38:26.586 +01:00 [WRN] PassiveSkillTreePlanter.TreeConfig+SkillTreeData not supported for menu now. Ask developers to add this type.
2022-12-21 19:38:26.614 +01:00 [WRN]  not supported for menu now. Ask developers to add this type.
2022-12-21 19:38:26.614 +01:00 [WRN]  not supported for menu now. Ask developers to add this type.
2022-12-21 19:38:26.614 +01:00 [WRN]  not supported for menu now. Ask developers to add this type.
2022-12-21 19:38:26.614 +01:00 [WRN]  not supported for menu now. Ask developers to add this type.
2022-12-21 19:38:26.614 +01:00 [WRN]  not supported for menu now. Ask developers to add this type.
2022-12-21 19:38:26.614 +01:00 [WRN]  not supported for menu now. Ask developers to add this type.
2022-12-21 19:38:26.615 +01:00 [WRN] <0  0> not supported for menu now. Ask developers to add this type.
2022-12-21 19:38:26.615 +01:00 [WRN] PickIt.PickItSettings+FRSMOverrides not supported for menu now. Ask developers to add this type.
2022-12-21 19:38:26.780 +01:00 [WRN] System.Int32[,] not supported for menu now. Ask developers to add this type.
2022-12-21 19:43:59.079 +01:00 [WRN] TreeRoutine.Routine.BuildYourOwnRoutine.Flask.FlaskSetting[] not supported for menu now. Ask developers to add this type.
2022-12-21 19:43:59.085 +01:00 [WRN] <0  0> not supported for menu now. Ask developers to add this type.
2022-12-21 19:43:59.085 +01:00 [WRN] <0  0> not supported for menu now. Ask developers to add this type.
2022-12-21 19:43:59.104 +01:00 [WRN] TreeRoutine.Routine.BasicFlaskRoutine.Flask.FlaskSetting[] not supported for menu now. Ask developers to add this type.
2022-12-21 19:43:59.186 +01:00 [WRN] 0 not supported for menu now. Ask developers to add this type.
2022-12-21 19:43:59.237 +01:00 [WRN] System.Int32[,] not supported for menu now. Ask developers to add this type.
2022-12-21 19:43:59.248 +01:00 [WRN] 16 not supported for menu now. Ask developers to add this type.
2022-12-21 19:43:59.278 +01:00 [WRN] ExileCore.Shared.Nodes.RangeNode`1[System.Byte] not supported for menu now. Ask developers to add this type.
2022-12-21 19:43:59.279 +01:00 [WRN] ExileCore.Shared.Nodes.RangeNode`1[System.Byte] not supported for menu now. Ask developers to add this type.
2022-12-21 19:43:59.279 +01:00 [WRN] ExileCore.Shared.Nodes.RangeNode`1[System.Byte] not supported for menu now. Ask developers to add this type.
2022-12-21 19:43:59.386 +01:00 [WRN]  not supported for menu now. Ask developers to add this type.
2022-12-21 19:43:59.386 +01:00 [WRN]  not supported for menu now. Ask developers to add this type.
2022-12-21 19:43:59.386 +01:00 [WRN]  not supported for menu now. Ask developers to add this type.
2022-12-21 19:43:59.386 +01:00 [WRN] PassiveSkillTreePlanter.TreeConfig+SkillTreeData not supported for menu now. Ask developers to add this type.
2022-12-21 19:43:59.386 +01:00 [WRN] PassiveSkillTreePlanter.TreeConfig+SkillTreeData not supported for menu now. Ask developers to add this type.
2022-12-21 19:43:59.412 +01:00 [WRN]  not supported for menu now. Ask developers to add this type.
2022-12-21 19:43:59.412 +01:00 [WRN]  not supported for menu now. Ask developers to add this type.
2022-12-21 19:43:59.412 +01:00 [WRN]  not supported for menu now. Ask developers to add this type.
2022-12-21 19:43:59.412 +01:00 [WRN]  not supported for menu now. Ask developers to add this type.
2022-12-21 19:43:59.412 +01:00 [WRN]  not supported for menu now. Ask developers to add this type.
2022-12-21 19:43:59.412 +01:00 [WRN]  not supported for menu now. Ask developers to add this type.
2022-12-21 19:43:59.412 +01:00 [WRN] <0  0> not supported for menu now. Ask developers to add this type.
2022-12-21 19:43:59.412 +01:00 [WRN] PickIt.PickItSettings+FRSMOverrides not supported for menu now. Ask developers to add this type.
2022-12-21 19:43:59.574 +01:00 [WRN] System.Int32[,] not supported for menu now. Ask developers to add this type.
2022-12-21 19:51:32.830 +01:00 [WRN] TreeRoutine.Routine.BuildYourOwnRoutine.Flask.FlaskSetting[] not supported for menu now. Ask developers to add this type.
2022-12-21 19:51:32.833 +01:00 [WRN] <0  0> not supported for menu now. Ask developers to add this type.
2022-12-21 19:51:32.833 +01:00 [WRN] <0  0> not supported for menu now. Ask developers to add this type.
2022-12-21 19:51:32.849 +01:00 [WRN] TreeRoutine.Routine.BasicFlaskRoutine.Flask.FlaskSetting[] not supported for menu now. Ask developers to add this type.
2022-12-21 19:51:32.918 +01:00 [WRN] 0 not supported for menu now. Ask developers to add this type.
2022-12-21 19:51:32.973 +01:00 [WRN] System.Int32[,] not supported for menu now. Ask developers to add this type.
2022-12-21 19:51:33.011 +01:00 [WRN] 16 not supported for menu now. Ask developers to add this type.
2022-12-21 19:51:33.044 +01:00 [WRN] ExileCore.Shared.Nodes.RangeNode`1[System.Byte] not supported for menu now. Ask developers to add this type.
2022-12-21 19:51:33.044 +01:00 [WRN] ExileCore.Shared.Nodes.RangeNode`1[System.Byte] not supported for menu now. Ask developers to add this type.
2022-12-21 19:51:33.044 +01:00 [WRN] ExileCore.Shared.Nodes.RangeNode`1[System.Byte] not supported for menu now. Ask developers to add this type.
2022-12-21 19:51:33.143 +01:00 [WRN]  not supported for menu now. Ask developers to add this type.
2022-12-21 19:51:33.143 +01:00 [WRN]  not supported for menu now. Ask developers to add this type.
2022-12-21 19:51:33.143 +01:00 [WRN]  not supported for menu now. Ask developers to add this type.
2022-12-21 19:51:33.144 +01:00 [WRN] PassiveSkillTreePlanter.TreeConfig+SkillTreeData not supported for menu now. Ask developers to add this type.
2022-12-21 19:51:33.144 +01:00 [WRN] PassiveSkillTreePlanter.TreeConfig+SkillTreeData not supported for menu now. Ask developers to add this type.
2022-12-21 19:51:33.169 +01:00 [WRN]  not supported for menu now. Ask developers to add this type.
2022-12-21 19:51:33.169 +01:00 [WRN]  not supported for menu now. Ask developers to add this type.
2022-12-21 19:51:33.169 +01:00 [WRN]  not supported for menu now. Ask developers to add this type.
2022-12-21 19:51:33.169 +01:00 [WRN]  not supported for menu now. Ask developers to add this type.
2022-12-21 19:51:33.169 +01:00 [WRN]  not supported for menu now. Ask developers to add this type.
2022-12-21 19:51:33.169 +01:00 [WRN]  not supported for menu now. Ask developers to add this type.
2022-12-21 19:51:33.169 +01:00 [WRN] <0  0> not supported for menu now. Ask developers to add this type.
2022-12-21 19:51:33.169 +01:00 [WRN] PickIt.PickItSettings+FRSMOverrides not supported for menu now. Ask developers to add this type.
2022-12-21 19:51:33.316 +01:00 [WRN] System.Int32[,] not supported for menu now. Ask developers to add this type.
2022-12-21 19:53:02.631 +01:00 [WRN] TreeRoutine.Routine.BuildYourOwnRoutine.Flask.FlaskSetting[] not supported for menu now. Ask developers to add this type.
2022-12-21 19:53:02.635 +01:00 [WRN] <0  0> not supported for menu now. Ask developers to add this type.
2022-12-21 19:53:02.635 +01:00 [WRN] <0  0> not supported for menu now. Ask developers to add this type.
2022-12-21 19:53:02.652 +01:00 [WRN] TreeRoutine.Routine.BasicFlaskRoutine.Flask.FlaskSetting[] not supported for menu now. Ask developers to add this type.
2022-12-21 19:53:02.734 +01:00 [WRN] 0 not supported for menu now. Ask developers to add this type.
2022-12-21 19:53:02.782 +01:00 [WRN] System.Int32[,] not supported for menu now. Ask developers to add this type.
2022-12-21 19:53:02.801 +01:00 [WRN] 16 not supported for menu now. Ask developers to add this type.
2022-12-21 19:53:02.828 +01:00 [WRN] ExileCore.Shared.Nodes.RangeNode`1[System.Byte] not supported for menu now. Ask developers to add this type.
2022-12-21 19:53:02.828 +01:00 [WRN] ExileCore.Shared.Nodes.RangeNode`1[System.Byte] not supported for menu now. Ask developers to add this type.
2022-12-21 19:53:02.828 +01:00 [WRN] ExileCore.Shared.Nodes.RangeNode`1[System.Byte] not supported for menu now. Ask developers to add this type.
2022-12-21 19:53:02.925 +01:00 [WRN]  not supported for menu now. Ask developers to add this type.
2022-12-21 19:53:02.925 +01:00 [WRN]  not supported for menu now. Ask developers to add this type.
2022-12-21 19:53:02.925 +01:00 [WRN]  not supported for menu now. Ask developers to add this type.
2022-12-21 19:53:02.932 +01:00 [WRN] PassiveSkillTreePlanter.TreeConfig+SkillTreeData not supported for menu now. Ask developers to add this type.
2022-12-21 19:53:02.932 +01:00 [WRN] PassiveSkillTreePlanter.TreeConfig+SkillTreeData not supported for menu now. Ask developers to add this type.
2022-12-21 19:53:02.960 +01:00 [WRN]  not supported for menu now. Ask developers to add this type.
2022-12-21 19:53:02.960 +01:00 [WRN]  not supported for menu now. Ask developers to add this type.
2022-12-21 19:53:02.961 +01:00 [WRN]  not supported for menu now. Ask developers to add this type.
2022-12-21 19:53:02.961 +01:00 [WRN]  not supported for menu now. Ask developers to add this type.
2022-12-21 19:53:02.961 +01:00 [WRN]  not supported for menu now. Ask developers to add this type.
2022-12-21 19:53:02.961 +01:00 [WRN]  not supported for menu now. Ask developers to add this type.
2022-12-21 19:53:02.961 +01:00 [WRN] <0  0> not supported for menu now. Ask developers to add this type.
2022-12-21 19:53:02.961 +01:00 [WRN] PickIt.PickItSettings+FRSMOverrides not supported for menu now. Ask developers to add this type.
2022-12-21 19:53:03.138 +01:00 [WRN] System.Int32[,] not supported for menu now. Ask developers to add this type.
2022-12-21 19:55:17.278 +01:00 [WRN] TreeRoutine.Routine.BuildYourOwnRoutine.Flask.FlaskSetting[] not supported for menu now. Ask developers to add this type.
2022-12-21 19:55:17.281 +01:00 [WRN] <0  0> not supported for menu now. Ask developers to add this type.
2022-12-21 19:55:17.281 +01:00 [WRN] <0  0> not supported for menu now. Ask developers to add this type.
2022-12-21 19:55:17.306 +01:00 [WRN] TreeRoutine.Routine.BasicFlaskRoutine.Flask.FlaskSetting[] not supported for menu now. Ask developers to add this type.
2022-12-21 19:55:17.368 +01:00 [WRN] 0 not supported for menu now. Ask developers to add this type.
2022-12-21 19:55:17.409 +01:00 [WRN] System.Int32[,] not supported for menu now. Ask developers to add this type.
2022-12-21 19:55:17.418 +01:00 [WRN] 16 not supported for menu now. Ask developers to add this type.
2022-12-21 19:55:17.449 +01:00 [WRN] ExileCore.Shared.Nodes.RangeNode`1[System.Byte] not supported for menu now. Ask developers to add this type.
2022-12-21 19:55:17.452 +01:00 [WRN] ExileCore.Shared.Nodes.RangeNode`1[System.Byte] not supported for menu now. Ask developers to add this type.
2022-12-21 19:55:17.452 +01:00 [WRN] ExileCore.Shared.Nodes.RangeNode`1[System.Byte] not supported for menu now. Ask developers to add this type.
2022-12-21 19:55:17.532 +01:00 [WRN]  not supported for menu now. Ask developers to add this type.
2022-12-21 19:55:17.532 +01:00 [WRN]  not supported for menu now. Ask developers to add this type.
2022-12-21 19:55:17.532 +01:00 [WRN]  not supported for menu now. Ask developers to add this type.
2022-12-21 19:55:17.532 +01:00 [WRN] PassiveSkillTreePlanter.TreeConfig+SkillTreeData not supported for menu now. Ask developers to add this type.
2022-12-21 19:55:17.532 +01:00 [WRN] PassiveSkillTreePlanter.TreeConfig+SkillTreeData not supported for menu now. Ask developers to add this type.
2022-12-21 19:55:17.601 +01:00 [WRN]  not supported for menu now. Ask developers to add this type.
2022-12-21 19:55:17.601 +01:00 [WRN]  not supported for menu now. Ask developers to add this type.
2022-12-21 19:55:17.601 +01:00 [WRN]  not supported for menu now. Ask developers to add this type.
2022-12-21 19:55:17.601 +01:00 [WRN]  not supported for menu now. Ask developers to add this type.
2022-12-21 19:55:17.601 +01:00 [WRN]  not supported for menu now. Ask developers to add this type.
2022-12-21 19:55:17.601 +01:00 [WRN]  not supported for menu now. Ask developers to add this type.
2022-12-21 19:55:17.602 +01:00 [WRN] <0  0> not supported for menu now. Ask developers to add this type.
2022-12-21 19:55:17.602 +01:00 [WRN] PickIt.PickItSettings+FRSMOverrides not supported for menu now. Ask developers to add this type.
2022-12-21 19:55:17.771 +01:00 [WRN] System.Int32[,] not supported for menu now. Ask developers to add this type.
2022-12-21 20:00:15.666 +01:00 [WRN] TreeRoutine.Routine.BuildYourOwnRoutine.Flask.FlaskSetting[] not supported for menu now. Ask developers to add this type.
2022-12-21 20:00:15.669 +01:00 [WRN] <0  0> not supported for menu now. Ask developers to add this type.
2022-12-21 20:00:15.669 +01:00 [WRN] <0  0> not supported for menu now. Ask developers to add this type.
2022-12-21 20:00:15.688 +01:00 [WRN] TreeRoutine.Routine.BasicFlaskRoutine.Flask.FlaskSetting[] not supported for menu now. Ask developers to add this type.
2022-12-21 20:00:15.759 +01:00 [WRN] 0 not supported for menu now. Ask developers to add this type.
2022-12-21 20:00:15.801 +01:00 [WRN] System.Int32[,] not supported for menu now. Ask developers to add this type.
2022-12-21 20:00:15.815 +01:00 [WRN] 16 not supported for menu now. Ask developers to add this type.
2022-12-21 20:00:15.844 +01:00 [WRN] ExileCore.Shared.Nodes.RangeNode`1[System.Byte] not supported for menu now. Ask developers to add this type.
2022-12-21 20:00:15.844 +01:00 [WRN] ExileCore.Shared.Nodes.RangeNode`1[System.Byte] not supported for menu now. Ask developers to add this type.
2022-12-21 20:00:15.844 +01:00 [WRN] ExileCore.Shared.Nodes.RangeNode`1[System.Byte] not supported for menu now. Ask developers to add this type.
2022-12-21 20:00:15.926 +01:00 [WRN]  not supported for menu now. Ask developers to add this type.
2022-12-21 20:00:15.926 +01:00 [WRN]  not supported for menu now. Ask developers to add this type.
2022-12-21 20:00:15.926 +01:00 [WRN]  not supported for menu now. Ask developers to add this type.
2022-12-21 20:00:15.927 +01:00 [WRN] PassiveSkillTreePlanter.TreeConfig+SkillTreeData not supported for menu now. Ask developers to add this type.
2022-12-21 20:00:15.927 +01:00 [WRN] PassiveSkillTreePlanter.TreeConfig+SkillTreeData not supported for menu now. Ask developers to add this type.
2022-12-21 20:00:15.966 +01:00 [WRN]  not supported for menu now. Ask developers to add this type.
2022-12-21 20:00:15.966 +01:00 [WRN]  not supported for menu now. Ask developers to add this type.
2022-12-21 20:00:15.966 +01:00 [WRN]  not supported for menu now. Ask developers to add this type.
2022-12-21 20:00:15.966 +01:00 [WRN]  not supported for menu now. Ask developers to add this type.
2022-12-21 20:00:15.966 +01:00 [WRN]  not supported for menu now. Ask developers to add this type.
2022-12-21 20:00:15.966 +01:00 [WRN]  not supported for menu now. Ask developers to add this type.
2022-12-21 20:00:15.966 +01:00 [WRN] <0  0> not supported for menu now. Ask developers to add this type.
2022-12-21 20:00:15.966 +01:00 [WRN] PickIt.PickItSettings+FRSMOverrides not supported for menu now. Ask developers to add this type.
2022-12-21 20:00:16.113 +01:00 [WRN] System.Int32[,] not supported for menu now. Ask developers to add this type.
2022-12-21 20:00:59.043 +01:00 [WRN] TreeRoutine.Routine.BuildYourOwnRoutine.Flask.FlaskSetting[] not supported for menu now. Ask developers to add this type.
2022-12-21 20:00:59.046 +01:00 [WRN] <0  0> not supported for menu now. Ask developers to add this type.
2022-12-21 20:00:59.046 +01:00 [WRN] <0  0> not supported for menu now. Ask developers to add this type.
2022-12-21 20:00:59.070 +01:00 [WRN] TreeRoutine.Routine.BasicFlaskRoutine.Flask.FlaskSetting[] not supported for menu now. Ask developers to add this type.
2022-12-21 20:00:59.133 +01:00 [WRN] 0 not supported for menu now. Ask developers to add this type.
2022-12-21 20:00:59.173 +01:00 [WRN] System.Int32[,] not supported for menu now. Ask developers to add this type.
2022-12-21 20:00:59.183 +01:00 [WRN] 16 not supported for menu now. Ask developers to add this type.
2022-12-21 20:00:59.216 +01:00 [WRN] ExileCore.Shared.Nodes.RangeNode`1[System.Byte] not supported for menu now. Ask developers to add this type.
2022-12-21 20:00:59.216 +01:00 [WRN] ExileCore.Shared.Nodes.RangeNode`1[System.Byte] not supported for menu now. Ask developers to add this type.
2022-12-21 20:00:59.216 +01:00 [WRN] ExileCore.Shared.Nodes.RangeNode`1[System.Byte] not supported for menu now. Ask developers to add this type.
2022-12-21 20:00:59.287 +01:00 [WRN]  not supported for menu now. Ask developers to add this type.
2022-12-21 20:00:59.287 +01:00 [WRN]  not supported for menu now. Ask developers to add this type.
2022-12-21 20:00:59.287 +01:00 [WRN]  not supported for menu now. Ask developers to add this type.
2022-12-21 20:00:59.288 +01:00 [WRN] PassiveSkillTreePlanter.TreeConfig+SkillTreeData not supported for menu now. Ask developers to add this type.
2022-12-21 20:00:59.288 +01:00 [WRN] PassiveSkillTreePlanter.TreeConfig+SkillTreeData not supported for menu now. Ask developers to add this type.
2022-12-21 20:00:59.313 +01:00 [WRN]  not supported for menu now. Ask developers to add this type.
2022-12-21 20:00:59.313 +01:00 [WRN]  not supported for menu now. Ask developers to add this type.
2022-12-21 20:00:59.313 +01:00 [WRN]  not supported for menu now. Ask developers to add this type.
2022-12-21 20:00:59.313 +01:00 [WRN]  not supported for menu now. Ask developers to add this type.
2022-12-21 20:00:59.313 +01:00 [WRN]  not supported for menu now. Ask developers to add this type.
2022-12-21 20:00:59.313 +01:00 [WRN]  not supported for menu now. Ask developers to add this type.
2022-12-21 20:00:59.313 +01:00 [WRN] <0  0> not supported for menu now. Ask developers to add this type.
2022-12-21 20:00:59.313 +01:00 [WRN] PickIt.PickItSettings+FRSMOverrides not supported for menu now. Ask developers to add this type.
2022-12-21 20:00:59.533 +01:00 [WRN] System.Int32[,] not supported for menu now. Ask developers to add this type.
2022-12-21 21:14:21.999 +01:00 [WRN] TreeRoutine.Routine.BuildYourOwnRoutine.Flask.FlaskSetting[] not supported for menu now. Ask developers to add this type.
2022-12-21 21:14:22.002 +01:00 [WRN] <0  0> not supported for menu now. Ask developers to add this type.
2022-12-21 21:14:22.002 +01:00 [WRN] <0  0> not supported for menu now. Ask developers to add this type.
2022-12-21 21:14:22.021 +01:00 [WRN] TreeRoutine.Routine.BasicFlaskRoutine.Flask.FlaskSetting[] not supported for menu now. Ask developers to add this type.
2022-12-21 21:14:22.358 +01:00 [WRN] 0 not supported for menu now. Ask developers to add this type.
2022-12-21 21:14:22.509 +01:00 [WRN] System.Int32[,] not supported for menu now. Ask developers to add this type.
2022-12-21 21:14:22.584 +01:00 [WRN] 16 not supported for menu now. Ask developers to add this type.
2022-12-21 21:14:22.681 +01:00 [WRN] ExileCore.Shared.Nodes.RangeNode`1[System.Byte] not supported for menu now. Ask developers to add this type.
2022-12-21 21:14:22.681 +01:00 [WRN] ExileCore.Shared.Nodes.RangeNode`1[System.Byte] not supported for menu now. Ask developers to add this type.
2022-12-21 21:14:22.682 +01:00 [WRN] ExileCore.Shared.Nodes.RangeNode`1[System.Byte] not supported for menu now. Ask developers to add this type.
2022-12-21 21:14:22.900 +01:00 [WRN]  not supported for menu now. Ask developers to add this type.
2022-12-21 21:14:22.900 +01:00 [WRN]  not supported for menu now. Ask developers to add this type.
2022-12-21 21:14:22.900 +01:00 [WRN]  not supported for menu now. Ask developers to add this type.
2022-12-21 21:14:22.900 +01:00 [WRN] PassiveSkillTreePlanter.TreeConfig+SkillTreeData not supported for menu now. Ask developers to add this type.
2022-12-21 21:14:22.900 +01:00 [WRN] PassiveSkillTreePlanter.TreeConfig+SkillTreeData not supported for menu now. Ask developers to add this type.
2022-12-21 21:14:23.022 +01:00 [WRN]  not supported for menu now. Ask developers to add this type.
2022-12-21 21:14:23.022 +01:00 [WRN]  not supported for menu now. Ask developers to add this type.
2022-12-21 21:14:23.022 +01:00 [WRN]  not supported for menu now. Ask developers to add this type.
2022-12-21 21:14:23.022 +01:00 [WRN]  not supported for menu now. Ask developers to add this type.
2022-12-21 21:14:23.022 +01:00 [WRN]  not supported for menu now. Ask developers to add this type.
2022-12-21 21:14:23.022 +01:00 [WRN]  not supported for menu now. Ask developers to add this type.
2022-12-21 21:14:23.022 +01:00 [WRN] <0  0> not supported for menu now. Ask developers to add this type.
2022-12-21 21:14:23.022 +01:00 [WRN] PickIt.PickItSettings+FRSMOverrides not supported for menu now. Ask developers to add this type.
2022-12-21 21:14:23.388 +01:00 [WRN] System.Int32[,] not supported for menu now. Ask developers to add this type.
