2022-12-15 18:38:18.888 +01:00 [WRN] TreeRoutine.Routine.BuildYourOwnRoutine.Flask.FlaskSetting[] not supported for menu now. Ask developers to add this type.
2022-12-15 18:38:18.892 +01:00 [WRN] <0  0> not supported for menu now. Ask developers to add this type.
2022-12-15 18:38:18.892 +01:00 [WRN] <0  0> not supported for menu now. Ask developers to add this type.
2022-12-15 18:38:18.916 +01:00 [WRN] TreeRoutine.Routine.BasicFlaskRoutine.Flask.FlaskSetting[] not supported for menu now. Ask developers to add this type.
2022-12-15 18:38:19.297 +01:00 [WRN] 0 not supported for menu now. Ask developers to add this type.
2022-12-15 18:38:19.491 +01:00 [WRN] System.Int32[,] not supported for menu now. Ask developers to add this type.
2022-12-15 18:38:19.573 +01:00 [WRN] 16 not supported for menu now. Ask developers to add this type.
2022-12-15 18:38:19.699 +01:00 [WRN] ExileCore.Shared.Nodes.RangeNode`1[System.Byte] not supported for menu now. Ask developers to add this type.
2022-12-15 18:38:19.699 +01:00 [WRN] ExileCore.Shared.Nodes.RangeNode`1[System.Byte] not supported for menu now. Ask developers to add this type.
2022-12-15 18:38:19.699 +01:00 [WRN] ExileCore.Shared.Nodes.RangeNode`1[System.Byte] not supported for menu now. Ask developers to add this type.
2022-12-15 18:38:19.952 +01:00 [WRN]  not supported for menu now. Ask developers to add this type.
2022-12-15 18:38:19.952 +01:00 [WRN]  not supported for menu now. Ask developers to add this type.
2022-12-15 18:38:19.953 +01:00 [WRN]  not supported for menu now. Ask developers to add this type.
2022-12-15 18:38:19.953 +01:00 [WRN] PassiveSkillTreePlanter.TreeConfig+SkillTreeData not supported for menu now. Ask developers to add this type.
2022-12-15 18:38:19.953 +01:00 [WRN] PassiveSkillTreePlanter.TreeConfig+SkillTreeData not supported for menu now. Ask developers to add this type.
2022-12-15 18:38:20.079 +01:00 [WRN]  not supported for menu now. Ask developers to add this type.
2022-12-15 18:38:20.079 +01:00 [WRN]  not supported for menu now. Ask developers to add this type.
2022-12-15 18:38:20.079 +01:00 [WRN]  not supported for menu now. Ask developers to add this type.
2022-12-15 18:38:20.079 +01:00 [WRN]  not supported for menu now. Ask developers to add this type.
2022-12-15 18:38:20.079 +01:00 [WRN]  not supported for menu now. Ask developers to add this type.
2022-12-15 18:38:20.079 +01:00 [WRN]  not supported for menu now. Ask developers to add this type.
2022-12-15 18:38:20.079 +01:00 [WRN] <0  0> not supported for menu now. Ask developers to add this type.
2022-12-15 18:38:20.080 +01:00 [WRN] PickIt.PickItSettings+FRSMOverrides not supported for menu now. Ask developers to add this type.
2022-12-15 18:38:20.487 +01:00 [WRN] System.Int32[,] not supported for menu now. Ask developers to add this type.
2022-12-15 20:51:53.136 +01:00 [WRN] TreeRoutine.Routine.BuildYourOwnRoutine.Flask.FlaskSetting[] not supported for menu now. Ask developers to add this type.
2022-12-15 20:51:53.139 +01:00 [WRN] <0  0> not supported for menu now. Ask developers to add this type.
2022-12-15 20:51:53.139 +01:00 [WRN] <0  0> not supported for menu now. Ask developers to add this type.
2022-12-15 20:51:53.156 +01:00 [WRN] TreeRoutine.Routine.BasicFlaskRoutine.Flask.FlaskSetting[] not supported for menu now. Ask developers to add this type.
2022-12-15 20:51:53.227 +01:00 [WRN] 0 not supported for menu now. Ask developers to add this type.
2022-12-15 20:51:53.269 +01:00 [WRN] System.Int32[,] not supported for menu now. Ask developers to add this type.
2022-12-15 20:51:53.278 +01:00 [WRN] 16 not supported for menu now. Ask developers to add this type.
2022-12-15 20:51:53.314 +01:00 [WRN] ExileCore.Shared.Nodes.RangeNode`1[System.Byte] not supported for menu now. Ask developers to add this type.
2022-12-15 20:51:53.314 +01:00 [WRN] ExileCore.Shared.Nodes.RangeNode`1[System.Byte] not supported for menu now. Ask developers to add this type.
2022-12-15 20:51:53.314 +01:00 [WRN] ExileCore.Shared.Nodes.RangeNode`1[System.Byte] not supported for menu now. Ask developers to add this type.
2022-12-15 20:51:53.399 +01:00 [WRN]  not supported for menu now. Ask developers to add this type.
2022-12-15 20:51:53.399 +01:00 [WRN]  not supported for menu now. Ask developers to add this type.
2022-12-15 20:51:53.399 +01:00 [WRN]  not supported for menu now. Ask developers to add this type.
2022-12-15 20:51:53.399 +01:00 [WRN] PassiveSkillTreePlanter.TreeConfig+SkillTreeData not supported for menu now. Ask developers to add this type.
2022-12-15 20:51:53.399 +01:00 [WRN] PassiveSkillTreePlanter.TreeConfig+SkillTreeData not supported for menu now. Ask developers to add this type.
2022-12-15 20:51:53.424 +01:00 [WRN]  not supported for menu now. Ask developers to add this type.
2022-12-15 20:51:53.424 +01:00 [WRN]  not supported for menu now. Ask developers to add this type.
2022-12-15 20:51:53.424 +01:00 [WRN]  not supported for menu now. Ask developers to add this type.
2022-12-15 20:51:53.424 +01:00 [WRN]  not supported for menu now. Ask developers to add this type.
2022-12-15 20:51:53.424 +01:00 [WRN]  not supported for menu now. Ask developers to add this type.
2022-12-15 20:51:53.424 +01:00 [WRN]  not supported for menu now. Ask developers to add this type.
2022-12-15 20:51:53.424 +01:00 [WRN] <0  0> not supported for menu now. Ask developers to add this type.
2022-12-15 20:51:53.424 +01:00 [WRN] PickIt.PickItSettings+FRSMOverrides not supported for menu now. Ask developers to add this type.
2022-12-15 20:51:53.550 +01:00 [WRN] System.Int32[,] not supported for menu now. Ask developers to add this type.
2022-12-15 22:07:17.669 +01:00 [WRN] TreeRoutine.Routine.BuildYourOwnRoutine.Flask.FlaskSetting[] not supported for menu now. Ask developers to add this type.
2022-12-15 22:07:17.672 +01:00 [WRN] <0  0> not supported for menu now. Ask developers to add this type.
2022-12-15 22:07:17.672 +01:00 [WRN] <0  0> not supported for menu now. Ask developers to add this type.
2022-12-15 22:07:17.690 +01:00 [WRN] TreeRoutine.Routine.BasicFlaskRoutine.Flask.FlaskSetting[] not supported for menu now. Ask developers to add this type.
2022-12-15 22:07:17.769 +01:00 [WRN] 0 not supported for menu now. Ask developers to add this type.
2022-12-15 22:07:17.813 +01:00 [WRN] System.Int32[,] not supported for menu now. Ask developers to add this type.
2022-12-15 22:07:17.831 +01:00 [WRN] 16 not supported for menu now. Ask developers to add this type.
2022-12-15 22:07:17.856 +01:00 [WRN] ExileCore.Shared.Nodes.RangeNode`1[System.Byte] not supported for menu now. Ask developers to add this type.
2022-12-15 22:07:17.856 +01:00 [WRN] ExileCore.Shared.Nodes.RangeNode`1[System.Byte] not supported for menu now. Ask developers to add this type.
2022-12-15 22:07:17.857 +01:00 [WRN] ExileCore.Shared.Nodes.RangeNode`1[System.Byte] not supported for menu now. Ask developers to add this type.
2022-12-15 22:07:17.953 +01:00 [WRN]  not supported for menu now. Ask developers to add this type.
2022-12-15 22:07:17.953 +01:00 [WRN]  not supported for menu now. Ask developers to add this type.
2022-12-15 22:07:17.953 +01:00 [WRN]  not supported for menu now. Ask developers to add this type.
2022-12-15 22:07:17.953 +01:00 [WRN] PassiveSkillTreePlanter.TreeConfig+SkillTreeData not supported for menu now. Ask developers to add this type.
2022-12-15 22:07:17.953 +01:00 [WRN] PassiveSkillTreePlanter.TreeConfig+SkillTreeData not supported for menu now. Ask developers to add this type.
2022-12-15 22:07:18.004 +01:00 [WRN]  not supported for menu now. Ask developers to add this type.
2022-12-15 22:07:18.004 +01:00 [WRN]  not supported for menu now. Ask developers to add this type.
2022-12-15 22:07:18.004 +01:00 [WRN]  not supported for menu now. Ask developers to add this type.
2022-12-15 22:07:18.004 +01:00 [WRN]  not supported for menu now. Ask developers to add this type.
2022-12-15 22:07:18.004 +01:00 [WRN]  not supported for menu now. Ask developers to add this type.
2022-12-15 22:07:18.004 +01:00 [WRN]  not supported for menu now. Ask developers to add this type.
2022-12-15 22:07:18.004 +01:00 [WRN] <0  0> not supported for menu now. Ask developers to add this type.
2022-12-15 22:07:18.005 +01:00 [WRN] PickIt.PickItSettings+FRSMOverrides not supported for menu now. Ask developers to add this type.
2022-12-15 22:07:18.120 +01:00 [WRN] System.Int32[,] not supported for menu now. Ask developers to add this type.
