2022-12-22 13:42:53.952 +01:00 [WRN] TreeRoutine.Routine.BuildYourOwnRoutine.Flask.FlaskSetting[] not supported for menu now. Ask developers to add this type.
2022-12-22 13:42:53.956 +01:00 [WRN] <0  0> not supported for menu now. Ask developers to add this type.
2022-12-22 13:42:53.956 +01:00 [WRN] <0  0> not supported for menu now. Ask developers to add this type.
2022-12-22 13:42:53.978 +01:00 [WRN] TreeRoutine.Routine.BasicFlaskRoutine.Flask.FlaskSetting[] not supported for menu now. Ask developers to add this type.
2022-12-22 13:42:54.354 +01:00 [WRN] 0 not supported for menu now. Ask developers to add this type.
2022-12-22 13:42:54.533 +01:00 [WRN] System.Int32[,] not supported for menu now. Ask developers to add this type.
2022-12-22 13:42:54.610 +01:00 [WRN] 16 not supported for menu now. Ask developers to add this type.
2022-12-22 13:42:54.714 +01:00 [WRN] ExileCore.Shared.Nodes.RangeNode`1[System.Byte] not supported for menu now. Ask developers to add this type.
2022-12-22 13:42:54.715 +01:00 [WRN] ExileCore.Shared.Nodes.RangeNode`1[System.Byte] not supported for menu now. Ask developers to add this type.
2022-12-22 13:42:54.715 +01:00 [WRN] ExileCore.Shared.Nodes.RangeNode`1[System.Byte] not supported for menu now. Ask developers to add this type.
2022-12-22 13:42:54.970 +01:00 [WRN]  not supported for menu now. Ask developers to add this type.
2022-12-22 13:42:54.970 +01:00 [WRN]  not supported for menu now. Ask developers to add this type.
2022-12-22 13:42:54.970 +01:00 [WRN]  not supported for menu now. Ask developers to add this type.
2022-12-22 13:42:54.970 +01:00 [WRN] PassiveSkillTreePlanter.TreeConfig+SkillTreeData not supported for menu now. Ask developers to add this type.
2022-12-22 13:42:54.970 +01:00 [WRN] PassiveSkillTreePlanter.TreeConfig+SkillTreeData not supported for menu now. Ask developers to add this type.
2022-12-22 13:42:55.108 +01:00 [WRN]  not supported for menu now. Ask developers to add this type.
2022-12-22 13:42:55.108 +01:00 [WRN]  not supported for menu now. Ask developers to add this type.
2022-12-22 13:42:55.108 +01:00 [WRN]  not supported for menu now. Ask developers to add this type.
2022-12-22 13:42:55.108 +01:00 [WRN]  not supported for menu now. Ask developers to add this type.
2022-12-22 13:42:55.108 +01:00 [WRN]  not supported for menu now. Ask developers to add this type.
2022-12-22 13:42:55.108 +01:00 [WRN]  not supported for menu now. Ask developers to add this type.
2022-12-22 13:42:55.108 +01:00 [WRN] <0  0> not supported for menu now. Ask developers to add this type.
2022-12-22 13:42:55.108 +01:00 [WRN] PickIt.PickItSettings+FRSMOverrides not supported for menu now. Ask developers to add this type.
2022-12-22 13:42:55.524 +01:00 [WRN] System.Int32[,] not supported for menu now. Ask developers to add this type.
2022-12-22 19:20:26.401 +01:00 [WRN] TreeRoutine.Routine.BuildYourOwnRoutine.Flask.FlaskSetting[] not supported for menu now. Ask developers to add this type.
2022-12-22 19:20:26.404 +01:00 [WRN] <0  0> not supported for menu now. Ask developers to add this type.
2022-12-22 19:20:26.404 +01:00 [WRN] <0  0> not supported for menu now. Ask developers to add this type.
2022-12-22 19:20:26.431 +01:00 [WRN] TreeRoutine.Routine.BasicFlaskRoutine.Flask.FlaskSetting[] not supported for menu now. Ask developers to add this type.
2022-12-22 19:20:26.496 +01:00 [WRN] 0 not supported for menu now. Ask developers to add this type.
2022-12-22 19:20:26.537 +01:00 [WRN] System.Int32[,] not supported for menu now. Ask developers to add this type.
2022-12-22 19:20:26.546 +01:00 [WRN] 16 not supported for menu now. Ask developers to add this type.
2022-12-22 19:20:26.577 +01:00 [WRN] ExileCore.Shared.Nodes.RangeNode`1[System.Byte] not supported for menu now. Ask developers to add this type.
2022-12-22 19:20:26.577 +01:00 [WRN] ExileCore.Shared.Nodes.RangeNode`1[System.Byte] not supported for menu now. Ask developers to add this type.
2022-12-22 19:20:26.577 +01:00 [WRN] ExileCore.Shared.Nodes.RangeNode`1[System.Byte] not supported for menu now. Ask developers to add this type.
2022-12-22 19:20:26.660 +01:00 [WRN]  not supported for menu now. Ask developers to add this type.
2022-12-22 19:20:26.660 +01:00 [WRN]  not supported for menu now. Ask developers to add this type.
2022-12-22 19:20:26.660 +01:00 [WRN]  not supported for menu now. Ask developers to add this type.
2022-12-22 19:20:26.661 +01:00 [WRN] PassiveSkillTreePlanter.TreeConfig+SkillTreeData not supported for menu now. Ask developers to add this type.
2022-12-22 19:20:26.661 +01:00 [WRN] PassiveSkillTreePlanter.TreeConfig+SkillTreeData not supported for menu now. Ask developers to add this type.
2022-12-22 19:20:26.718 +01:00 [WRN]  not supported for menu now. Ask developers to add this type.
2022-12-22 19:20:26.718 +01:00 [WRN]  not supported for menu now. Ask developers to add this type.
2022-12-22 19:20:26.718 +01:00 [WRN]  not supported for menu now. Ask developers to add this type.
2022-12-22 19:20:26.718 +01:00 [WRN]  not supported for menu now. Ask developers to add this type.
2022-12-22 19:20:26.718 +01:00 [WRN]  not supported for menu now. Ask developers to add this type.
2022-12-22 19:20:26.718 +01:00 [WRN]  not supported for menu now. Ask developers to add this type.
2022-12-22 19:20:26.718 +01:00 [WRN] <0  0> not supported for menu now. Ask developers to add this type.
2022-12-22 19:20:26.718 +01:00 [WRN] PickIt.PickItSettings+FRSMOverrides not supported for menu now. Ask developers to add this type.
2022-12-22 19:20:26.812 +01:00 [WRN] System.Int32[,] not supported for menu now. Ask developers to add this type.
2022-12-22 19:29:26.696 +01:00 [WRN] TreeRoutine.Routine.BuildYourOwnRoutine.Flask.FlaskSetting[] not supported for menu now. Ask developers to add this type.
2022-12-22 19:29:26.699 +01:00 [WRN] <0  0> not supported for menu now. Ask developers to add this type.
2022-12-22 19:29:26.699 +01:00 [WRN] <0  0> not supported for menu now. Ask developers to add this type.
2022-12-22 19:29:26.715 +01:00 [WRN] TreeRoutine.Routine.BasicFlaskRoutine.Flask.FlaskSetting[] not supported for menu now. Ask developers to add this type.
2022-12-22 19:29:26.781 +01:00 [WRN] 0 not supported for menu now. Ask developers to add this type.
2022-12-22 19:29:26.821 +01:00 [WRN] System.Int32[,] not supported for menu now. Ask developers to add this type.
2022-12-22 19:29:26.835 +01:00 [WRN] 16 not supported for menu now. Ask developers to add this type.
2022-12-22 19:29:26.859 +01:00 [WRN] ExileCore.Shared.Nodes.RangeNode`1[System.Byte] not supported for menu now. Ask developers to add this type.
2022-12-22 19:29:26.860 +01:00 [WRN] ExileCore.Shared.Nodes.RangeNode`1[System.Byte] not supported for menu now. Ask developers to add this type.
2022-12-22 19:29:26.860 +01:00 [WRN] ExileCore.Shared.Nodes.RangeNode`1[System.Byte] not supported for menu now. Ask developers to add this type.
2022-12-22 19:29:26.936 +01:00 [WRN]  not supported for menu now. Ask developers to add this type.
2022-12-22 19:29:26.936 +01:00 [WRN]  not supported for menu now. Ask developers to add this type.
2022-12-22 19:29:26.936 +01:00 [WRN]  not supported for menu now. Ask developers to add this type.
2022-12-22 19:29:26.936 +01:00 [WRN] PassiveSkillTreePlanter.TreeConfig+SkillTreeData not supported for menu now. Ask developers to add this type.
2022-12-22 19:29:26.936 +01:00 [WRN] PassiveSkillTreePlanter.TreeConfig+SkillTreeData not supported for menu now. Ask developers to add this type.
2022-12-22 19:29:26.971 +01:00 [WRN]  not supported for menu now. Ask developers to add this type.
2022-12-22 19:29:26.971 +01:00 [WRN]  not supported for menu now. Ask developers to add this type.
2022-12-22 19:29:26.971 +01:00 [WRN]  not supported for menu now. Ask developers to add this type.
2022-12-22 19:29:26.971 +01:00 [WRN]  not supported for menu now. Ask developers to add this type.
2022-12-22 19:29:26.971 +01:00 [WRN]  not supported for menu now. Ask developers to add this type.
2022-12-22 19:29:26.971 +01:00 [WRN]  not supported for menu now. Ask developers to add this type.
2022-12-22 19:29:26.971 +01:00 [WRN] <0  0> not supported for menu now. Ask developers to add this type.
2022-12-22 19:29:26.972 +01:00 [WRN] PickIt.PickItSettings+FRSMOverrides not supported for menu now. Ask developers to add this type.
2022-12-22 19:29:27.083 +01:00 [WRN] System.Int32[,] not supported for menu now. Ask developers to add this type.
2022-12-22 19:33:20.638 +01:00 [WRN] TreeRoutine.Routine.BuildYourOwnRoutine.Flask.FlaskSetting[] not supported for menu now. Ask developers to add this type.
2022-12-22 19:33:20.641 +01:00 [WRN] <0  0> not supported for menu now. Ask developers to add this type.
2022-12-22 19:33:20.641 +01:00 [WRN] <0  0> not supported for menu now. Ask developers to add this type.
2022-12-22 19:33:20.657 +01:00 [WRN] TreeRoutine.Routine.BasicFlaskRoutine.Flask.FlaskSetting[] not supported for menu now. Ask developers to add this type.
2022-12-22 19:33:20.725 +01:00 [WRN] 0 not supported for menu now. Ask developers to add this type.
2022-12-22 19:33:20.766 +01:00 [WRN] System.Int32[,] not supported for menu now. Ask developers to add this type.
2022-12-22 19:33:20.780 +01:00 [WRN] 16 not supported for menu now. Ask developers to add this type.
2022-12-22 19:33:20.806 +01:00 [WRN] ExileCore.Shared.Nodes.RangeNode`1[System.Byte] not supported for menu now. Ask developers to add this type.
2022-12-22 19:33:20.806 +01:00 [WRN] ExileCore.Shared.Nodes.RangeNode`1[System.Byte] not supported for menu now. Ask developers to add this type.
2022-12-22 19:33:20.806 +01:00 [WRN] ExileCore.Shared.Nodes.RangeNode`1[System.Byte] not supported for menu now. Ask developers to add this type.
2022-12-22 19:33:20.880 +01:00 [WRN]  not supported for menu now. Ask developers to add this type.
2022-12-22 19:33:20.880 +01:00 [WRN]  not supported for menu now. Ask developers to add this type.
2022-12-22 19:33:20.880 +01:00 [WRN]  not supported for menu now. Ask developers to add this type.
2022-12-22 19:33:20.881 +01:00 [WRN] PassiveSkillTreePlanter.TreeConfig+SkillTreeData not supported for menu now. Ask developers to add this type.
2022-12-22 19:33:20.881 +01:00 [WRN] PassiveSkillTreePlanter.TreeConfig+SkillTreeData not supported for menu now. Ask developers to add this type.
2022-12-22 19:33:20.916 +01:00 [WRN]  not supported for menu now. Ask developers to add this type.
2022-12-22 19:33:20.916 +01:00 [WRN]  not supported for menu now. Ask developers to add this type.
2022-12-22 19:33:20.916 +01:00 [WRN]  not supported for menu now. Ask developers to add this type.
2022-12-22 19:33:20.916 +01:00 [WRN]  not supported for menu now. Ask developers to add this type.
2022-12-22 19:33:20.916 +01:00 [WRN]  not supported for menu now. Ask developers to add this type.
2022-12-22 19:33:20.916 +01:00 [WRN]  not supported for menu now. Ask developers to add this type.
2022-12-22 19:33:20.916 +01:00 [WRN] <0  0> not supported for menu now. Ask developers to add this type.
2022-12-22 19:33:20.916 +01:00 [WRN] PickIt.PickItSettings+FRSMOverrides not supported for menu now. Ask developers to add this type.
2022-12-22 19:33:21.009 +01:00 [WRN] System.Int32[,] not supported for menu now. Ask developers to add this type.
2022-12-22 21:25:37.784 +01:00 [WRN] TreeRoutine.Routine.BuildYourOwnRoutine.Flask.FlaskSetting[] not supported for menu now. Ask developers to add this type.
2022-12-22 21:25:37.789 +01:00 [WRN] <0  0> not supported for menu now. Ask developers to add this type.
2022-12-22 21:25:37.789 +01:00 [WRN] <0  0> not supported for menu now. Ask developers to add this type.
2022-12-22 21:25:37.813 +01:00 [WRN] TreeRoutine.Routine.BasicFlaskRoutine.Flask.FlaskSetting[] not supported for menu now. Ask developers to add this type.
2022-12-22 21:25:38.265 +01:00 [WRN] 0 not supported for menu now. Ask developers to add this type.
2022-12-22 21:25:38.502 +01:00 [WRN] System.Int32[,] not supported for menu now. Ask developers to add this type.
2022-12-22 21:25:38.596 +01:00 [WRN] 16 not supported for menu now. Ask developers to add this type.
2022-12-22 21:25:38.722 +01:00 [WRN] ExileCore.Shared.Nodes.RangeNode`1[System.Byte] not supported for menu now. Ask developers to add this type.
2022-12-22 21:25:38.722 +01:00 [WRN] ExileCore.Shared.Nodes.RangeNode`1[System.Byte] not supported for menu now. Ask developers to add this type.
2022-12-22 21:25:38.723 +01:00 [WRN] ExileCore.Shared.Nodes.RangeNode`1[System.Byte] not supported for menu now. Ask developers to add this type.
2022-12-22 21:25:39.006 +01:00 [WRN]  not supported for menu now. Ask developers to add this type.
2022-12-22 21:25:39.006 +01:00 [WRN]  not supported for menu now. Ask developers to add this type.
2022-12-22 21:25:39.006 +01:00 [WRN]  not supported for menu now. Ask developers to add this type.
2022-12-22 21:25:39.007 +01:00 [WRN] PassiveSkillTreePlanter.TreeConfig+SkillTreeData not supported for menu now. Ask developers to add this type.
2022-12-22 21:25:39.007 +01:00 [WRN] PassiveSkillTreePlanter.TreeConfig+SkillTreeData not supported for menu now. Ask developers to add this type.
2022-12-22 21:25:39.157 +01:00 [WRN]  not supported for menu now. Ask developers to add this type.
2022-12-22 21:25:39.157 +01:00 [WRN]  not supported for menu now. Ask developers to add this type.
2022-12-22 21:25:39.157 +01:00 [WRN]  not supported for menu now. Ask developers to add this type.
2022-12-22 21:25:39.157 +01:00 [WRN]  not supported for menu now. Ask developers to add this type.
2022-12-22 21:25:39.157 +01:00 [WRN]  not supported for menu now. Ask developers to add this type.
2022-12-22 21:25:39.157 +01:00 [WRN]  not supported for menu now. Ask developers to add this type.
2022-12-22 21:25:39.157 +01:00 [WRN] <0  0> not supported for menu now. Ask developers to add this type.
2022-12-22 21:25:39.158 +01:00 [WRN] PickIt.PickItSettings+FRSMOverrides not supported for menu now. Ask developers to add this type.
2022-12-22 21:25:39.624 +01:00 [WRN] System.Int32[,] not supported for menu now. Ask developers to add this type.
2022-12-22 22:09:58.752 +01:00 [WRN] TreeRoutine.Routine.BuildYourOwnRoutine.Flask.FlaskSetting[] not supported for menu now. Ask developers to add this type.
2022-12-22 22:09:58.755 +01:00 [WRN] <0  0> not supported for menu now. Ask developers to add this type.
2022-12-22 22:09:58.755 +01:00 [WRN] <0  0> not supported for menu now. Ask developers to add this type.
2022-12-22 22:09:58.773 +01:00 [WRN] TreeRoutine.Routine.BasicFlaskRoutine.Flask.FlaskSetting[] not supported for menu now. Ask developers to add this type.
2022-12-22 22:09:58.857 +01:00 [WRN] 0 not supported for menu now. Ask developers to add this type.
2022-12-22 22:09:58.926 +01:00 [WRN] System.Int32[,] not supported for menu now. Ask developers to add this type.
2022-12-22 22:09:58.935 +01:00 [WRN] 16 not supported for menu now. Ask developers to add this type.
2022-12-22 22:09:58.970 +01:00 [WRN] ExileCore.Shared.Nodes.RangeNode`1[System.Byte] not supported for menu now. Ask developers to add this type.
2022-12-22 22:09:58.970 +01:00 [WRN] ExileCore.Shared.Nodes.RangeNode`1[System.Byte] not supported for menu now. Ask developers to add this type.
2022-12-22 22:09:58.970 +01:00 [WRN] ExileCore.Shared.Nodes.RangeNode`1[System.Byte] not supported for menu now. Ask developers to add this type.
2022-12-22 22:09:59.082 +01:00 [WRN]  not supported for menu now. Ask developers to add this type.
2022-12-22 22:09:59.082 +01:00 [WRN]  not supported for menu now. Ask developers to add this type.
2022-12-22 22:09:59.083 +01:00 [WRN]  not supported for menu now. Ask developers to add this type.
2022-12-22 22:09:59.083 +01:00 [WRN] PassiveSkillTreePlanter.TreeConfig+SkillTreeData not supported for menu now. Ask developers to add this type.
2022-12-22 22:09:59.083 +01:00 [WRN] PassiveSkillTreePlanter.TreeConfig+SkillTreeData not supported for menu now. Ask developers to add this type.
2022-12-22 22:09:59.135 +01:00 [WRN]  not supported for menu now. Ask developers to add this type.
2022-12-22 22:09:59.136 +01:00 [WRN]  not supported for menu now. Ask developers to add this type.
2022-12-22 22:09:59.136 +01:00 [WRN]  not supported for menu now. Ask developers to add this type.
2022-12-22 22:09:59.136 +01:00 [WRN]  not supported for menu now. Ask developers to add this type.
2022-12-22 22:09:59.136 +01:00 [WRN]  not supported for menu now. Ask developers to add this type.
2022-12-22 22:09:59.136 +01:00 [WRN]  not supported for menu now. Ask developers to add this type.
2022-12-22 22:09:59.136 +01:00 [WRN] <0  0> not supported for menu now. Ask developers to add this type.
2022-12-22 22:09:59.136 +01:00 [WRN] PickIt.PickItSettings+FRSMOverrides not supported for menu now. Ask developers to add this type.
2022-12-22 22:09:59.227 +01:00 [WRN] System.Int32[,] not supported for menu now. Ask developers to add this type.
