2022-12-19 20:07:48.417 +01:00 [WRN] TreeRoutine.Routine.BuildYourOwnRoutine.Flask.FlaskSetting[] not supported for menu now. Ask developers to add this type.
2022-12-19 20:07:48.421 +01:00 [WRN] <0  0> not supported for menu now. Ask developers to add this type.
2022-12-19 20:07:48.421 +01:00 [WRN] <0  0> not supported for menu now. Ask developers to add this type.
2022-12-19 20:07:48.443 +01:00 [WRN] TreeRoutine.Routine.BasicFlaskRoutine.Flask.FlaskSetting[] not supported for menu now. Ask developers to add this type.
2022-12-19 20:07:48.904 +01:00 [WRN] 0 not supported for menu now. Ask developers to add this type.
2022-12-19 20:07:49.201 +01:00 [WRN] System.Int32[,] not supported for menu now. Ask developers to add this type.
2022-12-19 20:07:49.306 +01:00 [WRN] 16 not supported for menu now. Ask developers to add this type.
2022-12-19 20:07:49.434 +01:00 [WRN] ExileCore.Shared.Nodes.RangeNode`1[System.Byte] not supported for menu now. Ask developers to add this type.
2022-12-19 20:07:49.435 +01:00 [WRN] ExileCore.Shared.Nodes.RangeNode`1[System.Byte] not supported for menu now. Ask developers to add this type.
2022-12-19 20:07:49.435 +01:00 [WRN] ExileCore.Shared.Nodes.RangeNode`1[System.Byte] not supported for menu now. Ask developers to add this type.
2022-12-19 20:07:49.724 +01:00 [WRN]  not supported for menu now. Ask developers to add this type.
2022-12-19 20:07:49.724 +01:00 [WRN]  not supported for menu now. Ask developers to add this type.
2022-12-19 20:07:49.724 +01:00 [WRN]  not supported for menu now. Ask developers to add this type.
2022-12-19 20:07:49.724 +01:00 [WRN] PassiveSkillTreePlanter.TreeConfig+SkillTreeData not supported for menu now. Ask developers to add this type.
2022-12-19 20:07:49.724 +01:00 [WRN] PassiveSkillTreePlanter.TreeConfig+SkillTreeData not supported for menu now. Ask developers to add this type.
2022-12-19 20:07:49.853 +01:00 [WRN]  not supported for menu now. Ask developers to add this type.
2022-12-19 20:07:49.853 +01:00 [WRN]  not supported for menu now. Ask developers to add this type.
2022-12-19 20:07:49.853 +01:00 [WRN]  not supported for menu now. Ask developers to add this type.
2022-12-19 20:07:49.853 +01:00 [WRN]  not supported for menu now. Ask developers to add this type.
2022-12-19 20:07:49.853 +01:00 [WRN]  not supported for menu now. Ask developers to add this type.
2022-12-19 20:07:49.854 +01:00 [WRN]  not supported for menu now. Ask developers to add this type.
2022-12-19 20:07:49.854 +01:00 [WRN] <0  0> not supported for menu now. Ask developers to add this type.
2022-12-19 20:07:49.854 +01:00 [WRN] PickIt.PickItSettings+FRSMOverrides not supported for menu now. Ask developers to add this type.
2022-12-19 20:07:50.392 +01:00 [WRN] System.Int32[,] not supported for menu now. Ask developers to add this type.
